2023-08-05 16:49:22,186 [INFO] Activator:176 - 


2023-08-05 16:49:22,192 [INFO] Activator:177 - !SESSION log4j initialized
2023-08-05 16:49:27,536 [INFO] LogOutputStream:77 - [STDOUT_REDIRECT] 
2023-08-05 16:49:49,906 [ERROR] LogOutputStream:75 - [STDERR_REDIRECT] SLF4J: Failed to load class "org.slf4j.impl.StaticLoggerBinder".
2023-08-05 16:49:49,907 [ERROR] LogOutputStream:75 - [STDERR_REDIRECT] SLF4J: Defaulting to no-operation (NOP) logger implementation
2023-08-05 16:49:49,907 [ERROR] LogOutputStream:75 - [STDERR_REDIRECT] SLF4J: See http://www.slf4j.org/codes.html#StaticLoggerBinder for further details.
2023-08-05 16:52:57,274 [INFO] ApplicationProperties:184 - Using Application install path: /opt/st/stm32cubeide_1.12.1/plugins/com.st.stm32cube.common.mx_6.8.1.202304191431
2023-08-05 16:52:57,311 [INFO] DbMcusXml:78 - Set database path to: /opt/st/stm32cubeide_1.12.1/plugins/com.st.stm32cube.common.mx_6.8.1.202304191431//db//mcu/
2023-08-05 16:52:57,312 [INFO] ApiDb:274 - Set plugin database path to: /opt/st/stm32cubeide_1.12.1/plugins/com.st.stm32cube.common.mx_6.8.1.202304191431//db//plugins/boardmanager/
2023-08-05 16:52:57,322 [WARN] ApiDb:259 - Overriding images path with different value:  => /opt/st/stm32cubeide_1.12.1/plugins/com.st.stm32cube.common.mx_6.8.1.202304191431//db//plugins/mcufinder/images/
2023-08-05 16:52:57,347 [INFO] ApiDb:250 - Set database path to: /home/lgomez/.stmcufinder/plugins/mcufinder//mcu/
2023-08-05 16:52:57,349 [INFO] DbMcusAds:125 - Set database path to: /home/lgomez/.stmcufinder/plugins/mcufinder//mcu/
2023-08-05 16:52:57,723 [INFO] CrossReferenceDbSqlite:203 - Set database path to: /home/lgomez/.stmcufinder/plugins/mcufinder//mcu/cs/
2023-08-05 16:52:57,829 [INFO] RulesReader:64 - Compatibility file has been processed (293 Rules)
2023-08-05 16:52:57,904 [INFO] DbMcusXml:78 - Set database path to: /opt/st/stm32cubeide_1.12.1/plugins/com.st.stm32cube.common.mx_6.8.1.202304191431//db//mcu/
2023-08-05 16:52:57,904 [INFO] ApiDb:274 - Set plugin database path to: /opt/st/stm32cubeide_1.12.1/plugins/com.st.stm32cube.common.mx_6.8.1.202304191431//db//plugins/boardmanager/
2023-08-05 16:52:57,905 [INFO] ApiDb:261 - Set plugin images path to: /opt/st/stm32cubeide_1.12.1/plugins/com.st.stm32cube.common.mx_6.8.1.202304191431//db//plugins/mcufinder/images/
2023-08-05 16:52:57,905 [WARN] DbFile:41 - Overriding database path with different value: /home/lgomez/.stmcufinder/plugins/mcufinder/ => /home/lgomez/.stmcufinder/plugins/mcufinder
2023-08-05 16:52:57,905 [INFO] ApiDb:250 - Set database path to: /home/lgomez/.stmcufinder/plugins/mcufinder//mcu/
2023-08-05 16:52:57,905 [WARN] DbFile:41 - Overriding database path with different value: /home/lgomez/.stmcufinder/plugins/mcufinder/ => /home/lgomez/.stmcufinder/plugins/mcufinder
2023-08-05 16:52:57,905 [INFO] DbMcusAds:125 - Set database path to: /home/lgomez/.stmcufinder/plugins/mcufinder//mcu/
2023-08-05 16:52:57,905 [WARN] DbFile:41 - Overriding database path with different value: /home/lgomez/.stmcufinder/plugins/mcufinder/ => /home/lgomez/.stmcufinder/plugins/mcufinder
2023-08-05 16:52:57,905 [WARN] DbFile:41 - Overriding database path with different value: /home/lgomez/.stmcufinder/plugins/mcufinder/ => /home/lgomez/.stmcufinder/plugins/mcufinder
2023-08-05 16:52:57,906 [INFO] CrossReferenceDbSqlite:203 - Set database path to: /home/lgomez/.stmcufinder/plugins/mcufinder//mcu/cs/
2023-08-05 16:52:57,978 [INFO] MainPanel:253 - HeapMemory: 437256192
2023-08-05 16:52:58,084 [INFO] DbMcusXml:78 - Set database path to: /opt/st/stm32cubeide_1.12.1/plugins/com.st.stm32cube.common.mx_6.8.1.202304191431//db//mcu/
2023-08-05 16:52:58,084 [INFO] ApiDb:274 - Set plugin database path to: /opt/st/stm32cubeide_1.12.1/plugins/com.st.stm32cube.common.mx_6.8.1.202304191431//db//plugins/boardmanager/
2023-08-05 16:52:58,084 [INFO] ApiDb:261 - Set plugin images path to: /opt/st/stm32cubeide_1.12.1/plugins/com.st.stm32cube.common.mx_6.8.1.202304191431//db//plugins/mcufinder/images/
2023-08-05 16:52:58,085 [WARN] DbFile:41 - Overriding database path with different value: /home/lgomez/.stmcufinder/plugins/mcufinder/ => /home/lgomez/.stmcufinder/plugins/mcufinder
2023-08-05 16:52:58,085 [INFO] ApiDb:250 - Set database path to: /home/lgomez/.stmcufinder/plugins/mcufinder//mcu/
2023-08-05 16:52:58,085 [WARN] DbFile:41 - Overriding database path with different value: /home/lgomez/.stmcufinder/plugins/mcufinder/ => /home/lgomez/.stmcufinder/plugins/mcufinder
2023-08-05 16:52:58,085 [INFO] DbMcusAds:125 - Set database path to: /home/lgomez/.stmcufinder/plugins/mcufinder//mcu/
2023-08-05 16:52:58,085 [WARN] DbFile:41 - Overriding database path with different value: /home/lgomez/.stmcufinder/plugins/mcufinder/ => /home/lgomez/.stmcufinder/plugins/mcufinder
2023-08-05 16:52:58,085 [WARN] DbFile:41 - Overriding database path with different value: /home/lgomez/.stmcufinder/plugins/mcufinder/ => /home/lgomez/.stmcufinder/plugins/mcufinder
2023-08-05 16:52:58,085 [INFO] CrossReferenceDbSqlite:203 - Set database path to: /home/lgomez/.stmcufinder/plugins/mcufinder//mcu/cs/
2023-08-05 16:52:58,102 [INFO] ApplicationProperties:184 - Using Application install path: /opt/st/stm32cubeide_1.12.1/plugins/com.st.stm32cube.common.mx_6.8.1.202304191431
2023-08-05 16:52:58,104 [INFO] PluginManage:196 - Search for loadable plugins [exclusion list=, ]
2023-08-05 16:52:58,106 [INFO] PluginManage:310 - Check plugin analytics
2023-08-05 16:52:58,265 [INFO] AnalyticsPlugin:253 - Accepted Software Licenses: 
2023-08-05 16:52:58,265 [INFO] AnalyticsPlugin:255 - Accepted CMSIS Pack Licenses: 
2023-08-05 16:52:58,266 [INFO] AnalyticsPlugin:257 - Accepted Firmware Licenses: FW.F4.1.27.0
2023-08-05 16:52:58,274 [INFO] PluginManage:359 - Loaded plugin analytics (category:tool,tabindex:-1)
2023-08-05 16:52:58,274 [INFO] PluginManage:310 - Check plugin cadmodel
2023-08-05 16:52:58,526 [INFO] CADModel:105 - Init CAD model plugin
2023-08-05 16:52:58,526 [INFO] PluginManage:359 - Loaded plugin cadmodel (category:power,tabindex:5)
2023-08-05 16:52:58,526 [INFO] PluginManage:310 - Check plugin clock
2023-08-05 16:52:58,535 [INFO] PluginManage:359 - Loaded plugin clock (category:base,tabindex:2)
2023-08-05 16:52:58,535 [INFO] PluginManage:310 - Check plugin ddr
2023-08-05 16:52:58,538 [INFO] PluginManage:359 - Loaded plugin ddr (category:tool,tabindex:6)
2023-08-05 16:52:58,538 [INFO] PluginManage:310 - Check plugin filemanager
2023-08-05 16:52:58,682 [INFO] PluginManage:359 - Loaded plugin filemanager (category:base,tabindex:10)
2023-08-05 16:52:58,682 [INFO] PluginManage:310 - Check plugin ipmanager
2023-08-05 16:52:58,688 [INFO] PluginManage:359 - Loaded plugin ipmanager (category:base,tabindex:5)
2023-08-05 16:52:58,688 [INFO] PluginManage:310 - Check plugin lpbam
2023-08-05 16:52:58,697 [INFO] PluginManage:359 - Loaded plugin lpbam (category:base,tabindex:0)
2023-08-05 16:52:58,697 [INFO] PluginManage:310 - Check plugin pinoutandconfiguration
2023-08-05 16:52:58,707 [INFO] PluginManage:359 - Loaded plugin pinoutandconfiguration (category:base,tabindex:1)
2023-08-05 16:52:58,707 [INFO] PluginManage:310 - Check plugin pinoutconfig
2023-08-05 16:52:58,778 [WARN] SupportedApi:132 - Cannot load RTOS API schema: s4s-elt-must-match.1: The content of 'definitions' must match (annotation?, (simpleType | complexType)?, (unique | key | keyref)*)). A problem was found starting at: attribute.
2023-08-05 16:52:58,906 [INFO] PluginManage:359 - Loaded plugin pinoutconfig (category:base,tabindex:0)
2023-08-05 16:52:58,906 [INFO] PluginManage:310 - Check plugin power
2023-08-05 16:52:58,917 [INFO] PluginManage:359 - Loaded plugin power (category:power,tabindex:4)
2023-08-05 16:52:58,917 [INFO] PluginManage:310 - Check plugin projectmanager
2023-08-05 16:52:58,932 [INFO] PluginManage:359 - Loaded plugin projectmanager (category:projectmanager,tabindex:3)
2023-08-05 16:52:58,932 [INFO] PluginManage:310 - Check plugin thirdparty
2023-08-05 16:52:59,046 [WARN] IntegrityCheckThread:84 - waiting for thirdparty lock release [integrity check]
2023-08-05 16:52:59,046 [INFO] PluginManage:359 - Loaded plugin thirdparty (category:base,tabindex:-1)
2023-08-05 16:52:59,046 [INFO] IntegrityCheckThread:86 - entering critical section [integrity check]
2023-08-05 16:52:59,046 [INFO] PluginManage:310 - Check plugin tools
2023-08-05 16:52:59,048 [INFO] ThirdPartyUpdaterWithRetryManager:70 - Updater plugin not ready yet. [1/15]
2023-08-05 16:52:59,049 [INFO] PluginManage:359 - Loaded plugin tools (category:base,tabindex:7)
2023-08-05 16:52:59,049 [INFO] PluginManage:310 - Check plugin tutovideos
2023-08-05 16:52:59,257 [INFO] PluginManage:359 - Loaded plugin tutovideos (category:base,tabindex:-1)
2023-08-05 16:52:59,258 [INFO] PluginManage:310 - Check plugin updater
2023-08-05 16:52:59,277 [INFO] PluginManage:359 - Loaded plugin updater (category:base,tabindex:12)
2023-08-05 16:52:59,278 [INFO] PluginManage:283 - PluginManage : Loaded plugins [15]
2023-08-05 16:52:59,604 [INFO] PinOutPanel:1499 - setPackage(No Configuration,No Configuration)
2023-08-05 16:52:59,672 [INFO] CADModel:165 - CPN selected for project level
2023-08-05 16:52:59,673 [INFO] CADModel:114 - Register for checkConnection events
2023-08-05 16:52:59,689 [INFO] IPUIPlugin:80 - create IPUIPlugin
2023-08-05 16:52:59,690 [INFO] PluginManager:220 - loadIPPluginJar : add pdm2pcm
2023-08-05 16:52:59,697 [INFO] IPUIPlugin:80 - create IPUIPlugin
2023-08-05 16:52:59,697 [INFO] PluginManager:220 - loadIPPluginJar : add opamp
2023-08-05 16:52:59,705 [INFO] IPUIPlugin:80 - create IPUIPlugin
2023-08-05 16:52:59,705 [INFO] PluginManager:220 - loadIPPluginJar : add adc
2023-08-05 16:52:59,713 [INFO] IPUIPlugin:80 - create IPUIPlugin
2023-08-05 16:52:59,718 [INFO] PluginManager:220 - loadIPPluginJar : add plateformsettings
2023-08-05 16:52:59,721 [INFO] IPUIPlugin:80 - create IPUIPlugin
2023-08-05 16:52:59,721 [INFO] PluginManager:220 - loadIPPluginJar : add dma3
2023-08-05 16:52:59,724 [INFO] IPUIPlugin:80 - create IPUIPlugin
2023-08-05 16:52:59,725 [INFO] PluginManager:220 - loadIPPluginJar : add i3c
2023-08-05 16:52:59,728 [INFO] IPUIPlugin:80 - create IPUIPlugin
2023-08-05 16:52:59,728 [INFO] PluginManager:220 - loadIPPluginJar : add gtzc
2023-08-05 16:52:59,733 [INFO] IPUIPlugin:80 - create IPUIPlugin
2023-08-05 16:52:59,733 [INFO] PluginManager:220 - loadIPPluginJar : add touchsensing
2023-08-05 16:52:59,736 [INFO] IPUIPlugin:80 - create IPUIPlugin
2023-08-05 16:52:59,736 [INFO] PluginManager:220 - loadIPPluginJar : add aes
2023-08-05 16:52:59,739 [INFO] IPUIPlugin:80 - create IPUIPlugin
2023-08-05 16:52:59,740 [INFO] PluginManager:220 - loadIPPluginJar : add i2c
2023-08-05 16:52:59,749 [INFO] IPUIPlugin:80 - create IPUIPlugin
2023-08-05 16:52:59,749 [INFO] PluginManager:220 - loadIPPluginJar : add linkedlist
2023-08-05 16:52:59,754 [INFO] IPUIPlugin:80 - create IPUIPlugin
2023-08-05 16:52:59,755 [INFO] PluginManager:220 - loadIPPluginJar : add nvic
2023-08-05 16:52:59,757 [INFO] IPUIPlugin:80 - create IPUIPlugin
2023-08-05 16:52:59,757 [INFO] PluginManager:220 - loadIPPluginJar : add quadspi
2023-08-05 16:52:59,760 [INFO] IPUIPlugin:80 - create IPUIPlugin
2023-08-05 16:52:59,760 [INFO] PluginManager:220 - loadIPPluginJar : add cryp
2023-08-05 16:52:59,762 [INFO] IPUIPlugin:80 - create IPUIPlugin
2023-08-05 16:52:59,762 [INFO] PluginManager:220 - loadIPPluginJar : add comp
2023-08-05 16:52:59,765 [INFO] IPUIPlugin:80 - create IPUIPlugin
2023-08-05 16:52:59,766 [INFO] PluginManager:220 - loadIPPluginJar : add usart
2023-08-05 16:52:59,768 [INFO] IPUIPlugin:80 - create IPUIPlugin
2023-08-05 16:52:59,768 [INFO] PluginManager:220 - loadIPPluginJar : add tim
2023-08-05 16:52:59,774 [INFO] IPUIPlugin:80 - create IPUIPlugin
2023-08-05 16:52:59,775 [INFO] PluginManager:220 - loadIPPluginJar : add gic
2023-08-05 16:52:59,777 [INFO] IPUIPlugin:80 - create IPUIPlugin
2023-08-05 16:52:59,777 [INFO] PluginManager:220 - loadIPPluginJar : add gfxmmu
2023-08-05 16:52:59,784 [INFO] IPUIPlugin:80 - create IPUIPlugin
2023-08-05 16:52:59,784 [INFO] PluginManager:220 - loadIPPluginJar : add freertos
2023-08-05 16:52:59,787 [INFO] IPUIPlugin:80 - create IPUIPlugin
2023-08-05 16:52:59,787 [INFO] PluginManager:220 - loadIPPluginJar : add tracer_emb
2023-08-05 16:52:59,789 [INFO] IPUIPlugin:80 - create IPUIPlugin
2023-08-05 16:52:59,789 [INFO] PluginManager:220 - loadIPPluginJar : add fatfs
2023-08-05 16:52:59,796 [INFO] IPUIPlugin:80 - create IPUIPlugin
2023-08-05 16:52:59,797 [INFO] PluginManager:220 - loadIPPluginJar : add mdma
2023-08-05 16:52:59,800 [INFO] IPUIPlugin:80 - create IPUIPlugin
2023-08-05 16:52:59,800 [INFO] PluginManager:220 - loadIPPluginJar : add dfsdm
2023-08-05 16:52:59,804 [INFO] IPUIPlugin:80 - create IPUIPlugin
2023-08-05 16:52:59,804 [INFO] PluginManager:220 - loadIPPluginJar : add openamp
2023-08-05 16:52:59,807 [INFO] IPUIPlugin:80 - create IPUIPlugin
2023-08-05 16:52:59,807 [INFO] PluginManager:220 - loadIPPluginJar : add i2s
2023-08-05 16:52:59,810 [INFO] IPUIPlugin:80 - create IPUIPlugin
2023-08-05 16:52:59,810 [INFO] PluginManager:220 - loadIPPluginJar : add hash
2023-08-05 16:52:59,814 [INFO] IPUIPlugin:80 - create IPUIPlugin
2023-08-05 16:52:59,814 [INFO] PluginManager:220 - loadIPPluginJar : add resmgrutility
2023-08-05 16:52:59,816 [INFO] IPUIPlugin:80 - create IPUIPlugin
2023-08-05 16:52:59,816 [INFO] PluginManager:220 - loadIPPluginJar : add ltdc
2023-08-05 16:52:59,823 [INFO] IPUIPlugin:80 - create IPUIPlugin
2023-08-05 16:52:59,824 [INFO] PluginManager:220 - loadIPPluginJar : add dma
2023-08-05 16:52:59,827 [INFO] IPUIPlugin:80 - create IPUIPlugin
2023-08-05 16:52:59,828 [INFO] PluginManager:220 - loadIPPluginJar : add sai
2023-08-05 16:52:59,831 [INFO] IPUIPlugin:80 - create IPUIPlugin
2023-08-05 16:52:59,831 [INFO] PluginManager:220 - loadIPPluginJar : add lorawan
2023-08-05 16:52:59,832 [INFO] IPUIPlugin:80 - create IPUIPlugin
2023-08-05 16:52:59,832 [INFO] PluginManager:220 - loadIPPluginJar : add genericplugin
2023-08-05 16:52:59,835 [INFO] IPUIPlugin:80 - create IPUIPlugin
2023-08-05 16:52:59,835 [INFO] PluginManager:220 - loadIPPluginJar : add can
2023-08-05 16:52:59,837 [INFO] IPUIPlugin:80 - create IPUIPlugin
2023-08-05 16:52:59,837 [INFO] PluginManager:220 - loadIPPluginJar : add ts
2023-08-05 16:52:59,841 [INFO] IPUIPlugin:80 - create IPUIPlugin
2023-08-05 16:52:59,842 [INFO] PluginManager:220 - loadIPPluginJar : add gpio
2023-08-05 16:52:59,845 [INFO] IPUIPlugin:80 - create IPUIPlugin
2023-08-05 16:52:59,845 [INFO] PluginManager:220 - loadIPPluginJar : add usbx
2023-08-05 16:52:59,847 [INFO] IPUIPlugin:80 - create IPUIPlugin
2023-08-05 16:52:59,847 [INFO] PluginManager:220 - loadIPPluginJar : add tsc
2023-08-05 16:52:59,848 [INFO] IPUIPlugin:80 - create IPUIPlugin
2023-08-05 16:52:59,848 [INFO] PluginManager:220 - loadIPPluginJar : add ucpd
2023-08-05 16:52:59,852 [INFO] IPUIPlugin:80 - create IPUIPlugin
2023-08-05 16:52:59,852 [INFO] PluginManager:220 - loadIPPluginJar : add ipddr
2023-08-05 16:52:59,857 [INFO] IPUIPlugin:80 - create IPUIPlugin
2023-08-05 16:52:59,857 [INFO] PluginManager:220 - loadIPPluginJar : add stm32_wpan
2023-08-05 16:52:59,859 [INFO] IPUIPlugin:80 - create IPUIPlugin
2023-08-05 16:52:59,859 [INFO] PluginManager:220 - loadIPPluginJar : add spi
2023-08-05 16:52:59,863 [INFO] IPUIPlugin:80 - create IPUIPlugin
2023-08-05 16:52:59,863 [INFO] PluginManager:220 - loadIPPluginJar : add fmc
2023-08-05 16:52:59,982 [INFO] CADModel:165 - CPN selected for project level
2023-08-05 16:52:59,982 [INFO] CADModel:114 - Register for checkConnection events
2023-08-05 16:52:59,982 [FATAL] Updater:308 - Updater called before beeing initialized
2023-08-05 16:52:59,982 [ERROR] CADModel:125 - Updater not yet initialized, retry later 
2023-08-05 16:53:00,133 [INFO] CADModel:165 - CPN selected for project level
2023-08-05 16:53:00,133 [INFO] CADModel:114 - Register for checkConnection events
2023-08-05 16:53:00,133 [FATAL] Updater:308 - Updater called before beeing initialized
2023-08-05 16:53:00,133 [ERROR] CADModel:125 - Updater not yet initialized, retry later 
2023-08-05 16:53:00,138 [FATAL] Updater:308 - Updater called before beeing initialized
2023-08-05 16:53:00,223 [FATAL] Updater:308 - Updater called before beeing initialized
2023-08-05 16:53:00,229 [INFO] DbMcusAds:53 - JSON generation date=Tue Mar 07 05:50:55 CLST 2023 (1678179055114)
2023-08-05 16:53:00,229 [FATAL] Updater:308 - Updater called before beeing initialized
2023-08-05 16:53:00,267 [WARN] DetailPanel:346 - Failed to get advertising image, set to default
2023-08-05 16:53:00,388 [FATAL] Updater:308 - Updater called before beeing initialized
2023-08-05 16:53:00,390 [FATAL] Updater:308 - Updater called before beeing initialized
2023-08-05 16:53:00,390 [FATAL] Updater:308 - Updater called before beeing initialized
2023-08-05 16:53:00,390 [WARN] DetailPanel:346 - Failed to get advertising image, set to default
2023-08-05 16:53:00,391 [FATAL] Updater:308 - Updater called before beeing initialized
2023-08-05 16:53:00,435 [ERROR] Updater:1120 - MainUpdater not yet initialized. External WinMGr cannot be set.
2023-08-05 16:53:00,438 [INFO] Updater:1056 - Updater Version found : 6.8.1
2023-08-05 16:53:00,461 [INFO] ApplicationProperties:184 - Using Application install path: /opt/st/stm32cubeide_1.12.1/plugins/com.st.stm32cube.common.mx_6.8.1.202304191431
2023-08-05 16:53:01,722 [INFO] MainUpdater:2854 - connection check result : 10
2023-08-05 16:53:01,722 [INFO] MainUpdater:3548 - Updater definition file requires update
2023-08-05 16:53:01,724 [INFO] MainUpdater:283 - Updater Check For Update Now.
2023-08-05 16:53:01,726 [INFO] MicroXplorer:498 - Change Database Version : DB.6.0.81
2023-08-05 16:53:02,050 [WARN] MainUpdater:1187 - Updater busy. Cannot search thirdparties
2023-08-05 16:53:02,050 [INFO] ThirdPartyUpdaterWithRetryManager:96 - Updater plugin is busy. [1/15]
2023-08-05 16:53:05,051 [WARN] MainUpdater:1187 - Updater busy. Cannot search thirdparties
2023-08-05 16:53:05,051 [INFO] ThirdPartyUpdaterWithRetryManager:96 - Updater plugin is busy. [2/15]
2023-08-05 16:53:05,612 [INFO] ServerAccessManage:473 - Download File updaters.zip
2023-08-05 16:53:05,876 [INFO] FileExtend:240 - Unzip File : updaters.zip
2023-08-05 16:53:05,877 [INFO] FileExtend:255 - Standard Zip Deflate
2023-08-05 16:53:07,100 [INFO] ServerAccessManage:473 - Download File PacksControlFlags.xml
2023-08-05 16:53:08,052 [WARN] MainUpdater:1187 - Updater busy. Cannot search thirdparties
2023-08-05 16:53:08,052 [INFO] ThirdPartyUpdaterWithRetryManager:96 - Updater plugin is busy. [3/15]
2023-08-05 16:53:08,268 [INFO] ServerAccessManage:473 - Download File cubemx.pidx
2023-08-05 16:53:08,387 [INFO] LoadServerUpdatesThread:373 - End of LoadServerUpdate Thread
2023-08-05 16:53:08,532 [INFO] CheckServerUpdateThread:120 - End of CheckServer Thread
2023-08-05 16:53:08,560 [INFO] MainUpdater:2854 - connection check result : 10
2023-08-05 16:53:08,561 [INFO] MainUpdater:2854 - connection check result : 10
2023-08-05 16:53:08,628 [INFO] MicroXplorer:468 - Change Database Path : 
2023-08-05 16:53:08,628 [INFO] MicroXplorer:498 - Change Database Version : DB.6.0.81
2023-08-05 16:53:08,629 [WARN] ThirdParty:871 - waiting for thirdparty lock release [close project]
2023-08-05 16:53:11,155 [WARN] PackLoader:240 - Cannot read IP mode file for STMicroelectronics.X-CUBE-SMBUS.2.1.0
2023-08-05 16:53:11,192 [WARN] PackLoader:240 - Cannot read IP mode file for STMicroelectronics.X-CUBE-AZRTOS-F7.1.1.0
2023-08-05 16:53:11,200 [WARN] PackLoader:240 - Cannot read IP mode file for STMicroelectronics.FP-SNS-MOTENV1.4.3.2
2023-08-05 16:53:11,209 [ERROR] RealEvaluatedCondition:428 - Found unsupported composite condition: CLASS='Data Exchange' GROUP='STM32_MetaDataManager'
2023-08-05 16:53:11,210 [ERROR] RealEvaluatedCondition:428 - Found unsupported composite condition: CLASS='Data Exchange' GROUP='STM32_MetaDataManager'
2023-08-05 16:53:11,211 [WARN] PackLoader:240 - Cannot read IP mode file for STMicroelectronics.FP-SNS-MOTENV1.4.3.1
2023-08-05 16:53:11,217 [WARN] PackLoader:240 - Cannot read IP mode file for STMicroelectronics.FP-SNS-FLIGHT1.5.0.1
2023-08-05 16:53:11,223 [WARN] PackLoader:240 - Cannot read IP mode file for STMicroelectronics.X-CUBE-BLE1.6.2.4
2023-08-05 16:53:11,227 [WARN] PackLoader:240 - Cannot read IP mode file for STMicroelectronics.FP-SNS-FLIGHT1.5.0.2
2023-08-05 16:53:11,233 [WARN] PackLoader:240 - Cannot read IP mode file for STMicroelectronics.X-CUBE-DISPLAY.3.0.0
2023-08-05 16:53:11,243 [WARN] PackLoader:240 - Cannot read IP mode file for STMicroelectronics.X-CUBE-TOUCHGFX.4.22.0
2023-08-05 16:53:11,252 [INFO] LogOutputStream:77 - [STDOUT_REDIRECT] 1 : Invalid condition id : UX_CORESTACK_Condition cause : null
2023-08-05 16:53:11,253 [INFO] LogOutputStream:77 - [STDOUT_REDIRECT] 1 : Invalid condition id : UX_CORESTACK_Condition cause : null
2023-08-05 16:53:11,253 [INFO] LogOutputStream:77 - [STDOUT_REDIRECT] 1 : Invalid condition id : UX_CORESTACK_Condition cause : null
2023-08-05 16:53:11,254 [INFO] LogOutputStream:77 - [STDOUT_REDIRECT] 1 : Invalid condition id : UX_CORESTACK_Condition cause : null
2023-08-05 16:53:11,254 [INFO] LogOutputStream:77 - [STDOUT_REDIRECT] 1 : Invalid condition id : UX_CORESTACK_Condition cause : null
2023-08-05 16:53:11,261 [WARN] PackLoader:240 - Cannot read IP mode file for STMicroelectronics.X-CUBE-AZRTOS-WL.2.0.0
2023-08-05 16:53:11,271 [WARN] PackLoader:240 - Cannot read IP mode file for WES.I-CUBE-Cesium.1.3.0
2023-08-05 16:53:11,277 [WARN] PackLoader:240 - Cannot read IP mode file for STMicroelectronics.X-CUBE-BLE2.3.3.0
2023-08-05 16:53:11,281 [WARN] PackLoader:240 - Cannot read IP mode file for STMicroelectronics.X-CUBE-TOUCHGFX.4.21.4
2023-08-05 16:53:11,288 [WARN] PackLoader:240 - Cannot read IP mode file for STMicroelectronics.X-CUBE-ALGOBUILD.1.3.0
2023-08-05 16:53:11,319 [WARN] PackLoader:240 - Cannot read IP mode file for STMicroelectronics.X-CUBE-AZRTOS-G0.1.1.0
2023-08-05 16:53:11,330 [WARN] PackLoader:240 - Cannot read IP mode file for STMicroelectronics.X-CUBE-NFC4.3.0.0
2023-08-05 16:53:11,335 [WARN] PackLoader:240 - Cannot read IP mode file for STMicroelectronics.FP-ATR-SIGFOX1.3.2.0
2023-08-05 16:53:11,420 [WARN] PackLoader:240 - Cannot read IP mode file for SEGGER.I-CUBE-embOS.1.3.1
2023-08-05 16:53:11,511 [WARN] PackLoader:240 - Cannot read IP mode file for STMicroelectronics.X-CUBE-GNSS1.6.0.0
2023-08-05 16:53:11,539 [WARN] PackLoader:240 - Cannot read IP mode file for STMicroelectronics.X-CUBE-AZRTOS-F4.1.1.0
2023-08-05 16:53:11,548 [WARN] PackLoader:240 - Cannot read IP mode file for wolfSSL.I-CUBE-wolfSSL.5.6.0
2023-08-05 16:53:11,622 [WARN] PackLoader:240 - Cannot read IP mode file for STMicroelectronics.X-CUBE-MEMS1.9.6.0
2023-08-05 16:53:11,811 [WARN] PackLoader:240 - Cannot read IP mode file for emotas.I-CUBE-CANOPEN.1.1.3
2023-08-05 16:53:11,817 [WARN] PackLoader:240 - Cannot read IP mode file for STMicroelectronics.X-CUBE-BLEMGR.2.0.0
2023-08-05 16:53:11,838 [WARN] ConditionMgr:438 - getConditionDescription Invalid condition id : UX DEVICE CLASS RTOS Condition cause : null
2023-08-05 16:53:11,839 [WARN] ConditionMgr:438 - getConditionDescription Invalid condition id : UX DEVICE CLASS RTOS Condition cause : null
2023-08-05 16:53:11,843 [WARN] PackLoader:240 - Cannot read IP mode file for STMicroelectronics.X-CUBE-AZRTOS-H7.3.1.0
2023-08-05 16:53:11,845 [WARN] ConditionMgr:1039 - genDependencies : Invalid condition id : UX DEVICE CLASS RTOS Condition cause : null
2023-08-05 16:53:11,845 [WARN] ConditionMgr:1039 - genDependencies : Invalid condition id : UX DEVICE CLASS RTOS Condition cause : null
2023-08-05 16:53:11,846 [WARN] ConditionMgr:1039 - genDependencies : Invalid condition id : UX DEVICE CLASS RTOS Condition cause : null
2023-08-05 16:53:11,847 [WARN] ConditionMgr:1039 - genDependencies : Invalid condition id : UX DEVICE CLASS RTOS Condition cause : null
2023-08-05 16:53:11,847 [WARN] ConditionMgr:1039 - genDependencies : Invalid condition id : UX DEVICE CLASS RTOS Condition cause : null
2023-08-05 16:53:11,854 [WARN] PackLoader:240 - Cannot read IP mode file for STMicroelectronics.X-CUBE-NFC7.1.0.1
2023-08-05 16:53:11,860 [WARN] PackLoader:240 - Cannot read IP mode file for STMicroelectronics.X-CUBE-EEPRMA1.4.1.0
2023-08-05 16:53:11,882 [WARN] ConditionMgr:438 - getConditionDescription Invalid condition id : LAN8742 Phy interface Condition cause : null
2023-08-05 16:53:11,883 [WARN] PackLoader:240 - Cannot read IP mode file for STMicroelectronics.X-CUBE-AZRTOS-L4.2.0.0
2023-08-05 16:53:11,884 [WARN] ConditionMgr:1039 - genDependencies : Invalid condition id : LAN8742 Phy interface Condition cause : null
2023-08-05 16:53:11,885 [WARN] ConditionMgr:1039 - genDependencies : Invalid condition id : LAN8742 Phy interface Condition cause : null
2023-08-05 16:53:11,885 [WARN] ConditionMgr:1039 - genDependencies : Invalid condition id : LAN8742 Phy interface Condition cause : null
2023-08-05 16:53:11,893 [WARN] PackLoader:240 - Cannot read IP mode file for STMicroelectronics.X-CUBE-SFXS2LP1.4.0.0
2023-08-05 16:53:11,898 [WARN] PackLoader:240 - Cannot read IP mode file for STMicroelectronics.X-CUBE-ISPU.1.1.0
2023-08-05 16:53:11,903 [WARN] PackLoader:240 - Cannot read IP mode file for STMicroelectronics.X-CUBE-FREERTOS.1.0.1
2023-08-05 16:53:11,920 [WARN] PackLoader:240 - Cannot read IP mode file for STMicroelectronics.X-CUBE-AZRTOS-L5.1.1.0
2023-08-05 16:53:11,926 [WARN] PackLoader:240 - Cannot read IP mode file for STMicroelectronics.X-CUBE-AI.8.0.1
2023-08-05 16:53:11,936 [WARN] PackLoader:240 - Cannot read IP mode file for STMicroelectronics.X-CUBE-SUBG2.5.0.0
2023-08-05 16:53:11,954 [WARN] PackLoader:240 - Cannot read IP mode file for STMicroelectronics.X-CUBE-TOF1.3.3.1
2023-08-05 16:53:11,993 [WARN] PackLoader:240 - Cannot read IP mode file for STMicroelectronics.X-CUBE-AZRTOS-G4.2.0.0
2023-08-05 16:53:12,007 [WARN] PackLoader:240 - Cannot read IP mode file for STMicroelectronics.X-CUBE-TOF1.3.3.0
2023-08-05 16:53:12,023 [WARN] PackLoader:240 - Cannot read IP mode file for portGmbH.I-Cube-SoM-uGOAL.1.1.0
2023-08-05 16:53:12,026 [WARN] PackLoader:240 - Cannot read IP mode file for STMicroelectronics.X-CUBE-ALS.1.0.1
2023-08-05 16:53:12,041 [WARN] PackLoader:240 - Cannot read IP mode file for STMicroelectronics.X-CUBE-AZRTOS-WB.1.1.0
2023-08-05 16:53:12,047 [WARN] PackLoader:240 - Cannot read IP mode file for STMicroelectronics.FP-ATR-ASTRA1.2.0.0
2023-08-05 16:53:12,047 [INFO] ThirdParty:978 - Integrity check success = true
2023-08-05 16:53:12,048 [INFO] IntegrityCheckThread:100 - exiting critical section [integrity check]
2023-08-05 16:53:12,048 [INFO] IntegrityCheckThread:103 - End integrity checks thread
2023-08-05 16:53:12,048 [INFO] ThirdParty:873 - entering critical section [close project]
2023-08-05 16:53:12,049 [INFO] ThirdParty:883 - exiting critical section [close project]
2023-08-05 16:53:12,053 [INFO] PinOutPanel:1499 - setPackage(No Configuration,No Configuration)
2023-08-05 16:53:12,060 [INFO] UtilMem:75 - Begin LoadConfig() Used Memory: 441578728 Bytes (708837376)
2023-08-05 16:53:12,061 [INFO] MicroXplorer:468 - Change Database Path : 
2023-08-05 16:53:12,061 [INFO] MicroXplorer:498 - Change Database Version : DB.6.0.81
2023-08-05 16:53:12,061 [INFO] OpenFileManager:308 - Change cursor
2023-08-05 16:53:12,097 [INFO] Mcu:1937 - Initializing MCU STM32F429ZITx STM32F429ZITx STM32F429ZIT6
2023-08-05 16:53:14,372 [INFO] Context:659 - Trying to add GPIOservice into a context  which must be forbidden
2023-08-05 16:53:15,429 [INFO] RtosManager:555 - Registered RTOS mode: class=CMSIS, group=RTOS, mode=CMSIS_V1, owner=FREERTOS
2023-08-05 16:53:15,429 [INFO] RtosManager:555 - Registered RTOS mode: class=CMSIS, group=RTOS2, mode=CMSIS_V2, owner=FREERTOS
2023-08-05 16:53:15,429 [INFO] RtosManager:555 - Registered RTOS mode: class=RTOS, group=Core, mode=CMSIS_V1, owner=FREERTOS
2023-08-05 16:53:15,429 [INFO] RtosManager:555 - Registered RTOS mode: class=RTOS, group=Core, mode=CMSIS_V2, owner=FREERTOS
2023-08-05 16:53:15,429 [WARN] ModelIntegratedComponent:184 - Missing modes for component STMicroelectronics:FreeRTOS:0.0.1:STMicroelectronics:RTOS:FreeRTOS:Core:::10.2.0:
2023-08-05 16:53:15,448 [WARN] ModelIntegratedComponent:63 - No mode defined for component null
2023-08-05 16:53:15,448 [WARN] ModelIntegratedComponent:63 - No mode defined for component null
2023-08-05 16:53:15,448 [WARN] ModelIntegratedComponent:63 - No mode defined for component null
2023-08-05 16:53:15,448 [WARN] ModelIntegratedComponent:63 - No mode defined for component null
2023-08-05 16:53:15,449 [WARN] ModelIntegratedComponent:63 - No mode defined for component null
2023-08-05 16:53:15,449 [WARN] ModelIntegratedComponent:63 - No mode defined for component null
2023-08-05 16:53:15,449 [WARN] ModelIntegratedComponent:63 - No mode defined for component null
2023-08-05 16:53:15,449 [WARN] ModelIntegratedComponent:63 - No mode defined for component null
2023-08-05 16:53:15,449 [WARN] ModelIntegratedComponent:63 - No mode defined for component null
2023-08-05 16:53:15,449 [WARN] ModelIntegratedComponent:63 - No mode defined for component null
2023-08-05 16:53:15,449 [WARN] ModelIntegratedComponent:63 - No mode defined for component null
2023-08-05 16:53:15,449 [WARN] ModelIntegratedComponent:63 - No mode defined for component null
2023-08-05 16:53:15,449 [WARN] ModelIntegratedComponent:63 - No mode defined for component null
2023-08-05 16:53:15,449 [WARN] ModelIntegratedComponent:63 - No mode defined for component null
2023-08-05 16:53:15,449 [WARN] ModelIntegratedComponent:63 - No mode defined for component null
2023-08-05 16:53:15,449 [WARN] ModelIntegratedComponent:63 - No mode defined for component null
2023-08-05 16:53:15,449 [WARN] ModelIntegratedComponent:63 - No mode defined for component null
2023-08-05 16:53:15,450 [WARN] ModelIntegratedComponent:63 - No mode defined for component null
2023-08-05 16:53:15,450 [WARN] ModelIntegratedComponent:63 - No mode defined for component null
2023-08-05 16:53:15,450 [WARN] ModelIntegratedComponent:63 - No mode defined for component null
2023-08-05 16:53:15,450 [WARN] ModelIntegratedComponent:63 - No mode defined for component null
2023-08-05 16:53:15,450 [WARN] ModelIntegratedComponent:63 - No mode defined for component null
2023-08-05 16:53:15,450 [WARN] ModelIntegratedComponent:63 - No mode defined for component null
2023-08-05 16:53:15,450 [WARN] ModelIntegratedComponent:63 - No mode defined for component null
2023-08-05 16:53:15,450 [WARN] ModelIntegratedComponent:63 - No mode defined for component null
2023-08-05 16:53:15,450 [WARN] ModelIntegratedComponent:63 - No mode defined for component null
2023-08-05 16:53:15,450 [WARN] ModelIntegratedComponent:63 - No mode defined for component null
2023-08-05 16:53:15,450 [WARN] ModelIntegratedComponent:63 - No mode defined for component null
2023-08-05 16:53:15,450 [WARN] ModelIntegratedComponent:63 - No mode defined for component null
2023-08-05 16:53:15,450 [WARN] ModelIntegratedComponent:63 - No mode defined for component null
2023-08-05 16:53:15,451 [WARN] ModelIntegratedComponent:63 - No mode defined for component null
2023-08-05 16:53:15,451 [WARN] ModelIntegratedComponent:63 - No mode defined for component null
2023-08-05 16:53:15,451 [WARN] ModelIntegratedComponent:63 - No mode defined for component null
2023-08-05 16:53:15,480 [INFO] ThirdPartyModel:298 - Start build external matchings
2023-08-05 16:53:15,819 [INFO] ThirdPartyModel:316 - End build external matchings
2023-08-05 16:53:15,830 [INFO] ImportTextPane:194 - (OptionalMessage_ERROR) IP (ETH) : Invalid parameter (PHY_Name)
2023-08-05 16:53:15,830 [INFO] ImportTextPane:194 - (OptionalMessage_ERROR) IP (ETH) : Invalid parameter (PHY_Value)
2023-08-05 16:53:15,830 [INFO] ImportTextPane:194 - (OptionalMessage_ERROR) IP (ETH) : Invalid parameter (PhyAddress)
2023-08-05 16:53:15,838 [INFO] ImportTextPane:194 - (OptionalMessage_ERROR) IP (RCC) : Invalid parameter (ADC12outputFreq_Value)
2023-08-05 16:53:15,838 [INFO] ImportTextPane:194 - (OptionalMessage_ERROR) IP (RCC) : Invalid parameter (ADC34outputFreq_Value)
2023-08-05 16:53:15,838 [INFO] ImportTextPane:194 - (OptionalMessage_ERROR) IP (RCC) : Invalid parameter (FamilyName)
2023-08-05 16:53:15,838 [INFO] ImportTextPane:194 - (OptionalMessage_ERROR) IP (RCC) : Invalid parameter (I2C1Freq_Value)
2023-08-05 16:53:15,838 [INFO] ImportTextPane:194 - (OptionalMessage_ERROR) IP (RCC) : Invalid parameter (I2C2Freq_Value)
2023-08-05 16:53:15,838 [INFO] ImportTextPane:194 - (OptionalMessage_ERROR) IP (RCC) : Invalid parameter (I2C3Freq_Value)
2023-08-05 16:53:15,838 [INFO] ImportTextPane:194 - (OptionalMessage_ERROR) IP (RCC) : Invalid parameter (MCOFreq_Value)
2023-08-05 16:53:15,839 [INFO] ImportTextPane:194 - (OptionalMessage_ERROR) IP (RCC) : Invalid parameter (PLLMCOFreq_Value)
2023-08-05 16:53:15,839 [INFO] ImportTextPane:194 - (OptionalMessage_ERROR) IP (RCC) : Invalid parameter (PLLMUL)
2023-08-05 16:53:15,839 [INFO] ImportTextPane:194 - (OptionalMessage_ERROR) IP (RCC) : Invalid parameter (PRESCALERUSB)
2023-08-05 16:53:15,841 [INFO] ImportTextPane:194 - (OptionalMessage_ERROR) IP (RCC) : Parameter (RTCHSEDivFreq_Value) has invalid value (4000000)
2023-08-05 16:53:15,841 [INFO] ImportTextPane:194 - (OptionalMessage_ERROR) IP (RCC) : Invalid parameter (SYSCLKSourceVirtual)
2023-08-05 16:53:15,841 [INFO] ImportTextPane:194 - (OptionalMessage_ERROR) IP (RCC) : Invalid parameter (TIM15Freq_Value)
2023-08-05 16:53:15,841 [INFO] ImportTextPane:194 - (OptionalMessage_ERROR) IP (RCC) : Invalid parameter (TIM16Freq_Value)
2023-08-05 16:53:15,842 [INFO] ImportTextPane:194 - (OptionalMessage_ERROR) IP (RCC) : Invalid parameter (TIM17Freq_Value)
2023-08-05 16:53:15,842 [INFO] ImportTextPane:194 - (OptionalMessage_ERROR) IP (RCC) : Invalid parameter (TIM1Freq_Value)
2023-08-05 16:53:15,842 [INFO] ImportTextPane:194 - (OptionalMessage_ERROR) IP (RCC) : Invalid parameter (TIM20Freq_Value)
2023-08-05 16:53:15,842 [INFO] ImportTextPane:194 - (OptionalMessage_ERROR) IP (RCC) : Invalid parameter (TIM2Freq_Value)
2023-08-05 16:53:15,842 [INFO] ImportTextPane:194 - (OptionalMessage_ERROR) IP (RCC) : Invalid parameter (TIM3Freq_Value)
2023-08-05 16:53:15,842 [INFO] ImportTextPane:194 - (OptionalMessage_ERROR) IP (RCC) : Invalid parameter (TIM8Freq_Value)
2023-08-05 16:53:15,842 [INFO] ImportTextPane:194 - (OptionalMessage_ERROR) IP (RCC) : Invalid parameter (UART4Freq_Value)
2023-08-05 16:53:15,842 [INFO] ImportTextPane:194 - (OptionalMessage_ERROR) IP (RCC) : Invalid parameter (UART5Freq_Value)
2023-08-05 16:53:15,842 [INFO] ImportTextPane:194 - (OptionalMessage_ERROR) IP (RCC) : Invalid parameter (USART1Freq_Value)
2023-08-05 16:53:15,842 [INFO] ImportTextPane:194 - (OptionalMessage_ERROR) IP (RCC) : Invalid parameter (USART2Freq_Value)
2023-08-05 16:53:15,842 [INFO] ImportTextPane:194 - (OptionalMessage_ERROR) IP (RCC) : Invalid parameter (USART3Freq_Value)
2023-08-05 16:53:15,842 [INFO] ImportTextPane:194 - (OptionalMessage_ERROR) IP (RCC) : Invalid parameter (USBFreq_Value)
2023-08-05 16:53:15,843 [INFO] ImportTextPane:194 - (OptionalMessage_ERROR) IP (RCC) : Invalid parameter (VCOOutput2Freq_Value)
2023-08-05 16:53:16,171 [INFO] UtilMem:75 - End LoadConfig() Used Memory: 531110624 Bytes (708837376)
2023-08-05 16:53:16,257 [INFO] ApiDb:581 - Connected to CubeFinder SQLite database (/home/lgomez/.stmcufinder/plugins/mcufinder/mcu/cube-finder-db.db)
2023-08-05 16:53:16,323 [INFO] ApiDb:668 - CubeFinder database Data Model version=2.1
2023-08-05 16:53:16,323 [INFO] ApiDb:669 - CubeFinder database Configuration version=3.0.37
2023-08-05 16:53:16,323 [INFO] ApiDb:670 - CubeFinder database generation date=2023-06-26 (1687786131)
2023-08-05 16:53:16,323 [INFO] ApiDb:671 - CubeFinder database FW Pack versions=[FP-ATR-ASTRA1_V2.0.0, FP-SNS-FLIGHT1_V5.0.1, FP-SNS-MOTENV1_V4.3.1, STM32Cube_FW_C0_V1.1.0, STM32Cube_FW_F4_V1.27.1, STM32Cube_FW_F7_V1.17.0, STM32Cube_FW_G0_V1.6.1, STM32Cube_FW_G4_V1.5.1, STM32Cube_FW_H5_V0.5.1, STM32Cube_FW_H5_V1.1.0, STM32Cube_FW_H7_V1.11.0, STM32Cube_FW_L0_V1.12.2, STM32Cube_FW_L5_V1.5.0, STM32Cube_FW_U5_V1.3.0, STM32Cube_FW_U5_V1.3.0RC4, STM32Cube_FW_WBA_V1.0.0RC1, STM32Cube_FW_WBA_V1.1.0, STM32Cube_FW_WBA_V1.1.0RC1, STM32Cube_FW_WB_V1.15.0RC1, STM32Cube_FW_WB_V1.16.0, STM32Cube_FW_WB_V1.16.0RC2, STM32Cube_FW_WB_V1.17.0, STM32Cube_FW_WL_V1.3.0, X-CUBE-ALGOBUILD_V1.3.0, X-CUBE-ALS_V1.0.1, X-CUBE-AZRTOS-F4_V1.1.0, X-CUBE-AZRTOS-F7_V1.1.0, X-CUBE-AZRTOS-G0_V1.1.0, X-CUBE-AZRTOS-G4_V2.0.0, X-CUBE-AZRTOS-H7_V3.1.0, X-CUBE-AZRTOS-L4_V1.0.0, X-CUBE-AZRTOS-L4_V2.0.0, X-CUBE-AZRTOS-L5_V1.1.0, X-CUBE-AZRTOS-WB_V1.1.0, X-CUBE-AZRTOS-WL_V2.0.0, X-CUBE-BLE1_V6.2.4, X-CUBE-BLE2_V3.3.0, X-CUBE-BLEMGR_V2.0.0, X-CUBE-EEPRMA1_V4.1.0, X-CUBE-FREERTOS_V1.0.1, X-CUBE-GNSS1_V6.0.0, X-CUBE-MEMS1_V9.1.0, X-CUBE-MEMS1_V9.4.0, X-CUBE-MEMS1_V9.6.0, X-CUBE-NFC4_V3.0.0, X-CUBE-NFC7_V1.0.0, X-CUBE-SFXS2LP1_V4.0.0, X-CUBE-SUBG2_V5.0.0]
2023-08-05 16:53:18,298 [INFO] ApiDb:240 - Found 297 in-development CPN: [B-G473E-ZEST1S, B-WB1M-WPAN1, B-WL5M-SUBG1, NUCLEO-C031C6, NUCLEO-H503RB, NUCLEO-H563ZI, NUCLEO-U545RE-Q, NUCLEO-U5A5ZJ-Q, NUCLEO-WBA52CG, STEVAL-PROTEUS1, STEVAL-STWINBX1, STM320518-EVAL, STM32C0116-DK, STM32C011D6Y3TR, STM32C011D6Y6TR, STM32C011F4P3, STM32C011F4P6, STM32C011F4U3, STM32C011F4U6TR, STM32C011F6P3, STM32C011F6P6, STM32C011F6U3, STM32C011F6U6TR, STM32C011J4M3, STM32C011J4M6, STM32C011J6M3, STM32C011J6M6, STM32C0316-DK, STM32C031C4T3, STM32C031C4T6, STM32C031C4U3, STM32C031C4U6, STM32C031C6T3, STM32C031C6T6, STM32C031C6U3, STM32C031C6U6, STM32C031F4P3, STM32C031F4P6, STM32C031F6P3, STM32C031F6P6, STM32C031G4U3, STM32C031G4U6, STM32C031G6U3, STM32C031G6U6, STM32C031K4T3, STM32C031K4T6, STM32C031K4U3, STM32C031K4U6, STM32C031K6T3, STM32C031K6T6, STM32C031K6U3, STM32C031K6U6, STM32G071K8TXN, STM32G071K8UXN, STM32G081GBU6N, STM32G081KBT6N, STM32G081KBUXN, STM32G0B1CCT6N, STM32G0B1KCT6, STM32G0B1NEY6TR, STM32G0B1RCT6N, STM32G0C1CCT6, STM32G0C1CCT6N, STM32G0C1CCU6N, STM32G0C1CET6N, STM32G0C1CEU6N, STM32G0C1KCT6, STM32G0C1NEY6TR, STM32G0C1RCI6N, STM32G0C1RCT6N, STM32G0C1REI6N, STM32G0C1RET6N, STM32G0C1VCI6, STM32G0C1VEI6, STM32G471CCT6, STM32G471CCU6, STM32G471CET3, STM32G471CET6, STM32G471CEU3, STM32G471CEU6, STM32G471MCT6, STM32G471MET3, STM32G471MET6, STM32G471MEY6TR, STM32G471QCT6, STM32G471QET3, STM32G471RCT6, STM32G471RET3, STM32G471RET6, STM32G471VCH6, STM32G471VCI6, STM32G471VCT6, STM32G471VEH3, STM32G471VEH6, STM32G471VEI3, STM32G471VEI6, STM32G471VET3, STM32G471VET6, STM32G474CCT6, STM32H503CBT6, STM32H503CBU6, STM32H503EBY6TR, STM32H503KBU6, STM32H503RBT6, STM32H562AGI6, STM32H562AII6, STM32H562IGK6, STM32H562IGT6, STM32H562IIK6, STM32H562IIT6, STM32H562RGT6, STM32H562RGV6, STM32H562RIT6, STM32H562RIV6, STM32H562VGT6, STM32H562VIT6, STM32H562ZGT6, STM32H562ZIT6, STM32H563AGI6, STM32H563AII3Q, STM32H563AII6, STM32H563IGK6, STM32H563IGT6, STM32H563IIK3Q, STM32H563IIK6, STM32H563IIT3Q, STM32H563IIT6, STM32H563MIY3QTR, STM32H563RGT6, STM32H563RGV6, STM32H563RIT6, STM32H563RIV6, STM32H563VGT6, STM32H563VIT3Q, STM32H563VIT6, STM32H563ZGT6, STM32H563ZIT3Q, STM32H563ZIT6, STM32H573AII3Q, STM32H573AII6, STM32H573I-DK, STM32H573IIK3Q, STM32H573IIK6, STM32H573IIT3Q, STM32H573IIT6, STM32H573MIY3QTR, STM32H573RIT6, STM32H573RIV6, STM32H573VIT3Q, STM32H573VIT6, STM32H573ZIT3Q, STM32H573ZIT6, STM32L4R5QGI6STR, STM32MP131AAE3, STM32MP131AAF3, STM32MP131AAG3, STM32MP131CAE3, STM32MP131CAF3, STM32MP131CAG3, STM32MP131DAE7, STM32MP131DAF7, STM32MP131DAG7, STM32MP131FAE7, STM32MP131FAF7, STM32MP131FAG7, STM32MP133AAE3, STM32MP133AAF3, STM32MP133AAG3, STM32MP133CAE3, STM32MP133CAF3, STM32MP133CAG3, STM32MP133DAE7, STM32MP133DAF7, STM32MP133DAG7, STM32MP133FAE7, STM32MP133FAF7, STM32MP133FAG7, STM32MP135AAE3, STM32MP135AAF3, STM32MP135AAG3, STM32MP135CAE3, STM32MP135CAF3, STM32MP135CAG3, STM32MP135DAE7, STM32MP135DAF7, STM32MP135DAG7, STM32MP135F-DK, STM32MP135FAE7, STM32MP135FAF7, STM32MP135FAF7T, STM32MP135FAF7U, STM32MP135FAG7, STM32U535CBT6, STM32U535CBT6Q, STM32U535CBU6, STM32U535CBU6Q, STM32U535CCT6, STM32U535CCT6Q, STM32U535CCU6, STM32U535CCU6Q, STM32U535CET6, STM32U535CET6Q, STM32U535CEU6, STM32U535CEU6Q, STM32U535JEY6QTR, STM32U535NCY6QTR, STM32U535NEY6QTR, STM32U535RBI6, STM32U535RBI6Q, STM32U535RBT6, STM32U535RBT6Q, STM32U535RCI6, STM32U535RCI6Q, STM32U535RCT6, STM32U535RCT6Q, STM32U535REI6, STM32U535REI6Q, STM32U535RET6, STM32U535RET6Q, STM32U535VCI6, STM32U535VCI6Q, STM32U535VCT6, STM32U535VCT6Q, STM32U535VEI6, STM32U535VEI6Q, STM32U535VET6, STM32U535VET6Q, STM32U545CET6, STM32U545CET6Q, STM32U545CEU6, STM32U545CEU6Q, STM32U545JEY6QTR, STM32U545NEY6QTR, STM32U545REI6, STM32U545REI6Q, STM32U545RET6, STM32U545RET6Q, STM32U545VEI6, STM32U545VEI6Q, STM32U545VET6, STM32U545VET6Q, STM32U595AIH6, STM32U595AIH6Q, STM32U595AJH6, STM32U595AJH6Q, STM32U595QII6, STM32U595QII6Q, STM32U595QJI6, STM32U595QJI6Q, STM32U595RIT6, STM32U595RIT6Q, STM32U595RJT6, STM32U595RJT6Q, STM32U595VIT6, STM32U595VIT6Q, STM32U595VJT6, STM32U595VJT6Q, STM32U595ZIT6, STM32U595ZIT6Q, STM32U595ZIY6QTR, STM32U595ZJT6, STM32U595ZJT6Q, STM32U595ZJY6QTR, STM32U599BJY6QTR, STM32U599NIH6Q, STM32U599NJH6Q, STM32U599VIT6Q, STM32U599VJT6, STM32U599VJT6Q, STM32U599ZIT6Q, STM32U599ZIY6QTR, STM32U599ZJT6Q, STM32U599ZJY6QTR, STM32U5A5AJH6, STM32U5A5AJH6Q, STM32U5A5QJI6, STM32U5A5QJI6Q, STM32U5A5RJT6, STM32U5A5RJT6Q, STM32U5A5VJT6, STM32U5A5VJT6Q, STM32U5A5ZJT6, STM32U5A5ZJT6Q, STM32U5A5ZJY6QTR, STM32U5A9BJY6QTR, STM32U5A9J-DK, STM32U5A9NJH6Q, STM32U5A9VJT6Q, STM32U5A9ZJT6Q, STM32U5A9ZJY6QTR, STM32WB1MMCH6, STM32WBA52CEU6, STM32WBA52CEU6T, STM32WBA52CGU6, STM32WBA52CGU6T, STM32WL5MOCH6, STM32WL5MOCH6TR]
2023-08-05 16:53:18,302 [INFO] DbMcus:216 - Found 3825 MCUs, 3825 are supported
2023-08-05 16:53:18,305 [INFO] ApiDb:423 - Load user favorites file /home/lgomez/.stm32cubeide/favorites.mcus.txt: 0 item(s)
2023-08-05 16:53:18,305 [INFO] ApiDb:427 - User favorites MCUs=[]
2023-08-05 16:53:18,305 [INFO] DbMcus:222 - Set 0 / 0 favorites MCUs
2023-08-05 16:53:18,715 [WARN] ThirdParty:833 - waiting for thirdparty lock release [change project]
2023-08-05 16:53:18,715 [INFO] ThirdParty:835 - entering critical section [change project]
2023-08-05 16:53:18,716 [INFO] ThirdParty:1030 - CMSIS Pack Vendor :STMicroelectronics X-CUBE-ISPU 1.1.0
2023-08-05 16:53:18,716 [INFO] ThirdParty:1030 - CMSIS Pack Vendor :STMicroelectronics X-CUBE-GNSS1 6.0.0
2023-08-05 16:53:18,716 [INFO] ThirdParty:1030 - CMSIS Pack Vendor :STMicroelectronics USB_HOST 2.0.0
2023-08-05 16:53:18,716 [INFO] ThirdParty:1030 - CMSIS Pack Vendor :STMicroelectronics X-CUBE-AZRTOS-F4 1.1.0
2023-08-05 16:53:18,716 [INFO] ThirdParty:1030 - CMSIS Pack Vendor :STMicroelectronics LIBJPEG 8.0.0
2023-08-05 16:53:18,716 [INFO] ThirdParty:1030 - CMSIS Pack Vendor :STMicroelectronics X-CUBE-SMBUS 2.1.0
2023-08-05 16:53:18,716 [INFO] ThirdParty:1030 - CMSIS Pack Vendor :wolfSSL I-CUBE-wolfSSL 5.6.0
2023-08-05 16:53:18,716 [INFO] ThirdParty:1030 - CMSIS Pack Vendor :STMicroelectronics USB_DEVICE 3.0.0
2023-08-05 16:53:18,716 [INFO] ThirdParty:1030 - CMSIS Pack Vendor :STMicroelectronics X-CUBE-FREERTOS 1.0.1
2023-08-05 16:53:18,716 [INFO] ThirdParty:1030 - CMSIS Pack Vendor :STMicroelectronics X-CUBE-AZRTOS-F7 1.1.0
2023-08-05 16:53:18,716 [INFO] ThirdParty:1030 - CMSIS Pack Vendor :STMicroelectronics X-CUBE-TOUCHGFX 4.21.4
2023-08-05 16:53:18,716 [INFO] ThirdParty:1030 - CMSIS Pack Vendor :STMicroelectronics USB_DEVICE 2.0.0
2023-08-05 16:53:18,716 [INFO] ThirdParty:1030 - CMSIS Pack Vendor :STMicroelectronics X-CUBE-MEMS1 9.6.0
2023-08-05 16:53:18,716 [INFO] ThirdParty:1030 - CMSIS Pack Vendor :STMicroelectronics FP-SNS-MOTENV1 4.3.2
2023-08-05 16:53:18,716 [INFO] ThirdParty:1030 - CMSIS Pack Vendor :STMicroelectronics FP-SNS-MOTENV1 4.3.1
2023-08-05 16:53:18,716 [INFO] ThirdParty:1030 - CMSIS Pack Vendor :STMicroelectronics FP-SNS-FLIGHT1 5.0.1
2023-08-05 16:53:18,716 [INFO] ThirdParty:1030 - CMSIS Pack Vendor :STMicroelectronics X-CUBE-ALGOBUILD 1.3.0
2023-08-05 16:53:18,716 [INFO] ThirdParty:1030 - CMSIS Pack Vendor :STMicroelectronics X-CUBE-BLE1 6.2.4
2023-08-05 16:53:18,716 [INFO] ThirdParty:1030 - CMSIS Pack Vendor :STMicroelectronics X-CUBE-AZRTOS-L5 1.1.0
2023-08-05 16:53:18,716 [INFO] ThirdParty:1030 - CMSIS Pack Vendor :STMicroelectronics FreeRTOS 0.0.1
2023-08-05 16:53:18,717 [INFO] ThirdParty:1030 - CMSIS Pack Vendor :STMicroelectronics X-CUBE-AZRTOS-G0 1.1.0
2023-08-05 16:53:18,717 [INFO] ThirdParty:1030 - CMSIS Pack Vendor :emotas I-CUBE-CANOPEN 1.1.3
2023-08-05 16:53:18,717 [INFO] ThirdParty:1030 - CMSIS Pack Vendor :STMicroelectronics X-CUBE-BLEMGR 2.0.0
2023-08-05 16:53:18,717 [INFO] ThirdParty:1030 - CMSIS Pack Vendor :STMicroelectronics X-CUBE-AI 8.0.1
2023-08-05 16:53:18,717 [INFO] ThirdParty:1030 - CMSIS Pack Vendor :STMicroelectronics X-CUBE-NFC4 3.0.0
2023-08-05 16:53:18,717 [INFO] ThirdParty:1030 - CMSIS Pack Vendor :STMicroelectronics X-CUBE-SUBG2 5.0.0
2023-08-05 16:53:18,717 [INFO] ThirdParty:1030 - CMSIS Pack Vendor :STMicroelectronics STM32_WPAN 1.0.0
2023-08-05 16:53:18,717 [INFO] ThirdParty:1030 - CMSIS Pack Vendor :STMicroelectronics lwIP 2.0.3
2023-08-05 16:53:18,717 [INFO] ThirdParty:1030 - CMSIS Pack Vendor :STMicroelectronics FP-SNS-FLIGHT1 5.0.2
2023-08-05 16:53:18,717 [INFO] ThirdParty:1030 - CMSIS Pack Vendor :STMicroelectronics USB_HOST 1.0.0
2023-08-05 16:53:18,717 [INFO] ThirdParty:1030 - CMSIS Pack Vendor :STMicroelectronics X-CUBE-TOF1 3.3.1
2023-08-05 16:53:18,717 [INFO] ThirdParty:1030 - CMSIS Pack Vendor :STMicroelectronics X-CUBE-AZRTOS-G4 2.0.0
2023-08-05 16:53:18,717 [INFO] ThirdParty:1030 - CMSIS Pack Vendor :STMicroelectronics PDM2PCM 3.1.0
2023-08-05 16:53:18,717 [INFO] ThirdParty:1030 - CMSIS Pack Vendor :STMicroelectronics X-CUBE-AZRTOS-H7 3.1.0
2023-08-05 16:53:18,717 [INFO] ThirdParty:1030 - CMSIS Pack Vendor :STMicroelectronics X-CUBE-TOF1 3.3.0
2023-08-05 16:53:18,717 [INFO] ThirdParty:1030 - CMSIS Pack Vendor :STMicroelectronics PDM2PCM 3.3.0
2023-08-05 16:53:18,718 [INFO] ThirdParty:1030 - CMSIS Pack Vendor :STMicroelectronics X-CUBE-DISPLAY 3.0.0
2023-08-05 16:53:18,718 [INFO] ThirdParty:1030 - CMSIS Pack Vendor :STMicroelectronics FP-ATR-SIGFOX1 3.2.0
2023-08-05 16:53:18,718 [INFO] ThirdParty:1030 - CMSIS Pack Vendor :STMicroelectronics HAL Drivers 0.0.0
2023-08-05 16:53:18,718 [INFO] ThirdParty:1030 - CMSIS Pack Vendor :STMicroelectronics MBEDTLS 2.16.2
2023-08-05 16:53:18,718 [INFO] ThirdParty:1030 - CMSIS Pack Vendor :STMicroelectronics X-CUBE-TOUCHGFX 4.22.0
2023-08-05 16:53:18,718 [INFO] ThirdParty:1030 - CMSIS Pack Vendor :STMicroelectronics X-CUBE-NFC7 1.0.1
2023-08-05 16:53:18,718 [INFO] ThirdParty:1030 - CMSIS Pack Vendor :STMicroelectronics MBEDTLS 2.14.1
2023-08-05 16:53:18,718 [INFO] ThirdParty:1030 - CMSIS Pack Vendor :STMicroelectronics X-CUBE-EEPRMA1 4.1.0
2023-08-05 16:53:18,718 [INFO] ThirdParty:1030 - CMSIS Pack Vendor :portGmbH I-Cube-SoM-uGOAL 1.1.0
2023-08-05 16:53:18,718 [INFO] ThirdParty:1030 - CMSIS Pack Vendor :STMicroelectronics X-CUBE-ALS 1.0.1
2023-08-05 16:53:18,718 [INFO] ThirdParty:1030 - CMSIS Pack Vendor :STMicroelectronics ThreadX 1.0.0
2023-08-05 16:53:18,718 [INFO] ThirdParty:1030 - CMSIS Pack Vendor :STMicroelectronics X-CUBE-AZRTOS-WB 1.1.0
2023-08-05 16:53:18,718 [INFO] ThirdParty:1030 - CMSIS Pack Vendor :STMicroelectronics X-CUBE-AZRTOS-WL 2.0.0
2023-08-05 16:53:18,718 [INFO] ThirdParty:1030 - CMSIS Pack Vendor :SEGGER I-CUBE-embOS 1.3.1
2023-08-05 16:53:18,718 [INFO] ThirdParty:1030 - CMSIS Pack Vendor :STMicroelectronics USB_DEVICE 1.0.0
2023-08-05 16:53:18,718 [INFO] ThirdParty:1030 - CMSIS Pack Vendor :STMicroelectronics X-CUBE-AZRTOS-L4 2.0.0
2023-08-05 16:53:18,718 [INFO] ThirdParty:1030 - CMSIS Pack Vendor :STMicroelectronics ThreadX 0.0.2
2023-08-05 16:53:18,718 [INFO] ThirdParty:1030 - CMSIS Pack Vendor :WES I-CUBE-Cesium 1.3.0
2023-08-05 16:53:18,719 [INFO] ThirdParty:1030 - CMSIS Pack Vendor :STMicroelectronics FP-ATR-ASTRA1 2.0.0
2023-08-05 16:53:18,719 [INFO] ThirdParty:1030 - CMSIS Pack Vendor :STMicroelectronics lwIP 2.1.2
2023-08-05 16:53:18,719 [INFO] ThirdParty:1030 - CMSIS Pack Vendor :STMicroelectronics X-CUBE-SFXS2LP1 4.0.0
2023-08-05 16:53:18,719 [INFO] ThirdParty:1030 - CMSIS Pack Vendor :STMicroelectronics X-CUBE-BLE2 3.3.0
2023-08-05 16:53:18,719 [INFO] ThirdParty:1030 - CMSIS Pack Vendor :STMicroelectronics PDM2PCM 3.2.0
2023-08-05 16:53:18,719 [INFO] ThirdParty:841 - exiting critical section [change project]
2023-08-05 16:53:19,390 [INFO] PinOutPanel:1499 - setPackage(No Configuration,No Configuration)
2023-08-05 16:53:19,392 [INFO] PinOutPanel:1499 - setPackage(STM32F429ZITx,LQFP144)
2023-08-05 16:53:20,021 [INFO] UtilMem:75 - Before build in PCC Used Memory: 570943144 Bytes (708837376)
2023-08-05 16:53:20,782 [INFO] UtilMem:75 - After build in PCC Used Memory: 594213840 Bytes (708837376)
2023-08-05 16:53:20,877 [INFO] IPUIPlugin:80 - create IPUIPlugin
2023-08-05 16:53:20,877 [INFO] IPUIPlugin:80 - create IPUIPlugin
2023-08-05 16:53:20,877 [INFO] IPUIPlugin:80 - create IPUIPlugin
2023-08-05 16:53:20,877 [INFO] IPUIPlugin:80 - create IPUIPlugin
2023-08-05 16:53:20,878 [INFO] IPUIPlugin:80 - create IPUIPlugin
2023-08-05 16:53:20,878 [INFO] IPUIPlugin:80 - create IPUIPlugin
2023-08-05 16:53:20,878 [INFO] IPUIPlugin:80 - create IPUIPlugin
2023-08-05 16:53:20,879 [INFO] IPUIPlugin:80 - create IPUIPlugin
2023-08-05 16:53:20,879 [INFO] IPUIPlugin:80 - create IPUIPlugin
2023-08-05 16:53:20,879 [INFO] IPUIPlugin:80 - create IPUIPlugin
2023-08-05 16:53:20,879 [INFO] IPUIPlugin:80 - create IPUIPlugin
2023-08-05 16:53:20,880 [INFO] IPUIPlugin:80 - create IPUIPlugin
2023-08-05 16:53:20,880 [INFO] IPUIPlugin:80 - create IPUIPlugin
2023-08-05 16:53:20,880 [INFO] IPUIPlugin:80 - create IPUIPlugin
2023-08-05 16:53:20,881 [INFO] IPUIPlugin:80 - create IPUIPlugin
2023-08-05 16:53:20,881 [INFO] IPUIPlugin:80 - create IPUIPlugin
2023-08-05 16:53:20,881 [INFO] IPUIPlugin:80 - create IPUIPlugin
2023-08-05 16:53:20,881 [INFO] IPUIPlugin:80 - create IPUIPlugin
2023-08-05 16:53:20,881 [INFO] IPUIPlugin:80 - create IPUIPlugin
2023-08-05 16:53:20,882 [INFO] IPUIPlugin:80 - create IPUIPlugin
2023-08-05 16:53:20,882 [INFO] IPUIPlugin:80 - create IPUIPlugin
2023-08-05 16:53:20,882 [INFO] IPUIPlugin:80 - create IPUIPlugin
2023-08-05 16:53:20,883 [INFO] IPUIPlugin:80 - create IPUIPlugin
2023-08-05 16:53:20,885 [INFO] IPUIPlugin:80 - create IPUIPlugin
2023-08-05 16:53:20,885 [INFO] IPUIPlugin:80 - create IPUIPlugin
2023-08-05 16:53:20,886 [INFO] IPUIPlugin:80 - create IPUIPlugin
2023-08-05 16:53:20,886 [INFO] IPUIPlugin:80 - create IPUIPlugin
2023-08-05 16:53:20,886 [INFO] IPUIPlugin:80 - create IPUIPlugin
2023-08-05 16:53:20,887 [INFO] IPUIPlugin:80 - create IPUIPlugin
2023-08-05 16:53:20,887 [INFO] IPUIPlugin:80 - create IPUIPlugin
2023-08-05 16:53:20,888 [INFO] IPUIPlugin:80 - create IPUIPlugin
2023-08-05 16:53:20,888 [INFO] IPUIPlugin:80 - create IPUIPlugin
2023-08-05 16:53:20,888 [INFO] IPUIPlugin:80 - create IPUIPlugin
2023-08-05 16:53:20,889 [INFO] IPUIPlugin:80 - create IPUIPlugin
2023-08-05 16:53:20,889 [INFO] IPUIPlugin:80 - create IPUIPlugin
2023-08-05 16:53:20,890 [INFO] IPUIPlugin:80 - create IPUIPlugin
2023-08-05 16:53:20,890 [INFO] IPUIPlugin:80 - create IPUIPlugin
2023-08-05 16:53:20,891 [INFO] IPUIPlugin:80 - create IPUIPlugin
2023-08-05 16:53:20,891 [INFO] IPUIPlugin:80 - create IPUIPlugin
2023-08-05 16:53:20,891 [INFO] IPUIPlugin:80 - create IPUIPlugin
2023-08-05 16:53:20,892 [INFO] IPUIPlugin:80 - create IPUIPlugin
2023-08-05 16:53:20,892 [INFO] IPUIPlugin:80 - create IPUIPlugin
2023-08-05 16:53:20,892 [INFO] IPUIPlugin:80 - create IPUIPlugin
2023-08-05 16:53:20,892 [INFO] IPUIPlugin:80 - create IPUIPlugin
2023-08-05 16:53:20,893 [INFO] IPUIPlugin:80 - create IPUIPlugin
2023-08-05 16:53:20,893 [INFO] IPUIPlugin:80 - create IPUIPlugin
2023-08-05 16:53:20,893 [INFO] IPUIPlugin:80 - create IPUIPlugin
2023-08-05 16:53:20,893 [INFO] IPUIPlugin:80 - create IPUIPlugin
2023-08-05 16:53:20,894 [INFO] IPUIPlugin:80 - create IPUIPlugin
2023-08-05 16:53:20,894 [INFO] IPUIPlugin:80 - create IPUIPlugin
2023-08-05 16:53:20,894 [INFO] IPUIPlugin:80 - create IPUIPlugin
2023-08-05 16:53:20,894 [INFO] IPUIPlugin:80 - create IPUIPlugin
2023-08-05 16:53:20,895 [INFO] IPUIPlugin:80 - create IPUIPlugin
2023-08-05 16:53:20,895 [INFO] IPUIPlugin:80 - create IPUIPlugin
2023-08-05 16:53:20,895 [INFO] IPUIPlugin:80 - create IPUIPlugin
2023-08-05 16:53:20,895 [INFO] IPUIPlugin:80 - create IPUIPlugin
2023-08-05 16:53:20,896 [INFO] IPUIPlugin:80 - create IPUIPlugin
2023-08-05 16:53:20,896 [INFO] IPUIPlugin:80 - create IPUIPlugin
2023-08-05 16:53:20,897 [INFO] IPUIPlugin:80 - create IPUIPlugin
2023-08-05 16:53:20,897 [INFO] IPUIPlugin:80 - create IPUIPlugin
2023-08-05 16:53:20,897 [INFO] IPUIPlugin:80 - create IPUIPlugin
2023-08-05 16:53:20,898 [INFO] IPUIPlugin:80 - create IPUIPlugin
2023-08-05 16:53:20,899 [INFO] IPUIPlugin:80 - create IPUIPlugin
2023-08-05 16:53:20,900 [INFO] IPUIPlugin:80 - create IPUIPlugin
2023-08-05 16:53:20,901 [INFO] IPUIPlugin:80 - create IPUIPlugin
2023-08-05 16:53:20,902 [INFO] IPUIPlugin:80 - create IPUIPlugin
2023-08-05 16:53:20,970 [INFO] ApiDbMcu:507 - Load IP Config File for PDM2PCM
2023-08-05 16:53:21,263 [INFO] CADModel:165 - CPN selected for project levelSTM32F429ZIT6
2023-08-05 16:53:21,263 [INFO] CADModel:114 - Register for checkConnection events
2023-08-05 16:53:21,312 [INFO] OpenFileManager:328 - Restore cursor
2023-08-05 17:54:43,869 [INFO] Gpio:273 - dependency for GPIO [ETH, RCC, SPI3, SYS, USART3, USB_OTG_FS]
2023-08-05 17:55:41,400 [INFO] NvicIntPanel:101 - NVIC parent = com.st.microxplorer.plugins.ip.nvic.MultiNvicIntPanel[,2,26,586x661,layout=javax.swing.BoxLayout,alignmentX=0.0,alignmentY=0.0,border=,flags=9,maximumSize=,minimumSize=,preferredSize=]
2023-08-05 17:56:32,064 [INFO] Gpio:273 - dependency for GPIO [ETH, RCC, SPI3, SYS, USART3, USB_OTG_FS]
2023-08-05 17:56:50,256 [INFO] NvicIntPanel:101 - NVIC parent = com.st.microxplorer.plugins.ip.nvic.MultiNvicIntPanel[,2,26,586x661,invalid,layout=javax.swing.BoxLayout,alignmentX=0.0,alignmentY=0.0,border=,flags=9,maximumSize=,minimumSize=,preferredSize=]
2023-08-05 17:56:50,318 [INFO] Gpio:273 - dependency for GPIO [ETH, RCC, SPI3, SYS, USART3, USB_OTG_FS]
2023-08-05 17:56:56,253 [INFO] Gpio:273 - dependency for GPIO [ETH, RCC, SPI3, SYS, USART3, USB_OTG_FS]
2023-08-05 17:57:50,329 [INFO] Gpio:273 - dependency for GPIO [ETH, RCC, SPI3, SYS, USART3, USB_OTG_FS]
2023-08-05 17:58:11,316 [INFO] MainUpdater:2854 - connection check result : 10
2023-08-05 17:58:11,316 [INFO] MainUpdater:2854 - connection check result : 10
2023-08-05 17:58:11,431 [INFO] MicroXplorer:468 - Change Database Path : 
2023-08-05 17:58:11,431 [INFO] MicroXplorer:498 - Change Database Version : DB.6.0.81
2023-08-05 17:58:11,449 [WARN] ThirdParty:871 - waiting for thirdparty lock release [close project]
2023-08-05 17:58:11,449 [INFO] ThirdParty:873 - entering critical section [close project]
2023-08-05 17:58:11,449 [INFO] ThirdParty:883 - exiting critical section [close project]
2023-08-05 17:58:11,451 [INFO] PinOutPanel:1499 - setPackage(No Configuration,No Configuration)
2023-08-05 17:58:11,459 [WARN] IpParametersView:150 - Warning: This peripheral hasn't parameters
2023-08-05 17:58:11,463 [WARN] MainPanel:257 - <html><b><center>Warning: This peripheral has no parameters to be configured<br></b></html>
2023-08-05 17:58:11,472 [INFO] UtilMem:75 - Begin LoadConfig() Used Memory: 297596872 Bytes (708837376)
2023-08-05 17:58:11,473 [INFO] MicroXplorer:468 - Change Database Path : 
2023-08-05 17:58:11,473 [INFO] MicroXplorer:498 - Change Database Version : DB.6.0.81
2023-08-05 17:58:11,473 [INFO] OpenFileManager:308 - Change cursor
2023-08-05 17:58:11,483 [INFO] Mcu:1937 - Initializing MCU STM32F429ZITx STM32F429ZITx STM32F429ZIT6
2023-08-05 17:58:12,772 [INFO] Context:659 - Trying to add GPIOservice into a context  which must be forbidden
2023-08-05 17:58:13,218 [INFO] RtosManager:555 - Registered RTOS mode: class=CMSIS, group=RTOS, mode=CMSIS_V1, owner=FREERTOS
2023-08-05 17:58:13,219 [INFO] RtosManager:555 - Registered RTOS mode: class=CMSIS, group=RTOS2, mode=CMSIS_V2, owner=FREERTOS
2023-08-05 17:58:13,219 [INFO] RtosManager:555 - Registered RTOS mode: class=RTOS, group=Core, mode=CMSIS_V1, owner=FREERTOS
2023-08-05 17:58:13,219 [INFO] RtosManager:555 - Registered RTOS mode: class=RTOS, group=Core, mode=CMSIS_V2, owner=FREERTOS
2023-08-05 17:58:13,219 [WARN] ModelIntegratedComponent:184 - Missing modes for component STMicroelectronics:FreeRTOS:0.0.1:STMicroelectronics:RTOS:FreeRTOS:Core:::10.2.0:
2023-08-05 17:58:13,228 [WARN] ModelIntegratedComponent:63 - No mode defined for component null
2023-08-05 17:58:13,228 [WARN] ModelIntegratedComponent:63 - No mode defined for component null
2023-08-05 17:58:13,228 [WARN] ModelIntegratedComponent:63 - No mode defined for component null
2023-08-05 17:58:13,228 [WARN] ModelIntegratedComponent:63 - No mode defined for component null
2023-08-05 17:58:13,228 [WARN] ModelIntegratedComponent:63 - No mode defined for component null
2023-08-05 17:58:13,228 [WARN] ModelIntegratedComponent:63 - No mode defined for component null
2023-08-05 17:58:13,228 [WARN] ModelIntegratedComponent:63 - No mode defined for component null
2023-08-05 17:58:13,228 [WARN] ModelIntegratedComponent:63 - No mode defined for component null
2023-08-05 17:58:13,229 [WARN] ModelIntegratedComponent:63 - No mode defined for component null
2023-08-05 17:58:13,229 [WARN] ModelIntegratedComponent:63 - No mode defined for component null
2023-08-05 17:58:13,229 [WARN] ModelIntegratedComponent:63 - No mode defined for component null
2023-08-05 17:58:13,229 [WARN] ModelIntegratedComponent:63 - No mode defined for component null
2023-08-05 17:58:13,229 [WARN] ModelIntegratedComponent:63 - No mode defined for component null
2023-08-05 17:58:13,229 [WARN] ModelIntegratedComponent:63 - No mode defined for component null
2023-08-05 17:58:13,229 [WARN] ModelIntegratedComponent:63 - No mode defined for component null
2023-08-05 17:58:13,229 [WARN] ModelIntegratedComponent:63 - No mode defined for component null
2023-08-05 17:58:13,229 [WARN] ModelIntegratedComponent:63 - No mode defined for component null
2023-08-05 17:58:13,229 [WARN] ModelIntegratedComponent:63 - No mode defined for component null
2023-08-05 17:58:13,229 [WARN] ModelIntegratedComponent:63 - No mode defined for component null
2023-08-05 17:58:13,229 [WARN] ModelIntegratedComponent:63 - No mode defined for component null
2023-08-05 17:58:13,229 [WARN] ModelIntegratedComponent:63 - No mode defined for component null
2023-08-05 17:58:13,229 [WARN] ModelIntegratedComponent:63 - No mode defined for component null
2023-08-05 17:58:13,229 [WARN] ModelIntegratedComponent:63 - No mode defined for component null
2023-08-05 17:58:13,229 [WARN] ModelIntegratedComponent:63 - No mode defined for component null
2023-08-05 17:58:13,229 [WARN] ModelIntegratedComponent:63 - No mode defined for component null
2023-08-05 17:58:13,229 [WARN] ModelIntegratedComponent:63 - No mode defined for component null
2023-08-05 17:58:13,229 [WARN] ModelIntegratedComponent:63 - No mode defined for component null
2023-08-05 17:58:13,229 [WARN] ModelIntegratedComponent:63 - No mode defined for component null
2023-08-05 17:58:13,229 [WARN] ModelIntegratedComponent:63 - No mode defined for component null
2023-08-05 17:58:13,229 [WARN] ModelIntegratedComponent:63 - No mode defined for component null
2023-08-05 17:58:13,229 [WARN] ModelIntegratedComponent:63 - No mode defined for component null
2023-08-05 17:58:13,229 [WARN] ModelIntegratedComponent:63 - No mode defined for component null
2023-08-05 17:58:13,229 [WARN] ModelIntegratedComponent:63 - No mode defined for component null
2023-08-05 17:58:13,242 [INFO] ThirdPartyModel:298 - Start build external matchings
2023-08-05 17:58:13,535 [INFO] ThirdPartyModel:316 - End build external matchings
2023-08-05 17:58:13,545 [INFO] ImportTextPane:194 - (OptionalMessage_ERROR) IP (ETH) : Invalid parameter (PHY_Name)
2023-08-05 17:58:13,545 [INFO] ImportTextPane:194 - (OptionalMessage_ERROR) IP (ETH) : Invalid parameter (PHY_Value)
2023-08-05 17:58:13,545 [INFO] ImportTextPane:194 - (OptionalMessage_ERROR) IP (ETH) : Invalid parameter (PhyAddress)
2023-08-05 17:58:13,546 [INFO] ImportTextPane:194 - (OptionalMessage_ERROR) IP (RCC) : Invalid parameter (ADC12outputFreq_Value)
2023-08-05 17:58:13,546 [INFO] ImportTextPane:194 - (OptionalMessage_ERROR) IP (RCC) : Invalid parameter (ADC34outputFreq_Value)
2023-08-05 17:58:13,547 [INFO] ImportTextPane:194 - (OptionalMessage_ERROR) IP (RCC) : Invalid parameter (FamilyName)
2023-08-05 17:58:13,547 [INFO] ImportTextPane:194 - (OptionalMessage_ERROR) IP (RCC) : Invalid parameter (I2C1Freq_Value)
2023-08-05 17:58:13,547 [INFO] ImportTextPane:194 - (OptionalMessage_ERROR) IP (RCC) : Invalid parameter (I2C2Freq_Value)
2023-08-05 17:58:13,547 [INFO] ImportTextPane:194 - (OptionalMessage_ERROR) IP (RCC) : Invalid parameter (I2C3Freq_Value)
2023-08-05 17:58:13,547 [INFO] ImportTextPane:194 - (OptionalMessage_ERROR) IP (RCC) : Invalid parameter (MCOFreq_Value)
2023-08-05 17:58:13,547 [INFO] ImportTextPane:194 - (OptionalMessage_ERROR) IP (RCC) : Invalid parameter (PLLMCOFreq_Value)
2023-08-05 17:58:13,547 [INFO] ImportTextPane:194 - (OptionalMessage_ERROR) IP (RCC) : Invalid parameter (PLLMUL)
2023-08-05 17:58:13,547 [INFO] ImportTextPane:194 - (OptionalMessage_ERROR) IP (RCC) : Invalid parameter (PRESCALERUSB)
2023-08-05 17:58:13,548 [INFO] ImportTextPane:194 - (OptionalMessage_ERROR) IP (RCC) : Parameter (RTCHSEDivFreq_Value) has invalid value (4000000)
2023-08-05 17:58:13,548 [INFO] ImportTextPane:194 - (OptionalMessage_ERROR) IP (RCC) : Invalid parameter (SYSCLKSourceVirtual)
2023-08-05 17:58:13,548 [INFO] ImportTextPane:194 - (OptionalMessage_ERROR) IP (RCC) : Invalid parameter (TIM15Freq_Value)
2023-08-05 17:58:13,548 [INFO] ImportTextPane:194 - (OptionalMessage_ERROR) IP (RCC) : Invalid parameter (TIM16Freq_Value)
2023-08-05 17:58:13,548 [INFO] ImportTextPane:194 - (OptionalMessage_ERROR) IP (RCC) : Invalid parameter (TIM17Freq_Value)
2023-08-05 17:58:13,548 [INFO] ImportTextPane:194 - (OptionalMessage_ERROR) IP (RCC) : Invalid parameter (TIM1Freq_Value)
2023-08-05 17:58:13,548 [INFO] ImportTextPane:194 - (OptionalMessage_ERROR) IP (RCC) : Invalid parameter (TIM20Freq_Value)
2023-08-05 17:58:13,548 [INFO] ImportTextPane:194 - (OptionalMessage_ERROR) IP (RCC) : Invalid parameter (TIM2Freq_Value)
2023-08-05 17:58:13,548 [INFO] ImportTextPane:194 - (OptionalMessage_ERROR) IP (RCC) : Invalid parameter (TIM3Freq_Value)
2023-08-05 17:58:13,548 [INFO] ImportTextPane:194 - (OptionalMessage_ERROR) IP (RCC) : Invalid parameter (TIM8Freq_Value)
2023-08-05 17:58:13,548 [INFO] ImportTextPane:194 - (OptionalMessage_ERROR) IP (RCC) : Invalid parameter (UART4Freq_Value)
2023-08-05 17:58:13,548 [INFO] ImportTextPane:194 - (OptionalMessage_ERROR) IP (RCC) : Invalid parameter (UART5Freq_Value)
2023-08-05 17:58:13,548 [INFO] ImportTextPane:194 - (OptionalMessage_ERROR) IP (RCC) : Invalid parameter (USART1Freq_Value)
2023-08-05 17:58:13,548 [INFO] ImportTextPane:194 - (OptionalMessage_ERROR) IP (RCC) : Invalid parameter (USART2Freq_Value)
2023-08-05 17:58:13,548 [INFO] ImportTextPane:194 - (OptionalMessage_ERROR) IP (RCC) : Invalid parameter (USART3Freq_Value)
2023-08-05 17:58:13,548 [INFO] ImportTextPane:194 - (OptionalMessage_ERROR) IP (RCC) : Invalid parameter (USBFreq_Value)
2023-08-05 17:58:13,548 [INFO] ImportTextPane:194 - (OptionalMessage_ERROR) IP (RCC) : Invalid parameter (VCOOutput2Freq_Value)
2023-08-05 17:58:13,754 [INFO] UtilMem:75 - End LoadConfig() Used Memory: 569834944 Bytes (708837376)
2023-08-05 17:58:13,766 [WARN] ThirdParty:833 - waiting for thirdparty lock release [change project]
2023-08-05 17:58:13,766 [INFO] ThirdParty:835 - entering critical section [change project]
2023-08-05 17:58:13,766 [INFO] ThirdParty:1030 - CMSIS Pack Vendor :STMicroelectronics X-CUBE-ISPU 1.1.0
2023-08-05 17:58:13,766 [INFO] ThirdParty:1030 - CMSIS Pack Vendor :STMicroelectronics X-CUBE-GNSS1 6.0.0
2023-08-05 17:58:13,766 [INFO] ThirdParty:1030 - CMSIS Pack Vendor :STMicroelectronics USB_HOST 2.0.0
2023-08-05 17:58:13,766 [INFO] ThirdParty:1030 - CMSIS Pack Vendor :STMicroelectronics X-CUBE-AZRTOS-F4 1.1.0
2023-08-05 17:58:13,767 [INFO] ThirdParty:1030 - CMSIS Pack Vendor :STMicroelectronics LIBJPEG 8.0.0
2023-08-05 17:58:13,767 [INFO] ThirdParty:1030 - CMSIS Pack Vendor :STMicroelectronics X-CUBE-SMBUS 2.1.0
2023-08-05 17:58:13,767 [INFO] ThirdParty:1030 - CMSIS Pack Vendor :wolfSSL I-CUBE-wolfSSL 5.6.0
2023-08-05 17:58:13,767 [INFO] ThirdParty:1030 - CMSIS Pack Vendor :STMicroelectronics USB_DEVICE 3.0.0
2023-08-05 17:58:13,767 [INFO] ThirdParty:1030 - CMSIS Pack Vendor :STMicroelectronics X-CUBE-FREERTOS 1.0.1
2023-08-05 17:58:13,767 [INFO] ThirdParty:1030 - CMSIS Pack Vendor :STMicroelectronics X-CUBE-AZRTOS-F7 1.1.0
2023-08-05 17:58:13,767 [INFO] ThirdParty:1030 - CMSIS Pack Vendor :STMicroelectronics X-CUBE-TOUCHGFX 4.21.4
2023-08-05 17:58:13,767 [INFO] ThirdParty:1030 - CMSIS Pack Vendor :STMicroelectronics USB_DEVICE 2.0.0
2023-08-05 17:58:13,767 [INFO] ThirdParty:1030 - CMSIS Pack Vendor :STMicroelectronics X-CUBE-MEMS1 9.6.0
2023-08-05 17:58:13,767 [INFO] ThirdParty:1030 - CMSIS Pack Vendor :STMicroelectronics FP-SNS-MOTENV1 4.3.2
2023-08-05 17:58:13,767 [INFO] ThirdParty:1030 - CMSIS Pack Vendor :STMicroelectronics FP-SNS-MOTENV1 4.3.1
2023-08-05 17:58:13,767 [INFO] ThirdParty:1030 - CMSIS Pack Vendor :STMicroelectronics FP-SNS-FLIGHT1 5.0.1
2023-08-05 17:58:13,767 [INFO] ThirdParty:1030 - CMSIS Pack Vendor :STMicroelectronics X-CUBE-ALGOBUILD 1.3.0
2023-08-05 17:58:13,767 [INFO] ThirdParty:1030 - CMSIS Pack Vendor :STMicroelectronics X-CUBE-BLE1 6.2.4
2023-08-05 17:58:13,767 [INFO] ThirdParty:1030 - CMSIS Pack Vendor :STMicroelectronics X-CUBE-AZRTOS-L5 1.1.0
2023-08-05 17:58:13,767 [INFO] ThirdParty:1030 - CMSIS Pack Vendor :STMicroelectronics FreeRTOS 0.0.1
2023-08-05 17:58:13,767 [INFO] ThirdParty:1030 - CMSIS Pack Vendor :STMicroelectronics X-CUBE-AZRTOS-G0 1.1.0
2023-08-05 17:58:13,767 [INFO] ThirdParty:1030 - CMSIS Pack Vendor :emotas I-CUBE-CANOPEN 1.1.3
2023-08-05 17:58:13,768 [INFO] ThirdParty:1030 - CMSIS Pack Vendor :STMicroelectronics X-CUBE-BLEMGR 2.0.0
2023-08-05 17:58:13,768 [INFO] ThirdParty:1030 - CMSIS Pack Vendor :STMicroelectronics X-CUBE-AI 8.0.1
2023-08-05 17:58:13,768 [INFO] ThirdParty:1030 - CMSIS Pack Vendor :STMicroelectronics X-CUBE-NFC4 3.0.0
2023-08-05 17:58:13,768 [INFO] ThirdParty:1030 - CMSIS Pack Vendor :STMicroelectronics X-CUBE-SUBG2 5.0.0
2023-08-05 17:58:13,768 [INFO] ThirdParty:1030 - CMSIS Pack Vendor :STMicroelectronics STM32_WPAN 1.0.0
2023-08-05 17:58:13,768 [INFO] ThirdParty:1030 - CMSIS Pack Vendor :STMicroelectronics lwIP 2.0.3
2023-08-05 17:58:13,768 [INFO] ThirdParty:1030 - CMSIS Pack Vendor :STMicroelectronics FP-SNS-FLIGHT1 5.0.2
2023-08-05 17:58:13,768 [INFO] ThirdParty:1030 - CMSIS Pack Vendor :STMicroelectronics USB_HOST 1.0.0
2023-08-05 17:58:13,768 [INFO] ThirdParty:1030 - CMSIS Pack Vendor :STMicroelectronics X-CUBE-TOF1 3.3.1
2023-08-05 17:58:13,768 [INFO] ThirdParty:1030 - CMSIS Pack Vendor :STMicroelectronics X-CUBE-AZRTOS-G4 2.0.0
2023-08-05 17:58:13,768 [INFO] ThirdParty:1030 - CMSIS Pack Vendor :STMicroelectronics PDM2PCM 3.1.0
2023-08-05 17:58:13,768 [INFO] ThirdParty:1030 - CMSIS Pack Vendor :STMicroelectronics X-CUBE-AZRTOS-H7 3.1.0
2023-08-05 17:58:13,768 [INFO] ThirdParty:1030 - CMSIS Pack Vendor :STMicroelectronics X-CUBE-TOF1 3.3.0
2023-08-05 17:58:13,768 [INFO] ThirdParty:1030 - CMSIS Pack Vendor :STMicroelectronics PDM2PCM 3.3.0
2023-08-05 17:58:13,768 [INFO] ThirdParty:1030 - CMSIS Pack Vendor :STMicroelectronics X-CUBE-DISPLAY 3.0.0
2023-08-05 17:58:13,768 [INFO] ThirdParty:1030 - CMSIS Pack Vendor :STMicroelectronics FP-ATR-SIGFOX1 3.2.0
2023-08-05 17:58:13,768 [INFO] ThirdParty:1030 - CMSIS Pack Vendor :STMicroelectronics HAL Drivers 0.0.0
2023-08-05 17:58:13,769 [INFO] ThirdParty:1030 - CMSIS Pack Vendor :STMicroelectronics MBEDTLS 2.16.2
2023-08-05 17:58:13,769 [INFO] ThirdParty:1030 - CMSIS Pack Vendor :STMicroelectronics X-CUBE-TOUCHGFX 4.22.0
2023-08-05 17:58:13,769 [INFO] ThirdParty:1030 - CMSIS Pack Vendor :STMicroelectronics X-CUBE-NFC7 1.0.1
2023-08-05 17:58:13,769 [INFO] ThirdParty:1030 - CMSIS Pack Vendor :STMicroelectronics MBEDTLS 2.14.1
2023-08-05 17:58:13,769 [INFO] ThirdParty:1030 - CMSIS Pack Vendor :STMicroelectronics X-CUBE-EEPRMA1 4.1.0
2023-08-05 17:58:13,769 [INFO] ThirdParty:1030 - CMSIS Pack Vendor :portGmbH I-Cube-SoM-uGOAL 1.1.0
2023-08-05 17:58:13,769 [INFO] ThirdParty:1030 - CMSIS Pack Vendor :STMicroelectronics X-CUBE-ALS 1.0.1
2023-08-05 17:58:13,769 [INFO] ThirdParty:1030 - CMSIS Pack Vendor :STMicroelectronics ThreadX 1.0.0
2023-08-05 17:58:13,769 [INFO] ThirdParty:1030 - CMSIS Pack Vendor :STMicroelectronics X-CUBE-AZRTOS-WB 1.1.0
2023-08-05 17:58:13,769 [INFO] ThirdParty:1030 - CMSIS Pack Vendor :STMicroelectronics X-CUBE-AZRTOS-WL 2.0.0
2023-08-05 17:58:13,769 [INFO] ThirdParty:1030 - CMSIS Pack Vendor :SEGGER I-CUBE-embOS 1.3.1
2023-08-05 17:58:13,769 [INFO] ThirdParty:1030 - CMSIS Pack Vendor :STMicroelectronics USB_DEVICE 1.0.0
2023-08-05 17:58:13,769 [INFO] ThirdParty:1030 - CMSIS Pack Vendor :STMicroelectronics X-CUBE-AZRTOS-L4 2.0.0
2023-08-05 17:58:13,769 [INFO] ThirdParty:1030 - CMSIS Pack Vendor :STMicroelectronics ThreadX 0.0.2
2023-08-05 17:58:13,769 [INFO] ThirdParty:1030 - CMSIS Pack Vendor :WES I-CUBE-Cesium 1.3.0
2023-08-05 17:58:13,769 [INFO] ThirdParty:1030 - CMSIS Pack Vendor :STMicroelectronics FP-ATR-ASTRA1 2.0.0
2023-08-05 17:58:13,769 [INFO] ThirdParty:1030 - CMSIS Pack Vendor :STMicroelectronics lwIP 2.1.2
2023-08-05 17:58:13,769 [INFO] ThirdParty:1030 - CMSIS Pack Vendor :STMicroelectronics X-CUBE-SFXS2LP1 4.0.0
2023-08-05 17:58:13,770 [INFO] ThirdParty:1030 - CMSIS Pack Vendor :STMicroelectronics X-CUBE-BLE2 3.3.0
2023-08-05 17:58:13,770 [INFO] ThirdParty:1030 - CMSIS Pack Vendor :STMicroelectronics PDM2PCM 3.2.0
2023-08-05 17:58:13,770 [INFO] ThirdParty:841 - exiting critical section [change project]
2023-08-05 17:58:14,166 [INFO] PinOutPanel:1499 - setPackage(No Configuration,No Configuration)
2023-08-05 17:58:14,166 [INFO] PinOutPanel:1499 - setPackage(STM32F429ZITx,LQFP144)
2023-08-05 17:58:14,433 [INFO] UtilMem:75 - Before build in PCC Used Memory: 286835352 Bytes (708837376)
2023-08-05 17:58:14,748 [INFO] UtilMem:75 - After build in PCC Used Memory: 333974528 Bytes (708837376)
2023-08-05 17:58:14,772 [INFO] IPUIPlugin:80 - create IPUIPlugin
2023-08-05 17:58:14,772 [INFO] IPUIPlugin:80 - create IPUIPlugin
2023-08-05 17:58:14,772 [INFO] IPUIPlugin:80 - create IPUIPlugin
2023-08-05 17:58:14,773 [INFO] IPUIPlugin:80 - create IPUIPlugin
2023-08-05 17:58:14,773 [INFO] IPUIPlugin:80 - create IPUIPlugin
2023-08-05 17:58:14,773 [INFO] IPUIPlugin:80 - create IPUIPlugin
2023-08-05 17:58:14,773 [INFO] IPUIPlugin:80 - create IPUIPlugin
2023-08-05 17:58:14,773 [INFO] IPUIPlugin:80 - create IPUIPlugin
2023-08-05 17:58:14,773 [INFO] IPUIPlugin:80 - create IPUIPlugin
2023-08-05 17:58:14,773 [INFO] IPUIPlugin:80 - create IPUIPlugin
2023-08-05 17:58:14,773 [INFO] IPUIPlugin:80 - create IPUIPlugin
2023-08-05 17:58:14,773 [INFO] IPUIPlugin:80 - create IPUIPlugin
2023-08-05 17:58:14,774 [INFO] IPUIPlugin:80 - create IPUIPlugin
2023-08-05 17:58:14,774 [INFO] IPUIPlugin:80 - create IPUIPlugin
2023-08-05 17:58:14,774 [INFO] IPUIPlugin:80 - create IPUIPlugin
2023-08-05 17:58:14,774 [INFO] IPUIPlugin:80 - create IPUIPlugin
2023-08-05 17:58:14,774 [INFO] IPUIPlugin:80 - create IPUIPlugin
2023-08-05 17:58:14,774 [INFO] IPUIPlugin:80 - create IPUIPlugin
2023-08-05 17:58:14,774 [INFO] IPUIPlugin:80 - create IPUIPlugin
2023-08-05 17:58:14,774 [INFO] IPUIPlugin:80 - create IPUIPlugin
2023-08-05 17:58:14,775 [INFO] IPUIPlugin:80 - create IPUIPlugin
2023-08-05 17:58:14,775 [INFO] IPUIPlugin:80 - create IPUIPlugin
2023-08-05 17:58:14,775 [INFO] IPUIPlugin:80 - create IPUIPlugin
2023-08-05 17:58:14,775 [INFO] IPUIPlugin:80 - create IPUIPlugin
2023-08-05 17:58:14,775 [INFO] IPUIPlugin:80 - create IPUIPlugin
2023-08-05 17:58:14,775 [INFO] IPUIPlugin:80 - create IPUIPlugin
2023-08-05 17:58:14,775 [INFO] IPUIPlugin:80 - create IPUIPlugin
2023-08-05 17:58:14,776 [INFO] IPUIPlugin:80 - create IPUIPlugin
2023-08-05 17:58:14,776 [INFO] IPUIPlugin:80 - create IPUIPlugin
2023-08-05 17:58:14,776 [INFO] IPUIPlugin:80 - create IPUIPlugin
2023-08-05 17:58:14,776 [INFO] IPUIPlugin:80 - create IPUIPlugin
2023-08-05 17:58:14,776 [INFO] IPUIPlugin:80 - create IPUIPlugin
2023-08-05 17:58:14,777 [INFO] IPUIPlugin:80 - create IPUIPlugin
2023-08-05 17:58:14,777 [INFO] IPUIPlugin:80 - create IPUIPlugin
2023-08-05 17:58:14,777 [INFO] IPUIPlugin:80 - create IPUIPlugin
2023-08-05 17:58:14,777 [INFO] IPUIPlugin:80 - create IPUIPlugin
2023-08-05 17:58:14,777 [INFO] IPUIPlugin:80 - create IPUIPlugin
2023-08-05 17:58:14,778 [INFO] IPUIPlugin:80 - create IPUIPlugin
2023-08-05 17:58:14,778 [INFO] IPUIPlugin:80 - create IPUIPlugin
2023-08-05 17:58:14,778 [INFO] IPUIPlugin:80 - create IPUIPlugin
2023-08-05 17:58:14,778 [INFO] IPUIPlugin:80 - create IPUIPlugin
2023-08-05 17:58:14,778 [INFO] IPUIPlugin:80 - create IPUIPlugin
2023-08-05 17:58:14,779 [INFO] IPUIPlugin:80 - create IPUIPlugin
2023-08-05 17:58:14,779 [INFO] IPUIPlugin:80 - create IPUIPlugin
2023-08-05 17:58:14,779 [INFO] IPUIPlugin:80 - create IPUIPlugin
2023-08-05 17:58:14,779 [INFO] IPUIPlugin:80 - create IPUIPlugin
2023-08-05 17:58:14,779 [INFO] IPUIPlugin:80 - create IPUIPlugin
2023-08-05 17:58:14,779 [INFO] IPUIPlugin:80 - create IPUIPlugin
2023-08-05 17:58:14,779 [INFO] IPUIPlugin:80 - create IPUIPlugin
2023-08-05 17:58:14,780 [INFO] IPUIPlugin:80 - create IPUIPlugin
2023-08-05 17:58:14,780 [INFO] IPUIPlugin:80 - create IPUIPlugin
2023-08-05 17:58:14,780 [INFO] IPUIPlugin:80 - create IPUIPlugin
2023-08-05 17:58:14,780 [INFO] IPUIPlugin:80 - create IPUIPlugin
2023-08-05 17:58:14,780 [INFO] IPUIPlugin:80 - create IPUIPlugin
2023-08-05 17:58:14,780 [INFO] IPUIPlugin:80 - create IPUIPlugin
2023-08-05 17:58:14,781 [INFO] IPUIPlugin:80 - create IPUIPlugin
2023-08-05 17:58:14,781 [INFO] IPUIPlugin:80 - create IPUIPlugin
2023-08-05 17:58:14,781 [INFO] IPUIPlugin:80 - create IPUIPlugin
2023-08-05 17:58:14,781 [INFO] IPUIPlugin:80 - create IPUIPlugin
2023-08-05 17:58:14,781 [INFO] IPUIPlugin:80 - create IPUIPlugin
2023-08-05 17:58:14,781 [INFO] IPUIPlugin:80 - create IPUIPlugin
2023-08-05 17:58:14,782 [INFO] IPUIPlugin:80 - create IPUIPlugin
2023-08-05 17:58:14,783 [INFO] IPUIPlugin:80 - create IPUIPlugin
2023-08-05 17:58:14,784 [INFO] IPUIPlugin:80 - create IPUIPlugin
2023-08-05 17:58:14,784 [INFO] IPUIPlugin:80 - create IPUIPlugin
2023-08-05 17:58:14,785 [INFO] IPUIPlugin:80 - create IPUIPlugin
2023-08-05 17:58:14,787 [INFO] ApiDbMcu:507 - Load IP Config File for PDM2PCM
2023-08-05 17:58:14,848 [INFO] CADModel:165 - CPN selected for project levelSTM32F429ZIT6
2023-08-05 17:58:14,849 [INFO] CADModel:114 - Register for checkConnection events
2023-08-05 17:58:14,888 [INFO] OpenFileManager:328 - Restore cursor
2023-08-05 17:58:26,067 [INFO] Gpio:273 - dependency for GPIO [ETH, RCC, SPI3, SYS, USART3, USB_OTG_FS]
2023-08-05 18:03:45,207 [INFO] UtilMem:75 - End SaveConfig() Used Memory: 344191992 Bytes (708837376)
2023-08-05 18:09:36,693 [INFO] UtilMem:75 - End SaveConfig() Used Memory: 399196648 Bytes (708837376)
2023-08-05 18:09:38,678 [INFO] UtilMem:75 - End SaveConfig() Used Memory: 478362088 Bytes (708837376)
2023-08-05 18:09:40,413 [INFO] UtilMem:75 - End SaveConfig() Used Memory: 570114536 Bytes (708837376)
2023-08-05 18:09:41,007 [INFO] BlockDiagram:2759 - set Specific Code input for plugin: SPI
2023-08-05 18:09:41,007 [INFO] BlockDiagram:2759 - set Specific Code input for plugin: SYS
2023-08-05 18:09:41,008 [INFO] BlockDiagram:2759 - set Specific Code input for plugin: RCC
2023-08-05 18:09:41,008 [INFO] BlockDiagram:2759 - set Specific Code input for plugin: USB_OTG_FS
2023-08-05 18:09:41,008 [INFO] BlockDiagram:2759 - set Specific Code input for plugin: NVIC
2023-08-05 18:09:41,008 [INFO] BlockDiagram:2759 - set Specific Code input for plugin: USART
2023-08-05 18:09:41,008 [INFO] BlockDiagram:2759 - set Specific Code input for plugin: GPIO
2023-08-05 18:09:41,008 [INFO] BlockDiagram:2759 - set Specific Code input for plugin: ETH
2023-08-05 18:09:41,009 [INFO] CodeGenerator:793 - code generatio: config db path: /opt/st/stm32cubeide_1.12.1/plugins/com.st.stm32cube.common.mx_6.8.1.202304191431//db/
2023-08-05 18:09:41,403 [INFO] CodeEngine:255 - oldGeneratedFile, /home/lgomez/maestriauba/SMT32/TP/MXTmpFiles/license.tmp_save
2023-08-05 18:09:41,760 [INFO] CodeEngine:279 - Generated code: /home/lgomez/maestriauba/SMT32/TP/MXTmpFiles/license.tmp
2023-08-05 18:09:41,830 [INFO] CodeEngine:255 - oldGeneratedFile, /home/lgomez/maestriauba/SMT32/TP/MXTmpFiles/gpio.tmp_save
2023-08-05 18:09:41,932 [INFO] CodeEngine:279 - Generated code: /home/lgomez/maestriauba/SMT32/TP/MXTmpFiles/gpio.tmp
2023-08-05 18:09:42,185 [WARN] IPConfigManager:2937 - Warning: the RefConfig PWREx_EnableUSBVoltageDetector is not available in your config.xml file
2023-08-05 18:09:42,195 [INFO] CodeEngine:255 - oldGeneratedFile, /home/lgomez/maestriauba/SMT32/TP/Core/Src/stm32f4xx_it.c_save
2023-08-05 18:09:42,296 [INFO] CodeEngine:279 - Generated code: /home/lgomez/maestriauba/SMT32/TP/Core/Src/stm32f4xx_it.c
2023-08-05 18:09:42,298 [INFO] CodeEngine:255 - oldGeneratedFile, /home/lgomez/maestriauba/SMT32/TP/Core/Inc/stm32f4xx_it.h_save
2023-08-05 18:09:42,372 [INFO] CodeEngine:279 - Generated code: /home/lgomez/maestriauba/SMT32/TP/Core/Inc/stm32f4xx_it.h
2023-08-05 18:09:42,376 [INFO] CodeEngine:255 - oldGeneratedFile, /home/lgomez/maestriauba/SMT32/TP/Core/Src/stm32f4xx_hal_msp.c_save
2023-08-05 18:09:42,635 [INFO] CodeEngine:279 - Generated code: /home/lgomez/maestriauba/SMT32/TP/Core/Src/stm32f4xx_hal_msp.c
2023-08-05 18:09:42,636 [INFO] CodeEngine:255 - oldGeneratedFile, /home/lgomez/maestriauba/SMT32/TP/MXTmpFiles/system.tmp_save
2023-08-05 18:09:42,712 [INFO] CodeEngine:279 - Generated code: /home/lgomez/maestriauba/SMT32/TP/MXTmpFiles/system.tmp
2023-08-05 18:09:42,716 [INFO] CodeEngine:311 - oldGeneratedFile, /home/lgomez/maestriauba/SMT32/TP/Core/Inc/stm32f4xx_hal_conf.h_save
2023-08-05 18:09:42,811 [INFO] CodeEngine:335 - Generated code: /home/lgomez/maestriauba/SMT32/TP/Core/Inc/stm32f4xx_hal_conf.h
2023-08-05 18:09:42,836 [WARN] IPConfigManager:3431 - IP not found : USB_OTG
2023-08-05 18:09:42,836 [WARN] CodeGenerator:3754 - IP not found : null
2023-08-05 18:09:42,838 [INFO] CodeEngine:255 - oldGeneratedFile, /home/lgomez/maestriauba/SMT32/TP/Core/Inc/main.h_save
2023-08-05 18:09:42,928 [INFO] CodeEngine:279 - Generated code: /home/lgomez/maestriauba/SMT32/TP/Core/Inc/main.h
2023-08-05 18:09:42,930 [INFO] CodeEngine:255 - oldGeneratedFile, /home/lgomez/maestriauba/SMT32/TP/Core/Src/main.c_save
2023-08-05 18:09:43,092 [INFO] CodeEngine:279 - Generated code: /home/lgomez/maestriauba/SMT32/TP/Core/Src/main.c
2023-08-05 18:09:43,762 [INFO] ProjectBuilder:2996 - Time for Copy HAL[1] : 63mS.
2023-08-05 18:09:43,773 [INFO] ProjectBuilder:4304 - Project Generator version: 3.19.2
2023-08-05 18:09:44,347 [INFO] ConfigFileManager:1483 - The Die is : DIE419
2023-08-05 18:09:44,399 [INFO] ApiDbMcu:507 - Load IP Config File for FATFS
2023-08-05 18:09:44,405 [INFO] ApiDbMcu:507 - Load IP Config File for FREERTOS
2023-08-05 18:09:44,407 [INFO] ApiDbMcu:507 - Load IP Config File for LIBJPEG
2023-08-05 18:09:44,413 [INFO] ApiDbMcu:507 - Load IP Config File for LWIP
2023-08-05 18:09:44,419 [INFO] ApiDbMcu:507 - Load IP Config File for MBEDTLS
2023-08-05 18:09:44,428 [INFO] ApiDbMcu:507 - Load IP Config File for USB_DEVICE
2023-08-05 18:09:44,433 [INFO] ApiDbMcu:507 - Load IP Config File for USB_HOST
2023-08-05 18:09:45,489 [INFO] LogOutputStream:77 - [STDOUT_REDIRECT] 
2023-08-05 18:09:46,198 [INFO] ProjectBuilder:4505 - Time for Generating toolchain IDE Files: 2423mS.
2023-08-05 18:09:46,199 [INFO] ProjectBuilder:2867 - Time for Copy CMSIS : 1mS.
2023-08-05 18:09:46,200 [INFO] ProjectBuilder:2867 - Time for Copy CMSIS : 0mS.
2023-08-05 18:55:51,947 [INFO] Gpio:273 - dependency for GPIO [ETH, RCC, SPI3, SYS, USART3, USB_OTG_FS]
2023-08-05 18:55:51,979 [INFO] NvicIntPanel:101 - NVIC parent = com.st.microxplorer.plugins.ip.nvic.MultiNvicIntPanel[,0,0,0x0,invalid,layout=javax.swing.BoxLayout,alignmentX=0.0,alignmentY=0.0,border=,flags=9,maximumSize=,minimumSize=,preferredSize=]
2023-08-05 18:56:27,034 [INFO] Gpio:273 - dependency for GPIO [ETH, RCC, SPI3, SYS, USART3, USB_OTG_FS]
2023-08-05 18:56:27,061 [INFO] NvicIntPanel:101 - NVIC parent = com.st.microxplorer.plugins.ip.nvic.MultiNvicIntPanel[,0,0,0x0,invalid,layout=javax.swing.BoxLayout,alignmentX=0.0,alignmentY=0.0,border=,flags=9,maximumSize=,minimumSize=,preferredSize=]
