2023-07-13 00:41:43,370 [INFO] Activator:176 - 


2023-07-13 00:41:43,375 [INFO] Activator:177 - !SESSION log4j initialized
2023-07-13 00:41:46,577 [INFO] LogOutputStream:77 - [STDOUT_REDIRECT] 
2023-07-13 00:42:07,671 [ERROR] LogOutputStream:75 - [STDERR_REDIRECT] SLF4J: Failed to load class "org.slf4j.impl.StaticLoggerBinder".
2023-07-13 00:42:07,671 [ERROR] LogOutputStream:75 - [STDERR_REDIRECT] SLF4J: Defaulting to no-operation (NOP) logger implementation
2023-07-13 00:42:07,672 [ERROR] LogOutputStream:75 - [STDERR_REDIRECT] SLF4J: See http://www.slf4j.org/codes.html#StaticLoggerBinder for further details.
2023-07-13 01:06:18,660 [INFO] Activator:176 - 


2023-07-13 01:06:18,662 [INFO] Activator:177 - !SESSION log4j initialized
2023-07-13 01:06:23,579 [INFO] LogOutputStream:77 - [STDOUT_REDIRECT] 
2023-07-13 01:06:44,885 [ERROR] LogOutputStream:75 - [STDERR_REDIRECT] SLF4J: Failed to load class "org.slf4j.impl.StaticLoggerBinder".
2023-07-13 01:06:44,886 [ERROR] LogOutputStream:75 - [STDERR_REDIRECT] SLF4J: Defaulting to no-operation (NOP) logger implementation
2023-07-13 01:06:44,886 [ERROR] LogOutputStream:75 - [STDERR_REDIRECT] SLF4J: See http://www.slf4j.org/codes.html#StaticLoggerBinder for further details.
2023-07-13 01:18:14,399 [ERROR] LogOutputStream:75 - [STDERR_REDIRECT] Exception in thread "SWV client thread" java.lang.NullPointerException
2023-07-13 01:18:14,400 [ERROR] LogOutputStream:75 - [STDERR_REDIRECT] 	at com.st.stm32cube.ide.mcu.debug.swv.core.SWVPlugin.debugTrace(SWVPlugin.java:85)
2023-07-13 01:18:14,400 [ERROR] LogOutputStream:75 - [STDERR_REDIRECT] 	at com.st.stm32cube.ide.mcu.debug.swv.core.SWVClient.TRACE(SWVClient.java:768)
2023-07-13 01:18:14,400 [ERROR] LogOutputStream:75 - [STDERR_REDIRECT] 	at com.st.stm32cube.ide.mcu.debug.swv.core.SWVClient.readByte(SWVClient.java:296)
2023-07-13 01:18:14,401 [ERROR] LogOutputStream:75 - [STDERR_REDIRECT] 	at com.st.stm32cube.ide.mcu.debug.swv.core.SWVClient.getNextByte(SWVClient.java:277)
2023-07-13 01:18:14,401 [ERROR] LogOutputStream:75 - [STDERR_REDIRECT] 	at com.st.stm32cube.ide.mcu.debug.swv.core.SWVClient.run(SWVClient.java:313)
2023-07-13 20:02:48,765 [INFO] Activator:176 - 


2023-07-13 20:02:48,769 [INFO] Activator:177 - !SESSION log4j initialized
2023-07-13 20:02:55,714 [INFO] LogOutputStream:77 - [STDOUT_REDIRECT] 
2023-07-13 20:03:17,269 [ERROR] LogOutputStream:75 - [STDERR_REDIRECT] SLF4J: Failed to load class "org.slf4j.impl.StaticLoggerBinder".
2023-07-13 20:03:17,269 [ERROR] LogOutputStream:75 - [STDERR_REDIRECT] SLF4J: Defaulting to no-operation (NOP) logger implementation
2023-07-13 20:03:17,270 [ERROR] LogOutputStream:75 - [STDERR_REDIRECT] SLF4J: See http://www.slf4j.org/codes.html#StaticLoggerBinder for further details.
