2023-07-12 18:51:03,468 [INFO] Activator:176 - 


2023-07-12 18:51:03,472 [INFO] Activator:177 - !SESSION log4j initialized
2023-07-12 18:51:09,058 [INFO] LogOutputStream:77 - [STDOUT_REDIRECT] 
2023-07-12 18:51:30,713 [ERROR] LogOutputStream:75 - [STDERR_REDIRECT] SLF4J: Failed to load class "org.slf4j.impl.StaticLoggerBinder".
2023-07-12 18:51:30,714 [ERROR] LogOutputStream:75 - [STDERR_REDIRECT] SLF4J: Defaulting to no-operation (NOP) logger implementation
2023-07-12 18:51:30,714 [ERROR] LogOutputStream:75 - [STDERR_REDIRECT] SLF4J: See http://www.slf4j.org/codes.html#StaticLoggerBinder for further details.
2023-07-12 18:52:08,498 [INFO] ApplicationProperties:184 - Using Application install path: /opt/st/stm32cubeide_1.12.1/plugins/com.st.stm32cube.common.mx_6.8.1.202304191431
2023-07-12 18:52:08,516 [INFO] DbMcusXml:78 - Set database path to: /opt/st/stm32cubeide_1.12.1/plugins/com.st.stm32cube.common.mx_6.8.1.202304191431//db//mcu/
2023-07-12 18:52:08,517 [INFO] ApiDb:274 - Set plugin database path to: /opt/st/stm32cubeide_1.12.1/plugins/com.st.stm32cube.common.mx_6.8.1.202304191431//db//plugins/boardmanager/
2023-07-12 18:52:08,519 [WARN] ApiDb:259 - Overriding images path with different value:  => /opt/st/stm32cubeide_1.12.1/plugins/com.st.stm32cube.common.mx_6.8.1.202304191431//db//plugins/mcufinder/images/
2023-07-12 18:52:08,534 [INFO] ApiDb:250 - Set database path to: /home/lgomez/.stmcufinder/plugins/mcufinder//mcu/
2023-07-12 18:52:08,535 [INFO] DbMcusAds:125 - Set database path to: /home/lgomez/.stmcufinder/plugins/mcufinder//mcu/
2023-07-12 18:52:08,547 [INFO] CrossReferenceDbSqlite:203 - Set database path to: /home/lgomez/.stmcufinder/plugins/mcufinder//mcu/cs/
2023-07-12 18:52:08,645 [INFO] RulesReader:64 - Compatibility file has been processed (293 Rules)
2023-07-12 18:52:08,701 [INFO] DbMcusXml:78 - Set database path to: /opt/st/stm32cubeide_1.12.1/plugins/com.st.stm32cube.common.mx_6.8.1.202304191431//db//mcu/
2023-07-12 18:52:08,701 [INFO] ApiDb:274 - Set plugin database path to: /opt/st/stm32cubeide_1.12.1/plugins/com.st.stm32cube.common.mx_6.8.1.202304191431//db//plugins/boardmanager/
2023-07-12 18:52:08,702 [INFO] ApiDb:261 - Set plugin images path to: /opt/st/stm32cubeide_1.12.1/plugins/com.st.stm32cube.common.mx_6.8.1.202304191431//db//plugins/mcufinder/images/
2023-07-12 18:52:08,702 [WARN] DbFile:41 - Overriding database path with different value: /home/lgomez/.stmcufinder/plugins/mcufinder/ => /home/lgomez/.stmcufinder/plugins/mcufinder
2023-07-12 18:52:08,702 [INFO] ApiDb:250 - Set database path to: /home/lgomez/.stmcufinder/plugins/mcufinder//mcu/
2023-07-12 18:52:08,702 [WARN] DbFile:41 - Overriding database path with different value: /home/lgomez/.stmcufinder/plugins/mcufinder/ => /home/lgomez/.stmcufinder/plugins/mcufinder
2023-07-12 18:52:08,702 [INFO] DbMcusAds:125 - Set database path to: /home/lgomez/.stmcufinder/plugins/mcufinder//mcu/
2023-07-12 18:52:08,702 [WARN] DbFile:41 - Overriding database path with different value: /home/lgomez/.stmcufinder/plugins/mcufinder/ => /home/lgomez/.stmcufinder/plugins/mcufinder
2023-07-12 18:52:08,702 [WARN] DbFile:41 - Overriding database path with different value: /home/lgomez/.stmcufinder/plugins/mcufinder/ => /home/lgomez/.stmcufinder/plugins/mcufinder
2023-07-12 18:52:08,702 [INFO] CrossReferenceDbSqlite:203 - Set database path to: /home/lgomez/.stmcufinder/plugins/mcufinder//mcu/cs/
2023-07-12 18:52:08,765 [INFO] MainPanel:253 - HeapMemory: 316669952
2023-07-12 18:52:08,865 [INFO] DbMcusXml:78 - Set database path to: /opt/st/stm32cubeide_1.12.1/plugins/com.st.stm32cube.common.mx_6.8.1.202304191431//db//mcu/
2023-07-12 18:52:08,865 [INFO] ApiDb:274 - Set plugin database path to: /opt/st/stm32cubeide_1.12.1/plugins/com.st.stm32cube.common.mx_6.8.1.202304191431//db//plugins/boardmanager/
2023-07-12 18:52:08,865 [INFO] ApiDb:261 - Set plugin images path to: /opt/st/stm32cubeide_1.12.1/plugins/com.st.stm32cube.common.mx_6.8.1.202304191431//db//plugins/mcufinder/images/
2023-07-12 18:52:08,866 [WARN] DbFile:41 - Overriding database path with different value: /home/lgomez/.stmcufinder/plugins/mcufinder/ => /home/lgomez/.stmcufinder/plugins/mcufinder
2023-07-12 18:52:08,866 [INFO] ApiDb:250 - Set database path to: /home/lgomez/.stmcufinder/plugins/mcufinder//mcu/
2023-07-12 18:52:08,866 [WARN] DbFile:41 - Overriding database path with different value: /home/lgomez/.stmcufinder/plugins/mcufinder/ => /home/lgomez/.stmcufinder/plugins/mcufinder
2023-07-12 18:52:08,866 [INFO] DbMcusAds:125 - Set database path to: /home/lgomez/.stmcufinder/plugins/mcufinder//mcu/
2023-07-12 18:52:08,866 [WARN] DbFile:41 - Overriding database path with different value: /home/lgomez/.stmcufinder/plugins/mcufinder/ => /home/lgomez/.stmcufinder/plugins/mcufinder
2023-07-12 18:52:08,866 [WARN] DbFile:41 - Overriding database path with different value: /home/lgomez/.stmcufinder/plugins/mcufinder/ => /home/lgomez/.stmcufinder/plugins/mcufinder
2023-07-12 18:52:08,866 [INFO] CrossReferenceDbSqlite:203 - Set database path to: /home/lgomez/.stmcufinder/plugins/mcufinder//mcu/cs/
2023-07-12 18:52:08,885 [INFO] ApplicationProperties:184 - Using Application install path: /opt/st/stm32cubeide_1.12.1/plugins/com.st.stm32cube.common.mx_6.8.1.202304191431
2023-07-12 18:52:08,887 [INFO] PluginManage:196 - Search for loadable plugins [exclusion list=, ]
2023-07-12 18:52:08,889 [INFO] PluginManage:310 - Check plugin analytics
2023-07-12 18:52:09,019 [INFO] AnalyticsPlugin:253 - Accepted Software Licenses: 
2023-07-12 18:52:09,019 [INFO] AnalyticsPlugin:255 - Accepted CMSIS Pack Licenses: 
2023-07-12 18:52:09,020 [INFO] AnalyticsPlugin:257 - Accepted Firmware Licenses: FW.F4.1.27.0
2023-07-12 18:52:09,026 [INFO] PluginManage:359 - Loaded plugin analytics (category:tool,tabindex:-1)
2023-07-12 18:52:09,026 [INFO] PluginManage:310 - Check plugin cadmodel
2023-07-12 18:52:09,273 [INFO] CADModel:105 - Init CAD model plugin
2023-07-12 18:52:09,273 [INFO] PluginManage:359 - Loaded plugin cadmodel (category:power,tabindex:5)
2023-07-12 18:52:09,273 [INFO] PluginManage:310 - Check plugin clock
2023-07-12 18:52:09,283 [INFO] PluginManage:359 - Loaded plugin clock (category:base,tabindex:2)
2023-07-12 18:52:09,284 [INFO] PluginManage:310 - Check plugin ddr
2023-07-12 18:52:09,287 [INFO] PluginManage:359 - Loaded plugin ddr (category:tool,tabindex:6)
2023-07-12 18:52:09,287 [INFO] PluginManage:310 - Check plugin filemanager
2023-07-12 18:52:09,420 [INFO] PluginManage:359 - Loaded plugin filemanager (category:base,tabindex:10)
2023-07-12 18:52:09,421 [INFO] PluginManage:310 - Check plugin ipmanager
2023-07-12 18:52:09,428 [INFO] PluginManage:359 - Loaded plugin ipmanager (category:base,tabindex:5)
2023-07-12 18:52:09,428 [INFO] PluginManage:310 - Check plugin lpbam
2023-07-12 18:52:09,438 [INFO] PluginManage:359 - Loaded plugin lpbam (category:base,tabindex:0)
2023-07-12 18:52:09,438 [INFO] PluginManage:310 - Check plugin pinoutandconfiguration
2023-07-12 18:52:09,445 [INFO] PluginManage:359 - Loaded plugin pinoutandconfiguration (category:base,tabindex:1)
2023-07-12 18:52:09,445 [INFO] PluginManage:310 - Check plugin pinoutconfig
2023-07-12 18:52:09,516 [WARN] SupportedApi:132 - Cannot load RTOS API schema: s4s-elt-must-match.1: The content of 'definitions' must match (annotation?, (simpleType | complexType)?, (unique | key | keyref)*)). A problem was found starting at: attribute.
2023-07-12 18:52:09,632 [INFO] PluginManage:359 - Loaded plugin pinoutconfig (category:base,tabindex:0)
2023-07-12 18:52:09,633 [INFO] PluginManage:310 - Check plugin power
2023-07-12 18:52:09,643 [INFO] PluginManage:359 - Loaded plugin power (category:power,tabindex:4)
2023-07-12 18:52:09,643 [INFO] PluginManage:310 - Check plugin projectmanager
2023-07-12 18:52:09,658 [INFO] PluginManage:359 - Loaded plugin projectmanager (category:projectmanager,tabindex:3)
2023-07-12 18:52:09,658 [INFO] PluginManage:310 - Check plugin thirdparty
2023-07-12 18:52:09,760 [INFO] PluginManage:359 - Loaded plugin thirdparty (category:base,tabindex:-1)
2023-07-12 18:52:09,760 [WARN] IntegrityCheckThread:84 - waiting for thirdparty lock release [integrity check]
2023-07-12 18:52:09,761 [INFO] PluginManage:310 - Check plugin tools
2023-07-12 18:52:09,761 [INFO] IntegrityCheckThread:86 - entering critical section [integrity check]
2023-07-12 18:52:09,763 [INFO] PluginManage:359 - Loaded plugin tools (category:base,tabindex:7)
2023-07-12 18:52:09,763 [INFO] ThirdPartyUpdaterWithRetryManager:70 - Updater plugin not ready yet. [1/15]
2023-07-12 18:52:09,763 [INFO] PluginManage:310 - Check plugin tutovideos
2023-07-12 18:52:09,925 [INFO] PluginManage:359 - Loaded plugin tutovideos (category:base,tabindex:-1)
2023-07-12 18:52:09,925 [INFO] PluginManage:310 - Check plugin updater
2023-07-12 18:52:09,940 [INFO] PluginManage:359 - Loaded plugin updater (category:base,tabindex:12)
2023-07-12 18:52:09,941 [INFO] PluginManage:283 - PluginManage : Loaded plugins [15]
2023-07-12 18:52:10,164 [INFO] PinOutPanel:1499 - setPackage(No Configuration,No Configuration)
2023-07-12 18:52:10,232 [INFO] CADModel:165 - CPN selected for project level
2023-07-12 18:52:10,232 [INFO] CADModel:114 - Register for checkConnection events
2023-07-12 18:52:10,245 [INFO] IPUIPlugin:80 - create IPUIPlugin
2023-07-12 18:52:10,246 [INFO] PluginManager:220 - loadIPPluginJar : add pdm2pcm
2023-07-12 18:52:10,250 [INFO] IPUIPlugin:80 - create IPUIPlugin
2023-07-12 18:52:10,250 [INFO] PluginManager:220 - loadIPPluginJar : add opamp
2023-07-12 18:52:10,256 [INFO] IPUIPlugin:80 - create IPUIPlugin
2023-07-12 18:52:10,256 [INFO] PluginManager:220 - loadIPPluginJar : add adc
2023-07-12 18:52:10,262 [INFO] IPUIPlugin:80 - create IPUIPlugin
2023-07-12 18:52:10,265 [INFO] PluginManager:220 - loadIPPluginJar : add plateformsettings
2023-07-12 18:52:10,267 [INFO] IPUIPlugin:80 - create IPUIPlugin
2023-07-12 18:52:10,267 [INFO] PluginManager:220 - loadIPPluginJar : add dma3
2023-07-12 18:52:10,269 [INFO] IPUIPlugin:80 - create IPUIPlugin
2023-07-12 18:52:10,270 [INFO] PluginManager:220 - loadIPPluginJar : add i3c
2023-07-12 18:52:10,272 [INFO] IPUIPlugin:80 - create IPUIPlugin
2023-07-12 18:52:10,272 [INFO] PluginManager:220 - loadIPPluginJar : add gtzc
2023-07-12 18:52:10,275 [INFO] IPUIPlugin:80 - create IPUIPlugin
2023-07-12 18:52:10,275 [INFO] PluginManager:220 - loadIPPluginJar : add touchsensing
2023-07-12 18:52:10,277 [INFO] IPUIPlugin:80 - create IPUIPlugin
2023-07-12 18:52:10,278 [INFO] PluginManager:220 - loadIPPluginJar : add aes
2023-07-12 18:52:10,280 [INFO] IPUIPlugin:80 - create IPUIPlugin
2023-07-12 18:52:10,280 [INFO] PluginManager:220 - loadIPPluginJar : add i2c
2023-07-12 18:52:10,286 [INFO] IPUIPlugin:80 - create IPUIPlugin
2023-07-12 18:52:10,287 [INFO] PluginManager:220 - loadIPPluginJar : add linkedlist
2023-07-12 18:52:10,290 [INFO] IPUIPlugin:80 - create IPUIPlugin
2023-07-12 18:52:10,290 [INFO] PluginManager:220 - loadIPPluginJar : add nvic
2023-07-12 18:52:10,292 [INFO] IPUIPlugin:80 - create IPUIPlugin
2023-07-12 18:52:10,292 [INFO] PluginManager:220 - loadIPPluginJar : add quadspi
2023-07-12 18:52:10,294 [INFO] IPUIPlugin:80 - create IPUIPlugin
2023-07-12 18:52:10,294 [INFO] PluginManager:220 - loadIPPluginJar : add cryp
2023-07-12 18:52:10,295 [INFO] IPUIPlugin:80 - create IPUIPlugin
2023-07-12 18:52:10,295 [INFO] PluginManager:220 - loadIPPluginJar : add comp
2023-07-12 18:52:10,298 [INFO] IPUIPlugin:80 - create IPUIPlugin
2023-07-12 18:52:10,299 [INFO] PluginManager:220 - loadIPPluginJar : add usart
2023-07-12 18:52:10,300 [INFO] IPUIPlugin:80 - create IPUIPlugin
2023-07-12 18:52:10,300 [INFO] PluginManager:220 - loadIPPluginJar : add tim
2023-07-12 18:52:10,306 [INFO] IPUIPlugin:80 - create IPUIPlugin
2023-07-12 18:52:10,307 [INFO] PluginManager:220 - loadIPPluginJar : add gic
2023-07-12 18:52:10,309 [INFO] IPUIPlugin:80 - create IPUIPlugin
2023-07-12 18:52:10,309 [INFO] PluginManager:220 - loadIPPluginJar : add gfxmmu
2023-07-12 18:52:10,314 [INFO] IPUIPlugin:80 - create IPUIPlugin
2023-07-12 18:52:10,315 [INFO] PluginManager:220 - loadIPPluginJar : add freertos
2023-07-12 18:52:10,316 [INFO] IPUIPlugin:80 - create IPUIPlugin
2023-07-12 18:52:10,317 [INFO] PluginManager:220 - loadIPPluginJar : add tracer_emb
2023-07-12 18:52:10,318 [INFO] IPUIPlugin:80 - create IPUIPlugin
2023-07-12 18:52:10,318 [INFO] PluginManager:220 - loadIPPluginJar : add fatfs
2023-07-12 18:52:10,323 [INFO] IPUIPlugin:80 - create IPUIPlugin
2023-07-12 18:52:10,324 [INFO] PluginManager:220 - loadIPPluginJar : add mdma
2023-07-12 18:52:10,326 [INFO] IPUIPlugin:80 - create IPUIPlugin
2023-07-12 18:52:10,326 [INFO] PluginManager:220 - loadIPPluginJar : add dfsdm
2023-07-12 18:52:10,328 [INFO] IPUIPlugin:80 - create IPUIPlugin
2023-07-12 18:52:10,328 [INFO] PluginManager:220 - loadIPPluginJar : add openamp
2023-07-12 18:52:10,331 [INFO] IPUIPlugin:80 - create IPUIPlugin
2023-07-12 18:52:10,331 [INFO] PluginManager:220 - loadIPPluginJar : add i2s
2023-07-12 18:52:10,333 [INFO] IPUIPlugin:80 - create IPUIPlugin
2023-07-12 18:52:10,333 [INFO] PluginManager:220 - loadIPPluginJar : add hash
2023-07-12 18:52:10,336 [INFO] IPUIPlugin:80 - create IPUIPlugin
2023-07-12 18:52:10,337 [INFO] PluginManager:220 - loadIPPluginJar : add resmgrutility
2023-07-12 18:52:10,338 [INFO] IPUIPlugin:80 - create IPUIPlugin
2023-07-12 18:52:10,338 [INFO] PluginManager:220 - loadIPPluginJar : add ltdc
2023-07-12 18:52:10,344 [INFO] IPUIPlugin:80 - create IPUIPlugin
2023-07-12 18:52:10,344 [INFO] PluginManager:220 - loadIPPluginJar : add dma
2023-07-12 18:52:10,347 [INFO] IPUIPlugin:80 - create IPUIPlugin
2023-07-12 18:52:10,347 [INFO] PluginManager:220 - loadIPPluginJar : add sai
2023-07-12 18:52:10,350 [INFO] IPUIPlugin:80 - create IPUIPlugin
2023-07-12 18:52:10,350 [INFO] PluginManager:220 - loadIPPluginJar : add lorawan
2023-07-12 18:52:10,351 [INFO] IPUIPlugin:80 - create IPUIPlugin
2023-07-12 18:52:10,351 [INFO] PluginManager:220 - loadIPPluginJar : add genericplugin
2023-07-12 18:52:10,353 [INFO] IPUIPlugin:80 - create IPUIPlugin
2023-07-12 18:52:10,353 [INFO] PluginManager:220 - loadIPPluginJar : add can
2023-07-12 18:52:10,355 [INFO] IPUIPlugin:80 - create IPUIPlugin
2023-07-12 18:52:10,355 [INFO] PluginManager:220 - loadIPPluginJar : add ts
2023-07-12 18:52:10,359 [INFO] IPUIPlugin:80 - create IPUIPlugin
2023-07-12 18:52:10,359 [INFO] PluginManager:220 - loadIPPluginJar : add gpio
2023-07-12 18:52:10,362 [INFO] IPUIPlugin:80 - create IPUIPlugin
2023-07-12 18:52:10,362 [INFO] PluginManager:220 - loadIPPluginJar : add usbx
2023-07-12 18:52:10,364 [INFO] IPUIPlugin:80 - create IPUIPlugin
2023-07-12 18:52:10,364 [INFO] PluginManager:220 - loadIPPluginJar : add tsc
2023-07-12 18:52:10,366 [INFO] IPUIPlugin:80 - create IPUIPlugin
2023-07-12 18:52:10,366 [INFO] PluginManager:220 - loadIPPluginJar : add ucpd
2023-07-12 18:52:10,369 [INFO] IPUIPlugin:80 - create IPUIPlugin
2023-07-12 18:52:10,369 [INFO] PluginManager:220 - loadIPPluginJar : add ipddr
2023-07-12 18:52:10,373 [INFO] IPUIPlugin:80 - create IPUIPlugin
2023-07-12 18:52:10,374 [INFO] PluginManager:220 - loadIPPluginJar : add stm32_wpan
2023-07-12 18:52:10,376 [INFO] IPUIPlugin:80 - create IPUIPlugin
2023-07-12 18:52:10,376 [INFO] PluginManager:220 - loadIPPluginJar : add spi
2023-07-12 18:52:10,380 [INFO] IPUIPlugin:80 - create IPUIPlugin
2023-07-12 18:52:10,380 [INFO] PluginManager:220 - loadIPPluginJar : add fmc
2023-07-12 18:52:10,482 [INFO] CADModel:165 - CPN selected for project level
2023-07-12 18:52:10,483 [INFO] CADModel:114 - Register for checkConnection events
2023-07-12 18:52:10,483 [FATAL] Updater:308 - Updater called before beeing initialized
2023-07-12 18:52:10,483 [ERROR] CADModel:125 - Updater not yet initialized, retry later 
2023-07-12 18:52:10,615 [INFO] CADModel:165 - CPN selected for project level
2023-07-12 18:52:10,615 [INFO] CADModel:114 - Register for checkConnection events
2023-07-12 18:52:10,615 [FATAL] Updater:308 - Updater called before beeing initialized
2023-07-12 18:52:10,615 [ERROR] CADModel:125 - Updater not yet initialized, retry later 
2023-07-12 18:52:10,618 [FATAL] Updater:308 - Updater called before beeing initialized
2023-07-12 18:52:10,703 [FATAL] Updater:308 - Updater called before beeing initialized
2023-07-12 18:52:10,709 [INFO] DbMcusAds:53 - JSON generation date=Tue Mar 07 05:50:55 CLST 2023 (1678179055335)
2023-07-12 18:52:10,710 [FATAL] Updater:308 - Updater called before beeing initialized
2023-07-12 18:52:10,749 [WARN] DetailPanel:346 - Failed to get advertising image, set to default
2023-07-12 18:52:10,847 [FATAL] Updater:308 - Updater called before beeing initialized
2023-07-12 18:52:10,849 [FATAL] Updater:308 - Updater called before beeing initialized
2023-07-12 18:52:10,849 [FATAL] Updater:308 - Updater called before beeing initialized
2023-07-12 18:52:10,849 [WARN] DetailPanel:346 - Failed to get advertising image, set to default
2023-07-12 18:52:10,851 [FATAL] Updater:308 - Updater called before beeing initialized
2023-07-12 18:52:10,888 [ERROR] Updater:1120 - MainUpdater not yet initialized. External WinMGr cannot be set.
2023-07-12 18:52:10,891 [INFO] Updater:1056 - Updater Version found : 6.8.1
2023-07-12 18:52:10,914 [INFO] ApplicationProperties:184 - Using Application install path: /opt/st/stm32cubeide_1.12.1/plugins/com.st.stm32cube.common.mx_6.8.1.202304191431
2023-07-12 18:52:11,083 [INFO] MainUpdater:2854 - connection check result : 10
2023-07-12 18:52:11,083 [INFO] MainUpdater:3548 - Updater definition file requires update
2023-07-12 18:52:11,084 [INFO] MainUpdater:283 - Updater Check For Update Now.
2023-07-12 18:52:11,085 [INFO] MicroXplorer:498 - Change Database Version : DB.6.0.81
2023-07-12 18:52:12,764 [WARN] MainUpdater:1187 - Updater busy. Cannot search thirdparties
2023-07-12 18:52:12,764 [INFO] ThirdPartyUpdaterWithRetryManager:96 - Updater plugin is busy. [1/15]
2023-07-12 18:52:13,060 [INFO] ServerAccessManage:473 - Download File updaters.zip
2023-07-12 18:52:13,135 [INFO] FileExtend:240 - Unzip File : updaters.zip
2023-07-12 18:52:13,135 [INFO] FileExtend:255 - Standard Zip Deflate
2023-07-12 18:52:14,344 [INFO] ServerAccessManage:473 - Download File PacksControlFlags.xml
2023-07-12 18:52:15,426 [INFO] ServerAccessManage:473 - Download File cubemx.pidx
2023-07-12 18:52:15,505 [INFO] LoadServerUpdatesThread:373 - End of LoadServerUpdate Thread
2023-07-12 18:52:15,646 [INFO] CheckServerUpdateThread:120 - End of CheckServer Thread
2023-07-12 18:52:15,699 [INFO] MainUpdater:2854 - connection check result : 10
2023-07-12 18:52:15,703 [INFO] McuFinderGlobals:66 - Set McuFinderConnectedMode to true
2023-07-12 18:52:15,764 [WARN] MainUpdater:1187 - Updater busy. Cannot search thirdparties
2023-07-12 18:52:15,764 [INFO] ThirdPartyUpdaterWithRetryManager:96 - Updater plugin is busy. [2/15]
2023-07-12 18:52:15,991 [INFO] ServerAccessManage:473 - Download File mcusAds.json._tmp_
2023-07-12 18:52:16,105 [INFO] LoadUrlFilesThread:156 - End of LoadUrlFiles Thread
2023-07-12 18:52:16,232 [INFO] ServerAccessManage:473 - Download File cube-finder-db.zip
2023-07-12 18:52:18,765 [WARN] MainUpdater:1187 - Updater busy. Cannot search thirdparties
2023-07-12 18:52:18,765 [INFO] ThirdPartyUpdaterWithRetryManager:96 - Updater plugin is busy. [3/15]
2023-07-12 18:52:18,833 [INFO] FileExtend:240 - Unzip File : cube-finder-db.zip
2023-07-12 18:52:18,834 [INFO] FileExtend:255 - Standard Zip Deflate
2023-07-12 18:52:19,377 [INFO] LoadUrlFilesThread:156 - End of LoadUrlFiles Thread
2023-07-12 18:52:20,664 [INFO] ServerAccessManage:473 - Download File crdb.zip
2023-07-12 18:52:21,765 [WARN] MainUpdater:1187 - Updater busy. Cannot search thirdparties
2023-07-12 18:52:21,766 [INFO] ThirdPartyUpdaterWithRetryManager:96 - Updater plugin is busy. [4/15]
2023-07-12 18:52:22,000 [INFO] FileExtend:240 - Unzip File : crdb.zip
2023-07-12 18:52:22,000 [INFO] FileExtend:255 - Standard Zip Deflate
2023-07-12 18:52:22,161 [INFO] LoadUrlFilesThread:156 - End of LoadUrlFiles Thread
2023-07-12 18:52:22,288 [INFO] ServerAccessManage:473 - Download File tutoVideoDB.zip
2023-07-12 18:52:22,299 [INFO] FileExtend:240 - Unzip File : tutoVideoDB.zip
2023-07-12 18:52:22,299 [INFO] FileExtend:255 - Standard Zip Deflate
2023-07-12 18:52:22,404 [INFO] LoadUrlFilesThread:156 - End of LoadUrlFiles Thread
2023-07-12 18:52:22,410 [WARN] DbFile:41 - Overriding database path with different value: /home/lgomez/.stmcufinder/plugins/mcufinder/ => /home/lgomez/.stmcufinder/plugins/mcufinder
2023-07-12 18:52:22,533 [INFO] ServerAccessManage:473 - Download File api_config.json
2023-07-12 18:52:22,636 [INFO] LoadUrlFilesThread:156 - End of LoadUrlFiles Thread
2023-07-12 18:52:22,636 [INFO] DbMcusAds:53 - JSON generation date=Tue Mar 07 05:50:55 CLST 2023 (1678179055114)
2023-07-12 18:52:22,655 [INFO] LoadUrlFilesThread:185 - End of LoadServerUrlFiles without Thread
2023-07-12 18:52:22,655 [INFO] TargetSelectorAdapter:259 - Refresh data is successful
2023-07-12 18:52:22,734 [INFO] ApiDb:581 - Connected to CubeFinder SQLite database (/home/lgomez/.stmcufinder/plugins/mcufinder/mcu/cube-finder-db.db)
2023-07-12 18:52:22,786 [INFO] ApiDb:668 - CubeFinder database Data Model version=2.1
2023-07-12 18:52:22,786 [INFO] ApiDb:669 - CubeFinder database Configuration version=3.0.37
2023-07-12 18:52:22,786 [INFO] ApiDb:670 - CubeFinder database generation date=2023-06-26 (1687786131)
2023-07-12 18:52:22,786 [INFO] ApiDb:671 - CubeFinder database FW Pack versions=[FP-ATR-ASTRA1_V2.0.0, FP-SNS-FLIGHT1_V5.0.1, FP-SNS-MOTENV1_V4.3.1, STM32Cube_FW_C0_V1.1.0, STM32Cube_FW_F4_V1.27.1, STM32Cube_FW_F7_V1.17.0, STM32Cube_FW_G0_V1.6.1, STM32Cube_FW_G4_V1.5.1, STM32Cube_FW_H5_V0.5.1, STM32Cube_FW_H5_V1.1.0, STM32Cube_FW_H7_V1.11.0, STM32Cube_FW_L0_V1.12.2, STM32Cube_FW_L5_V1.5.0, STM32Cube_FW_U5_V1.3.0, STM32Cube_FW_U5_V1.3.0RC4, STM32Cube_FW_WBA_V1.0.0RC1, STM32Cube_FW_WBA_V1.1.0, STM32Cube_FW_WBA_V1.1.0RC1, STM32Cube_FW_WB_V1.15.0RC1, STM32Cube_FW_WB_V1.16.0, STM32Cube_FW_WB_V1.16.0RC2, STM32Cube_FW_WB_V1.17.0, STM32Cube_FW_WL_V1.3.0, X-CUBE-ALGOBUILD_V1.3.0, X-CUBE-ALS_V1.0.1, X-CUBE-AZRTOS-F4_V1.1.0, X-CUBE-AZRTOS-F7_V1.1.0, X-CUBE-AZRTOS-G0_V1.1.0, X-CUBE-AZRTOS-G4_V2.0.0, X-CUBE-AZRTOS-H7_V3.1.0, X-CUBE-AZRTOS-L4_V1.0.0, X-CUBE-AZRTOS-L4_V2.0.0, X-CUBE-AZRTOS-L5_V1.1.0, X-CUBE-AZRTOS-WB_V1.1.0, X-CUBE-AZRTOS-WL_V2.0.0, X-CUBE-BLE1_V6.2.4, X-CUBE-BLE2_V3.3.0, X-CUBE-BLEMGR_V2.0.0, X-CUBE-EEPRMA1_V4.1.0, X-CUBE-FREERTOS_V1.0.1, X-CUBE-GNSS1_V6.0.0, X-CUBE-MEMS1_V9.1.0, X-CUBE-MEMS1_V9.4.0, X-CUBE-MEMS1_V9.6.0, X-CUBE-NFC4_V3.0.0, X-CUBE-NFC7_V1.0.0, X-CUBE-SFXS2LP1_V4.0.0, X-CUBE-SUBG2_V5.0.0]
2023-07-12 18:52:24,546 [INFO] ApiDb:240 - Found 297 in-development CPN: [B-G473E-ZEST1S, B-WB1M-WPAN1, B-WL5M-SUBG1, NUCLEO-C031C6, NUCLEO-H503RB, NUCLEO-H563ZI, NUCLEO-U545RE-Q, NUCLEO-U5A5ZJ-Q, NUCLEO-WBA52CG, STEVAL-PROTEUS1, STEVAL-STWINBX1, STM320518-EVAL, STM32C0116-DK, STM32C011D6Y3TR, STM32C011D6Y6TR, STM32C011F4P3, STM32C011F4P6, STM32C011F4U3, STM32C011F4U6TR, STM32C011F6P3, STM32C011F6P6, STM32C011F6U3, STM32C011F6U6TR, STM32C011J4M3, STM32C011J4M6, STM32C011J6M3, STM32C011J6M6, STM32C0316-DK, STM32C031C4T3, STM32C031C4T6, STM32C031C4U3, STM32C031C4U6, STM32C031C6T3, STM32C031C6T6, STM32C031C6U3, STM32C031C6U6, STM32C031F4P3, STM32C031F4P6, STM32C031F6P3, STM32C031F6P6, STM32C031G4U3, STM32C031G4U6, STM32C031G6U3, STM32C031G6U6, STM32C031K4T3, STM32C031K4T6, STM32C031K4U3, STM32C031K4U6, STM32C031K6T3, STM32C031K6T6, STM32C031K6U3, STM32C031K6U6, STM32G071K8TXN, STM32G071K8UXN, STM32G081GBU6N, STM32G081KBT6N, STM32G081KBUXN, STM32G0B1CCT6N, STM32G0B1KCT6, STM32G0B1NEY6TR, STM32G0B1RCT6N, STM32G0C1CCT6, STM32G0C1CCT6N, STM32G0C1CCU6N, STM32G0C1CET6N, STM32G0C1CEU6N, STM32G0C1KCT6, STM32G0C1NEY6TR, STM32G0C1RCI6N, STM32G0C1RCT6N, STM32G0C1REI6N, STM32G0C1RET6N, STM32G0C1VCI6, STM32G0C1VEI6, STM32G471CCT6, STM32G471CCU6, STM32G471CET3, STM32G471CET6, STM32G471CEU3, STM32G471CEU6, STM32G471MCT6, STM32G471MET3, STM32G471MET6, STM32G471MEY6TR, STM32G471QCT6, STM32G471QET3, STM32G471RCT6, STM32G471RET3, STM32G471RET6, STM32G471VCH6, STM32G471VCI6, STM32G471VCT6, STM32G471VEH3, STM32G471VEH6, STM32G471VEI3, STM32G471VEI6, STM32G471VET3, STM32G471VET6, STM32G474CCT6, STM32H503CBT6, STM32H503CBU6, STM32H503EBY6TR, STM32H503KBU6, STM32H503RBT6, STM32H562AGI6, STM32H562AII6, STM32H562IGK6, STM32H562IGT6, STM32H562IIK6, STM32H562IIT6, STM32H562RGT6, STM32H562RGV6, STM32H562RIT6, STM32H562RIV6, STM32H562VGT6, STM32H562VIT6, STM32H562ZGT6, STM32H562ZIT6, STM32H563AGI6, STM32H563AII3Q, STM32H563AII6, STM32H563IGK6, STM32H563IGT6, STM32H563IIK3Q, STM32H563IIK6, STM32H563IIT3Q, STM32H563IIT6, STM32H563MIY3QTR, STM32H563RGT6, STM32H563RGV6, STM32H563RIT6, STM32H563RIV6, STM32H563VGT6, STM32H563VIT3Q, STM32H563VIT6, STM32H563ZGT6, STM32H563ZIT3Q, STM32H563ZIT6, STM32H573AII3Q, STM32H573AII6, STM32H573I-DK, STM32H573IIK3Q, STM32H573IIK6, STM32H573IIT3Q, STM32H573IIT6, STM32H573MIY3QTR, STM32H573RIT6, STM32H573RIV6, STM32H573VIT3Q, STM32H573VIT6, STM32H573ZIT3Q, STM32H573ZIT6, STM32L4R5QGI6STR, STM32MP131AAE3, STM32MP131AAF3, STM32MP131AAG3, STM32MP131CAE3, STM32MP131CAF3, STM32MP131CAG3, STM32MP131DAE7, STM32MP131DAF7, STM32MP131DAG7, STM32MP131FAE7, STM32MP131FAF7, STM32MP131FAG7, STM32MP133AAE3, STM32MP133AAF3, STM32MP133AAG3, STM32MP133CAE3, STM32MP133CAF3, STM32MP133CAG3, STM32MP133DAE7, STM32MP133DAF7, STM32MP133DAG7, STM32MP133FAE7, STM32MP133FAF7, STM32MP133FAG7, STM32MP135AAE3, STM32MP135AAF3, STM32MP135AAG3, STM32MP135CAE3, STM32MP135CAF3, STM32MP135CAG3, STM32MP135DAE7, STM32MP135DAF7, STM32MP135DAG7, STM32MP135F-DK, STM32MP135FAE7, STM32MP135FAF7, STM32MP135FAF7T, STM32MP135FAF7U, STM32MP135FAG7, STM32U535CBT6, STM32U535CBT6Q, STM32U535CBU6, STM32U535CBU6Q, STM32U535CCT6, STM32U535CCT6Q, STM32U535CCU6, STM32U535CCU6Q, STM32U535CET6, STM32U535CET6Q, STM32U535CEU6, STM32U535CEU6Q, STM32U535JEY6QTR, STM32U535NCY6QTR, STM32U535NEY6QTR, STM32U535RBI6, STM32U535RBI6Q, STM32U535RBT6, STM32U535RBT6Q, STM32U535RCI6, STM32U535RCI6Q, STM32U535RCT6, STM32U535RCT6Q, STM32U535REI6, STM32U535REI6Q, STM32U535RET6, STM32U535RET6Q, STM32U535VCI6, STM32U535VCI6Q, STM32U535VCT6, STM32U535VCT6Q, STM32U535VEI6, STM32U535VEI6Q, STM32U535VET6, STM32U535VET6Q, STM32U545CET6, STM32U545CET6Q, STM32U545CEU6, STM32U545CEU6Q, STM32U545JEY6QTR, STM32U545NEY6QTR, STM32U545REI6, STM32U545REI6Q, STM32U545RET6, STM32U545RET6Q, STM32U545VEI6, STM32U545VEI6Q, STM32U545VET6, STM32U545VET6Q, STM32U595AIH6, STM32U595AIH6Q, STM32U595AJH6, STM32U595AJH6Q, STM32U595QII6, STM32U595QII6Q, STM32U595QJI6, STM32U595QJI6Q, STM32U595RIT6, STM32U595RIT6Q, STM32U595RJT6, STM32U595RJT6Q, STM32U595VIT6, STM32U595VIT6Q, STM32U595VJT6, STM32U595VJT6Q, STM32U595ZIT6, STM32U595ZIT6Q, STM32U595ZIY6QTR, STM32U595ZJT6, STM32U595ZJT6Q, STM32U595ZJY6QTR, STM32U599BJY6QTR, STM32U599NIH6Q, STM32U599NJH6Q, STM32U599VIT6Q, STM32U599VJT6, STM32U599VJT6Q, STM32U599ZIT6Q, STM32U599ZIY6QTR, STM32U599ZJT6Q, STM32U599ZJY6QTR, STM32U5A5AJH6, STM32U5A5AJH6Q, STM32U5A5QJI6, STM32U5A5QJI6Q, STM32U5A5RJT6, STM32U5A5RJT6Q, STM32U5A5VJT6, STM32U5A5VJT6Q, STM32U5A5ZJT6, STM32U5A5ZJT6Q, STM32U5A5ZJY6QTR, STM32U5A9BJY6QTR, STM32U5A9J-DK, STM32U5A9NJH6Q, STM32U5A9VJT6Q, STM32U5A9ZJT6Q, STM32U5A9ZJY6QTR, STM32WB1MMCH6, STM32WBA52CEU6, STM32WBA52CEU6T, STM32WBA52CGU6, STM32WBA52CGU6T, STM32WL5MOCH6, STM32WL5MOCH6TR]
2023-07-12 18:52:24,549 [INFO] DbMcus:216 - Found 3825 MCUs, 3825 are supported
2023-07-12 18:52:24,561 [INFO] ApiDb:423 - Load user favorites file /home/lgomez/.stm32cubeide/favorites.mcus.txt: 0 item(s)
2023-07-12 18:52:24,561 [INFO] ApiDb:427 - User favorites MCUs=[]
2023-07-12 18:52:24,561 [INFO] DbMcus:222 - Set 0 / 0 favorites MCUs
2023-07-12 18:52:24,856 [INFO] ApiDb:668 - CubeFinder database Data Model version=2.1
2023-07-12 18:52:24,856 [INFO] ApiDb:669 - CubeFinder database Configuration version=3.0.37
2023-07-12 18:52:24,856 [INFO] ApiDb:670 - CubeFinder database generation date=2023-06-26 (1687786131)
2023-07-12 18:52:24,856 [INFO] ApiDb:671 - CubeFinder database FW Pack versions=[FP-ATR-ASTRA1_V2.0.0, FP-SNS-FLIGHT1_V5.0.1, FP-SNS-MOTENV1_V4.3.1, STM32Cube_FW_C0_V1.1.0, STM32Cube_FW_F4_V1.27.1, STM32Cube_FW_F7_V1.17.0, STM32Cube_FW_G0_V1.6.1, STM32Cube_FW_G4_V1.5.1, STM32Cube_FW_H5_V0.5.1, STM32Cube_FW_H5_V1.1.0, STM32Cube_FW_H7_V1.11.0, STM32Cube_FW_L0_V1.12.2, STM32Cube_FW_L5_V1.5.0, STM32Cube_FW_U5_V1.3.0, STM32Cube_FW_U5_V1.3.0RC4, STM32Cube_FW_WBA_V1.0.0RC1, STM32Cube_FW_WBA_V1.1.0, STM32Cube_FW_WBA_V1.1.0RC1, STM32Cube_FW_WB_V1.15.0RC1, STM32Cube_FW_WB_V1.16.0, STM32Cube_FW_WB_V1.16.0RC2, STM32Cube_FW_WB_V1.17.0, STM32Cube_FW_WL_V1.3.0, X-CUBE-ALGOBUILD_V1.3.0, X-CUBE-ALS_V1.0.1, X-CUBE-AZRTOS-F4_V1.1.0, X-CUBE-AZRTOS-F7_V1.1.0, X-CUBE-AZRTOS-G0_V1.1.0, X-CUBE-AZRTOS-G4_V2.0.0, X-CUBE-AZRTOS-H7_V3.1.0, X-CUBE-AZRTOS-L4_V1.0.0, X-CUBE-AZRTOS-L4_V2.0.0, X-CUBE-AZRTOS-L5_V1.1.0, X-CUBE-AZRTOS-WB_V1.1.0, X-CUBE-AZRTOS-WL_V2.0.0, X-CUBE-BLE1_V6.2.4, X-CUBE-BLE2_V3.3.0, X-CUBE-BLEMGR_V2.0.0, X-CUBE-EEPRMA1_V4.1.0, X-CUBE-FREERTOS_V1.0.1, X-CUBE-GNSS1_V6.0.0, X-CUBE-MEMS1_V9.1.0, X-CUBE-MEMS1_V9.4.0, X-CUBE-MEMS1_V9.6.0, X-CUBE-NFC4_V3.0.0, X-CUBE-NFC7_V1.0.0, X-CUBE-SFXS2LP1_V4.0.0, X-CUBE-SUBG2_V5.0.0]
2023-07-12 18:52:24,896 [WARN] PackLoader:240 - Cannot read IP mode file for STMicroelectronics.X-CUBE-SMBUS.2.1.0
2023-07-12 18:52:24,937 [INFO] DbBoardsSqlite:226 - include board P-NUCLEO-WB55-NUCLEO as a kit item of type 'Nucleo-64'
2023-07-12 18:52:24,937 [INFO] DbBoardsSqlite:226 - include board P-NUCLEO-WB55-USBDONGLE as a kit item of type 'Nucleo USB Dongle'
2023-07-12 18:52:24,938 [INFO] DbBoardsSqlite:226 - include board STEVAL-IDP005V1 as a kit item of type 'Evaluation Board'
2023-07-12 18:52:24,938 [INFO] DbBoardsSqlite:226 - include board STEVAL-IDP005V2 as a kit item of type 'Evaluation Board'
2023-07-12 18:52:24,948 [WARN] PackLoader:240 - Cannot read IP mode file for STMicroelectronics.X-CUBE-AZRTOS-F7.1.1.0
2023-07-12 18:52:24,962 [WARN] PackLoader:240 - Cannot read IP mode file for STMicroelectronics.FP-SNS-MOTENV1.4.3.2
2023-07-12 18:52:24,970 [ERROR] RealEvaluatedCondition:428 - Found unsupported composite condition: GROUP='STM32_MetaDataManager' CLASS='Data Exchange'
2023-07-12 18:52:24,970 [ERROR] RealEvaluatedCondition:428 - Found unsupported composite condition: CLASS='Data Exchange' GROUP='STM32_MetaDataManager'
2023-07-12 18:52:24,988 [INFO] ApiDb:240 - Found 297 in-development CPN: [B-G473E-ZEST1S, B-WB1M-WPAN1, B-WL5M-SUBG1, NUCLEO-C031C6, NUCLEO-H503RB, NUCLEO-H563ZI, NUCLEO-U545RE-Q, NUCLEO-U5A5ZJ-Q, NUCLEO-WBA52CG, STEVAL-PROTEUS1, STEVAL-STWINBX1, STM320518-EVAL, STM32C0116-DK, STM32C011D6Y3TR, STM32C011D6Y6TR, STM32C011F4P3, STM32C011F4P6, STM32C011F4U3, STM32C011F4U6TR, STM32C011F6P3, STM32C011F6P6, STM32C011F6U3, STM32C011F6U6TR, STM32C011J4M3, STM32C011J4M6, STM32C011J6M3, STM32C011J6M6, STM32C0316-DK, STM32C031C4T3, STM32C031C4T6, STM32C031C4U3, STM32C031C4U6, STM32C031C6T3, STM32C031C6T6, STM32C031C6U3, STM32C031C6U6, STM32C031F4P3, STM32C031F4P6, STM32C031F6P3, STM32C031F6P6, STM32C031G4U3, STM32C031G4U6, STM32C031G6U3, STM32C031G6U6, STM32C031K4T3, STM32C031K4T6, STM32C031K4U3, STM32C031K4U6, STM32C031K6T3, STM32C031K6T6, STM32C031K6U3, STM32C031K6U6, STM32G071K8TXN, STM32G071K8UXN, STM32G081GBU6N, STM32G081KBT6N, STM32G081KBUXN, STM32G0B1CCT6N, STM32G0B1KCT6, STM32G0B1NEY6TR, STM32G0B1RCT6N, STM32G0C1CCT6, STM32G0C1CCT6N, STM32G0C1CCU6N, STM32G0C1CET6N, STM32G0C1CEU6N, STM32G0C1KCT6, STM32G0C1NEY6TR, STM32G0C1RCI6N, STM32G0C1RCT6N, STM32G0C1REI6N, STM32G0C1RET6N, STM32G0C1VCI6, STM32G0C1VEI6, STM32G471CCT6, STM32G471CCU6, STM32G471CET3, STM32G471CET6, STM32G471CEU3, STM32G471CEU6, STM32G471MCT6, STM32G471MET3, STM32G471MET6, STM32G471MEY6TR, STM32G471QCT6, STM32G471QET3, STM32G471RCT6, STM32G471RET3, STM32G471RET6, STM32G471VCH6, STM32G471VCI6, STM32G471VCT6, STM32G471VEH3, STM32G471VEH6, STM32G471VEI3, STM32G471VEI6, STM32G471VET3, STM32G471VET6, STM32G474CCT6, STM32H503CBT6, STM32H503CBU6, STM32H503EBY6TR, STM32H503KBU6, STM32H503RBT6, STM32H562AGI6, STM32H562AII6, STM32H562IGK6, STM32H562IGT6, STM32H562IIK6, STM32H562IIT6, STM32H562RGT6, STM32H562RGV6, STM32H562RIT6, STM32H562RIV6, STM32H562VGT6, STM32H562VIT6, STM32H562ZGT6, STM32H562ZIT6, STM32H563AGI6, STM32H563AII3Q, STM32H563AII6, STM32H563IGK6, STM32H563IGT6, STM32H563IIK3Q, STM32H563IIK6, STM32H563IIT3Q, STM32H563IIT6, STM32H563MIY3QTR, STM32H563RGT6, STM32H563RGV6, STM32H563RIT6, STM32H563RIV6, STM32H563VGT6, STM32H563VIT3Q, STM32H563VIT6, STM32H563ZGT6, STM32H563ZIT3Q, STM32H563ZIT6, STM32H573AII3Q, STM32H573AII6, STM32H573I-DK, STM32H573IIK3Q, STM32H573IIK6, STM32H573IIT3Q, STM32H573IIT6, STM32H573MIY3QTR, STM32H573RIT6, STM32H573RIV6, STM32H573VIT3Q, STM32H573VIT6, STM32H573ZIT3Q, STM32H573ZIT6, STM32L4R5QGI6STR, STM32MP131AAE3, STM32MP131AAF3, STM32MP131AAG3, STM32MP131CAE3, STM32MP131CAF3, STM32MP131CAG3, STM32MP131DAE7, STM32MP131DAF7, STM32MP131DAG7, STM32MP131FAE7, STM32MP131FAF7, STM32MP131FAG7, STM32MP133AAE3, STM32MP133AAF3, STM32MP133AAG3, STM32MP133CAE3, STM32MP133CAF3, STM32MP133CAG3, STM32MP133DAE7, STM32MP133DAF7, STM32MP133DAG7, STM32MP133FAE7, STM32MP133FAF7, STM32MP133FAG7, STM32MP135AAE3, STM32MP135AAF3, STM32MP135AAG3, STM32MP135CAE3, STM32MP135CAF3, STM32MP135CAG3, STM32MP135DAE7, STM32MP135DAF7, STM32MP135DAG7, STM32MP135F-DK, STM32MP135FAE7, STM32MP135FAF7, STM32MP135FAF7T, STM32MP135FAF7U, STM32MP135FAG7, STM32U535CBT6, STM32U535CBT6Q, STM32U535CBU6, STM32U535CBU6Q, STM32U535CCT6, STM32U535CCT6Q, STM32U535CCU6, STM32U535CCU6Q, STM32U535CET6, STM32U535CET6Q, STM32U535CEU6, STM32U535CEU6Q, STM32U535JEY6QTR, STM32U535NCY6QTR, STM32U535NEY6QTR, STM32U535RBI6, STM32U535RBI6Q, STM32U535RBT6, STM32U535RBT6Q, STM32U535RCI6, STM32U535RCI6Q, STM32U535RCT6, STM32U535RCT6Q, STM32U535REI6, STM32U535REI6Q, STM32U535RET6, STM32U535RET6Q, STM32U535VCI6, STM32U535VCI6Q, STM32U535VCT6, STM32U535VCT6Q, STM32U535VEI6, STM32U535VEI6Q, STM32U535VET6, STM32U535VET6Q, STM32U545CET6, STM32U545CET6Q, STM32U545CEU6, STM32U545CEU6Q, STM32U545JEY6QTR, STM32U545NEY6QTR, STM32U545REI6, STM32U545REI6Q, STM32U545RET6, STM32U545RET6Q, STM32U545VEI6, STM32U545VEI6Q, STM32U545VET6, STM32U545VET6Q, STM32U595AIH6, STM32U595AIH6Q, STM32U595AJH6, STM32U595AJH6Q, STM32U595QII6, STM32U595QII6Q, STM32U595QJI6, STM32U595QJI6Q, STM32U595RIT6, STM32U595RIT6Q, STM32U595RJT6, STM32U595RJT6Q, STM32U595VIT6, STM32U595VIT6Q, STM32U595VJT6, STM32U595VJT6Q, STM32U595ZIT6, STM32U595ZIT6Q, STM32U595ZIY6QTR, STM32U595ZJT6, STM32U595ZJT6Q, STM32U595ZJY6QTR, STM32U599BJY6QTR, STM32U599NIH6Q, STM32U599NJH6Q, STM32U599VIT6Q, STM32U599VJT6, STM32U599VJT6Q, STM32U599ZIT6Q, STM32U599ZIY6QTR, STM32U599ZJT6Q, STM32U599ZJY6QTR, STM32U5A5AJH6, STM32U5A5AJH6Q, STM32U5A5QJI6, STM32U5A5QJI6Q, STM32U5A5RJT6, STM32U5A5RJT6Q, STM32U5A5VJT6, STM32U5A5VJT6Q, STM32U5A5ZJT6, STM32U5A5ZJT6Q, STM32U5A5ZJY6QTR, STM32U5A9BJY6QTR, STM32U5A9J-DK, STM32U5A9NJH6Q, STM32U5A9VJT6Q, STM32U5A9ZJT6Q, STM32U5A9ZJY6QTR, STM32WB1MMCH6, STM32WBA52CEU6, STM32WBA52CEU6T, STM32WBA52CGU6, STM32WBA52CGU6T, STM32WL5MOCH6, STM32WL5MOCH6TR]
2023-07-12 18:52:24,990 [WARN] PackLoader:240 - Cannot read IP mode file for STMicroelectronics.FP-SNS-MOTENV1.4.3.1
2023-07-12 18:52:24,999 [WARN] PackLoader:240 - Cannot read IP mode file for STMicroelectronics.FP-SNS-FLIGHT1.5.0.1
2023-07-12 18:52:25,006 [WARN] PackLoader:240 - Cannot read IP mode file for STMicroelectronics.X-CUBE-BLE1.6.2.4
2023-07-12 18:52:25,014 [WARN] PackLoader:240 - Cannot read IP mode file for STMicroelectronics.X-CUBE-DISPLAY.3.0.0
2023-07-12 18:52:25,024 [WARN] PackLoader:240 - Cannot read IP mode file for STMicroelectronics.X-CUBE-TOUCHGFX.4.22.0
2023-07-12 18:52:25,031 [INFO] LogOutputStream:77 - [STDOUT_REDIRECT] 1 : Invalid condition id : UX_CORESTACK_Condition cause : null
2023-07-12 18:52:25,032 [INFO] LogOutputStream:77 - [STDOUT_REDIRECT] 1 : Invalid condition id : UX_CORESTACK_Condition cause : null
2023-07-12 18:52:25,032 [INFO] LogOutputStream:77 - [STDOUT_REDIRECT] 1 : Invalid condition id : UX_CORESTACK_Condition cause : null
2023-07-12 18:52:25,032 [INFO] LogOutputStream:77 - [STDOUT_REDIRECT] 1 : Invalid condition id : UX_CORESTACK_Condition cause : null
2023-07-12 18:52:25,033 [INFO] LogOutputStream:77 - [STDOUT_REDIRECT] 1 : Invalid condition id : UX_CORESTACK_Condition cause : null
2023-07-12 18:52:25,039 [WARN] PackLoader:240 - Cannot read IP mode file for STMicroelectronics.X-CUBE-AZRTOS-WL.2.0.0
2023-07-12 18:52:25,048 [WARN] PackLoader:240 - Cannot read IP mode file for WES.I-CUBE-Cesium.1.3.0
2023-07-12 18:52:25,053 [WARN] PackLoader:240 - Cannot read IP mode file for STMicroelectronics.X-CUBE-BLE2.3.3.0
2023-07-12 18:52:25,056 [WARN] PackLoader:240 - Cannot read IP mode file for STMicroelectronics.X-CUBE-TOUCHGFX.4.21.4
2023-07-12 18:52:25,063 [WARN] PackLoader:240 - Cannot read IP mode file for STMicroelectronics.X-CUBE-ALGOBUILD.1.3.0
2023-07-12 18:52:25,087 [WARN] PackLoader:240 - Cannot read IP mode file for STMicroelectronics.X-CUBE-AZRTOS-G0.1.1.0
2023-07-12 18:52:25,090 [INFO] BoardInfo:880 - No configuration file found for board P-NUCLEO-WB55
2023-07-12 18:52:25,091 [INFO] DbBoards:157 - Kit is not supported: P-NUCLEO-WB55
2023-07-12 18:52:25,096 [INFO] BoardInfo:880 - No configuration file found for board STEVAL-BFA001V1B
2023-07-12 18:52:25,097 [INFO] DbBoards:157 - Kit is not supported: STEVAL-BFA001V1B
2023-07-12 18:52:25,098 [WARN] PackLoader:240 - Cannot read IP mode file for STMicroelectronics.X-CUBE-NFC4.3.0.0
2023-07-12 18:52:25,098 [INFO] BoardInfo:880 - No configuration file found for board STEVAL-BFA001V2B
2023-07-12 18:52:25,098 [INFO] DbBoards:157 - Kit is not supported: STEVAL-BFA001V2B
2023-07-12 18:52:25,103 [WARN] PackLoader:240 - Cannot read IP mode file for STMicroelectronics.FP-ATR-SIGFOX1.3.2.0
2023-07-12 18:52:25,106 [INFO] BoardInfo:880 - No configuration file found for board STEVAL-SMARTAG2
2023-07-12 18:52:25,106 [INFO] DbBoards:157 - Board is not supported: STEVAL-SMARTAG2
2023-07-12 18:52:25,165 [WARN] PackLoader:240 - Cannot read IP mode file for SEGGER.I-CUBE-embOS.1.3.1
2023-07-12 18:52:25,238 [WARN] PackLoader:240 - Cannot read IP mode file for STMicroelectronics.X-CUBE-GNSS1.6.0.0
2023-07-12 18:52:25,272 [WARN] PackLoader:240 - Cannot read IP mode file for STMicroelectronics.X-CUBE-AZRTOS-F4.1.1.0
2023-07-12 18:52:25,276 [INFO] DbBoards:161 - Found 188 boards, 184 are supported
2023-07-12 18:52:25,279 [INFO] ApiDb:423 - Load user favorites file /home/lgomez/.stm32cubeide/favorites.boards.txt: 1 item(s)
2023-07-12 18:52:25,279 [INFO] ApiDb:427 - User favorites Boards=[NUCLEO-F413ZH]
2023-07-12 18:52:25,280 [INFO] DbBoards:190 - Set 1 / 1 favorites Boards
2023-07-12 18:52:25,280 [WARN] PackLoader:240 - Cannot read IP mode file for wolfSSL.I-CUBE-wolfSSL.5.6.0
2023-07-12 18:52:25,283 [INFO] ApiDb:668 - CubeFinder database Data Model version=2.1
2023-07-12 18:52:25,284 [INFO] ApiDb:669 - CubeFinder database Configuration version=3.0.37
2023-07-12 18:52:25,284 [INFO] ApiDb:670 - CubeFinder database generation date=2023-06-26 (1687786131)
2023-07-12 18:52:25,284 [INFO] ApiDb:671 - CubeFinder database FW Pack versions=[FP-ATR-ASTRA1_V2.0.0, FP-SNS-FLIGHT1_V5.0.1, FP-SNS-MOTENV1_V4.3.1, STM32Cube_FW_C0_V1.1.0, STM32Cube_FW_F4_V1.27.1, STM32Cube_FW_F7_V1.17.0, STM32Cube_FW_G0_V1.6.1, STM32Cube_FW_G4_V1.5.1, STM32Cube_FW_H5_V0.5.1, STM32Cube_FW_H5_V1.1.0, STM32Cube_FW_H7_V1.11.0, STM32Cube_FW_L0_V1.12.2, STM32Cube_FW_L5_V1.5.0, STM32Cube_FW_U5_V1.3.0, STM32Cube_FW_U5_V1.3.0RC4, STM32Cube_FW_WBA_V1.0.0RC1, STM32Cube_FW_WBA_V1.1.0, STM32Cube_FW_WBA_V1.1.0RC1, STM32Cube_FW_WB_V1.15.0RC1, STM32Cube_FW_WB_V1.16.0, STM32Cube_FW_WB_V1.16.0RC2, STM32Cube_FW_WB_V1.17.0, STM32Cube_FW_WL_V1.3.0, X-CUBE-ALGOBUILD_V1.3.0, X-CUBE-ALS_V1.0.1, X-CUBE-AZRTOS-F4_V1.1.0, X-CUBE-AZRTOS-F7_V1.1.0, X-CUBE-AZRTOS-G0_V1.1.0, X-CUBE-AZRTOS-G4_V2.0.0, X-CUBE-AZRTOS-H7_V3.1.0, X-CUBE-AZRTOS-L4_V1.0.0, X-CUBE-AZRTOS-L4_V2.0.0, X-CUBE-AZRTOS-L5_V1.1.0, X-CUBE-AZRTOS-WB_V1.1.0, X-CUBE-AZRTOS-WL_V2.0.0, X-CUBE-BLE1_V6.2.4, X-CUBE-BLE2_V3.3.0, X-CUBE-BLEMGR_V2.0.0, X-CUBE-EEPRMA1_V4.1.0, X-CUBE-FREERTOS_V1.0.1, X-CUBE-GNSS1_V6.0.0, X-CUBE-MEMS1_V9.1.0, X-CUBE-MEMS1_V9.4.0, X-CUBE-MEMS1_V9.6.0, X-CUBE-NFC4_V3.0.0, X-CUBE-NFC7_V1.0.0, X-CUBE-SFXS2LP1_V4.0.0, X-CUBE-SUBG2_V5.0.0]
2023-07-12 18:52:25,326 [WARN] PackLoader:240 - Cannot read IP mode file for STMicroelectronics.X-CUBE-MEMS1.9.6.0
2023-07-12 18:52:25,521 [WARN] PackLoader:240 - Cannot read IP mode file for emotas.I-CUBE-CANOPEN.1.1.3
2023-07-12 18:52:25,529 [WARN] PackLoader:240 - Cannot read IP mode file for STMicroelectronics.X-CUBE-BLEMGR.2.0.0
2023-07-12 18:52:25,552 [WARN] ConditionMgr:438 - getConditionDescription Invalid condition id : UX DEVICE CLASS RTOS Condition cause : null
2023-07-12 18:52:25,552 [WARN] ConditionMgr:438 - getConditionDescription Invalid condition id : UX DEVICE CLASS RTOS Condition cause : null
2023-07-12 18:52:25,557 [WARN] PackLoader:240 - Cannot read IP mode file for STMicroelectronics.X-CUBE-AZRTOS-H7.3.1.0
2023-07-12 18:52:25,559 [WARN] ConditionMgr:1039 - genDependencies : Invalid condition id : UX DEVICE CLASS RTOS Condition cause : null
2023-07-12 18:52:25,559 [WARN] ConditionMgr:1039 - genDependencies : Invalid condition id : UX DEVICE CLASS RTOS Condition cause : null
2023-07-12 18:52:25,560 [WARN] ConditionMgr:1039 - genDependencies : Invalid condition id : UX DEVICE CLASS RTOS Condition cause : null
2023-07-12 18:52:25,561 [WARN] ConditionMgr:1039 - genDependencies : Invalid condition id : UX DEVICE CLASS RTOS Condition cause : null
2023-07-12 18:52:25,561 [WARN] ConditionMgr:1039 - genDependencies : Invalid condition id : UX DEVICE CLASS RTOS Condition cause : null
2023-07-12 18:52:25,567 [WARN] PackLoader:240 - Cannot read IP mode file for STMicroelectronics.X-CUBE-NFC7.1.0.1
2023-07-12 18:52:25,573 [WARN] PackLoader:240 - Cannot read IP mode file for STMicroelectronics.X-CUBE-EEPRMA1.4.1.0
2023-07-12 18:52:25,616 [WARN] ConditionMgr:438 - getConditionDescription Invalid condition id : LAN8742 Phy interface Condition cause : null
2023-07-12 18:52:25,617 [WARN] PackLoader:240 - Cannot read IP mode file for STMicroelectronics.X-CUBE-AZRTOS-L4.2.0.0
2023-07-12 18:52:25,619 [WARN] ConditionMgr:1039 - genDependencies : Invalid condition id : LAN8742 Phy interface Condition cause : null
2023-07-12 18:52:25,620 [WARN] ConditionMgr:1039 - genDependencies : Invalid condition id : LAN8742 Phy interface Condition cause : null
2023-07-12 18:52:25,620 [WARN] ConditionMgr:1039 - genDependencies : Invalid condition id : LAN8742 Phy interface Condition cause : null
2023-07-12 18:52:25,628 [WARN] PackLoader:240 - Cannot read IP mode file for STMicroelectronics.X-CUBE-SFXS2LP1.4.0.0
2023-07-12 18:52:25,633 [WARN] PackLoader:240 - Cannot read IP mode file for STMicroelectronics.X-CUBE-ISPU.1.1.0
2023-07-12 18:52:25,638 [WARN] PackLoader:240 - Cannot read IP mode file for STMicroelectronics.X-CUBE-FREERTOS.1.0.1
2023-07-12 18:52:25,650 [WARN] PackLoader:240 - Cannot read IP mode file for STMicroelectronics.X-CUBE-AZRTOS-L5.1.1.0
2023-07-12 18:52:25,654 [WARN] PackLoader:240 - Cannot read IP mode file for STMicroelectronics.X-CUBE-AI.8.0.1
2023-07-12 18:52:25,662 [WARN] PackLoader:240 - Cannot read IP mode file for STMicroelectronics.X-CUBE-SUBG2.5.0.0
2023-07-12 18:52:25,677 [WARN] PackLoader:240 - Cannot read IP mode file for STMicroelectronics.X-CUBE-AZRTOS-G4.2.0.0
2023-07-12 18:52:25,686 [WARN] PackLoader:240 - Cannot read IP mode file for STMicroelectronics.X-CUBE-TOF1.3.3.0
2023-07-12 18:52:25,698 [WARN] PackLoader:240 - Cannot read IP mode file for portGmbH.I-Cube-SoM-uGOAL.1.1.0
2023-07-12 18:52:25,700 [WARN] PackLoader:240 - Cannot read IP mode file for STMicroelectronics.X-CUBE-ALS.1.0.1
2023-07-12 18:52:25,710 [WARN] PackLoader:240 - Cannot read IP mode file for STMicroelectronics.X-CUBE-AZRTOS-WB.1.1.0
2023-07-12 18:52:25,714 [WARN] PackLoader:240 - Cannot read IP mode file for STMicroelectronics.FP-ATR-ASTRA1.2.0.0
2023-07-12 18:52:25,714 [INFO] ThirdParty:978 - Integrity check success = true
2023-07-12 18:52:25,715 [INFO] IntegrityCheckThread:100 - exiting critical section [integrity check]
2023-07-12 18:52:25,715 [INFO] IntegrityCheckThread:103 - End integrity checks thread
2023-07-12 18:52:26,449 [INFO] DbExamplesSqlite:376 - Ignored 27 examples not supported by CubeIDE
2023-07-12 18:52:26,449 [INFO] DbExamplesSqlite:377 - Found 7164 examples active
2023-07-12 18:52:26,449 [INFO] DbExamplesSqlite:378 - Found 677 examples obsolete
2023-07-12 18:52:26,449 [INFO] DbExamplesSqlite:379 - Found 0 examples under development
2023-07-12 18:52:26,450 [INFO] DbExamplesSqlite:380 - Found 74 examples not building
2023-07-12 18:52:26,470 [INFO] DbExamples:125 - Found 7211 examples
2023-07-12 18:52:26,512 [ERROR] DbExamples:208 - Found 22 examples with invalid data (board or MCU)
2023-07-12 18:52:26,512 [INFO] DbExamples:222 - Found 91 boards with related examples
2023-07-12 18:52:26,514 [INFO] DbExamples:235 - Found 77 MCUs with related examples
2023-07-12 18:52:26,530 [INFO] ApiDb:423 - Load user favorites file /home/lgomez/.stm32cubeide/favorites.examples.txt: 0 item(s)
2023-07-12 18:52:26,530 [INFO] ApiDb:427 - User favorites Examples=[]
2023-07-12 18:52:26,530 [INFO] DbExamples:250 - Set 0 / 0 favorites Examples
2023-07-12 18:52:26,642 [INFO] McuFinderGlobals:66 - Set McuFinderConnectedMode to true
2023-07-12 18:52:26,652 [INFO] MultiScanPanel:200 - Auto-refresh data requested => check proxy status ongoing
2023-07-12 18:52:26,656 [INFO] FinderPluginLoader:95 - Searching for filters in installed packs
2023-07-12 18:52:28,250 [INFO] LoadUrlFilesThread:185 - End of LoadServerUrlFiles without Thread
2023-07-12 18:52:28,259 [INFO] DetailPanel:341 - Set advertising image to /home/lgomez/STM32Cube/Repository//en.prom-stm32h5-mcu-finder.jpg
2023-07-12 21:06:06,634 [ERROR] LogOutputStream:75 - [STDERR_REDIRECT] Warning: NLS missing message: ExternalToolsPreferencePage_External_tool_project_builders_migration_2 in: org.eclipse.ui.externaltools.internal.ui.ExternalToolsUIMessages
2023-07-12 21:06:06,635 [ERROR] LogOutputStream:75 - [STDERR_REDIRECT] Warning: NLS missing message: ExternalToolsPreferencePage_Prompt_before_migrating_3 in: org.eclipse.ui.externaltools.internal.ui.ExternalToolsUIMessages
2023-07-12 21:06:06,636 [ERROR] LogOutputStream:75 - [STDERR_REDIRECT] Warning: NLS missing message: ExternalToolsPreferencePage_1 in: org.eclipse.ui.externaltools.internal.ui.ExternalToolsUIMessages
2023-07-12 21:11:20,918 [ERROR] LogOutputStream:75 - [STDERR_REDIRECT] org.eclipse.cdt.managedbuilder.core.BuildException: No toolchain option in toolchain configuration org.eclipse.cdt.build.core.prefbase.toolchain.1476533963: 
2023-07-12 21:11:20,919 [ERROR] LogOutputStream:75 - [STDERR_REDIRECT] 	at com.st.stm32cube.ide.mcu.toolchain.ToolChainHelper.getToolChainId(ToolChainHelper.java:166)
2023-07-12 21:11:20,919 [ERROR] LogOutputStream:75 - [STDERR_REDIRECT] 	at com.st.stm32cube.ide.mcu.toolchain.ToolChainHelper.getToolChainInfo(ToolChainHelper.java:109)
2023-07-12 21:11:20,919 [ERROR] LogOutputStream:75 - [STDERR_REDIRECT] 	at com.st.stm32cube.ide.mcu.toolchain.ui.unmanaged.ToolSettingsTab.createControls(ToolSettingsTab.java:149)
2023-07-12 21:11:20,919 [ERROR] LogOutputStream:75 - [STDERR_REDIRECT] 	at org.eclipse.cdt.ui.newui.AbstractCPropertyTab.createControls(AbstractCPropertyTab.java:139)
2023-07-12 21:11:20,920 [ERROR] LogOutputStream:75 - [STDERR_REDIRECT] 	at org.eclipse.cdt.ui.newui.AbstractPage.loadTab(AbstractPage.java:1189)
2023-07-12 21:11:20,920 [ERROR] LogOutputStream:75 - [STDERR_REDIRECT] 	at org.eclipse.cdt.ui.newui.AbstractPage.loadExtensionsSynchronized(AbstractPage.java:1133)
2023-07-12 21:11:20,920 [ERROR] LogOutputStream:75 - [STDERR_REDIRECT] 	at org.eclipse.cdt.ui.newui.AbstractPage.createWidgets(AbstractPage.java:364)
2023-07-12 21:11:20,920 [ERROR] LogOutputStream:75 - [STDERR_REDIRECT] 	at org.eclipse.cdt.ui.newui.AbstractPage.contentForCDT(AbstractPage.java:350)
2023-07-12 21:11:20,920 [ERROR] LogOutputStream:75 - [STDERR_REDIRECT] 	at org.eclipse.cdt.ui.newui.AbstractPage.createContents(AbstractPage.java:247)
2023-07-12 21:11:20,921 [ERROR] LogOutputStream:75 - [STDERR_REDIRECT] 	at org.eclipse.jface.preference.PreferencePage.createControl(PreferencePage.java:244)
2023-07-12 21:11:20,921 [ERROR] LogOutputStream:75 - [STDERR_REDIRECT] 	at org.eclipse.jface.preference.PreferenceDialog.createPageControl(PreferenceDialog.java:1433)
2023-07-12 21:11:20,921 [ERROR] LogOutputStream:75 - [STDERR_REDIRECT] 	at org.eclipse.jface.preference.PreferenceDialog$8.run(PreferenceDialog.java:1196)
2023-07-12 21:11:20,921 [ERROR] LogOutputStream:75 - [STDERR_REDIRECT] 	at org.eclipse.core.runtime.SafeRunner.run(SafeRunner.java:45)
2023-07-12 21:11:20,921 [ERROR] LogOutputStream:75 - [STDERR_REDIRECT] 	at org.eclipse.jface.util.SafeRunnable.run(SafeRunnable.java:174)
2023-07-12 21:11:20,922 [ERROR] LogOutputStream:75 - [STDERR_REDIRECT] 	at org.eclipse.jface.preference.PreferenceDialog.showPage(PreferenceDialog.java:1188)
2023-07-12 21:11:20,922 [ERROR] LogOutputStream:75 - [STDERR_REDIRECT] 	at org.eclipse.ui.internal.dialogs.FilteredPreferenceDialog.showPage(FilteredPreferenceDialog.java:630)
2023-07-12 21:11:20,922 [ERROR] LogOutputStream:75 - [STDERR_REDIRECT] 	at org.eclipse.jface.preference.PreferenceDialog$5.lambda$0(PreferenceDialog.java:660)
2023-07-12 21:11:20,922 [ERROR] LogOutputStream:75 - [STDERR_REDIRECT] 	at org.eclipse.swt.custom.BusyIndicator.showWhile(BusyIndicator.java:74)
2023-07-12 21:11:20,922 [ERROR] LogOutputStream:75 - [STDERR_REDIRECT] 	at org.eclipse.jface.preference.PreferenceDialog$5.selectionChanged(PreferenceDialog.java:657)
2023-07-12 21:11:20,922 [ERROR] LogOutputStream:75 - [STDERR_REDIRECT] 	at org.eclipse.jface.viewers.StructuredViewer$3.run(StructuredViewer.java:821)
2023-07-12 21:11:20,922 [ERROR] LogOutputStream:75 - [STDERR_REDIRECT] 	at org.eclipse.core.runtime.SafeRunner.run(SafeRunner.java:45)
2023-07-12 21:11:20,922 [ERROR] LogOutputStream:75 - [STDERR_REDIRECT] 	at org.eclipse.jface.util.SafeRunnable.run(SafeRunnable.java:174)
2023-07-12 21:11:20,923 [ERROR] LogOutputStream:75 - [STDERR_REDIRECT] 	at org.eclipse.jface.viewers.StructuredViewer.firePostSelectionChanged(StructuredViewer.java:818)
2023-07-12 21:11:20,923 [ERROR] LogOutputStream:75 - [STDERR_REDIRECT] 	at org.eclipse.jface.viewers.StructuredViewer.handlePostSelect(StructuredViewer.java:1191)
2023-07-12 21:11:20,923 [ERROR] LogOutputStream:75 - [STDERR_REDIRECT] 	at org.eclipse.swt.events.SelectionListener$1.widgetSelected(SelectionListener.java:84)
2023-07-12 21:11:20,923 [ERROR] LogOutputStream:75 - [STDERR_REDIRECT] 	at org.eclipse.jface.util.OpenStrategy.firePostSelectionEvent(OpenStrategy.java:284)
2023-07-12 21:11:20,923 [ERROR] LogOutputStream:75 - [STDERR_REDIRECT] 	at org.eclipse.jface.util.OpenStrategy$PostSelectionEvent.run(OpenStrategy.java:132)
2023-07-12 21:11:20,923 [ERROR] LogOutputStream:75 - [STDERR_REDIRECT] 	at org.eclipse.jface.util.Throttler.lambda$0(Throttler.java:58)
2023-07-12 21:11:20,923 [ERROR] LogOutputStream:75 - [STDERR_REDIRECT] 	at org.eclipse.jface.util.Throttler.lambda$1(Throttler.java:66)
2023-07-12 21:11:20,924 [ERROR] LogOutputStream:75 - [STDERR_REDIRECT] 	at org.eclipse.jface.util.Throttler.throttledExec(Throttler.java:91)
2023-07-12 21:11:20,924 [ERROR] LogOutputStream:75 - [STDERR_REDIRECT] 	at org.eclipse.jface.util.OpenStrategy$1.lambda$1(OpenStrategy.java:436)
2023-07-12 21:11:20,924 [ERROR] LogOutputStream:75 - [STDERR_REDIRECT] 	at org.eclipse.swt.widgets.RunnableLock.run(RunnableLock.java:40)
2023-07-12 21:11:20,924 [ERROR] LogOutputStream:75 - [STDERR_REDIRECT] 	at org.eclipse.swt.widgets.Synchronizer.runAsyncMessages(Synchronizer.java:185)
2023-07-12 21:11:20,924 [ERROR] LogOutputStream:75 - [STDERR_REDIRECT] 	at org.eclipse.swt.widgets.Display.runAsyncMessages(Display.java:5101)
2023-07-12 21:11:20,924 [ERROR] LogOutputStream:75 - [STDERR_REDIRECT] 	at org.eclipse.swt.widgets.Display.readAndDispatch(Display.java:4584)
2023-07-12 21:11:20,925 [ERROR] LogOutputStream:75 - [STDERR_REDIRECT] 	at org.eclipse.jface.window.Window.runEventLoop(Window.java:823)
2023-07-12 21:11:20,925 [ERROR] LogOutputStream:75 - [STDERR_REDIRECT] 	at org.eclipse.jface.window.Window.open(Window.java:799)
2023-07-12 21:11:20,925 [ERROR] LogOutputStream:75 - [STDERR_REDIRECT] 	at org.eclipse.ui.dialogs.PropertyDialogAction.run(PropertyDialogAction.java:153)
2023-07-12 21:11:20,925 [ERROR] LogOutputStream:75 - [STDERR_REDIRECT] 	at org.eclipse.jface.action.Action.runWithEvent(Action.java:474)
2023-07-12 21:11:20,925 [ERROR] LogOutputStream:75 - [STDERR_REDIRECT] 	at org.eclipse.jface.action.ActionContributionItem.handleWidgetSelection(ActionContributionItem.java:580)
2023-07-12 21:11:20,925 [ERROR] LogOutputStream:75 - [STDERR_REDIRECT] 	at org.eclipse.jface.action.ActionContributionItem.lambda$4(ActionContributionItem.java:414)
2023-07-12 21:11:20,925 [ERROR] LogOutputStream:75 - [STDERR_REDIRECT] 	at org.eclipse.swt.widgets.EventTable.sendEvent(EventTable.java:89)
2023-07-12 21:11:20,926 [ERROR] LogOutputStream:75 - [STDERR_REDIRECT] 	at org.eclipse.swt.widgets.Display.sendEvent(Display.java:5895)
2023-07-12 21:11:20,926 [ERROR] LogOutputStream:75 - [STDERR_REDIRECT] 	at org.eclipse.swt.widgets.Widget.sendEvent(Widget.java:1520)
2023-07-12 21:11:20,926 [ERROR] LogOutputStream:75 - [STDERR_REDIRECT] 	at org.eclipse.swt.widgets.Display.runDeferredEvents(Display.java:5126)
2023-07-12 21:11:20,926 [ERROR] LogOutputStream:75 - [STDERR_REDIRECT] 	at org.eclipse.swt.widgets.Display.readAndDispatch(Display.java:4581)
2023-07-12 21:11:20,926 [ERROR] LogOutputStream:75 - [STDERR_REDIRECT] 	at org.eclipse.e4.ui.internal.workbench.swt.PartRenderingEngine$5.run(PartRenderingEngine.java:1155)
2023-07-12 21:11:20,926 [ERROR] LogOutputStream:75 - [STDERR_REDIRECT] 	at org.eclipse.core.databinding.observable.Realm.runWithDefault(Realm.java:338)
2023-07-12 21:11:20,927 [ERROR] LogOutputStream:75 - [STDERR_REDIRECT] 	at org.eclipse.e4.ui.internal.workbench.swt.PartRenderingEngine.run(PartRenderingEngine.java:1046)
2023-07-12 21:11:20,927 [ERROR] LogOutputStream:75 - [STDERR_REDIRECT] 	at org.eclipse.e4.ui.internal.workbench.E4Workbench.createAndRunUI(E4Workbench.java:155)
2023-07-12 21:11:20,927 [ERROR] LogOutputStream:75 - [STDERR_REDIRECT] 	at org.eclipse.ui.internal.Workbench.lambda$3(Workbench.java:644)
2023-07-12 21:11:20,927 [ERROR] LogOutputStream:75 - [STDERR_REDIRECT] 	at org.eclipse.core.databinding.observable.Realm.runWithDefault(Realm.java:338)
2023-07-12 21:11:20,927 [ERROR] LogOutputStream:75 - [STDERR_REDIRECT] 	at org.eclipse.ui.internal.Workbench.createAndRunWorkbench(Workbench.java:551)
2023-07-12 21:11:20,927 [ERROR] LogOutputStream:75 - [STDERR_REDIRECT] 	at org.eclipse.ui.PlatformUI.createAndRunWorkbench(PlatformUI.java:156)
2023-07-12 21:11:20,927 [ERROR] LogOutputStream:75 - [STDERR_REDIRECT] 	at org.eclipse.ui.internal.ide.application.IDEApplication.start(IDEApplication.java:152)
2023-07-12 21:11:20,928 [ERROR] LogOutputStream:75 - [STDERR_REDIRECT] 	at org.eclipse.equinox.internal.app.EclipseAppHandle.run(EclipseAppHandle.java:203)
2023-07-12 21:11:20,928 [ERROR] LogOutputStream:75 - [STDERR_REDIRECT] 	at org.eclipse.core.runtime.internal.adaptor.EclipseAppLauncher.runApplication(EclipseAppLauncher.java:136)
2023-07-12 21:11:20,928 [ERROR] LogOutputStream:75 - [STDERR_REDIRECT] 	at org.eclipse.core.runtime.internal.adaptor.EclipseAppLauncher.start(EclipseAppLauncher.java:104)
2023-07-12 21:11:20,928 [ERROR] LogOutputStream:75 - [STDERR_REDIRECT] 	at org.eclipse.core.runtime.adaptor.EclipseStarter.run(EclipseStarter.java:401)
2023-07-12 21:11:20,928 [ERROR] LogOutputStream:75 - [STDERR_REDIRECT] 	at org.eclipse.core.runtime.adaptor.EclipseStarter.run(EclipseStarter.java:255)
2023-07-12 21:11:20,928 [ERROR] LogOutputStream:75 - [STDERR_REDIRECT] 	at java.base/jdk.internal.reflect.NativeMethodAccessorImpl.invoke0(Native Method)
2023-07-12 21:11:20,929 [ERROR] LogOutputStream:75 - [STDERR_REDIRECT] 	at java.base/jdk.internal.reflect.NativeMethodAccessorImpl.invoke(NativeMethodAccessorImpl.java:62)
2023-07-12 21:11:20,929 [ERROR] LogOutputStream:75 - [STDERR_REDIRECT] 	at java.base/jdk.internal.reflect.DelegatingMethodAccessorImpl.invoke(DelegatingMethodAccessorImpl.java:43)
2023-07-12 21:11:20,929 [ERROR] LogOutputStream:75 - [STDERR_REDIRECT] 	at java.base/java.lang.reflect.Method.invoke(Method.java:566)
2023-07-12 21:11:20,929 [ERROR] LogOutputStream:75 - [STDERR_REDIRECT] 	at org.eclipse.equinox.launcher.Main.invokeFramework(Main.java:659)
2023-07-12 21:11:20,929 [ERROR] LogOutputStream:75 - [STDERR_REDIRECT] 	at org.eclipse.equinox.launcher.Main.basicRun(Main.java:596)
2023-07-12 21:11:20,929 [ERROR] LogOutputStream:75 - [STDERR_REDIRECT] 	at org.eclipse.equinox.launcher.Main.run(Main.java:1467)
2023-07-12 21:11:20,930 [ERROR] LogOutputStream:75 - [STDERR_REDIRECT] 	at org.eclipse.equinox.launcher.Main.main(Main.java:1440)
2023-07-12 21:54:00,679 [INFO] Activator:176 - 


2023-07-12 21:54:00,681 [INFO] Activator:177 - !SESSION log4j initialized
2023-07-12 21:54:04,982 [INFO] LogOutputStream:77 - [STDOUT_REDIRECT] 
2023-07-12 21:54:25,684 [ERROR] LogOutputStream:75 - [STDERR_REDIRECT] SLF4J: Failed to load class "org.slf4j.impl.StaticLoggerBinder".
2023-07-12 21:54:25,684 [ERROR] LogOutputStream:75 - [STDERR_REDIRECT] SLF4J: Defaulting to no-operation (NOP) logger implementation
2023-07-12 21:54:25,685 [ERROR] LogOutputStream:75 - [STDERR_REDIRECT] SLF4J: See http://www.slf4j.org/codes.html#StaticLoggerBinder for further details.
2023-07-12 21:58:02,570 [INFO] Activator:176 - 


2023-07-12 21:58:02,572 [INFO] Activator:177 - !SESSION log4j initialized
2023-07-12 21:58:07,732 [INFO] LogOutputStream:77 - [STDOUT_REDIRECT] 
2023-07-12 21:58:28,467 [ERROR] LogOutputStream:75 - [STDERR_REDIRECT] SLF4J: Failed to load class "org.slf4j.impl.StaticLoggerBinder".
2023-07-12 21:58:28,467 [ERROR] LogOutputStream:75 - [STDERR_REDIRECT] SLF4J: Defaulting to no-operation (NOP) logger implementation
2023-07-12 21:58:28,467 [ERROR] LogOutputStream:75 - [STDERR_REDIRECT] SLF4J: See http://www.slf4j.org/codes.html#StaticLoggerBinder for further details.
