2023-07-25 09:50:18,031 [INFO] Activator:176 - 


2023-07-25 09:50:18,036 [INFO] Activator:177 - !SESSION log4j initialized
2023-07-25 09:50:23,335 [INFO] LogOutputStream:77 - [STDOUT_REDIRECT] 
2023-07-25 09:50:45,319 [ERROR] LogOutputStream:75 - [STDERR_REDIRECT] SLF4J: Failed to load class "org.slf4j.impl.StaticLoggerBinder".
2023-07-25 09:50:45,320 [ERROR] LogOutputStream:75 - [STDERR_REDIRECT] SLF4J: Defaulting to no-operation (NOP) logger implementation
2023-07-25 09:50:45,320 [ERROR] LogOutputStream:75 - [STDERR_REDIRECT] SLF4J: See http://www.slf4j.org/codes.html#StaticLoggerBinder for further details.
2023-07-25 09:59:41,674 [ERROR] LogOutputStream:75 - [STDERR_REDIRECT] Warning: NLS missing message: ExternalToolsPreferencePage_External_tool_project_builders_migration_2 in: org.eclipse.ui.externaltools.internal.ui.ExternalToolsUIMessages
2023-07-25 09:59:41,675 [ERROR] LogOutputStream:75 - [STDERR_REDIRECT] Warning: NLS missing message: ExternalToolsPreferencePage_Prompt_before_migrating_3 in: org.eclipse.ui.externaltools.internal.ui.ExternalToolsUIMessages
2023-07-25 09:59:41,675 [ERROR] LogOutputStream:75 - [STDERR_REDIRECT] Warning: NLS missing message: ExternalToolsPreferencePage_1 in: org.eclipse.ui.externaltools.internal.ui.ExternalToolsUIMessages
2023-07-25 12:32:07,270 [INFO] Activator:176 - 


2023-07-25 12:32:07,272 [INFO] Activator:177 - !SESSION log4j initialized
2023-07-25 12:32:11,852 [INFO] LogOutputStream:77 - [STDOUT_REDIRECT] 
2023-07-25 12:32:33,884 [ERROR] LogOutputStream:75 - [STDERR_REDIRECT] SLF4J: Failed to load class "org.slf4j.impl.StaticLoggerBinder".
2023-07-25 12:32:33,885 [ERROR] LogOutputStream:75 - [STDERR_REDIRECT] SLF4J: Defaulting to no-operation (NOP) logger implementation
2023-07-25 12:32:33,885 [ERROR] LogOutputStream:75 - [STDERR_REDIRECT] SLF4J: See http://www.slf4j.org/codes.html#StaticLoggerBinder for further details.
2023-07-25 12:35:02,163 [INFO] ApplicationProperties:184 - Using Application install path: /opt/st/stm32cubeide_1.12.1/plugins/com.st.stm32cube.common.mx_6.8.1.202304191431
2023-07-25 12:35:02,181 [INFO] DbMcusXml:78 - Set database path to: /opt/st/stm32cubeide_1.12.1/plugins/com.st.stm32cube.common.mx_6.8.1.202304191431//db//mcu/
2023-07-25 12:35:02,182 [INFO] ApiDb:274 - Set plugin database path to: /opt/st/stm32cubeide_1.12.1/plugins/com.st.stm32cube.common.mx_6.8.1.202304191431//db//plugins/boardmanager/
2023-07-25 12:35:02,185 [WARN] ApiDb:259 - Overriding images path with different value:  => /opt/st/stm32cubeide_1.12.1/plugins/com.st.stm32cube.common.mx_6.8.1.202304191431//db//plugins/mcufinder/images/
2023-07-25 12:35:02,200 [INFO] ApiDb:250 - Set database path to: /home/lgomez/.stmcufinder/plugins/mcufinder//mcu/
2023-07-25 12:35:02,202 [INFO] DbMcusAds:125 - Set database path to: /home/lgomez/.stmcufinder/plugins/mcufinder//mcu/
2023-07-25 12:35:02,211 [INFO] CrossReferenceDbSqlite:203 - Set database path to: /home/lgomez/.stmcufinder/plugins/mcufinder//mcu/cs/
2023-07-25 12:35:02,348 [INFO] RulesReader:64 - Compatibility file has been processed (293 Rules)
2023-07-25 12:35:02,410 [INFO] DbMcusXml:78 - Set database path to: /opt/st/stm32cubeide_1.12.1/plugins/com.st.stm32cube.common.mx_6.8.1.202304191431//db//mcu/
2023-07-25 12:35:02,411 [INFO] ApiDb:274 - Set plugin database path to: /opt/st/stm32cubeide_1.12.1/plugins/com.st.stm32cube.common.mx_6.8.1.202304191431//db//plugins/boardmanager/
2023-07-25 12:35:02,411 [INFO] ApiDb:261 - Set plugin images path to: /opt/st/stm32cubeide_1.12.1/plugins/com.st.stm32cube.common.mx_6.8.1.202304191431//db//plugins/mcufinder/images/
2023-07-25 12:35:02,411 [WARN] DbFile:41 - Overriding database path with different value: /home/lgomez/.stmcufinder/plugins/mcufinder/ => /home/lgomez/.stmcufinder/plugins/mcufinder
2023-07-25 12:35:02,411 [INFO] ApiDb:250 - Set database path to: /home/lgomez/.stmcufinder/plugins/mcufinder//mcu/
2023-07-25 12:35:02,412 [WARN] DbFile:41 - Overriding database path with different value: /home/lgomez/.stmcufinder/plugins/mcufinder/ => /home/lgomez/.stmcufinder/plugins/mcufinder
2023-07-25 12:35:02,412 [INFO] DbMcusAds:125 - Set database path to: /home/lgomez/.stmcufinder/plugins/mcufinder//mcu/
2023-07-25 12:35:02,412 [WARN] DbFile:41 - Overriding database path with different value: /home/lgomez/.stmcufinder/plugins/mcufinder/ => /home/lgomez/.stmcufinder/plugins/mcufinder
2023-07-25 12:35:02,412 [WARN] DbFile:41 - Overriding database path with different value: /home/lgomez/.stmcufinder/plugins/mcufinder/ => /home/lgomez/.stmcufinder/plugins/mcufinder
2023-07-25 12:35:02,412 [INFO] CrossReferenceDbSqlite:203 - Set database path to: /home/lgomez/.stmcufinder/plugins/mcufinder//mcu/cs/
2023-07-25 12:35:02,477 [INFO] MainPanel:253 - HeapMemory: 386924544
2023-07-25 12:35:02,582 [INFO] DbMcusXml:78 - Set database path to: /opt/st/stm32cubeide_1.12.1/plugins/com.st.stm32cube.common.mx_6.8.1.202304191431//db//mcu/
2023-07-25 12:35:02,582 [INFO] ApiDb:274 - Set plugin database path to: /opt/st/stm32cubeide_1.12.1/plugins/com.st.stm32cube.common.mx_6.8.1.202304191431//db//plugins/boardmanager/
2023-07-25 12:35:02,582 [INFO] ApiDb:261 - Set plugin images path to: /opt/st/stm32cubeide_1.12.1/plugins/com.st.stm32cube.common.mx_6.8.1.202304191431//db//plugins/mcufinder/images/
2023-07-25 12:35:02,583 [WARN] DbFile:41 - Overriding database path with different value: /home/lgomez/.stmcufinder/plugins/mcufinder/ => /home/lgomez/.stmcufinder/plugins/mcufinder
2023-07-25 12:35:02,583 [INFO] ApiDb:250 - Set database path to: /home/lgomez/.stmcufinder/plugins/mcufinder//mcu/
2023-07-25 12:35:02,583 [WARN] DbFile:41 - Overriding database path with different value: /home/lgomez/.stmcufinder/plugins/mcufinder/ => /home/lgomez/.stmcufinder/plugins/mcufinder
2023-07-25 12:35:02,583 [INFO] DbMcusAds:125 - Set database path to: /home/lgomez/.stmcufinder/plugins/mcufinder//mcu/
2023-07-25 12:35:02,583 [WARN] DbFile:41 - Overriding database path with different value: /home/lgomez/.stmcufinder/plugins/mcufinder/ => /home/lgomez/.stmcufinder/plugins/mcufinder
2023-07-25 12:35:02,583 [WARN] DbFile:41 - Overriding database path with different value: /home/lgomez/.stmcufinder/plugins/mcufinder/ => /home/lgomez/.stmcufinder/plugins/mcufinder
2023-07-25 12:35:02,583 [INFO] CrossReferenceDbSqlite:203 - Set database path to: /home/lgomez/.stmcufinder/plugins/mcufinder//mcu/cs/
2023-07-25 12:35:02,600 [INFO] ApplicationProperties:184 - Using Application install path: /opt/st/stm32cubeide_1.12.1/plugins/com.st.stm32cube.common.mx_6.8.1.202304191431
2023-07-25 12:35:02,602 [INFO] PluginManage:196 - Search for loadable plugins [exclusion list=, ]
2023-07-25 12:35:02,603 [INFO] PluginManage:310 - Check plugin analytics
2023-07-25 12:35:02,733 [INFO] AnalyticsPlugin:253 - Accepted Software Licenses: 
2023-07-25 12:35:02,733 [INFO] AnalyticsPlugin:255 - Accepted CMSIS Pack Licenses: 
2023-07-25 12:35:02,733 [INFO] AnalyticsPlugin:257 - Accepted Firmware Licenses: FW.F4.1.27.0
2023-07-25 12:35:02,740 [INFO] PluginManage:359 - Loaded plugin analytics (category:tool,tabindex:-1)
2023-07-25 12:35:02,740 [INFO] PluginManage:310 - Check plugin cadmodel
2023-07-25 12:35:02,973 [INFO] CADModel:105 - Init CAD model plugin
2023-07-25 12:35:02,973 [INFO] PluginManage:359 - Loaded plugin cadmodel (category:power,tabindex:5)
2023-07-25 12:35:02,973 [INFO] PluginManage:310 - Check plugin clock
2023-07-25 12:35:02,981 [INFO] PluginManage:359 - Loaded plugin clock (category:base,tabindex:2)
2023-07-25 12:35:02,981 [INFO] PluginManage:310 - Check plugin ddr
2023-07-25 12:35:02,983 [INFO] PluginManage:359 - Loaded plugin ddr (category:tool,tabindex:6)
2023-07-25 12:35:02,983 [INFO] PluginManage:310 - Check plugin filemanager
2023-07-25 12:35:03,130 [INFO] PluginManage:359 - Loaded plugin filemanager (category:base,tabindex:10)
2023-07-25 12:35:03,130 [INFO] PluginManage:310 - Check plugin ipmanager
2023-07-25 12:35:03,138 [INFO] PluginManage:359 - Loaded plugin ipmanager (category:base,tabindex:5)
2023-07-25 12:35:03,138 [INFO] PluginManage:310 - Check plugin lpbam
2023-07-25 12:35:03,149 [INFO] PluginManage:359 - Loaded plugin lpbam (category:base,tabindex:0)
2023-07-25 12:35:03,149 [INFO] PluginManage:310 - Check plugin pinoutandconfiguration
2023-07-25 12:35:03,156 [INFO] PluginManage:359 - Loaded plugin pinoutandconfiguration (category:base,tabindex:1)
2023-07-25 12:35:03,157 [INFO] PluginManage:310 - Check plugin pinoutconfig
2023-07-25 12:35:03,222 [WARN] SupportedApi:132 - Cannot load RTOS API schema: s4s-elt-must-match.1: The content of 'definitions' must match (annotation?, (simpleType | complexType)?, (unique | key | keyref)*)). A problem was found starting at: attribute.
2023-07-25 12:35:03,352 [INFO] PluginManage:359 - Loaded plugin pinoutconfig (category:base,tabindex:0)
2023-07-25 12:35:03,352 [INFO] PluginManage:310 - Check plugin power
2023-07-25 12:35:03,363 [INFO] PluginManage:359 - Loaded plugin power (category:power,tabindex:4)
2023-07-25 12:35:03,363 [INFO] PluginManage:310 - Check plugin projectmanager
2023-07-25 12:35:03,402 [INFO] PluginManage:359 - Loaded plugin projectmanager (category:projectmanager,tabindex:3)
2023-07-25 12:35:03,402 [INFO] PluginManage:310 - Check plugin thirdparty
2023-07-25 12:35:03,505 [WARN] IntegrityCheckThread:84 - waiting for thirdparty lock release [integrity check]
2023-07-25 12:35:03,505 [INFO] PluginManage:359 - Loaded plugin thirdparty (category:base,tabindex:-1)
2023-07-25 12:35:03,505 [INFO] IntegrityCheckThread:86 - entering critical section [integrity check]
2023-07-25 12:35:03,506 [INFO] PluginManage:310 - Check plugin tools
2023-07-25 12:35:03,508 [INFO] ThirdPartyUpdaterWithRetryManager:70 - Updater plugin not ready yet. [1/15]
2023-07-25 12:35:03,508 [INFO] PluginManage:359 - Loaded plugin tools (category:base,tabindex:7)
2023-07-25 12:35:03,508 [INFO] PluginManage:310 - Check plugin tutovideos
2023-07-25 12:35:03,690 [INFO] PluginManage:359 - Loaded plugin tutovideos (category:base,tabindex:-1)
2023-07-25 12:35:03,690 [INFO] PluginManage:310 - Check plugin updater
2023-07-25 12:35:03,705 [INFO] PluginManage:359 - Loaded plugin updater (category:base,tabindex:12)
2023-07-25 12:35:03,705 [INFO] PluginManage:283 - PluginManage : Loaded plugins [15]
2023-07-25 12:35:03,904 [INFO] PinOutPanel:1499 - setPackage(No Configuration,No Configuration)
2023-07-25 12:35:03,964 [INFO] CADModel:165 - CPN selected for project level
2023-07-25 12:35:03,964 [INFO] CADModel:114 - Register for checkConnection events
2023-07-25 12:35:03,978 [INFO] IPUIPlugin:80 - create IPUIPlugin
2023-07-25 12:35:03,978 [INFO] PluginManager:220 - loadIPPluginJar : add pdm2pcm
2023-07-25 12:35:03,982 [INFO] IPUIPlugin:80 - create IPUIPlugin
2023-07-25 12:35:03,982 [INFO] PluginManager:220 - loadIPPluginJar : add opamp
2023-07-25 12:35:03,988 [INFO] IPUIPlugin:80 - create IPUIPlugin
2023-07-25 12:35:03,988 [INFO] PluginManager:220 - loadIPPluginJar : add adc
2023-07-25 12:35:03,994 [INFO] IPUIPlugin:80 - create IPUIPlugin
2023-07-25 12:35:03,997 [INFO] PluginManager:220 - loadIPPluginJar : add plateformsettings
2023-07-25 12:35:03,999 [INFO] IPUIPlugin:80 - create IPUIPlugin
2023-07-25 12:35:04,000 [INFO] PluginManager:220 - loadIPPluginJar : add dma3
2023-07-25 12:35:04,002 [INFO] IPUIPlugin:80 - create IPUIPlugin
2023-07-25 12:35:04,002 [INFO] PluginManager:220 - loadIPPluginJar : add i3c
2023-07-25 12:35:04,005 [INFO] IPUIPlugin:80 - create IPUIPlugin
2023-07-25 12:35:04,005 [INFO] PluginManager:220 - loadIPPluginJar : add gtzc
2023-07-25 12:35:04,008 [INFO] IPUIPlugin:80 - create IPUIPlugin
2023-07-25 12:35:04,008 [INFO] PluginManager:220 - loadIPPluginJar : add touchsensing
2023-07-25 12:35:04,011 [INFO] IPUIPlugin:80 - create IPUIPlugin
2023-07-25 12:35:04,011 [INFO] PluginManager:220 - loadIPPluginJar : add aes
2023-07-25 12:35:04,013 [INFO] IPUIPlugin:80 - create IPUIPlugin
2023-07-25 12:35:04,013 [INFO] PluginManager:220 - loadIPPluginJar : add i2c
2023-07-25 12:35:04,020 [INFO] IPUIPlugin:80 - create IPUIPlugin
2023-07-25 12:35:04,020 [INFO] PluginManager:220 - loadIPPluginJar : add linkedlist
2023-07-25 12:35:04,024 [INFO] IPUIPlugin:80 - create IPUIPlugin
2023-07-25 12:35:04,024 [INFO] PluginManager:220 - loadIPPluginJar : add nvic
2023-07-25 12:35:04,025 [INFO] IPUIPlugin:80 - create IPUIPlugin
2023-07-25 12:35:04,025 [INFO] PluginManager:220 - loadIPPluginJar : add quadspi
2023-07-25 12:35:04,028 [INFO] IPUIPlugin:80 - create IPUIPlugin
2023-07-25 12:35:04,028 [INFO] PluginManager:220 - loadIPPluginJar : add cryp
2023-07-25 12:35:04,029 [INFO] IPUIPlugin:80 - create IPUIPlugin
2023-07-25 12:35:04,029 [INFO] PluginManager:220 - loadIPPluginJar : add comp
2023-07-25 12:35:04,032 [INFO] IPUIPlugin:80 - create IPUIPlugin
2023-07-25 12:35:04,032 [INFO] PluginManager:220 - loadIPPluginJar : add usart
2023-07-25 12:35:04,033 [INFO] IPUIPlugin:80 - create IPUIPlugin
2023-07-25 12:35:04,033 [INFO] PluginManager:220 - loadIPPluginJar : add tim
2023-07-25 12:35:04,039 [INFO] IPUIPlugin:80 - create IPUIPlugin
2023-07-25 12:35:04,039 [INFO] PluginManager:220 - loadIPPluginJar : add gic
2023-07-25 12:35:04,041 [INFO] IPUIPlugin:80 - create IPUIPlugin
2023-07-25 12:35:04,041 [INFO] PluginManager:220 - loadIPPluginJar : add gfxmmu
2023-07-25 12:35:04,046 [INFO] IPUIPlugin:80 - create IPUIPlugin
2023-07-25 12:35:04,046 [INFO] PluginManager:220 - loadIPPluginJar : add freertos
2023-07-25 12:35:04,048 [INFO] IPUIPlugin:80 - create IPUIPlugin
2023-07-25 12:35:04,048 [INFO] PluginManager:220 - loadIPPluginJar : add tracer_emb
2023-07-25 12:35:04,049 [INFO] IPUIPlugin:80 - create IPUIPlugin
2023-07-25 12:35:04,049 [INFO] PluginManager:220 - loadIPPluginJar : add fatfs
2023-07-25 12:35:04,055 [INFO] IPUIPlugin:80 - create IPUIPlugin
2023-07-25 12:35:04,056 [INFO] PluginManager:220 - loadIPPluginJar : add mdma
2023-07-25 12:35:04,058 [INFO] IPUIPlugin:80 - create IPUIPlugin
2023-07-25 12:35:04,058 [INFO] PluginManager:220 - loadIPPluginJar : add dfsdm
2023-07-25 12:35:04,061 [INFO] IPUIPlugin:80 - create IPUIPlugin
2023-07-25 12:35:04,061 [INFO] PluginManager:220 - loadIPPluginJar : add openamp
2023-07-25 12:35:04,063 [INFO] IPUIPlugin:80 - create IPUIPlugin
2023-07-25 12:35:04,063 [INFO] PluginManager:220 - loadIPPluginJar : add i2s
2023-07-25 12:35:04,065 [INFO] IPUIPlugin:80 - create IPUIPlugin
2023-07-25 12:35:04,065 [INFO] PluginManager:220 - loadIPPluginJar : add hash
2023-07-25 12:35:04,069 [INFO] IPUIPlugin:80 - create IPUIPlugin
2023-07-25 12:35:04,069 [INFO] PluginManager:220 - loadIPPluginJar : add resmgrutility
2023-07-25 12:35:04,071 [INFO] IPUIPlugin:80 - create IPUIPlugin
2023-07-25 12:35:04,071 [INFO] PluginManager:220 - loadIPPluginJar : add ltdc
2023-07-25 12:35:04,077 [INFO] IPUIPlugin:80 - create IPUIPlugin
2023-07-25 12:35:04,077 [INFO] PluginManager:220 - loadIPPluginJar : add dma
2023-07-25 12:35:04,080 [INFO] IPUIPlugin:80 - create IPUIPlugin
2023-07-25 12:35:04,080 [INFO] PluginManager:220 - loadIPPluginJar : add sai
2023-07-25 12:35:04,082 [INFO] IPUIPlugin:80 - create IPUIPlugin
2023-07-25 12:35:04,082 [INFO] PluginManager:220 - loadIPPluginJar : add lorawan
2023-07-25 12:35:04,084 [INFO] IPUIPlugin:80 - create IPUIPlugin
2023-07-25 12:35:04,084 [INFO] PluginManager:220 - loadIPPluginJar : add genericplugin
2023-07-25 12:35:04,086 [INFO] IPUIPlugin:80 - create IPUIPlugin
2023-07-25 12:35:04,087 [INFO] PluginManager:220 - loadIPPluginJar : add can
2023-07-25 12:35:04,089 [INFO] IPUIPlugin:80 - create IPUIPlugin
2023-07-25 12:35:04,089 [INFO] PluginManager:220 - loadIPPluginJar : add ts
2023-07-25 12:35:04,093 [INFO] IPUIPlugin:80 - create IPUIPlugin
2023-07-25 12:35:04,093 [INFO] PluginManager:220 - loadIPPluginJar : add gpio
2023-07-25 12:35:04,096 [INFO] IPUIPlugin:80 - create IPUIPlugin
2023-07-25 12:35:04,096 [INFO] PluginManager:220 - loadIPPluginJar : add usbx
2023-07-25 12:35:04,097 [INFO] IPUIPlugin:80 - create IPUIPlugin
2023-07-25 12:35:04,097 [INFO] PluginManager:220 - loadIPPluginJar : add tsc
2023-07-25 12:35:04,099 [INFO] IPUIPlugin:80 - create IPUIPlugin
2023-07-25 12:35:04,099 [INFO] PluginManager:220 - loadIPPluginJar : add ucpd
2023-07-25 12:35:04,102 [INFO] IPUIPlugin:80 - create IPUIPlugin
2023-07-25 12:35:04,102 [INFO] PluginManager:220 - loadIPPluginJar : add ipddr
2023-07-25 12:35:04,106 [INFO] IPUIPlugin:80 - create IPUIPlugin
2023-07-25 12:35:04,106 [INFO] PluginManager:220 - loadIPPluginJar : add stm32_wpan
2023-07-25 12:35:04,108 [INFO] IPUIPlugin:80 - create IPUIPlugin
2023-07-25 12:35:04,108 [INFO] PluginManager:220 - loadIPPluginJar : add spi
2023-07-25 12:35:04,112 [INFO] IPUIPlugin:80 - create IPUIPlugin
2023-07-25 12:35:04,112 [INFO] PluginManager:220 - loadIPPluginJar : add fmc
2023-07-25 12:35:04,217 [INFO] CADModel:165 - CPN selected for project level
2023-07-25 12:35:04,217 [INFO] CADModel:114 - Register for checkConnection events
2023-07-25 12:35:04,217 [FATAL] Updater:308 - Updater called before beeing initialized
2023-07-25 12:35:04,217 [ERROR] CADModel:125 - Updater not yet initialized, retry later 
2023-07-25 12:35:04,358 [INFO] CADModel:165 - CPN selected for project level
2023-07-25 12:35:04,358 [INFO] CADModel:114 - Register for checkConnection events
2023-07-25 12:35:04,358 [FATAL] Updater:308 - Updater called before beeing initialized
2023-07-25 12:35:04,359 [ERROR] CADModel:125 - Updater not yet initialized, retry later 
2023-07-25 12:35:04,363 [FATAL] Updater:308 - Updater called before beeing initialized
2023-07-25 12:35:04,467 [FATAL] Updater:308 - Updater called before beeing initialized
2023-07-25 12:35:04,476 [INFO] DbMcusAds:53 - JSON generation date=Tue Mar 07 05:50:55 CLST 2023 (1678179055114)
2023-07-25 12:35:04,476 [FATAL] Updater:308 - Updater called before beeing initialized
2023-07-25 12:35:04,528 [WARN] DetailPanel:346 - Failed to get advertising image, set to default
2023-07-25 12:35:04,684 [FATAL] Updater:308 - Updater called before beeing initialized
2023-07-25 12:35:04,687 [FATAL] Updater:308 - Updater called before beeing initialized
2023-07-25 12:35:04,687 [FATAL] Updater:308 - Updater called before beeing initialized
2023-07-25 12:35:04,687 [WARN] DetailPanel:346 - Failed to get advertising image, set to default
2023-07-25 12:35:04,689 [FATAL] Updater:308 - Updater called before beeing initialized
2023-07-25 12:35:04,732 [ERROR] Updater:1120 - MainUpdater not yet initialized. External WinMGr cannot be set.
2023-07-25 12:35:04,736 [INFO] Updater:1056 - Updater Version found : 6.8.1
2023-07-25 12:35:04,761 [INFO] ApplicationProperties:184 - Using Application install path: /opt/st/stm32cubeide_1.12.1/plugins/com.st.stm32cube.common.mx_6.8.1.202304191431
2023-07-25 12:35:04,904 [INFO] MainUpdater:2854 - connection check result : 10
2023-07-25 12:35:04,904 [INFO] MainUpdater:283 - Updater Check For Update Now.
2023-07-25 12:35:04,904 [INFO] MicroXplorer:498 - Change Database Version : DB.6.0.81
2023-07-25 12:35:05,064 [INFO] CheckServerUpdateThread:120 - End of CheckServer Thread
2023-07-25 12:35:05,111 [INFO] MainUpdater:2854 - connection check result : 10
2023-07-25 12:35:05,486 [INFO] ApiDb:581 - Connected to CubeFinder SQLite database (/home/lgomez/.stmcufinder/plugins/mcufinder/mcu/cube-finder-db.db)
2023-07-25 12:35:05,554 [INFO] ApiDb:668 - CubeFinder database Data Model version=2.1
2023-07-25 12:35:05,555 [INFO] ApiDb:669 - CubeFinder database Configuration version=3.0.37
2023-07-25 12:35:05,555 [INFO] ApiDb:670 - CubeFinder database generation date=2023-06-26 (1687786131)
2023-07-25 12:35:05,555 [INFO] ApiDb:671 - CubeFinder database FW Pack versions=[FP-ATR-ASTRA1_V2.0.0, FP-SNS-FLIGHT1_V5.0.1, FP-SNS-MOTENV1_V4.3.1, STM32Cube_FW_C0_V1.1.0, STM32Cube_FW_F4_V1.27.1, STM32Cube_FW_F7_V1.17.0, STM32Cube_FW_G0_V1.6.1, STM32Cube_FW_G4_V1.5.1, STM32Cube_FW_H5_V0.5.1, STM32Cube_FW_H5_V1.1.0, STM32Cube_FW_H7_V1.11.0, STM32Cube_FW_L0_V1.12.2, STM32Cube_FW_L5_V1.5.0, STM32Cube_FW_U5_V1.3.0, STM32Cube_FW_U5_V1.3.0RC4, STM32Cube_FW_WBA_V1.0.0RC1, STM32Cube_FW_WBA_V1.1.0, STM32Cube_FW_WBA_V1.1.0RC1, STM32Cube_FW_WB_V1.15.0RC1, STM32Cube_FW_WB_V1.16.0, STM32Cube_FW_WB_V1.16.0RC2, STM32Cube_FW_WB_V1.17.0, STM32Cube_FW_WL_V1.3.0, X-CUBE-ALGOBUILD_V1.3.0, X-CUBE-ALS_V1.0.1, X-CUBE-AZRTOS-F4_V1.1.0, X-CUBE-AZRTOS-F7_V1.1.0, X-CUBE-AZRTOS-G0_V1.1.0, X-CUBE-AZRTOS-G4_V2.0.0, X-CUBE-AZRTOS-H7_V3.1.0, X-CUBE-AZRTOS-L4_V1.0.0, X-CUBE-AZRTOS-L4_V2.0.0, X-CUBE-AZRTOS-L5_V1.1.0, X-CUBE-AZRTOS-WB_V1.1.0, X-CUBE-AZRTOS-WL_V2.0.0, X-CUBE-BLE1_V6.2.4, X-CUBE-BLE2_V3.3.0, X-CUBE-BLEMGR_V2.0.0, X-CUBE-EEPRMA1_V4.1.0, X-CUBE-FREERTOS_V1.0.1, X-CUBE-GNSS1_V6.0.0, X-CUBE-MEMS1_V9.1.0, X-CUBE-MEMS1_V9.4.0, X-CUBE-MEMS1_V9.6.0, X-CUBE-NFC4_V3.0.0, X-CUBE-NFC7_V1.0.0, X-CUBE-SFXS2LP1_V4.0.0, X-CUBE-SUBG2_V5.0.0]
2023-07-25 12:35:05,690 [INFO] DbBoardsSqlite:226 - include board P-NUCLEO-WB55-NUCLEO as a kit item of type 'Nucleo-64'
2023-07-25 12:35:05,691 [INFO] DbBoardsSqlite:226 - include board P-NUCLEO-WB55-USBDONGLE as a kit item of type 'Nucleo USB Dongle'
2023-07-25 12:35:05,692 [INFO] DbBoardsSqlite:226 - include board STEVAL-IDP005V1 as a kit item of type 'Evaluation Board'
2023-07-25 12:35:05,692 [INFO] DbBoardsSqlite:226 - include board STEVAL-IDP005V2 as a kit item of type 'Evaluation Board'
2023-07-25 12:35:05,774 [INFO] ApiDb:240 - Found 297 in-development CPN: [B-G473E-ZEST1S, B-WB1M-WPAN1, B-WL5M-SUBG1, NUCLEO-C031C6, NUCLEO-H503RB, NUCLEO-H563ZI, NUCLEO-U545RE-Q, NUCLEO-U5A5ZJ-Q, NUCLEO-WBA52CG, STEVAL-PROTEUS1, STEVAL-STWINBX1, STM320518-EVAL, STM32C0116-DK, STM32C011D6Y3TR, STM32C011D6Y6TR, STM32C011F4P3, STM32C011F4P6, STM32C011F4U3, STM32C011F4U6TR, STM32C011F6P3, STM32C011F6P6, STM32C011F6U3, STM32C011F6U6TR, STM32C011J4M3, STM32C011J4M6, STM32C011J6M3, STM32C011J6M6, STM32C0316-DK, STM32C031C4T3, STM32C031C4T6, STM32C031C4U3, STM32C031C4U6, STM32C031C6T3, STM32C031C6T6, STM32C031C6U3, STM32C031C6U6, STM32C031F4P3, STM32C031F4P6, STM32C031F6P3, STM32C031F6P6, STM32C031G4U3, STM32C031G4U6, STM32C031G6U3, STM32C031G6U6, STM32C031K4T3, STM32C031K4T6, STM32C031K4U3, STM32C031K4U6, STM32C031K6T3, STM32C031K6T6, STM32C031K6U3, STM32C031K6U6, STM32G071K8TXN, STM32G071K8UXN, STM32G081GBU6N, STM32G081KBT6N, STM32G081KBUXN, STM32G0B1CCT6N, STM32G0B1KCT6, STM32G0B1NEY6TR, STM32G0B1RCT6N, STM32G0C1CCT6, STM32G0C1CCT6N, STM32G0C1CCU6N, STM32G0C1CET6N, STM32G0C1CEU6N, STM32G0C1KCT6, STM32G0C1NEY6TR, STM32G0C1RCI6N, STM32G0C1RCT6N, STM32G0C1REI6N, STM32G0C1RET6N, STM32G0C1VCI6, STM32G0C1VEI6, STM32G471CCT6, STM32G471CCU6, STM32G471CET3, STM32G471CET6, STM32G471CEU3, STM32G471CEU6, STM32G471MCT6, STM32G471MET3, STM32G471MET6, STM32G471MEY6TR, STM32G471QCT6, STM32G471QET3, STM32G471RCT6, STM32G471RET3, STM32G471RET6, STM32G471VCH6, STM32G471VCI6, STM32G471VCT6, STM32G471VEH3, STM32G471VEH6, STM32G471VEI3, STM32G471VEI6, STM32G471VET3, STM32G471VET6, STM32G474CCT6, STM32H503CBT6, STM32H503CBU6, STM32H503EBY6TR, STM32H503KBU6, STM32H503RBT6, STM32H562AGI6, STM32H562AII6, STM32H562IGK6, STM32H562IGT6, STM32H562IIK6, STM32H562IIT6, STM32H562RGT6, STM32H562RGV6, STM32H562RIT6, STM32H562RIV6, STM32H562VGT6, STM32H562VIT6, STM32H562ZGT6, STM32H562ZIT6, STM32H563AGI6, STM32H563AII3Q, STM32H563AII6, STM32H563IGK6, STM32H563IGT6, STM32H563IIK3Q, STM32H563IIK6, STM32H563IIT3Q, STM32H563IIT6, STM32H563MIY3QTR, STM32H563RGT6, STM32H563RGV6, STM32H563RIT6, STM32H563RIV6, STM32H563VGT6, STM32H563VIT3Q, STM32H563VIT6, STM32H563ZGT6, STM32H563ZIT3Q, STM32H563ZIT6, STM32H573AII3Q, STM32H573AII6, STM32H573I-DK, STM32H573IIK3Q, STM32H573IIK6, STM32H573IIT3Q, STM32H573IIT6, STM32H573MIY3QTR, STM32H573RIT6, STM32H573RIV6, STM32H573VIT3Q, STM32H573VIT6, STM32H573ZIT3Q, STM32H573ZIT6, STM32L4R5QGI6STR, STM32MP131AAE3, STM32MP131AAF3, STM32MP131AAG3, STM32MP131CAE3, STM32MP131CAF3, STM32MP131CAG3, STM32MP131DAE7, STM32MP131DAF7, STM32MP131DAG7, STM32MP131FAE7, STM32MP131FAF7, STM32MP131FAG7, STM32MP133AAE3, STM32MP133AAF3, STM32MP133AAG3, STM32MP133CAE3, STM32MP133CAF3, STM32MP133CAG3, STM32MP133DAE7, STM32MP133DAF7, STM32MP133DAG7, STM32MP133FAE7, STM32MP133FAF7, STM32MP133FAG7, STM32MP135AAE3, STM32MP135AAF3, STM32MP135AAG3, STM32MP135CAE3, STM32MP135CAF3, STM32MP135CAG3, STM32MP135DAE7, STM32MP135DAF7, STM32MP135DAG7, STM32MP135F-DK, STM32MP135FAE7, STM32MP135FAF7, STM32MP135FAF7T, STM32MP135FAF7U, STM32MP135FAG7, STM32U535CBT6, STM32U535CBT6Q, STM32U535CBU6, STM32U535CBU6Q, STM32U535CCT6, STM32U535CCT6Q, STM32U535CCU6, STM32U535CCU6Q, STM32U535CET6, STM32U535CET6Q, STM32U535CEU6, STM32U535CEU6Q, STM32U535JEY6QTR, STM32U535NCY6QTR, STM32U535NEY6QTR, STM32U535RBI6, STM32U535RBI6Q, STM32U535RBT6, STM32U535RBT6Q, STM32U535RCI6, STM32U535RCI6Q, STM32U535RCT6, STM32U535RCT6Q, STM32U535REI6, STM32U535REI6Q, STM32U535RET6, STM32U535RET6Q, STM32U535VCI6, STM32U535VCI6Q, STM32U535VCT6, STM32U535VCT6Q, STM32U535VEI6, STM32U535VEI6Q, STM32U535VET6, STM32U535VET6Q, STM32U545CET6, STM32U545CET6Q, STM32U545CEU6, STM32U545CEU6Q, STM32U545JEY6QTR, STM32U545NEY6QTR, STM32U545REI6, STM32U545REI6Q, STM32U545RET6, STM32U545RET6Q, STM32U545VEI6, STM32U545VEI6Q, STM32U545VET6, STM32U545VET6Q, STM32U595AIH6, STM32U595AIH6Q, STM32U595AJH6, STM32U595AJH6Q, STM32U595QII6, STM32U595QII6Q, STM32U595QJI6, STM32U595QJI6Q, STM32U595RIT6, STM32U595RIT6Q, STM32U595RJT6, STM32U595RJT6Q, STM32U595VIT6, STM32U595VIT6Q, STM32U595VJT6, STM32U595VJT6Q, STM32U595ZIT6, STM32U595ZIT6Q, STM32U595ZIY6QTR, STM32U595ZJT6, STM32U595ZJT6Q, STM32U595ZJY6QTR, STM32U599BJY6QTR, STM32U599NIH6Q, STM32U599NJH6Q, STM32U599VIT6Q, STM32U599VJT6, STM32U599VJT6Q, STM32U599ZIT6Q, STM32U599ZIY6QTR, STM32U599ZJT6Q, STM32U599ZJY6QTR, STM32U5A5AJH6, STM32U5A5AJH6Q, STM32U5A5QJI6, STM32U5A5QJI6Q, STM32U5A5RJT6, STM32U5A5RJT6Q, STM32U5A5VJT6, STM32U5A5VJT6Q, STM32U5A5ZJT6, STM32U5A5ZJT6Q, STM32U5A5ZJY6QTR, STM32U5A9BJY6QTR, STM32U5A9J-DK, STM32U5A9NJH6Q, STM32U5A9VJT6Q, STM32U5A9ZJT6Q, STM32U5A9ZJY6QTR, STM32WB1MMCH6, STM32WBA52CEU6, STM32WBA52CEU6T, STM32WBA52CGU6, STM32WBA52CGU6T, STM32WL5MOCH6, STM32WL5MOCH6TR]
2023-07-25 12:35:05,781 [INFO] ApiDb:668 - CubeFinder database Data Model version=2.1
2023-07-25 12:35:05,781 [INFO] ApiDb:669 - CubeFinder database Configuration version=3.0.37
2023-07-25 12:35:05,781 [INFO] ApiDb:670 - CubeFinder database generation date=2023-06-26 (1687786131)
2023-07-25 12:35:05,782 [INFO] ApiDb:671 - CubeFinder database FW Pack versions=[FP-ATR-ASTRA1_V2.0.0, FP-SNS-FLIGHT1_V5.0.1, FP-SNS-MOTENV1_V4.3.1, STM32Cube_FW_C0_V1.1.0, STM32Cube_FW_F4_V1.27.1, STM32Cube_FW_F7_V1.17.0, STM32Cube_FW_G0_V1.6.1, STM32Cube_FW_G4_V1.5.1, STM32Cube_FW_H5_V0.5.1, STM32Cube_FW_H5_V1.1.0, STM32Cube_FW_H7_V1.11.0, STM32Cube_FW_L0_V1.12.2, STM32Cube_FW_L5_V1.5.0, STM32Cube_FW_U5_V1.3.0, STM32Cube_FW_U5_V1.3.0RC4, STM32Cube_FW_WBA_V1.0.0RC1, STM32Cube_FW_WBA_V1.1.0, STM32Cube_FW_WBA_V1.1.0RC1, STM32Cube_FW_WB_V1.15.0RC1, STM32Cube_FW_WB_V1.16.0, STM32Cube_FW_WB_V1.16.0RC2, STM32Cube_FW_WB_V1.17.0, STM32Cube_FW_WL_V1.3.0, X-CUBE-ALGOBUILD_V1.3.0, X-CUBE-ALS_V1.0.1, X-CUBE-AZRTOS-F4_V1.1.0, X-CUBE-AZRTOS-F7_V1.1.0, X-CUBE-AZRTOS-G0_V1.1.0, X-CUBE-AZRTOS-G4_V2.0.0, X-CUBE-AZRTOS-H7_V3.1.0, X-CUBE-AZRTOS-L4_V1.0.0, X-CUBE-AZRTOS-L4_V2.0.0, X-CUBE-AZRTOS-L5_V1.1.0, X-CUBE-AZRTOS-WB_V1.1.0, X-CUBE-AZRTOS-WL_V2.0.0, X-CUBE-BLE1_V6.2.4, X-CUBE-BLE2_V3.3.0, X-CUBE-BLEMGR_V2.0.0, X-CUBE-EEPRMA1_V4.1.0, X-CUBE-FREERTOS_V1.0.1, X-CUBE-GNSS1_V6.0.0, X-CUBE-MEMS1_V9.1.0, X-CUBE-MEMS1_V9.4.0, X-CUBE-MEMS1_V9.6.0, X-CUBE-NFC4_V3.0.0, X-CUBE-NFC7_V1.0.0, X-CUBE-SFXS2LP1_V4.0.0, X-CUBE-SUBG2_V5.0.0]
2023-07-25 12:35:06,659 [WARN] PackLoader:240 - Cannot read IP mode file for STMicroelectronics.X-CUBE-SMBUS.2.1.0
2023-07-25 12:35:06,707 [WARN] PackLoader:240 - Cannot read IP mode file for STMicroelectronics.X-CUBE-AZRTOS-F7.1.1.0
2023-07-25 12:35:06,720 [WARN] PackLoader:240 - Cannot read IP mode file for STMicroelectronics.FP-SNS-MOTENV1.4.3.2
2023-07-25 12:35:06,727 [ERROR] RealEvaluatedCondition:428 - Found unsupported composite condition: CLASS='Data Exchange' GROUP='STM32_MetaDataManager'
2023-07-25 12:35:06,727 [ERROR] RealEvaluatedCondition:428 - Found unsupported composite condition: CLASS='Data Exchange' GROUP='STM32_MetaDataManager'
2023-07-25 12:35:06,729 [WARN] PackLoader:240 - Cannot read IP mode file for STMicroelectronics.FP-SNS-MOTENV1.4.3.1
2023-07-25 12:35:06,736 [WARN] PackLoader:240 - Cannot read IP mode file for STMicroelectronics.FP-SNS-FLIGHT1.5.0.1
2023-07-25 12:35:06,744 [WARN] PackLoader:240 - Cannot read IP mode file for STMicroelectronics.X-CUBE-BLE1.6.2.4
2023-07-25 12:35:06,747 [WARN] PackLoader:240 - Cannot read IP mode file for STMicroelectronics.FP-SNS-FLIGHT1.5.0.2
2023-07-25 12:35:06,754 [WARN] PackLoader:240 - Cannot read IP mode file for STMicroelectronics.X-CUBE-DISPLAY.3.0.0
2023-07-25 12:35:06,772 [WARN] PackLoader:240 - Cannot read IP mode file for STMicroelectronics.X-CUBE-TOUCHGFX.4.22.0
2023-07-25 12:35:06,784 [INFO] LogOutputStream:77 - [STDOUT_REDIRECT] 1 : Invalid condition id : UX_CORESTACK_Condition cause : null
2023-07-25 12:35:06,785 [INFO] LogOutputStream:77 - [STDOUT_REDIRECT] 1 : Invalid condition id : UX_CORESTACK_Condition cause : null
2023-07-25 12:35:06,786 [INFO] LogOutputStream:77 - [STDOUT_REDIRECT] 1 : Invalid condition id : UX_CORESTACK_Condition cause : null
2023-07-25 12:35:06,786 [INFO] LogOutputStream:77 - [STDOUT_REDIRECT] 1 : Invalid condition id : UX_CORESTACK_Condition cause : null
2023-07-25 12:35:06,787 [INFO] LogOutputStream:77 - [STDOUT_REDIRECT] 1 : Invalid condition id : UX_CORESTACK_Condition cause : null
2023-07-25 12:35:06,793 [WARN] PackLoader:240 - Cannot read IP mode file for STMicroelectronics.X-CUBE-AZRTOS-WL.2.0.0
2023-07-25 12:35:06,800 [WARN] PackLoader:240 - Cannot read IP mode file for WES.I-CUBE-Cesium.1.3.0
2023-07-25 12:35:06,804 [WARN] PackLoader:240 - Cannot read IP mode file for STMicroelectronics.X-CUBE-BLE2.3.3.0
2023-07-25 12:35:06,808 [WARN] PackLoader:240 - Cannot read IP mode file for STMicroelectronics.X-CUBE-TOUCHGFX.4.21.4
2023-07-25 12:35:06,814 [WARN] PackLoader:240 - Cannot read IP mode file for STMicroelectronics.X-CUBE-ALGOBUILD.1.3.0
2023-07-25 12:35:06,835 [WARN] PackLoader:240 - Cannot read IP mode file for STMicroelectronics.X-CUBE-AZRTOS-G0.1.1.0
2023-07-25 12:35:06,851 [WARN] PackLoader:240 - Cannot read IP mode file for STMicroelectronics.X-CUBE-NFC4.3.0.0
2023-07-25 12:35:06,856 [WARN] PackLoader:240 - Cannot read IP mode file for STMicroelectronics.FP-ATR-SIGFOX1.3.2.0
2023-07-25 12:35:06,911 [WARN] PackLoader:240 - Cannot read IP mode file for SEGGER.I-CUBE-embOS.1.3.1
2023-07-25 12:35:06,979 [WARN] PackLoader:240 - Cannot read IP mode file for STMicroelectronics.X-CUBE-GNSS1.6.0.0
2023-07-25 12:35:07,009 [WARN] PackLoader:240 - Cannot read IP mode file for STMicroelectronics.X-CUBE-AZRTOS-F4.1.1.0
2023-07-25 12:35:07,017 [WARN] PackLoader:240 - Cannot read IP mode file for wolfSSL.I-CUBE-wolfSSL.5.6.0
2023-07-25 12:35:07,093 [WARN] PackLoader:240 - Cannot read IP mode file for STMicroelectronics.X-CUBE-MEMS1.9.6.0
2023-07-25 12:35:07,418 [WARN] PackLoader:240 - Cannot read IP mode file for emotas.I-CUBE-CANOPEN.1.1.3
2023-07-25 12:35:07,431 [WARN] PackLoader:240 - Cannot read IP mode file for STMicroelectronics.X-CUBE-BLEMGR.2.0.0
2023-07-25 12:35:07,480 [WARN] ConditionMgr:438 - getConditionDescription Invalid condition id : UX DEVICE CLASS RTOS Condition cause : null
2023-07-25 12:35:07,480 [WARN] ConditionMgr:438 - getConditionDescription Invalid condition id : UX DEVICE CLASS RTOS Condition cause : null
2023-07-25 12:35:07,484 [WARN] PackLoader:240 - Cannot read IP mode file for STMicroelectronics.X-CUBE-AZRTOS-H7.3.1.0
2023-07-25 12:35:07,486 [WARN] ConditionMgr:1039 - genDependencies : Invalid condition id : UX DEVICE CLASS RTOS Condition cause : null
2023-07-25 12:35:07,486 [WARN] ConditionMgr:1039 - genDependencies : Invalid condition id : UX DEVICE CLASS RTOS Condition cause : null
2023-07-25 12:35:07,487 [WARN] ConditionMgr:1039 - genDependencies : Invalid condition id : UX DEVICE CLASS RTOS Condition cause : null
2023-07-25 12:35:07,487 [WARN] ConditionMgr:1039 - genDependencies : Invalid condition id : UX DEVICE CLASS RTOS Condition cause : null
2023-07-25 12:35:07,487 [WARN] ConditionMgr:1039 - genDependencies : Invalid condition id : UX DEVICE CLASS RTOS Condition cause : null
2023-07-25 12:35:07,502 [WARN] PackLoader:240 - Cannot read IP mode file for STMicroelectronics.X-CUBE-NFC7.1.0.1
2023-07-25 12:35:07,507 [WARN] PackLoader:240 - Cannot read IP mode file for STMicroelectronics.X-CUBE-EEPRMA1.4.1.0
2023-07-25 12:35:07,525 [WARN] ConditionMgr:438 - getConditionDescription Invalid condition id : LAN8742 Phy interface Condition cause : null
2023-07-25 12:35:07,526 [WARN] PackLoader:240 - Cannot read IP mode file for STMicroelectronics.X-CUBE-AZRTOS-L4.2.0.0
2023-07-25 12:35:07,527 [WARN] ConditionMgr:1039 - genDependencies : Invalid condition id : LAN8742 Phy interface Condition cause : null
2023-07-25 12:35:07,527 [WARN] ConditionMgr:1039 - genDependencies : Invalid condition id : LAN8742 Phy interface Condition cause : null
2023-07-25 12:35:07,528 [WARN] ConditionMgr:1039 - genDependencies : Invalid condition id : LAN8742 Phy interface Condition cause : null
2023-07-25 12:35:07,535 [WARN] PackLoader:240 - Cannot read IP mode file for STMicroelectronics.X-CUBE-SFXS2LP1.4.0.0
2023-07-25 12:35:07,540 [WARN] PackLoader:240 - Cannot read IP mode file for STMicroelectronics.X-CUBE-ISPU.1.1.0
2023-07-25 12:35:07,545 [WARN] PackLoader:240 - Cannot read IP mode file for STMicroelectronics.X-CUBE-FREERTOS.1.0.1
2023-07-25 12:35:07,576 [WARN] PackLoader:240 - Cannot read IP mode file for STMicroelectronics.X-CUBE-AZRTOS-L5.1.1.0
2023-07-25 12:35:07,585 [WARN] PackLoader:240 - Cannot read IP mode file for STMicroelectronics.X-CUBE-AI.8.0.1
2023-07-25 12:35:07,599 [WARN] PackLoader:240 - Cannot read IP mode file for STMicroelectronics.X-CUBE-SUBG2.5.0.0
2023-07-25 12:35:07,620 [WARN] PackLoader:240 - Cannot read IP mode file for STMicroelectronics.X-CUBE-TOF1.3.3.1
2023-07-25 12:35:07,657 [WARN] PackLoader:240 - Cannot read IP mode file for STMicroelectronics.X-CUBE-AZRTOS-G4.2.0.0
2023-07-25 12:35:07,673 [WARN] PackLoader:240 - Cannot read IP mode file for STMicroelectronics.X-CUBE-TOF1.3.3.0
2023-07-25 12:35:07,693 [WARN] PackLoader:240 - Cannot read IP mode file for portGmbH.I-Cube-SoM-uGOAL.1.1.0
2023-07-25 12:35:07,699 [WARN] PackLoader:240 - Cannot read IP mode file for STMicroelectronics.X-CUBE-ALS.1.0.1
2023-07-25 12:35:07,717 [WARN] PackLoader:240 - Cannot read IP mode file for STMicroelectronics.X-CUBE-AZRTOS-WB.1.1.0
2023-07-25 12:35:07,723 [WARN] PackLoader:240 - Cannot read IP mode file for STMicroelectronics.FP-ATR-ASTRA1.2.0.0
2023-07-25 12:35:07,724 [INFO] ThirdParty:978 - Integrity check success = true
2023-07-25 12:35:07,724 [INFO] IntegrityCheckThread:100 - exiting critical section [integrity check]
2023-07-25 12:35:07,724 [INFO] IntegrityCheckThread:103 - End integrity checks thread
2023-07-25 12:35:08,365 [INFO] ApiDb:240 - Found 297 in-development CPN: [B-G473E-ZEST1S, B-WB1M-WPAN1, B-WL5M-SUBG1, NUCLEO-C031C6, NUCLEO-H503RB, NUCLEO-H563ZI, NUCLEO-U545RE-Q, NUCLEO-U5A5ZJ-Q, NUCLEO-WBA52CG, STEVAL-PROTEUS1, STEVAL-STWINBX1, STM320518-EVAL, STM32C0116-DK, STM32C011D6Y3TR, STM32C011D6Y6TR, STM32C011F4P3, STM32C011F4P6, STM32C011F4U3, STM32C011F4U6TR, STM32C011F6P3, STM32C011F6P6, STM32C011F6U3, STM32C011F6U6TR, STM32C011J4M3, STM32C011J4M6, STM32C011J6M3, STM32C011J6M6, STM32C0316-DK, STM32C031C4T3, STM32C031C4T6, STM32C031C4U3, STM32C031C4U6, STM32C031C6T3, STM32C031C6T6, STM32C031C6U3, STM32C031C6U6, STM32C031F4P3, STM32C031F4P6, STM32C031F6P3, STM32C031F6P6, STM32C031G4U3, STM32C031G4U6, STM32C031G6U3, STM32C031G6U6, STM32C031K4T3, STM32C031K4T6, STM32C031K4U3, STM32C031K4U6, STM32C031K6T3, STM32C031K6T6, STM32C031K6U3, STM32C031K6U6, STM32G071K8TXN, STM32G071K8UXN, STM32G081GBU6N, STM32G081KBT6N, STM32G081KBUXN, STM32G0B1CCT6N, STM32G0B1KCT6, STM32G0B1NEY6TR, STM32G0B1RCT6N, STM32G0C1CCT6, STM32G0C1CCT6N, STM32G0C1CCU6N, STM32G0C1CET6N, STM32G0C1CEU6N, STM32G0C1KCT6, STM32G0C1NEY6TR, STM32G0C1RCI6N, STM32G0C1RCT6N, STM32G0C1REI6N, STM32G0C1RET6N, STM32G0C1VCI6, STM32G0C1VEI6, STM32G471CCT6, STM32G471CCU6, STM32G471CET3, STM32G471CET6, STM32G471CEU3, STM32G471CEU6, STM32G471MCT6, STM32G471MET3, STM32G471MET6, STM32G471MEY6TR, STM32G471QCT6, STM32G471QET3, STM32G471RCT6, STM32G471RET3, STM32G471RET6, STM32G471VCH6, STM32G471VCI6, STM32G471VCT6, STM32G471VEH3, STM32G471VEH6, STM32G471VEI3, STM32G471VEI6, STM32G471VET3, STM32G471VET6, STM32G474CCT6, STM32H503CBT6, STM32H503CBU6, STM32H503EBY6TR, STM32H503KBU6, STM32H503RBT6, STM32H562AGI6, STM32H562AII6, STM32H562IGK6, STM32H562IGT6, STM32H562IIK6, STM32H562IIT6, STM32H562RGT6, STM32H562RGV6, STM32H562RIT6, STM32H562RIV6, STM32H562VGT6, STM32H562VIT6, STM32H562ZGT6, STM32H562ZIT6, STM32H563AGI6, STM32H563AII3Q, STM32H563AII6, STM32H563IGK6, STM32H563IGT6, STM32H563IIK3Q, STM32H563IIK6, STM32H563IIT3Q, STM32H563IIT6, STM32H563MIY3QTR, STM32H563RGT6, STM32H563RGV6, STM32H563RIT6, STM32H563RIV6, STM32H563VGT6, STM32H563VIT3Q, STM32H563VIT6, STM32H563ZGT6, STM32H563ZIT3Q, STM32H563ZIT6, STM32H573AII3Q, STM32H573AII6, STM32H573I-DK, STM32H573IIK3Q, STM32H573IIK6, STM32H573IIT3Q, STM32H573IIT6, STM32H573MIY3QTR, STM32H573RIT6, STM32H573RIV6, STM32H573VIT3Q, STM32H573VIT6, STM32H573ZIT3Q, STM32H573ZIT6, STM32L4R5QGI6STR, STM32MP131AAE3, STM32MP131AAF3, STM32MP131AAG3, STM32MP131CAE3, STM32MP131CAF3, STM32MP131CAG3, STM32MP131DAE7, STM32MP131DAF7, STM32MP131DAG7, STM32MP131FAE7, STM32MP131FAF7, STM32MP131FAG7, STM32MP133AAE3, STM32MP133AAF3, STM32MP133AAG3, STM32MP133CAE3, STM32MP133CAF3, STM32MP133CAG3, STM32MP133DAE7, STM32MP133DAF7, STM32MP133DAG7, STM32MP133FAE7, STM32MP133FAF7, STM32MP133FAG7, STM32MP135AAE3, STM32MP135AAF3, STM32MP135AAG3, STM32MP135CAE3, STM32MP135CAF3, STM32MP135CAG3, STM32MP135DAE7, STM32MP135DAF7, STM32MP135DAG7, STM32MP135F-DK, STM32MP135FAE7, STM32MP135FAF7, STM32MP135FAF7T, STM32MP135FAF7U, STM32MP135FAG7, STM32U535CBT6, STM32U535CBT6Q, STM32U535CBU6, STM32U535CBU6Q, STM32U535CCT6, STM32U535CCT6Q, STM32U535CCU6, STM32U535CCU6Q, STM32U535CET6, STM32U535CET6Q, STM32U535CEU6, STM32U535CEU6Q, STM32U535JEY6QTR, STM32U535NCY6QTR, STM32U535NEY6QTR, STM32U535RBI6, STM32U535RBI6Q, STM32U535RBT6, STM32U535RBT6Q, STM32U535RCI6, STM32U535RCI6Q, STM32U535RCT6, STM32U535RCT6Q, STM32U535REI6, STM32U535REI6Q, STM32U535RET6, STM32U535RET6Q, STM32U535VCI6, STM32U535VCI6Q, STM32U535VCT6, STM32U535VCT6Q, STM32U535VEI6, STM32U535VEI6Q, STM32U535VET6, STM32U535VET6Q, STM32U545CET6, STM32U545CET6Q, STM32U545CEU6, STM32U545CEU6Q, STM32U545JEY6QTR, STM32U545NEY6QTR, STM32U545REI6, STM32U545REI6Q, STM32U545RET6, STM32U545RET6Q, STM32U545VEI6, STM32U545VEI6Q, STM32U545VET6, STM32U545VET6Q, STM32U595AIH6, STM32U595AIH6Q, STM32U595AJH6, STM32U595AJH6Q, STM32U595QII6, STM32U595QII6Q, STM32U595QJI6, STM32U595QJI6Q, STM32U595RIT6, STM32U595RIT6Q, STM32U595RJT6, STM32U595RJT6Q, STM32U595VIT6, STM32U595VIT6Q, STM32U595VJT6, STM32U595VJT6Q, STM32U595ZIT6, STM32U595ZIT6Q, STM32U595ZIY6QTR, STM32U595ZJT6, STM32U595ZJT6Q, STM32U595ZJY6QTR, STM32U599BJY6QTR, STM32U599NIH6Q, STM32U599NJH6Q, STM32U599VIT6Q, STM32U599VJT6, STM32U599VJT6Q, STM32U599ZIT6Q, STM32U599ZIY6QTR, STM32U599ZJT6Q, STM32U599ZJY6QTR, STM32U5A5AJH6, STM32U5A5AJH6Q, STM32U5A5QJI6, STM32U5A5QJI6Q, STM32U5A5RJT6, STM32U5A5RJT6Q, STM32U5A5VJT6, STM32U5A5VJT6Q, STM32U5A5ZJT6, STM32U5A5ZJT6Q, STM32U5A5ZJY6QTR, STM32U5A9BJY6QTR, STM32U5A9J-DK, STM32U5A9NJH6Q, STM32U5A9VJT6Q, STM32U5A9ZJT6Q, STM32U5A9ZJY6QTR, STM32WB1MMCH6, STM32WBA52CEU6, STM32WBA52CEU6T, STM32WBA52CGU6, STM32WBA52CGU6T, STM32WL5MOCH6, STM32WL5MOCH6TR]
2023-07-25 12:35:08,368 [INFO] DbMcus:216 - Found 3825 MCUs, 3825 are supported
2023-07-25 12:35:08,371 [INFO] ApiDb:423 - Load user favorites file /home/lgomez/.stm32cubeide/favorites.mcus.txt: 0 item(s)
2023-07-25 12:35:08,371 [INFO] ApiDb:427 - User favorites MCUs=[]
2023-07-25 12:35:08,371 [INFO] DbMcus:222 - Set 0 / 0 favorites MCUs
2023-07-25 12:35:08,713 [INFO] BoardInfo:880 - No configuration file found for board P-NUCLEO-WB55
2023-07-25 12:35:08,713 [INFO] DbBoards:157 - Kit is not supported: P-NUCLEO-WB55
2023-07-25 12:35:08,717 [INFO] BoardInfo:880 - No configuration file found for board STEVAL-BFA001V1B
2023-07-25 12:35:08,717 [INFO] DbBoards:157 - Kit is not supported: STEVAL-BFA001V1B
2023-07-25 12:35:08,717 [INFO] BoardInfo:880 - No configuration file found for board STEVAL-BFA001V2B
2023-07-25 12:35:08,717 [INFO] DbBoards:157 - Kit is not supported: STEVAL-BFA001V2B
2023-07-25 12:35:08,722 [INFO] BoardInfo:880 - No configuration file found for board STEVAL-SMARTAG2
2023-07-25 12:35:08,722 [INFO] DbBoards:157 - Board is not supported: STEVAL-SMARTAG2
2023-07-25 12:35:08,814 [INFO] DbBoards:161 - Found 188 boards, 184 are supported
2023-07-25 12:35:08,826 [INFO] ApiDb:423 - Load user favorites file /home/lgomez/.stm32cubeide/favorites.boards.txt: 2 item(s)
2023-07-25 12:35:08,826 [INFO] ApiDb:427 - User favorites Boards=[NUCLEO-F413ZH, NUCLEO-F429ZI]
2023-07-25 12:35:08,826 [INFO] DbBoards:190 - Set 2 / 2 favorites Boards
2023-07-25 12:35:08,827 [INFO] McuFinderGlobals:66 - Set McuFinderConnectedMode to true
2023-07-25 12:35:08,852 [INFO] MultiScanPanel:200 - Auto-refresh data requested => check proxy status ongoing
2023-07-25 12:35:08,854 [INFO] FinderPluginLoader:95 - Searching for filters in installed packs
2023-07-25 12:35:10,206 [INFO] LoadUrlFilesThread:185 - End of LoadServerUrlFiles without Thread
2023-07-25 12:35:10,215 [INFO] DetailPanel:341 - Set advertising image to /home/lgomez/STM32Cube/Repository//en.prom-stm32h5-mcu-finder.jpg
2023-07-25 12:35:10,899 [INFO] MultiScanPanel:200 - Auto-refresh data requested => check proxy status ongoing
2023-07-25 12:35:11,054 [INFO] LoadUrlFilesThread:185 - End of LoadServerUrlFiles without Thread
2023-07-25 12:35:11,054 [INFO] DetailPanel:341 - Set advertising image to /home/lgomez/STM32Cube/Repository//en.prom-stm32h5-mcu-finder.jpg
2023-07-25 12:35:11,104 [INFO] MultiScanPanel:200 - Auto-refresh data requested => check proxy status ongoing
2023-07-25 12:35:11,110 [INFO] ApiDb:668 - CubeFinder database Data Model version=2.1
2023-07-25 12:35:11,110 [INFO] ApiDb:669 - CubeFinder database Configuration version=3.0.37
2023-07-25 12:35:11,110 [INFO] ApiDb:670 - CubeFinder database generation date=2023-06-26 (1687786131)
2023-07-25 12:35:11,110 [INFO] ApiDb:671 - CubeFinder database FW Pack versions=[FP-ATR-ASTRA1_V2.0.0, FP-SNS-FLIGHT1_V5.0.1, FP-SNS-MOTENV1_V4.3.1, STM32Cube_FW_C0_V1.1.0, STM32Cube_FW_F4_V1.27.1, STM32Cube_FW_F7_V1.17.0, STM32Cube_FW_G0_V1.6.1, STM32Cube_FW_G4_V1.5.1, STM32Cube_FW_H5_V0.5.1, STM32Cube_FW_H5_V1.1.0, STM32Cube_FW_H7_V1.11.0, STM32Cube_FW_L0_V1.12.2, STM32Cube_FW_L5_V1.5.0, STM32Cube_FW_U5_V1.3.0, STM32Cube_FW_U5_V1.3.0RC4, STM32Cube_FW_WBA_V1.0.0RC1, STM32Cube_FW_WBA_V1.1.0, STM32Cube_FW_WBA_V1.1.0RC1, STM32Cube_FW_WB_V1.15.0RC1, STM32Cube_FW_WB_V1.16.0, STM32Cube_FW_WB_V1.16.0RC2, STM32Cube_FW_WB_V1.17.0, STM32Cube_FW_WL_V1.3.0, X-CUBE-ALGOBUILD_V1.3.0, X-CUBE-ALS_V1.0.1, X-CUBE-AZRTOS-F4_V1.1.0, X-CUBE-AZRTOS-F7_V1.1.0, X-CUBE-AZRTOS-G0_V1.1.0, X-CUBE-AZRTOS-G4_V2.0.0, X-CUBE-AZRTOS-H7_V3.1.0, X-CUBE-AZRTOS-L4_V1.0.0, X-CUBE-AZRTOS-L4_V2.0.0, X-CUBE-AZRTOS-L5_V1.1.0, X-CUBE-AZRTOS-WB_V1.1.0, X-CUBE-AZRTOS-WL_V2.0.0, X-CUBE-BLE1_V6.2.4, X-CUBE-BLE2_V3.3.0, X-CUBE-BLEMGR_V2.0.0, X-CUBE-EEPRMA1_V4.1.0, X-CUBE-FREERTOS_V1.0.1, X-CUBE-GNSS1_V6.0.0, X-CUBE-MEMS1_V9.1.0, X-CUBE-MEMS1_V9.4.0, X-CUBE-MEMS1_V9.6.0, X-CUBE-NFC4_V3.0.0, X-CUBE-NFC7_V1.0.0, X-CUBE-SFXS2LP1_V4.0.0, X-CUBE-SUBG2_V5.0.0]
2023-07-25 12:35:12,093 [INFO] DbExamplesSqlite:376 - Ignored 27 examples not supported by CubeIDE
2023-07-25 12:35:12,093 [INFO] DbExamplesSqlite:377 - Found 7164 examples active
2023-07-25 12:35:12,093 [INFO] DbExamplesSqlite:378 - Found 677 examples obsolete
2023-07-25 12:35:12,093 [INFO] DbExamplesSqlite:379 - Found 0 examples under development
2023-07-25 12:35:12,094 [INFO] DbExamplesSqlite:380 - Found 74 examples not building
2023-07-25 12:35:12,095 [INFO] DbExamples:125 - Found 7211 examples
2023-07-25 12:35:12,122 [ERROR] DbExamples:208 - Found 22 examples with invalid data (board or MCU)
2023-07-25 12:35:12,123 [INFO] DbExamples:222 - Found 91 boards with related examples
2023-07-25 12:35:12,124 [INFO] DbExamples:235 - Found 77 MCUs with related examples
2023-07-25 12:35:12,140 [INFO] ApiDb:423 - Load user favorites file /home/lgomez/.stm32cubeide/favorites.examples.txt: 0 item(s)
2023-07-25 12:35:12,140 [INFO] ApiDb:427 - User favorites Examples=[]
2023-07-25 12:35:12,140 [INFO] DbExamples:250 - Set 0 / 0 favorites Examples
2023-07-25 12:35:12,979 [INFO] SoftwarePacks:127 - Download is needed for SW pack 'FP-ATR-ASTRA1_V2.0.0'
2023-07-25 12:35:12,981 [INFO] SoftwarePacks:127 - Download is needed for SW pack 'STM32Cube_FW_C0_V1.1.0'
2023-07-25 12:35:12,982 [INFO] SoftwarePacks:131 - Found SW pack 'STM32Cube_FW_F4_V1.27.1' up-to-date on disk.
2023-07-25 12:35:12,984 [INFO] SoftwarePacks:127 - Download is needed for SW pack 'STM32Cube_FW_F7_V1.17.0'
2023-07-25 12:35:12,985 [INFO] SoftwarePacks:127 - Download is needed for SW pack 'STM32Cube_FW_G0_V1.6.1'
2023-07-25 12:35:12,986 [INFO] SoftwarePacks:127 - Download is needed for SW pack 'STM32Cube_FW_G4_V1.5.1'
2023-07-25 12:35:12,987 [INFO] SoftwarePacks:127 - Download is needed for SW pack 'STM32Cube_FW_H5_V1.1.0'
2023-07-25 12:35:12,988 [INFO] SoftwarePacks:127 - Download is needed for SW pack 'STM32Cube_FW_H7_V1.11.0'
2023-07-25 12:35:12,989 [INFO] SoftwarePacks:127 - Download is needed for SW pack 'STM32Cube_FW_L0_V1.12.2'
2023-07-25 12:35:12,991 [INFO] SoftwarePacks:127 - Download is needed for SW pack 'STM32Cube_FW_L5_V1.5.0'
2023-07-25 12:35:12,992 [INFO] SoftwarePacks:127 - Download is needed for SW pack 'STM32Cube_FW_U5_V1.3.0'
2023-07-25 12:35:12,993 [INFO] SoftwarePacks:127 - Download is needed for SW pack 'STM32Cube_FW_WBA_V1.1.0'
2023-07-25 12:35:12,994 [INFO] SoftwarePacks:127 - Download is needed for SW pack 'STM32Cube_FW_WB_V1.17.0'
2023-07-25 12:35:12,996 [INFO] SoftwarePacks:127 - Download is needed for SW pack 'STM32Cube_FW_WL_V1.3.0'
2023-07-25 12:35:12,996 [INFO] SoftwarePacks:127 - Download is needed for SW pack 'X-CUBE-ALGOBUILD_V1.3.0'
2023-07-25 12:35:12,996 [INFO] SoftwarePacks:127 - Download is needed for SW pack 'X-CUBE-ALS_V1.0.1'
2023-07-25 12:35:12,996 [INFO] SoftwarePacks:127 - Download is needed for SW pack 'X-CUBE-AZRTOS-F4_V1.1.0'
2023-07-25 12:35:12,996 [INFO] SoftwarePacks:127 - Download is needed for SW pack 'X-CUBE-AZRTOS-F7_V1.1.0'
2023-07-25 12:35:12,996 [INFO] SoftwarePacks:127 - Download is needed for SW pack 'X-CUBE-AZRTOS-G0_V1.1.0'
2023-07-25 12:35:12,996 [INFO] SoftwarePacks:127 - Download is needed for SW pack 'X-CUBE-AZRTOS-G4_V2.0.0'
2023-07-25 12:35:12,996 [INFO] SoftwarePacks:127 - Download is needed for SW pack 'X-CUBE-AZRTOS-H7_V3.1.0'
2023-07-25 12:35:12,996 [INFO] SoftwarePacks:127 - Download is needed for SW pack 'X-CUBE-AZRTOS-L4_V2.0.0'
2023-07-25 12:35:12,996 [INFO] SoftwarePacks:127 - Download is needed for SW pack 'X-CUBE-AZRTOS-L5_V1.1.0'
2023-07-25 12:35:12,996 [INFO] SoftwarePacks:127 - Download is needed for SW pack 'X-CUBE-AZRTOS-WB_V1.1.0'
2023-07-25 12:35:12,997 [INFO] SoftwarePacks:127 - Download is needed for SW pack 'X-CUBE-AZRTOS-WL_V2.0.0'
2023-07-25 12:35:12,997 [INFO] SoftwarePacks:127 - Download is needed for SW pack 'X-CUBE-BLE1_V6.2.4'
2023-07-25 12:35:12,997 [INFO] SoftwarePacks:127 - Download is needed for SW pack 'X-CUBE-BLE2_V3.3.0'
2023-07-25 12:35:12,997 [INFO] SoftwarePacks:127 - Download is needed for SW pack 'X-CUBE-BLEMGR_V2.0.0'
2023-07-25 12:35:12,997 [INFO] SoftwarePacks:127 - Download is needed for SW pack 'X-CUBE-EEPRMA1_V4.1.0'
2023-07-25 12:35:12,997 [INFO] SoftwarePacks:127 - Download is needed for SW pack 'X-CUBE-FREERTOS_V1.0.1'
2023-07-25 12:35:12,997 [INFO] SoftwarePacks:127 - Download is needed for SW pack 'X-CUBE-GNSS1_V6.0.0'
2023-07-25 12:35:12,997 [INFO] SoftwarePacks:127 - Download is needed for SW pack 'X-CUBE-MEMS1_V9.6.0'
2023-07-25 12:35:12,997 [INFO] SoftwarePacks:127 - Download is needed for SW pack 'X-CUBE-NFC4_V3.0.0'
2023-07-25 12:35:12,997 [INFO] SoftwarePacks:127 - Download is needed for SW pack 'X-CUBE-NFC7_V1.0.0'
2023-07-25 12:35:12,997 [INFO] SoftwarePacks:127 - Download is needed for SW pack 'X-CUBE-SFXS2LP1_V4.0.0'
2023-07-25 12:35:12,997 [INFO] SoftwarePacks:127 - Download is needed for SW pack 'X-CUBE-SUBG2_V5.0.0'
2023-07-25 12:35:14,380 [INFO] LoadUrlFilesThread:185 - End of LoadServerUrlFiles without Thread
2023-07-25 12:35:14,381 [INFO] DetailPanel:341 - Set advertising image to /home/lgomez/STM32Cube/Repository//en.prom-stm32h5-mcu-finder.jpg
2023-07-25 12:35:14,403 [ERROR] AppliInfo:139 - Unknown STM32CubeMX version: 6.9.0
2023-07-25 12:35:14,404 [ERROR] AppliInfo:139 - Unknown STM32CubeMX version: 6.9.0
2023-07-25 12:35:14,405 [ERROR] AppliInfo:139 - Unknown STM32CubeMX version: 6.9.0
2023-07-25 12:35:14,405 [ERROR] AppliInfo:139 - Unknown STM32CubeMX version: 6.9.0
2023-07-25 12:35:14,406 [ERROR] AppliInfo:139 - Unknown STM32CubeMX version: 6.9.0
2023-07-25 12:35:14,407 [ERROR] AppliInfo:139 - Unknown STM32CubeMX version: 6.9.0
2023-07-25 12:35:14,407 [ERROR] AppliInfo:139 - Unknown STM32CubeMX version: 6.9.0
2023-07-25 12:35:14,408 [ERROR] AppliInfo:139 - Unknown STM32CubeMX version: 6.9.0
2023-07-25 12:35:14,409 [ERROR] AppliInfo:139 - Unknown STM32CubeMX version: 6.9.0
2023-07-25 12:35:14,409 [ERROR] AppliInfo:139 - Unknown STM32CubeMX version: 6.9.0
2023-07-25 12:35:14,410 [ERROR] AppliInfo:139 - Unknown STM32CubeMX version: 6.9.0
2023-07-25 12:35:14,410 [ERROR] AppliInfo:139 - Unknown STM32CubeMX version: 6.9.0
2023-07-25 12:35:14,411 [ERROR] AppliInfo:139 - Unknown STM32CubeMX version: 6.9.0
2023-07-25 12:35:14,412 [ERROR] AppliInfo:139 - Unknown STM32CubeMX version: 6.9.0
2023-07-25 12:35:14,413 [ERROR] AppliInfo:139 - Unknown STM32CubeMX version: 6.9.0
2023-07-25 12:35:14,413 [ERROR] AppliInfo:139 - Unknown STM32CubeMX version: 6.9.0
2023-07-25 12:35:14,414 [ERROR] AppliInfo:139 - Unknown STM32CubeMX version: 6.9.0
2023-07-25 12:35:14,414 [ERROR] AppliInfo:139 - Unknown STM32CubeMX version: 6.9.0
2023-07-25 12:35:14,415 [ERROR] AppliInfo:139 - Unknown STM32CubeMX version: 6.9.0
2023-07-25 12:35:14,415 [ERROR] AppliInfo:139 - Unknown STM32CubeMX version: 6.9.0
2023-07-25 12:35:14,416 [ERROR] AppliInfo:139 - Unknown STM32CubeMX version: 6.9.0
2023-07-25 12:35:14,416 [ERROR] AppliInfo:139 - Unknown STM32CubeMX version: 6.9.0
2023-07-25 12:35:14,417 [ERROR] AppliInfo:139 - Unknown STM32CubeMX version: 6.9.0
2023-07-25 12:35:14,418 [ERROR] AppliInfo:139 - Unknown STM32CubeMX version: 6.9.0
2023-07-25 12:35:14,418 [ERROR] AppliInfo:139 - Unknown STM32CubeMX version: 6.9.0
2023-07-25 12:35:14,419 [ERROR] AppliInfo:139 - Unknown STM32CubeMX version: 6.9.0
2023-07-25 12:35:14,419 [ERROR] AppliInfo:139 - Unknown STM32CubeMX version: 6.9.0
2023-07-25 12:35:14,420 [ERROR] AppliInfo:139 - Unknown STM32CubeMX version: 6.9.0
2023-07-25 12:35:14,420 [ERROR] AppliInfo:139 - Unknown STM32CubeMX version: 6.9.0
2023-07-25 12:35:14,421 [ERROR] AppliInfo:139 - Unknown STM32CubeMX version: 6.9.0
2023-07-25 12:35:14,421 [ERROR] AppliInfo:139 - Unknown STM32CubeMX version: 6.9.0
2023-07-25 12:35:14,422 [ERROR] AppliInfo:139 - Unknown STM32CubeMX version: 6.9.0
2023-07-25 12:35:14,422 [ERROR] AppliInfo:139 - Unknown STM32CubeMX version: 6.9.0
2023-07-25 12:35:14,422 [ERROR] AppliInfo:139 - Unknown STM32CubeMX version: 6.9.0
2023-07-25 12:35:14,423 [ERROR] AppliInfo:139 - Unknown STM32CubeMX version: 6.9.0
2023-07-25 12:35:14,423 [ERROR] AppliInfo:139 - Unknown STM32CubeMX version: 6.9.0
2023-07-25 12:35:14,423 [ERROR] AppliInfo:139 - Unknown STM32CubeMX version: 6.9.0
2023-07-25 12:35:14,423 [ERROR] AppliInfo:139 - Unknown STM32CubeMX version: 6.9.0
2023-07-25 12:35:14,424 [ERROR] AppliInfo:139 - Unknown STM32CubeMX version: 6.9.0
2023-07-25 12:35:14,424 [ERROR] AppliInfo:139 - Unknown STM32CubeMX version: 6.9.0
2023-07-25 12:35:14,424 [ERROR] AppliInfo:139 - Unknown STM32CubeMX version: 6.9.0
2023-07-25 12:35:14,424 [ERROR] AppliInfo:139 - Unknown STM32CubeMX version: 6.9.0
2023-07-25 12:35:14,425 [ERROR] AppliInfo:139 - Unknown STM32CubeMX version: 6.9.0
2023-07-25 12:35:14,425 [ERROR] AppliInfo:139 - Unknown STM32CubeMX version: 6.9.0
2023-07-25 12:35:14,425 [ERROR] AppliInfo:139 - Unknown STM32CubeMX version: 6.9.0
2023-07-25 12:35:14,425 [ERROR] AppliInfo:139 - Unknown STM32CubeMX version: 6.9.0
2023-07-25 12:35:14,426 [ERROR] AppliInfo:139 - Unknown STM32CubeMX version: 6.9.0
2023-07-25 12:35:14,426 [ERROR] AppliInfo:139 - Unknown STM32CubeMX version: 6.9.0
2023-07-25 12:35:14,426 [ERROR] AppliInfo:139 - Unknown STM32CubeMX version: 6.9.0
2023-07-25 12:35:14,426 [ERROR] AppliInfo:139 - Unknown STM32CubeMX version: 6.9.0
2023-07-25 12:35:14,427 [ERROR] AppliInfo:139 - Unknown STM32CubeMX version: 6.9.0
2023-07-25 12:35:14,427 [ERROR] AppliInfo:139 - Unknown STM32CubeMX version: 6.9.0
2023-07-25 12:35:14,428 [ERROR] AppliInfo:139 - Unknown STM32CubeMX version: 6.9.0
2023-07-25 12:35:14,428 [ERROR] AppliInfo:139 - Unknown STM32CubeMX version: 6.9.0
2023-07-25 12:35:14,428 [ERROR] AppliInfo:139 - Unknown STM32CubeMX version: 6.9.0
2023-07-25 12:35:14,429 [ERROR] AppliInfo:139 - Unknown STM32CubeMX version: 6.9.0
2023-07-25 12:35:14,429 [ERROR] AppliInfo:139 - Unknown STM32CubeMX version: 6.9.0
2023-07-25 12:35:14,429 [ERROR] AppliInfo:139 - Unknown STM32CubeMX version: 6.9.0
2023-07-25 12:35:14,429 [ERROR] AppliInfo:139 - Unknown STM32CubeMX version: 6.9.0
2023-07-25 12:35:14,430 [ERROR] AppliInfo:139 - Unknown STM32CubeMX version: 6.9.0
2023-07-25 12:35:14,430 [ERROR] AppliInfo:139 - Unknown STM32CubeMX version: 6.9.0
2023-07-25 12:35:14,430 [ERROR] AppliInfo:139 - Unknown STM32CubeMX version: 6.9.0
2023-07-25 12:35:14,430 [ERROR] AppliInfo:139 - Unknown STM32CubeMX version: 6.9.0
2023-07-25 12:35:14,431 [ERROR] AppliInfo:139 - Unknown STM32CubeMX version: 6.9.0
2023-07-25 12:35:14,431 [ERROR] AppliInfo:139 - Unknown STM32CubeMX version: 6.9.0
2023-07-25 12:35:14,431 [ERROR] AppliInfo:139 - Unknown STM32CubeMX version: 6.9.0
2023-07-25 12:35:14,431 [ERROR] AppliInfo:139 - Unknown STM32CubeMX version: 6.9.0
2023-07-25 12:35:14,432 [ERROR] AppliInfo:139 - Unknown STM32CubeMX version: 6.9.0
2023-07-25 12:35:14,432 [ERROR] AppliInfo:139 - Unknown STM32CubeMX version: 6.9.0
2023-07-25 12:35:14,432 [ERROR] AppliInfo:139 - Unknown STM32CubeMX version: 6.9.0
2023-07-25 12:35:14,432 [ERROR] AppliInfo:139 - Unknown STM32CubeMX version: 6.9.0
2023-07-25 12:35:14,433 [ERROR] AppliInfo:139 - Unknown STM32CubeMX version: 6.9.0
2023-07-25 12:35:14,433 [ERROR] AppliInfo:139 - Unknown STM32CubeMX version: 6.9.0
2023-07-25 12:35:14,433 [ERROR] AppliInfo:139 - Unknown STM32CubeMX version: 6.9.0
2023-07-25 12:35:14,433 [ERROR] AppliInfo:139 - Unknown STM32CubeMX version: 6.9.0
2023-07-25 12:35:14,434 [ERROR] AppliInfo:139 - Unknown STM32CubeMX version: 6.9.0
2023-07-25 12:35:14,434 [ERROR] AppliInfo:139 - Unknown STM32CubeMX version: 6.9.0
2023-07-25 12:35:14,434 [ERROR] AppliInfo:139 - Unknown STM32CubeMX version: 6.9.0
2023-07-25 12:35:14,434 [ERROR] AppliInfo:139 - Unknown STM32CubeMX version: 6.9.0
2023-07-25 12:35:14,435 [ERROR] AppliInfo:139 - Unknown STM32CubeMX version: 6.9.0
2023-07-25 12:35:14,435 [ERROR] AppliInfo:139 - Unknown STM32CubeMX version: 6.9.0
2023-07-25 12:35:14,435 [ERROR] AppliInfo:139 - Unknown STM32CubeMX version: 6.9.0
2023-07-25 12:35:14,435 [ERROR] AppliInfo:139 - Unknown STM32CubeMX version: 6.9.0
2023-07-25 12:35:14,435 [ERROR] AppliInfo:139 - Unknown STM32CubeMX version: 6.9.0
2023-07-25 12:35:14,436 [ERROR] AppliInfo:139 - Unknown STM32CubeMX version: 6.9.0
2023-07-25 12:35:14,436 [ERROR] AppliInfo:139 - Unknown STM32CubeMX version: 6.9.0
2023-07-25 12:35:14,436 [ERROR] AppliInfo:139 - Unknown STM32CubeMX version: 6.9.0
2023-07-25 12:35:14,436 [ERROR] AppliInfo:139 - Unknown STM32CubeMX version: 6.9.0
2023-07-25 12:35:14,437 [ERROR] AppliInfo:139 - Unknown STM32CubeMX version: 6.9.0
2023-07-25 12:35:14,437 [ERROR] AppliInfo:139 - Unknown STM32CubeMX version: 6.9.0
2023-07-25 12:35:14,437 [ERROR] AppliInfo:139 - Unknown STM32CubeMX version: 6.9.0
2023-07-25 12:35:14,437 [ERROR] AppliInfo:139 - Unknown STM32CubeMX version: 6.9.0
2023-07-25 12:35:14,437 [ERROR] AppliInfo:139 - Unknown STM32CubeMX version: 6.9.0
2023-07-25 12:35:14,438 [ERROR] AppliInfo:139 - Unknown STM32CubeMX version: 6.9.0
2023-07-25 12:35:14,438 [ERROR] AppliInfo:139 - Unknown STM32CubeMX version: 6.9.0
2023-07-25 12:35:14,438 [ERROR] AppliInfo:139 - Unknown STM32CubeMX version: 6.9.0
2023-07-25 12:35:14,438 [ERROR] AppliInfo:139 - Unknown STM32CubeMX version: 6.9.0
2023-07-25 12:35:14,439 [ERROR] AppliInfo:139 - Unknown STM32CubeMX version: 6.9.0
2023-07-25 12:35:14,439 [ERROR] AppliInfo:139 - Unknown STM32CubeMX version: 6.9.0
2023-07-25 12:35:14,439 [ERROR] AppliInfo:139 - Unknown STM32CubeMX version: 6.9.0
2023-07-25 12:35:14,439 [ERROR] AppliInfo:139 - Unknown STM32CubeMX version: 6.9.0
2023-07-25 12:35:14,440 [ERROR] AppliInfo:139 - Unknown STM32CubeMX version: 6.9.0
2023-07-25 12:35:14,440 [ERROR] AppliInfo:139 - Unknown STM32CubeMX version: 6.9.0
2023-07-25 12:35:14,956 [ERROR] AppliInfo:139 - Unknown STM32CubeMX version: 6.9.0
2023-07-25 12:35:14,957 [ERROR] AppliInfo:139 - Unknown STM32CubeMX version: 6.9.0
2023-07-25 12:35:14,964 [ERROR] AppliInfo:139 - Unknown STM32CubeMX version: 6.9.0
2023-07-25 12:35:14,965 [ERROR] AppliInfo:139 - Unknown STM32CubeMX version: 6.9.0
2023-07-25 12:35:14,967 [ERROR] AppliInfo:139 - Unknown STM32CubeMX version: 6.9.0
2023-07-25 12:35:14,968 [ERROR] AppliInfo:139 - Unknown STM32CubeMX version: 6.9.0
2023-07-25 12:35:14,968 [ERROR] AppliInfo:139 - Unknown STM32CubeMX version: 6.9.0
2023-07-25 12:35:14,968 [ERROR] AppliInfo:139 - Unknown STM32CubeMX version: 6.9.0
2023-07-25 12:35:14,968 [ERROR] AppliInfo:139 - Unknown STM32CubeMX version: 6.9.0
2023-07-25 12:35:14,969 [ERROR] AppliInfo:139 - Unknown STM32CubeMX version: 6.9.0
2023-07-25 12:35:14,969 [ERROR] AppliInfo:139 - Unknown STM32CubeMX version: 6.9.0
2023-07-25 12:35:14,969 [ERROR] AppliInfo:139 - Unknown STM32CubeMX version: 6.9.0
2023-07-25 12:35:14,979 [ERROR] AppliInfo:139 - Unknown STM32CubeMX version: 6.9.0
2023-07-25 12:35:14,979 [ERROR] AppliInfo:139 - Unknown STM32CubeMX version: 6.9.0
2023-07-25 12:35:14,980 [ERROR] AppliInfo:139 - Unknown STM32CubeMX version: 6.9.0
2023-07-25 12:35:14,980 [ERROR] AppliInfo:139 - Unknown STM32CubeMX version: 6.9.0
2023-07-25 12:35:14,980 [ERROR] AppliInfo:139 - Unknown STM32CubeMX version: 6.9.0
2023-07-25 12:35:14,981 [ERROR] AppliInfo:139 - Unknown STM32CubeMX version: 6.9.0
2023-07-25 12:35:14,981 [ERROR] AppliInfo:139 - Unknown STM32CubeMX version: 6.9.0
2023-07-25 12:35:14,981 [ERROR] AppliInfo:139 - Unknown STM32CubeMX version: 6.9.0
2023-07-25 12:35:14,981 [ERROR] AppliInfo:139 - Unknown STM32CubeMX version: 6.9.0
2023-07-25 12:35:14,982 [ERROR] AppliInfo:139 - Unknown STM32CubeMX version: 6.9.0
2023-07-25 12:35:14,982 [ERROR] AppliInfo:139 - Unknown STM32CubeMX version: 6.9.0
2023-07-25 12:35:14,982 [ERROR] AppliInfo:139 - Unknown STM32CubeMX version: 6.9.0
2023-07-25 12:35:14,982 [ERROR] AppliInfo:139 - Unknown STM32CubeMX version: 6.9.0
2023-07-25 12:35:14,983 [ERROR] AppliInfo:139 - Unknown STM32CubeMX version: 6.9.0
2023-07-25 12:35:14,983 [ERROR] AppliInfo:139 - Unknown STM32CubeMX version: 6.9.0
2023-07-25 12:35:14,983 [ERROR] AppliInfo:139 - Unknown STM32CubeMX version: 6.9.0
2023-07-25 12:35:14,983 [ERROR] AppliInfo:139 - Unknown STM32CubeMX version: 6.9.0
2023-07-25 12:35:14,983 [ERROR] AppliInfo:139 - Unknown STM32CubeMX version: 6.9.0
2023-07-25 12:35:14,984 [ERROR] AppliInfo:139 - Unknown STM32CubeMX version: 6.9.0
2023-07-25 12:35:14,984 [ERROR] AppliInfo:139 - Unknown STM32CubeMX version: 6.9.0
2023-07-25 12:35:14,991 [ERROR] AppliInfo:139 - Unknown STM32CubeMX version: 6.9.0
2023-07-25 12:35:14,999 [ERROR] AppliInfo:139 - Unknown STM32CubeMX version: 6.9.0
2023-07-25 12:35:15,000 [ERROR] AppliInfo:139 - Unknown STM32CubeMX version: 6.9.0
2023-07-25 12:35:15,000 [ERROR] AppliInfo:139 - Unknown STM32CubeMX version: 6.9.0
2023-07-25 12:35:15,001 [ERROR] AppliInfo:139 - Unknown STM32CubeMX version: 6.9.0
2023-07-25 12:35:15,001 [ERROR] AppliInfo:139 - Unknown STM32CubeMX version: 6.9.0
2023-07-25 12:35:15,002 [ERROR] AppliInfo:139 - Unknown STM32CubeMX version: 6.9.0
2023-07-25 12:35:15,003 [ERROR] AppliInfo:139 - Unknown STM32CubeMX version: 6.9.0
2023-07-25 12:35:15,003 [ERROR] AppliInfo:139 - Unknown STM32CubeMX version: 6.9.0
2023-07-25 12:35:15,003 [ERROR] AppliInfo:139 - Unknown STM32CubeMX version: 6.9.0
2023-07-25 12:35:15,004 [ERROR] AppliInfo:139 - Unknown STM32CubeMX version: 6.9.0
2023-07-25 12:35:15,004 [ERROR] AppliInfo:139 - Unknown STM32CubeMX version: 6.9.0
2023-07-25 12:35:15,004 [ERROR] AppliInfo:139 - Unknown STM32CubeMX version: 6.9.0
2023-07-25 12:35:15,325 [ERROR] AppliInfo:139 - Unknown STM32CubeMX version: 6.9.0
2023-07-25 12:35:15,325 [ERROR] AppliInfo:139 - Unknown STM32CubeMX version: 6.9.0
2023-07-25 12:35:15,326 [ERROR] AppliInfo:139 - Unknown STM32CubeMX version: 6.9.0
2023-07-25 12:35:15,373 [ERROR] AppliInfo:139 - Unknown STM32CubeMX version: 6.9.0
2023-07-25 12:35:15,373 [ERROR] AppliInfo:139 - Unknown STM32CubeMX version: 6.9.0
2023-07-25 12:35:15,373 [ERROR] AppliInfo:139 - Unknown STM32CubeMX version: 6.9.0
2023-07-25 12:35:15,373 [ERROR] AppliInfo:139 - Unknown STM32CubeMX version: 6.9.0
2023-07-25 12:35:15,374 [ERROR] AppliInfo:139 - Unknown STM32CubeMX version: 6.9.0
2023-07-25 12:35:15,374 [ERROR] AppliInfo:139 - Unknown STM32CubeMX version: 6.9.0
2023-07-25 12:35:15,374 [ERROR] AppliInfo:139 - Unknown STM32CubeMX version: 6.9.0
2023-07-25 12:35:15,375 [ERROR] AppliInfo:139 - Unknown STM32CubeMX version: 6.9.0
2023-07-25 12:35:15,375 [ERROR] AppliInfo:139 - Unknown STM32CubeMX version: 6.9.0
2023-07-25 12:35:15,375 [ERROR] AppliInfo:139 - Unknown STM32CubeMX version: 6.9.0
2023-07-25 12:35:15,376 [ERROR] AppliInfo:139 - Unknown STM32CubeMX version: 6.9.0
2023-07-25 12:35:15,376 [ERROR] AppliInfo:139 - Unknown STM32CubeMX version: 6.9.0
2023-07-25 12:35:15,377 [ERROR] AppliInfo:139 - Unknown STM32CubeMX version: 6.9.0
2023-07-25 12:35:15,377 [ERROR] AppliInfo:139 - Unknown STM32CubeMX version: 6.9.0
2023-07-25 12:35:15,378 [ERROR] AppliInfo:139 - Unknown STM32CubeMX version: 6.9.0
2023-07-25 12:35:15,378 [ERROR] AppliInfo:139 - Unknown STM32CubeMX version: 6.9.0
2023-07-25 12:35:15,380 [ERROR] AppliInfo:139 - Unknown STM32CubeMX version: 6.9.0
2023-07-25 12:35:15,380 [ERROR] AppliInfo:139 - Unknown STM32CubeMX version: 6.9.0
2023-07-25 12:35:15,381 [ERROR] AppliInfo:139 - Unknown STM32CubeMX version: 6.9.0
2023-07-25 12:35:15,381 [ERROR] AppliInfo:139 - Unknown STM32CubeMX version: 6.9.0
2023-07-25 12:35:15,381 [ERROR] AppliInfo:139 - Unknown STM32CubeMX version: 6.9.0
2023-07-25 12:35:15,382 [ERROR] AppliInfo:139 - Unknown STM32CubeMX version: 6.9.0
2023-07-25 12:35:15,382 [ERROR] AppliInfo:139 - Unknown STM32CubeMX version: 6.9.0
2023-07-25 12:35:15,382 [ERROR] AppliInfo:139 - Unknown STM32CubeMX version: 6.9.0
2023-07-25 12:35:15,383 [ERROR] AppliInfo:139 - Unknown STM32CubeMX version: 6.9.0
2023-07-25 12:35:15,383 [ERROR] AppliInfo:139 - Unknown STM32CubeMX version: 6.9.0
2023-07-25 12:35:15,384 [ERROR] AppliInfo:139 - Unknown STM32CubeMX version: 6.9.0
2023-07-25 12:35:15,384 [ERROR] AppliInfo:139 - Unknown STM32CubeMX version: 6.9.0
2023-07-25 12:35:15,384 [ERROR] AppliInfo:139 - Unknown STM32CubeMX version: 6.9.0
2023-07-25 12:35:15,385 [ERROR] AppliInfo:139 - Unknown STM32CubeMX version: 6.9.0
2023-07-25 12:35:15,386 [ERROR] AppliInfo:139 - Unknown STM32CubeMX version: 6.9.0
2023-07-25 12:35:15,387 [ERROR] AppliInfo:139 - Unknown STM32CubeMX version: 6.9.0
2023-07-25 12:35:15,387 [ERROR] AppliInfo:139 - Unknown STM32CubeMX version: 6.9.0
2023-07-25 12:35:15,388 [ERROR] AppliInfo:139 - Unknown STM32CubeMX version: 6.9.0
2023-07-25 12:35:15,388 [ERROR] AppliInfo:139 - Unknown STM32CubeMX version: 6.9.0
2023-07-25 12:35:15,388 [ERROR] AppliInfo:139 - Unknown STM32CubeMX version: 6.9.0
2023-07-25 12:35:15,391 [ERROR] AppliInfo:139 - Unknown STM32CubeMX version: 6.9.0
2023-07-25 12:35:15,392 [ERROR] AppliInfo:139 - Unknown STM32CubeMX version: 6.9.0
2023-07-25 12:35:15,392 [ERROR] AppliInfo:139 - Unknown STM32CubeMX version: 6.9.0
2023-07-25 12:35:15,392 [ERROR] AppliInfo:139 - Unknown STM32CubeMX version: 6.9.0
2023-07-25 12:35:15,392 [ERROR] AppliInfo:139 - Unknown STM32CubeMX version: 6.9.0
2023-07-25 12:35:15,393 [ERROR] AppliInfo:139 - Unknown STM32CubeMX version: 6.9.0
2023-07-25 12:35:15,394 [ERROR] AppliInfo:139 - Unknown STM32CubeMX version: 6.9.0
2023-07-25 12:35:15,394 [ERROR] AppliInfo:139 - Unknown STM32CubeMX version: 6.9.0
2023-07-25 12:35:15,394 [ERROR] AppliInfo:139 - Unknown STM32CubeMX version: 6.9.0
2023-07-25 12:35:15,395 [ERROR] AppliInfo:139 - Unknown STM32CubeMX version: 6.9.0
2023-07-25 12:35:15,395 [ERROR] AppliInfo:139 - Unknown STM32CubeMX version: 6.9.0
2023-07-25 12:35:15,395 [ERROR] AppliInfo:139 - Unknown STM32CubeMX version: 6.9.0
2023-07-25 12:35:15,396 [ERROR] AppliInfo:139 - Unknown STM32CubeMX version: 6.9.0
2023-07-25 12:35:15,396 [ERROR] AppliInfo:139 - Unknown STM32CubeMX version: 6.9.0
2023-07-25 12:35:15,396 [ERROR] AppliInfo:139 - Unknown STM32CubeMX version: 6.9.0
2023-07-25 12:35:15,396 [ERROR] AppliInfo:139 - Unknown STM32CubeMX version: 6.9.0
2023-07-25 12:35:15,397 [ERROR] AppliInfo:139 - Unknown STM32CubeMX version: 6.9.0
2023-07-25 12:35:15,397 [ERROR] AppliInfo:139 - Unknown STM32CubeMX version: 6.9.0
2023-07-25 12:35:15,397 [ERROR] AppliInfo:139 - Unknown STM32CubeMX version: 6.9.0
2023-07-25 12:35:15,398 [ERROR] AppliInfo:139 - Unknown STM32CubeMX version: 6.9.0
2023-07-25 12:35:15,398 [ERROR] AppliInfo:139 - Unknown STM32CubeMX version: 6.9.0
2023-07-25 12:35:15,398 [ERROR] AppliInfo:139 - Unknown STM32CubeMX version: 6.9.0
2023-07-25 12:35:15,398 [ERROR] AppliInfo:139 - Unknown STM32CubeMX version: 6.9.0
2023-07-25 12:35:15,399 [ERROR] AppliInfo:139 - Unknown STM32CubeMX version: 6.9.0
2023-07-25 12:35:15,399 [ERROR] AppliInfo:139 - Unknown STM32CubeMX version: 6.9.0
2023-07-25 12:35:15,399 [ERROR] AppliInfo:139 - Unknown STM32CubeMX version: 6.9.0
2023-07-25 12:35:15,400 [ERROR] AppliInfo:139 - Unknown STM32CubeMX version: 6.9.0
2023-07-25 12:35:15,400 [ERROR] AppliInfo:139 - Unknown STM32CubeMX version: 6.9.0
2023-07-25 12:35:15,415 [ERROR] AppliInfo:139 - Unknown STM32CubeMX version: 6.9.0
2023-07-25 12:35:15,416 [ERROR] AppliInfo:139 - Unknown STM32CubeMX version: 6.9.0
2023-07-25 12:35:15,424 [ERROR] AppliInfo:139 - Unknown STM32CubeMX version: 6.9.0
2023-07-25 12:35:15,424 [ERROR] AppliInfo:139 - Unknown STM32CubeMX version: 6.9.0
2023-07-25 12:35:15,425 [ERROR] AppliInfo:139 - Unknown STM32CubeMX version: 6.9.0
2023-07-25 12:35:15,428 [ERROR] AppliInfo:139 - Unknown STM32CubeMX version: 6.9.0
2023-07-25 12:35:15,428 [ERROR] AppliInfo:139 - Unknown STM32CubeMX version: 6.9.0
2023-07-25 12:35:15,428 [ERROR] AppliInfo:139 - Unknown STM32CubeMX version: 6.9.0
2023-07-25 12:35:15,429 [ERROR] AppliInfo:139 - Unknown STM32CubeMX version: 6.9.0
2023-07-25 12:35:15,429 [ERROR] AppliInfo:139 - Unknown STM32CubeMX version: 6.9.0
2023-07-25 12:35:15,430 [ERROR] AppliInfo:139 - Unknown STM32CubeMX version: 6.9.0
2023-07-25 12:35:15,430 [ERROR] AppliInfo:139 - Unknown STM32CubeMX version: 6.9.0
2023-07-25 12:35:15,466 [ERROR] AppliInfo:139 - Unknown STM32CubeMX version: 6.9.0
2023-07-25 12:35:15,466 [ERROR] AppliInfo:139 - Unknown STM32CubeMX version: 6.9.0
2023-07-25 12:35:15,473 [ERROR] AppliInfo:139 - Unknown STM32CubeMX version: 6.9.0
2023-07-25 12:35:15,474 [ERROR] AppliInfo:139 - Unknown STM32CubeMX version: 6.9.0
2023-07-25 12:35:15,474 [ERROR] AppliInfo:139 - Unknown STM32CubeMX version: 6.9.0
2023-07-25 12:35:15,474 [ERROR] AppliInfo:139 - Unknown STM32CubeMX version: 6.9.0
2023-07-25 12:35:15,476 [ERROR] AppliInfo:139 - Unknown STM32CubeMX version: 6.9.0
2023-07-25 12:35:15,476 [ERROR] AppliInfo:139 - Unknown STM32CubeMX version: 6.9.0
2023-07-25 12:35:15,476 [ERROR] AppliInfo:139 - Unknown STM32CubeMX version: 6.9.0
2023-07-25 12:35:15,477 [ERROR] AppliInfo:139 - Unknown STM32CubeMX version: 6.9.0
2023-07-25 12:35:15,477 [ERROR] AppliInfo:139 - Unknown STM32CubeMX version: 6.9.0
2023-07-25 12:35:15,477 [ERROR] AppliInfo:139 - Unknown STM32CubeMX version: 6.9.0
2023-07-25 12:35:15,478 [ERROR] AppliInfo:139 - Unknown STM32CubeMX version: 6.9.0
2023-07-25 12:35:15,478 [ERROR] AppliInfo:139 - Unknown STM32CubeMX version: 6.9.0
2023-07-25 12:35:15,478 [ERROR] AppliInfo:139 - Unknown STM32CubeMX version: 6.9.0
2023-07-25 12:35:15,478 [ERROR] AppliInfo:139 - Unknown STM32CubeMX version: 6.9.0
2023-07-25 12:35:15,479 [ERROR] AppliInfo:139 - Unknown STM32CubeMX version: 6.9.0
2023-07-25 12:35:15,479 [ERROR] AppliInfo:139 - Unknown STM32CubeMX version: 6.9.0
2023-07-25 12:35:15,502 [ERROR] AppliInfo:139 - Unknown STM32CubeMX version: 6.9.0
2023-07-25 12:35:15,503 [ERROR] AppliInfo:139 - Unknown STM32CubeMX version: 6.9.0
2023-07-25 12:35:15,503 [ERROR] AppliInfo:139 - Unknown STM32CubeMX version: 6.9.0
2023-07-25 12:35:15,503 [ERROR] AppliInfo:139 - Unknown STM32CubeMX version: 6.9.0
2023-07-25 12:35:15,504 [ERROR] AppliInfo:139 - Unknown STM32CubeMX version: 6.9.0
2023-07-25 12:35:15,504 [ERROR] AppliInfo:139 - Unknown STM32CubeMX version: 6.9.0
2023-07-25 12:35:15,504 [ERROR] AppliInfo:139 - Unknown STM32CubeMX version: 6.9.0
2023-07-25 12:35:15,505 [ERROR] AppliInfo:139 - Unknown STM32CubeMX version: 6.9.0
2023-07-25 12:35:15,507 [ERROR] AppliInfo:139 - Unknown STM32CubeMX version: 6.9.0
2023-07-25 12:35:15,508 [ERROR] AppliInfo:139 - Unknown STM32CubeMX version: 6.9.0
2023-07-25 12:35:15,508 [ERROR] AppliInfo:139 - Unknown STM32CubeMX version: 6.9.0
2023-07-25 12:35:15,508 [ERROR] AppliInfo:139 - Unknown STM32CubeMX version: 6.9.0
2023-07-25 12:35:15,509 [ERROR] AppliInfo:139 - Unknown STM32CubeMX version: 6.9.0
2023-07-25 12:35:15,509 [ERROR] AppliInfo:139 - Unknown STM32CubeMX version: 6.9.0
2023-07-25 12:35:15,509 [ERROR] AppliInfo:139 - Unknown STM32CubeMX version: 6.9.0
2023-07-25 12:35:15,510 [ERROR] AppliInfo:139 - Unknown STM32CubeMX version: 6.9.0
2023-07-25 12:35:15,510 [ERROR] AppliInfo:139 - Unknown STM32CubeMX version: 6.9.0
2023-07-25 12:35:15,511 [ERROR] AppliInfo:139 - Unknown STM32CubeMX version: 6.9.0
2023-07-25 12:35:15,511 [ERROR] AppliInfo:139 - Unknown STM32CubeMX version: 6.9.0
2023-07-25 12:35:15,511 [ERROR] AppliInfo:139 - Unknown STM32CubeMX version: 6.9.0
2023-07-25 12:35:15,512 [ERROR] AppliInfo:139 - Unknown STM32CubeMX version: 6.9.0
2023-07-25 12:35:15,512 [ERROR] AppliInfo:139 - Unknown STM32CubeMX version: 6.9.0
2023-07-25 12:35:15,512 [ERROR] AppliInfo:139 - Unknown STM32CubeMX version: 6.9.0
2023-07-25 12:35:15,513 [ERROR] AppliInfo:139 - Unknown STM32CubeMX version: 6.9.0
2023-07-25 12:35:15,513 [ERROR] AppliInfo:139 - Unknown STM32CubeMX version: 6.9.0
2023-07-25 12:35:15,513 [ERROR] AppliInfo:139 - Unknown STM32CubeMX version: 6.9.0
2023-07-25 12:35:15,514 [ERROR] AppliInfo:139 - Unknown STM32CubeMX version: 6.9.0
2023-07-25 12:35:15,514 [ERROR] AppliInfo:139 - Unknown STM32CubeMX version: 6.9.0
2023-07-25 12:35:15,514 [ERROR] AppliInfo:139 - Unknown STM32CubeMX version: 6.9.0
2023-07-25 12:35:15,515 [ERROR] AppliInfo:139 - Unknown STM32CubeMX version: 6.9.0
2023-07-25 12:35:15,515 [ERROR] AppliInfo:139 - Unknown STM32CubeMX version: 6.9.0
2023-07-25 12:35:15,515 [ERROR] AppliInfo:139 - Unknown STM32CubeMX version: 6.9.0
2023-07-25 12:35:15,515 [ERROR] AppliInfo:139 - Unknown STM32CubeMX version: 6.9.0
2023-07-25 12:35:15,516 [ERROR] AppliInfo:139 - Unknown STM32CubeMX version: 6.9.0
2023-07-25 12:35:15,516 [ERROR] AppliInfo:139 - Unknown STM32CubeMX version: 6.9.0
2023-07-25 12:35:15,516 [ERROR] AppliInfo:139 - Unknown STM32CubeMX version: 6.9.0
2023-07-25 12:35:15,517 [ERROR] AppliInfo:139 - Unknown STM32CubeMX version: 6.9.0
2023-07-25 12:35:15,517 [ERROR] AppliInfo:139 - Unknown STM32CubeMX version: 6.9.0
2023-07-25 12:35:15,517 [ERROR] AppliInfo:139 - Unknown STM32CubeMX version: 6.9.0
2023-07-25 12:35:15,518 [ERROR] AppliInfo:139 - Unknown STM32CubeMX version: 6.9.0
2023-07-25 12:35:15,518 [ERROR] AppliInfo:139 - Unknown STM32CubeMX version: 6.9.0
2023-07-25 12:35:15,519 [ERROR] AppliInfo:139 - Unknown STM32CubeMX version: 6.9.0
2023-07-25 12:35:15,519 [ERROR] AppliInfo:139 - Unknown STM32CubeMX version: 6.9.0
2023-07-25 12:35:15,519 [ERROR] AppliInfo:139 - Unknown STM32CubeMX version: 6.9.0
2023-07-25 12:35:15,520 [ERROR] AppliInfo:139 - Unknown STM32CubeMX version: 6.9.0
2023-07-25 12:35:15,520 [ERROR] AppliInfo:139 - Unknown STM32CubeMX version: 6.9.0
2023-07-25 12:35:15,520 [ERROR] AppliInfo:139 - Unknown STM32CubeMX version: 6.9.0
2023-07-25 12:35:15,521 [ERROR] AppliInfo:139 - Unknown STM32CubeMX version: 6.9.0
2023-07-25 12:35:15,521 [ERROR] AppliInfo:139 - Unknown STM32CubeMX version: 6.9.0
2023-07-25 12:35:15,521 [ERROR] AppliInfo:139 - Unknown STM32CubeMX version: 6.9.0
2023-07-25 12:35:15,522 [ERROR] AppliInfo:139 - Unknown STM32CubeMX version: 6.9.0
2023-07-25 12:35:15,522 [ERROR] AppliInfo:139 - Unknown STM32CubeMX version: 6.9.0
2023-07-25 12:35:15,523 [ERROR] AppliInfo:139 - Unknown STM32CubeMX version: 6.9.0
2023-07-25 12:35:15,523 [ERROR] AppliInfo:139 - Unknown STM32CubeMX version: 6.9.0
2023-07-25 12:35:15,523 [ERROR] AppliInfo:139 - Unknown STM32CubeMX version: 6.9.0
2023-07-25 12:35:15,524 [ERROR] AppliInfo:139 - Unknown STM32CubeMX version: 6.9.0
2023-07-25 12:35:15,524 [ERROR] AppliInfo:139 - Unknown STM32CubeMX version: 6.9.0
2023-07-25 12:35:15,524 [ERROR] AppliInfo:139 - Unknown STM32CubeMX version: 6.9.0
2023-07-25 12:35:15,525 [ERROR] AppliInfo:139 - Unknown STM32CubeMX version: 6.9.0
2023-07-25 12:35:15,525 [ERROR] AppliInfo:139 - Unknown STM32CubeMX version: 6.9.0
2023-07-25 12:35:15,525 [ERROR] AppliInfo:139 - Unknown STM32CubeMX version: 6.9.0
2023-07-25 12:35:15,526 [ERROR] AppliInfo:139 - Unknown STM32CubeMX version: 6.9.0
2023-07-25 12:35:15,526 [ERROR] AppliInfo:139 - Unknown STM32CubeMX version: 6.9.0
2023-07-25 12:35:15,527 [ERROR] AppliInfo:139 - Unknown STM32CubeMX version: 6.9.0
2023-07-25 12:35:15,527 [ERROR] AppliInfo:139 - Unknown STM32CubeMX version: 6.9.0
2023-07-25 12:35:15,528 [ERROR] AppliInfo:139 - Unknown STM32CubeMX version: 6.9.0
2023-07-25 12:35:15,528 [ERROR] AppliInfo:139 - Unknown STM32CubeMX version: 6.9.0
2023-07-25 12:35:15,529 [ERROR] AppliInfo:139 - Unknown STM32CubeMX version: 6.9.0
2023-07-25 12:35:15,529 [ERROR] AppliInfo:139 - Unknown STM32CubeMX version: 6.9.0
2023-07-25 12:35:15,529 [ERROR] AppliInfo:139 - Unknown STM32CubeMX version: 6.9.0
2023-07-25 12:35:15,530 [ERROR] AppliInfo:139 - Unknown STM32CubeMX version: 6.9.0
2023-07-25 12:35:15,530 [ERROR] AppliInfo:139 - Unknown STM32CubeMX version: 6.9.0
2023-07-25 12:35:15,531 [ERROR] AppliInfo:139 - Unknown STM32CubeMX version: 6.9.0
2023-07-25 12:35:15,531 [ERROR] AppliInfo:139 - Unknown STM32CubeMX version: 6.9.0
2023-07-25 12:35:15,531 [ERROR] AppliInfo:139 - Unknown STM32CubeMX version: 6.9.0
2023-07-25 12:35:15,532 [ERROR] AppliInfo:139 - Unknown STM32CubeMX version: 6.9.0
2023-07-25 12:35:15,532 [ERROR] AppliInfo:139 - Unknown STM32CubeMX version: 6.9.0
2023-07-25 12:35:15,532 [ERROR] AppliInfo:139 - Unknown STM32CubeMX version: 6.9.0
2023-07-25 12:35:15,533 [ERROR] AppliInfo:139 - Unknown STM32CubeMX version: 6.9.0
2023-07-25 12:35:15,533 [ERROR] AppliInfo:139 - Unknown STM32CubeMX version: 6.9.0
2023-07-25 12:35:15,533 [ERROR] AppliInfo:139 - Unknown STM32CubeMX version: 6.9.0
2023-07-25 12:35:15,534 [ERROR] AppliInfo:139 - Unknown STM32CubeMX version: 6.9.0
2023-07-25 12:35:15,534 [ERROR] AppliInfo:139 - Unknown STM32CubeMX version: 6.9.0
2023-07-25 12:35:15,534 [ERROR] AppliInfo:139 - Unknown STM32CubeMX version: 6.9.0
2023-07-25 12:35:15,535 [ERROR] AppliInfo:139 - Unknown STM32CubeMX version: 6.9.0
2023-07-25 12:35:15,535 [ERROR] AppliInfo:139 - Unknown STM32CubeMX version: 6.9.0
2023-07-25 12:35:15,535 [ERROR] AppliInfo:139 - Unknown STM32CubeMX version: 6.9.0
2023-07-25 12:35:15,536 [ERROR] AppliInfo:139 - Unknown STM32CubeMX version: 6.9.0
2023-07-25 12:35:15,536 [ERROR] AppliInfo:139 - Unknown STM32CubeMX version: 6.9.0
2023-07-25 12:35:15,536 [ERROR] AppliInfo:139 - Unknown STM32CubeMX version: 6.9.0
2023-07-25 12:35:15,537 [ERROR] AppliInfo:139 - Unknown STM32CubeMX version: 6.9.0
2023-07-25 12:35:15,537 [ERROR] AppliInfo:139 - Unknown STM32CubeMX version: 6.9.0
2023-07-25 12:35:15,537 [ERROR] AppliInfo:139 - Unknown STM32CubeMX version: 6.9.0
2023-07-25 12:35:15,538 [ERROR] AppliInfo:139 - Unknown STM32CubeMX version: 6.9.0
2023-07-25 12:35:15,538 [ERROR] AppliInfo:139 - Unknown STM32CubeMX version: 6.9.0
2023-07-25 12:35:15,538 [ERROR] AppliInfo:139 - Unknown STM32CubeMX version: 6.9.0
2023-07-25 12:35:15,539 [ERROR] AppliInfo:139 - Unknown STM32CubeMX version: 6.9.0
2023-07-25 12:35:15,539 [ERROR] AppliInfo:139 - Unknown STM32CubeMX version: 6.9.0
2023-07-25 12:35:15,539 [ERROR] AppliInfo:139 - Unknown STM32CubeMX version: 6.9.0
2023-07-25 12:35:15,540 [ERROR] AppliInfo:139 - Unknown STM32CubeMX version: 6.9.0
2023-07-25 12:35:15,540 [ERROR] AppliInfo:139 - Unknown STM32CubeMX version: 6.9.0
2023-07-25 12:35:15,540 [ERROR] AppliInfo:139 - Unknown STM32CubeMX version: 6.9.0
2023-07-25 12:35:15,541 [ERROR] AppliInfo:139 - Unknown STM32CubeMX version: 6.9.0
2023-07-25 12:35:15,541 [ERROR] AppliInfo:139 - Unknown STM32CubeMX version: 6.9.0
2023-07-25 12:35:15,542 [ERROR] AppliInfo:139 - Unknown STM32CubeMX version: 6.9.0
2023-07-25 12:35:15,542 [ERROR] AppliInfo:139 - Unknown STM32CubeMX version: 6.9.0
2023-07-25 12:35:15,542 [ERROR] AppliInfo:139 - Unknown STM32CubeMX version: 6.9.0
2023-07-25 12:35:15,543 [ERROR] AppliInfo:139 - Unknown STM32CubeMX version: 6.9.0
2023-07-25 12:35:15,543 [ERROR] AppliInfo:139 - Unknown STM32CubeMX version: 6.9.0
2023-07-25 12:35:15,543 [ERROR] AppliInfo:139 - Unknown STM32CubeMX version: 6.9.0
2023-07-25 12:35:15,544 [ERROR] AppliInfo:139 - Unknown STM32CubeMX version: 6.9.0
2023-07-25 12:35:15,544 [ERROR] AppliInfo:139 - Unknown STM32CubeMX version: 6.9.0
2023-07-25 12:35:15,545 [ERROR] AppliInfo:139 - Unknown STM32CubeMX version: 6.9.0
2023-07-25 12:35:15,545 [ERROR] AppliInfo:139 - Unknown STM32CubeMX version: 6.9.0
2023-07-25 12:35:15,545 [ERROR] AppliInfo:139 - Unknown STM32CubeMX version: 6.9.0
2023-07-25 12:35:15,545 [ERROR] AppliInfo:139 - Unknown STM32CubeMX version: 6.9.0
2023-07-25 12:35:15,546 [ERROR] AppliInfo:139 - Unknown STM32CubeMX version: 6.9.0
2023-07-25 12:35:15,546 [ERROR] AppliInfo:139 - Unknown STM32CubeMX version: 6.9.0
2023-07-25 12:35:15,547 [ERROR] AppliInfo:139 - Unknown STM32CubeMX version: 6.9.0
2023-07-25 12:35:15,547 [ERROR] AppliInfo:139 - Unknown STM32CubeMX version: 6.9.0
2023-07-25 12:35:15,547 [ERROR] AppliInfo:139 - Unknown STM32CubeMX version: 6.9.0
2023-07-25 12:35:15,547 [ERROR] AppliInfo:139 - Unknown STM32CubeMX version: 6.9.0
2023-07-25 12:35:15,548 [ERROR] AppliInfo:139 - Unknown STM32CubeMX version: 6.9.0
2023-07-25 12:35:15,548 [ERROR] AppliInfo:139 - Unknown STM32CubeMX version: 6.9.0
2023-07-25 12:35:15,548 [ERROR] AppliInfo:139 - Unknown STM32CubeMX version: 6.9.0
2023-07-25 12:35:15,549 [ERROR] AppliInfo:139 - Unknown STM32CubeMX version: 6.9.0
2023-07-25 12:35:15,549 [ERROR] AppliInfo:139 - Unknown STM32CubeMX version: 6.9.0
2023-07-25 12:35:15,549 [ERROR] AppliInfo:139 - Unknown STM32CubeMX version: 6.9.0
2023-07-25 12:35:15,549 [ERROR] AppliInfo:139 - Unknown STM32CubeMX version: 6.9.0
2023-07-25 12:35:15,550 [ERROR] AppliInfo:139 - Unknown STM32CubeMX version: 6.9.0
2023-07-25 12:35:15,550 [ERROR] AppliInfo:139 - Unknown STM32CubeMX version: 6.9.0
2023-07-25 12:35:15,550 [ERROR] AppliInfo:139 - Unknown STM32CubeMX version: 6.9.0
2023-07-25 12:35:15,551 [ERROR] AppliInfo:139 - Unknown STM32CubeMX version: 6.9.0
2023-07-25 12:35:15,551 [ERROR] AppliInfo:139 - Unknown STM32CubeMX version: 6.9.0
2023-07-25 12:35:15,551 [ERROR] AppliInfo:139 - Unknown STM32CubeMX version: 6.9.0
2023-07-25 12:35:15,552 [ERROR] AppliInfo:139 - Unknown STM32CubeMX version: 6.9.0
2023-07-25 12:35:15,552 [ERROR] AppliInfo:139 - Unknown STM32CubeMX version: 6.9.0
2023-07-25 12:35:15,552 [ERROR] AppliInfo:139 - Unknown STM32CubeMX version: 6.9.0
2023-07-25 12:35:15,553 [ERROR] AppliInfo:139 - Unknown STM32CubeMX version: 6.9.0
2023-07-25 12:35:15,553 [ERROR] AppliInfo:139 - Unknown STM32CubeMX version: 6.9.0
2023-07-25 12:35:15,553 [ERROR] AppliInfo:139 - Unknown STM32CubeMX version: 6.9.0
2023-07-25 12:35:15,554 [ERROR] AppliInfo:139 - Unknown STM32CubeMX version: 6.9.0
2023-07-25 12:35:15,554 [ERROR] AppliInfo:139 - Unknown STM32CubeMX version: 6.9.0
2023-07-25 12:35:15,554 [ERROR] AppliInfo:139 - Unknown STM32CubeMX version: 6.9.0
2023-07-25 12:35:15,555 [ERROR] AppliInfo:139 - Unknown STM32CubeMX version: 6.9.0
2023-07-25 12:35:15,555 [ERROR] AppliInfo:139 - Unknown STM32CubeMX version: 6.9.0
2023-07-25 12:35:15,556 [ERROR] AppliInfo:139 - Unknown STM32CubeMX version: 6.9.0
2023-07-25 12:35:15,556 [ERROR] AppliInfo:139 - Unknown STM32CubeMX version: 6.9.0
2023-07-25 12:35:15,556 [ERROR] AppliInfo:139 - Unknown STM32CubeMX version: 6.9.0
2023-07-25 12:35:15,557 [ERROR] AppliInfo:139 - Unknown STM32CubeMX version: 6.9.0
2023-07-25 12:35:15,557 [ERROR] AppliInfo:139 - Unknown STM32CubeMX version: 6.9.0
2023-07-25 12:35:15,558 [ERROR] AppliInfo:139 - Unknown STM32CubeMX version: 6.9.0
2023-07-25 12:35:15,558 [ERROR] AppliInfo:139 - Unknown STM32CubeMX version: 6.9.0
2023-07-25 12:35:15,558 [ERROR] AppliInfo:139 - Unknown STM32CubeMX version: 6.9.0
2023-07-25 12:35:15,559 [ERROR] AppliInfo:139 - Unknown STM32CubeMX version: 6.9.0
2023-07-25 12:35:15,560 [ERROR] AppliInfo:139 - Unknown STM32CubeMX version: 6.9.0
2023-07-25 12:35:15,560 [ERROR] AppliInfo:139 - Unknown STM32CubeMX version: 6.9.0
2023-07-25 12:35:15,561 [ERROR] AppliInfo:139 - Unknown STM32CubeMX version: 6.9.0
2023-07-25 12:35:15,561 [ERROR] AppliInfo:139 - Unknown STM32CubeMX version: 6.9.0
2023-07-25 12:35:15,562 [ERROR] AppliInfo:139 - Unknown STM32CubeMX version: 6.9.0
2023-07-25 12:35:15,562 [ERROR] AppliInfo:139 - Unknown STM32CubeMX version: 6.9.0
2023-07-25 12:35:15,562 [ERROR] AppliInfo:139 - Unknown STM32CubeMX version: 6.9.0
2023-07-25 12:35:15,563 [ERROR] AppliInfo:139 - Unknown STM32CubeMX version: 6.9.0
2023-07-25 12:35:15,563 [ERROR] AppliInfo:139 - Unknown STM32CubeMX version: 6.9.0
2023-07-25 12:35:15,564 [ERROR] AppliInfo:139 - Unknown STM32CubeMX version: 6.9.0
2023-07-25 12:35:15,564 [ERROR] AppliInfo:139 - Unknown STM32CubeMX version: 6.9.0
2023-07-25 12:35:15,565 [ERROR] AppliInfo:139 - Unknown STM32CubeMX version: 6.9.0
2023-07-25 12:35:15,565 [ERROR] AppliInfo:139 - Unknown STM32CubeMX version: 6.9.0
2023-07-25 12:35:15,565 [ERROR] AppliInfo:139 - Unknown STM32CubeMX version: 6.9.0
2023-07-25 12:35:15,566 [ERROR] AppliInfo:139 - Unknown STM32CubeMX version: 6.9.0
2023-07-25 12:35:15,566 [ERROR] AppliInfo:139 - Unknown STM32CubeMX version: 6.9.0
2023-07-25 12:35:15,566 [ERROR] AppliInfo:139 - Unknown STM32CubeMX version: 6.9.0
2023-07-25 12:35:15,567 [ERROR] AppliInfo:139 - Unknown STM32CubeMX version: 6.9.0
2023-07-25 12:35:15,567 [ERROR] AppliInfo:139 - Unknown STM32CubeMX version: 6.9.0
2023-07-25 12:35:15,567 [ERROR] AppliInfo:139 - Unknown STM32CubeMX version: 6.9.0
2023-07-25 12:35:15,568 [ERROR] AppliInfo:139 - Unknown STM32CubeMX version: 6.9.0
2023-07-25 12:35:15,568 [ERROR] AppliInfo:139 - Unknown STM32CubeMX version: 6.9.0
2023-07-25 12:35:15,568 [ERROR] AppliInfo:139 - Unknown STM32CubeMX version: 6.9.0
2023-07-25 12:35:15,568 [ERROR] AppliInfo:139 - Unknown STM32CubeMX version: 6.9.0
2023-07-25 12:35:15,569 [ERROR] AppliInfo:139 - Unknown STM32CubeMX version: 6.9.0
2023-07-25 12:35:15,569 [ERROR] AppliInfo:139 - Unknown STM32CubeMX version: 6.9.0
2023-07-25 12:35:15,569 [ERROR] AppliInfo:139 - Unknown STM32CubeMX version: 6.9.0
2023-07-25 12:35:15,569 [ERROR] AppliInfo:139 - Unknown STM32CubeMX version: 6.9.0
2023-07-25 12:35:15,570 [ERROR] AppliInfo:139 - Unknown STM32CubeMX version: 6.9.0
2023-07-25 12:35:15,570 [ERROR] AppliInfo:139 - Unknown STM32CubeMX version: 6.9.0
2023-07-25 12:35:15,570 [ERROR] AppliInfo:139 - Unknown STM32CubeMX version: 6.9.0
2023-07-25 12:35:15,570 [ERROR] AppliInfo:139 - Unknown STM32CubeMX version: 6.9.0
2023-07-25 12:35:15,571 [ERROR] AppliInfo:139 - Unknown STM32CubeMX version: 6.9.0
2023-07-25 12:35:15,571 [ERROR] AppliInfo:139 - Unknown STM32CubeMX version: 6.9.0
2023-07-25 12:35:15,571 [ERROR] AppliInfo:139 - Unknown STM32CubeMX version: 6.9.0
2023-07-25 12:35:20,593 [INFO] McuFinderGlobals:66 - Set McuFinderConnectedMode to true
2023-07-25 12:35:21,637 [INFO] ApiDb:448 - Save user favorites file /home/lgomez/.stm32cubeide/favorites.mcus.txt: 0 item(s)
2023-07-25 12:35:21,637 [INFO] ApiDb:452 - User favorites MCUs=[]
2023-07-25 12:35:21,638 [INFO] ApiDb:448 - Save user favorites file /home/lgomez/.stm32cubeide/favorites.boards.txt: 2 item(s)
2023-07-25 12:35:21,638 [INFO] ApiDb:452 - User favorites Boards=[NUCLEO-F413ZH, NUCLEO-F429ZI]
2023-07-25 12:35:21,639 [INFO] ApiDb:448 - Save user favorites file /home/lgomez/.stm32cubeide/favorites.examples.txt: 0 item(s)
2023-07-25 12:35:21,640 [INFO] ApiDb:452 - User favorites Examples=[]
2023-07-25 12:35:21,983 [ERROR] LogOutputStream:75 - [STDERR_REDIRECT] Exception in thread "AWT-EventQueue-0" java.lang.NullPointerException
2023-07-25 12:35:21,984 [ERROR] LogOutputStream:75 - [STDERR_REDIRECT] 	at com.st.stm32cube.common.mx.targetselector.TargetSelectorAdapter$7.run(TargetSelectorAdapter.java:353)
2023-07-25 12:35:21,984 [ERROR] LogOutputStream:75 - [STDERR_REDIRECT] 	at com.st.stm32cube.common.mx.oss.core.awtswtbridge.AwtEnvironment$2.run(AwtEnvironment.java:166)
2023-07-25 12:35:21,984 [ERROR] LogOutputStream:75 - [STDERR_REDIRECT] 	at java.desktop/java.awt.event.InvocationEvent.dispatch(InvocationEvent.java:313)
2023-07-25 12:35:21,985 [ERROR] LogOutputStream:75 - [STDERR_REDIRECT] 	at java.desktop/java.awt.EventQueue.dispatchEventImpl(EventQueue.java:770)
2023-07-25 12:35:21,985 [ERROR] LogOutputStream:75 - [STDERR_REDIRECT] 	at java.desktop/java.awt.EventQueue$4.run(EventQueue.java:721)
2023-07-25 12:35:21,985 [ERROR] LogOutputStream:75 - [STDERR_REDIRECT] 	at java.desktop/java.awt.EventQueue$4.run(EventQueue.java:715)
2023-07-25 12:35:21,985 [ERROR] LogOutputStream:75 - [STDERR_REDIRECT] 	at java.base/java.security.AccessController.doPrivileged(Native Method)
2023-07-25 12:35:21,985 [ERROR] LogOutputStream:75 - [STDERR_REDIRECT] 	at java.base/java.security.ProtectionDomain$JavaSecurityAccessImpl.doIntersectionPrivilege(ProtectionDomain.java:85)
2023-07-25 12:35:21,985 [ERROR] LogOutputStream:75 - [STDERR_REDIRECT] 	at java.desktop/java.awt.EventQueue.dispatchEvent(EventQueue.java:740)
2023-07-25 12:35:21,986 [ERROR] LogOutputStream:75 - [STDERR_REDIRECT] 	at java.desktop/java.awt.EventDispatchThread.pumpOneEventForFilters(EventDispatchThread.java:203)
2023-07-25 12:35:21,986 [ERROR] LogOutputStream:75 - [STDERR_REDIRECT] 	at java.desktop/java.awt.EventDispatchThread.pumpEventsForFilter(EventDispatchThread.java:124)
2023-07-25 12:35:21,986 [ERROR] LogOutputStream:75 - [STDERR_REDIRECT] 	at java.desktop/java.awt.EventDispatchThread.pumpEventsForHierarchy(EventDispatchThread.java:113)
2023-07-25 12:35:21,986 [ERROR] LogOutputStream:75 - [STDERR_REDIRECT] 	at java.desktop/java.awt.EventDispatchThread.pumpEvents(EventDispatchThread.java:109)
2023-07-25 12:35:21,986 [ERROR] LogOutputStream:75 - [STDERR_REDIRECT] 	at java.desktop/java.awt.EventDispatchThread.pumpEvents(EventDispatchThread.java:101)
2023-07-25 12:35:21,986 [ERROR] LogOutputStream:75 - [STDERR_REDIRECT] 	at java.desktop/java.awt.EventDispatchThread.run(EventDispatchThread.java:90)
2023-07-25 13:59:38,660 [INFO] MainUpdater:2854 - connection check result : 10
2023-07-25 13:59:38,767 [INFO] McuFinderGlobals:66 - Set McuFinderConnectedMode to true
2023-07-25 13:59:38,768 [INFO] MultiScanPanel:200 - Auto-refresh data requested => check proxy status ongoing
2023-07-25 13:59:38,768 [INFO] FinderPluginLoader:95 - Searching for filters in installed packs
2023-07-25 13:59:40,069 [INFO] LoadUrlFilesThread:185 - End of LoadServerUrlFiles without Thread
2023-07-25 13:59:40,069 [INFO] DetailPanel:341 - Set advertising image to /home/lgomez/STM32Cube/Repository//en.prom-stm32h5-mcu-finder.jpg
2023-07-25 13:59:44,164 [INFO] McuFinderGlobals:66 - Set McuFinderConnectedMode to true
2023-07-25 13:59:45,247 [INFO] ApiDb:448 - Save user favorites file /home/lgomez/.stm32cubeide/favorites.mcus.txt: 0 item(s)
2023-07-25 13:59:45,247 [INFO] ApiDb:452 - User favorites MCUs=[]
