2023-07-30 11:57:23,625 [INFO] Activator:176 - 


2023-07-30 11:57:23,631 [INFO] Activator:177 - !SESSION log4j initialized
2023-07-30 11:57:29,915 [INFO] LogOutputStream:77 - [STDOUT_REDIRECT] 
2023-07-30 11:57:52,337 [ERROR] LogOutputStream:75 - [STDERR_REDIRECT] SLF4J: Failed to load class "org.slf4j.impl.StaticLoggerBinder".
2023-07-30 11:57:52,338 [ERROR] LogOutputStream:75 - [STDERR_REDIRECT] SLF4J: Defaulting to no-operation (NOP) logger implementation
2023-07-30 11:57:52,338 [ERROR] LogOutputStream:75 - [STDERR_REDIRECT] SLF4J: See http://www.slf4j.org/codes.html#StaticLoggerBinder for further details.
2023-07-30 19:16:45,563 [INFO] Activator:176 - 


2023-07-30 19:16:45,565 [INFO] Activator:177 - !SESSION log4j initialized
2023-07-30 19:16:48,391 [INFO] LogOutputStream:77 - [STDOUT_REDIRECT] 
2023-07-30 19:17:10,634 [ERROR] LogOutputStream:75 - [STDERR_REDIRECT] SLF4J: Failed to load class "org.slf4j.impl.StaticLoggerBinder".
2023-07-30 19:17:10,635 [ERROR] LogOutputStream:75 - [STDERR_REDIRECT] SLF4J: Defaulting to no-operation (NOP) logger implementation
2023-07-30 19:17:10,635 [ERROR] LogOutputStream:75 - [STDERR_REDIRECT] SLF4J: See http://www.slf4j.org/codes.html#StaticLoggerBinder for further details.
2023-07-30 19:17:53,877 [INFO] ApplicationProperties:184 - Using Application install path: /opt/st/stm32cubeide_1.12.1/plugins/com.st.stm32cube.common.mx_6.8.1.202304191431
2023-07-30 19:17:53,898 [INFO] DbMcusXml:78 - Set database path to: /opt/st/stm32cubeide_1.12.1/plugins/com.st.stm32cube.common.mx_6.8.1.202304191431//db//mcu/
2023-07-30 19:17:53,898 [INFO] ApiDb:274 - Set plugin database path to: /opt/st/stm32cubeide_1.12.1/plugins/com.st.stm32cube.common.mx_6.8.1.202304191431//db//plugins/boardmanager/
2023-07-30 19:17:53,901 [WARN] ApiDb:259 - Overriding images path with different value:  => /opt/st/stm32cubeide_1.12.1/plugins/com.st.stm32cube.common.mx_6.8.1.202304191431//db//plugins/mcufinder/images/
2023-07-30 19:17:53,914 [INFO] ApiDb:250 - Set database path to: /home/lgomez/.stmcufinder/plugins/mcufinder//mcu/
2023-07-30 19:17:53,916 [INFO] DbMcusAds:125 - Set database path to: /home/lgomez/.stmcufinder/plugins/mcufinder//mcu/
2023-07-30 19:17:53,929 [INFO] CrossReferenceDbSqlite:203 - Set database path to: /home/lgomez/.stmcufinder/plugins/mcufinder//mcu/cs/
2023-07-30 19:17:54,020 [INFO] RulesReader:64 - Compatibility file has been processed (293 Rules)
2023-07-30 19:17:54,075 [INFO] DbMcusXml:78 - Set database path to: /opt/st/stm32cubeide_1.12.1/plugins/com.st.stm32cube.common.mx_6.8.1.202304191431//db//mcu/
2023-07-30 19:17:54,075 [INFO] ApiDb:274 - Set plugin database path to: /opt/st/stm32cubeide_1.12.1/plugins/com.st.stm32cube.common.mx_6.8.1.202304191431//db//plugins/boardmanager/
2023-07-30 19:17:54,076 [INFO] ApiDb:261 - Set plugin images path to: /opt/st/stm32cubeide_1.12.1/plugins/com.st.stm32cube.common.mx_6.8.1.202304191431//db//plugins/mcufinder/images/
2023-07-30 19:17:54,076 [WARN] DbFile:41 - Overriding database path with different value: /home/lgomez/.stmcufinder/plugins/mcufinder/ => /home/lgomez/.stmcufinder/plugins/mcufinder
2023-07-30 19:17:54,076 [INFO] ApiDb:250 - Set database path to: /home/lgomez/.stmcufinder/plugins/mcufinder//mcu/
2023-07-30 19:17:54,076 [WARN] DbFile:41 - Overriding database path with different value: /home/lgomez/.stmcufinder/plugins/mcufinder/ => /home/lgomez/.stmcufinder/plugins/mcufinder
2023-07-30 19:17:54,076 [INFO] DbMcusAds:125 - Set database path to: /home/lgomez/.stmcufinder/plugins/mcufinder//mcu/
2023-07-30 19:17:54,077 [WARN] DbFile:41 - Overriding database path with different value: /home/lgomez/.stmcufinder/plugins/mcufinder/ => /home/lgomez/.stmcufinder/plugins/mcufinder
2023-07-30 19:17:54,077 [WARN] DbFile:41 - Overriding database path with different value: /home/lgomez/.stmcufinder/plugins/mcufinder/ => /home/lgomez/.stmcufinder/plugins/mcufinder
2023-07-30 19:17:54,077 [INFO] CrossReferenceDbSqlite:203 - Set database path to: /home/lgomez/.stmcufinder/plugins/mcufinder//mcu/cs/
2023-07-30 19:17:54,140 [INFO] MainPanel:253 - HeapMemory: 279969792
2023-07-30 19:17:54,232 [INFO] DbMcusXml:78 - Set database path to: /opt/st/stm32cubeide_1.12.1/plugins/com.st.stm32cube.common.mx_6.8.1.202304191431//db//mcu/
2023-07-30 19:17:54,232 [INFO] ApiDb:274 - Set plugin database path to: /opt/st/stm32cubeide_1.12.1/plugins/com.st.stm32cube.common.mx_6.8.1.202304191431//db//plugins/boardmanager/
2023-07-30 19:17:54,232 [INFO] ApiDb:261 - Set plugin images path to: /opt/st/stm32cubeide_1.12.1/plugins/com.st.stm32cube.common.mx_6.8.1.202304191431//db//plugins/mcufinder/images/
2023-07-30 19:17:54,232 [WARN] DbFile:41 - Overriding database path with different value: /home/lgomez/.stmcufinder/plugins/mcufinder/ => /home/lgomez/.stmcufinder/plugins/mcufinder
2023-07-30 19:17:54,233 [INFO] ApiDb:250 - Set database path to: /home/lgomez/.stmcufinder/plugins/mcufinder//mcu/
2023-07-30 19:17:54,233 [WARN] DbFile:41 - Overriding database path with different value: /home/lgomez/.stmcufinder/plugins/mcufinder/ => /home/lgomez/.stmcufinder/plugins/mcufinder
2023-07-30 19:17:54,233 [INFO] DbMcusAds:125 - Set database path to: /home/lgomez/.stmcufinder/plugins/mcufinder//mcu/
2023-07-30 19:17:54,233 [WARN] DbFile:41 - Overriding database path with different value: /home/lgomez/.stmcufinder/plugins/mcufinder/ => /home/lgomez/.stmcufinder/plugins/mcufinder
2023-07-30 19:17:54,233 [WARN] DbFile:41 - Overriding database path with different value: /home/lgomez/.stmcufinder/plugins/mcufinder/ => /home/lgomez/.stmcufinder/plugins/mcufinder
2023-07-30 19:17:54,233 [INFO] CrossReferenceDbSqlite:203 - Set database path to: /home/lgomez/.stmcufinder/plugins/mcufinder//mcu/cs/
2023-07-30 19:17:54,251 [INFO] ApplicationProperties:184 - Using Application install path: /opt/st/stm32cubeide_1.12.1/plugins/com.st.stm32cube.common.mx_6.8.1.202304191431
2023-07-30 19:17:54,253 [INFO] PluginManage:196 - Search for loadable plugins [exclusion list=, ]
2023-07-30 19:17:54,255 [INFO] PluginManage:310 - Check plugin analytics
2023-07-30 19:17:54,405 [INFO] AnalyticsPlugin:253 - Accepted Software Licenses: 
2023-07-30 19:17:54,406 [INFO] AnalyticsPlugin:255 - Accepted CMSIS Pack Licenses: 
2023-07-30 19:17:54,406 [INFO] AnalyticsPlugin:257 - Accepted Firmware Licenses: FW.F4.1.27.0
2023-07-30 19:17:54,413 [INFO] PluginManage:359 - Loaded plugin analytics (category:tool,tabindex:-1)
2023-07-30 19:17:54,414 [INFO] PluginManage:310 - Check plugin cadmodel
2023-07-30 19:17:54,632 [INFO] CADModel:105 - Init CAD model plugin
2023-07-30 19:17:54,632 [INFO] PluginManage:359 - Loaded plugin cadmodel (category:power,tabindex:5)
2023-07-30 19:17:54,633 [INFO] PluginManage:310 - Check plugin clock
2023-07-30 19:17:54,641 [INFO] PluginManage:359 - Loaded plugin clock (category:base,tabindex:2)
2023-07-30 19:17:54,641 [INFO] PluginManage:310 - Check plugin ddr
2023-07-30 19:17:54,644 [INFO] PluginManage:359 - Loaded plugin ddr (category:tool,tabindex:6)
2023-07-30 19:17:54,644 [INFO] PluginManage:310 - Check plugin filemanager
2023-07-30 19:17:54,769 [INFO] PluginManage:359 - Loaded plugin filemanager (category:base,tabindex:10)
2023-07-30 19:17:54,769 [INFO] PluginManage:310 - Check plugin ipmanager
2023-07-30 19:17:54,774 [INFO] PluginManage:359 - Loaded plugin ipmanager (category:base,tabindex:5)
2023-07-30 19:17:54,774 [INFO] PluginManage:310 - Check plugin lpbam
2023-07-30 19:17:54,782 [INFO] PluginManage:359 - Loaded plugin lpbam (category:base,tabindex:0)
2023-07-30 19:17:54,782 [INFO] PluginManage:310 - Check plugin pinoutandconfiguration
2023-07-30 19:17:54,788 [INFO] PluginManage:359 - Loaded plugin pinoutandconfiguration (category:base,tabindex:1)
2023-07-30 19:17:54,788 [INFO] PluginManage:310 - Check plugin pinoutconfig
2023-07-30 19:17:54,851 [WARN] SupportedApi:132 - Cannot load RTOS API schema: s4s-elt-must-match.1: The content of 'definitions' must match (annotation?, (simpleType | complexType)?, (unique | key | keyref)*)). A problem was found starting at: attribute.
2023-07-30 19:17:54,985 [INFO] PluginManage:359 - Loaded plugin pinoutconfig (category:base,tabindex:0)
2023-07-30 19:17:54,985 [INFO] PluginManage:310 - Check plugin power
2023-07-30 19:17:54,995 [INFO] PluginManage:359 - Loaded plugin power (category:power,tabindex:4)
2023-07-30 19:17:54,995 [INFO] PluginManage:310 - Check plugin projectmanager
2023-07-30 19:17:55,009 [INFO] PluginManage:359 - Loaded plugin projectmanager (category:projectmanager,tabindex:3)
2023-07-30 19:17:55,009 [INFO] PluginManage:310 - Check plugin thirdparty
2023-07-30 19:17:55,118 [WARN] IntegrityCheckThread:84 - waiting for thirdparty lock release [integrity check]
2023-07-30 19:17:55,119 [INFO] IntegrityCheckThread:86 - entering critical section [integrity check]
2023-07-30 19:17:55,119 [INFO] PluginManage:359 - Loaded plugin thirdparty (category:base,tabindex:-1)
2023-07-30 19:17:55,119 [INFO] PluginManage:310 - Check plugin tools
2023-07-30 19:17:55,121 [INFO] ThirdPartyUpdaterWithRetryManager:70 - Updater plugin not ready yet. [1/15]
2023-07-30 19:17:55,121 [INFO] PluginManage:359 - Loaded plugin tools (category:base,tabindex:7)
2023-07-30 19:17:55,121 [INFO] PluginManage:310 - Check plugin tutovideos
2023-07-30 19:17:55,292 [INFO] PluginManage:359 - Loaded plugin tutovideos (category:base,tabindex:-1)
2023-07-30 19:17:55,292 [INFO] PluginManage:310 - Check plugin updater
2023-07-30 19:17:55,308 [INFO] PluginManage:359 - Loaded plugin updater (category:base,tabindex:12)
2023-07-30 19:17:55,309 [INFO] PluginManage:283 - PluginManage : Loaded plugins [15]
2023-07-30 19:17:55,505 [INFO] PinOutPanel:1499 - setPackage(No Configuration,No Configuration)
2023-07-30 19:17:55,553 [INFO] CADModel:165 - CPN selected for project level
2023-07-30 19:17:55,554 [INFO] CADModel:114 - Register for checkConnection events
2023-07-30 19:17:55,567 [INFO] IPUIPlugin:80 - create IPUIPlugin
2023-07-30 19:17:55,568 [INFO] PluginManager:220 - loadIPPluginJar : add pdm2pcm
2023-07-30 19:17:55,572 [INFO] IPUIPlugin:80 - create IPUIPlugin
2023-07-30 19:17:55,572 [INFO] PluginManager:220 - loadIPPluginJar : add opamp
2023-07-30 19:17:55,577 [INFO] IPUIPlugin:80 - create IPUIPlugin
2023-07-30 19:17:55,577 [INFO] PluginManager:220 - loadIPPluginJar : add adc
2023-07-30 19:17:55,584 [INFO] IPUIPlugin:80 - create IPUIPlugin
2023-07-30 19:17:55,587 [INFO] PluginManager:220 - loadIPPluginJar : add plateformsettings
2023-07-30 19:17:55,589 [INFO] IPUIPlugin:80 - create IPUIPlugin
2023-07-30 19:17:55,589 [INFO] PluginManager:220 - loadIPPluginJar : add dma3
2023-07-30 19:17:55,591 [INFO] IPUIPlugin:80 - create IPUIPlugin
2023-07-30 19:17:55,591 [INFO] PluginManager:220 - loadIPPluginJar : add i3c
2023-07-30 19:17:55,594 [INFO] IPUIPlugin:80 - create IPUIPlugin
2023-07-30 19:17:55,594 [INFO] PluginManager:220 - loadIPPluginJar : add gtzc
2023-07-30 19:17:55,597 [INFO] IPUIPlugin:80 - create IPUIPlugin
2023-07-30 19:17:55,597 [INFO] PluginManager:220 - loadIPPluginJar : add touchsensing
2023-07-30 19:17:55,599 [INFO] IPUIPlugin:80 - create IPUIPlugin
2023-07-30 19:17:55,600 [INFO] PluginManager:220 - loadIPPluginJar : add aes
2023-07-30 19:17:55,602 [INFO] IPUIPlugin:80 - create IPUIPlugin
2023-07-30 19:17:55,602 [INFO] PluginManager:220 - loadIPPluginJar : add i2c
2023-07-30 19:17:55,609 [INFO] IPUIPlugin:80 - create IPUIPlugin
2023-07-30 19:17:55,610 [INFO] PluginManager:220 - loadIPPluginJar : add linkedlist
2023-07-30 19:17:55,613 [INFO] IPUIPlugin:80 - create IPUIPlugin
2023-07-30 19:17:55,613 [INFO] PluginManager:220 - loadIPPluginJar : add nvic
2023-07-30 19:17:55,614 [INFO] IPUIPlugin:80 - create IPUIPlugin
2023-07-30 19:17:55,614 [INFO] PluginManager:220 - loadIPPluginJar : add quadspi
2023-07-30 19:17:55,616 [INFO] IPUIPlugin:80 - create IPUIPlugin
2023-07-30 19:17:55,616 [INFO] PluginManager:220 - loadIPPluginJar : add cryp
2023-07-30 19:17:55,618 [INFO] IPUIPlugin:80 - create IPUIPlugin
2023-07-30 19:17:55,618 [INFO] PluginManager:220 - loadIPPluginJar : add comp
2023-07-30 19:17:55,620 [INFO] IPUIPlugin:80 - create IPUIPlugin
2023-07-30 19:17:55,620 [INFO] PluginManager:220 - loadIPPluginJar : add usart
2023-07-30 19:17:55,622 [INFO] IPUIPlugin:80 - create IPUIPlugin
2023-07-30 19:17:55,622 [INFO] PluginManager:220 - loadIPPluginJar : add tim
2023-07-30 19:17:55,627 [INFO] IPUIPlugin:80 - create IPUIPlugin
2023-07-30 19:17:55,627 [INFO] PluginManager:220 - loadIPPluginJar : add gic
2023-07-30 19:17:55,629 [INFO] IPUIPlugin:80 - create IPUIPlugin
2023-07-30 19:17:55,629 [INFO] PluginManager:220 - loadIPPluginJar : add gfxmmu
2023-07-30 19:17:55,634 [INFO] IPUIPlugin:80 - create IPUIPlugin
2023-07-30 19:17:55,634 [INFO] PluginManager:220 - loadIPPluginJar : add freertos
2023-07-30 19:17:55,636 [INFO] IPUIPlugin:80 - create IPUIPlugin
2023-07-30 19:17:55,636 [INFO] PluginManager:220 - loadIPPluginJar : add tracer_emb
2023-07-30 19:17:55,637 [INFO] IPUIPlugin:80 - create IPUIPlugin
2023-07-30 19:17:55,637 [INFO] PluginManager:220 - loadIPPluginJar : add fatfs
2023-07-30 19:17:55,642 [INFO] IPUIPlugin:80 - create IPUIPlugin
2023-07-30 19:17:55,643 [INFO] PluginManager:220 - loadIPPluginJar : add mdma
2023-07-30 19:17:55,645 [INFO] IPUIPlugin:80 - create IPUIPlugin
2023-07-30 19:17:55,645 [INFO] PluginManager:220 - loadIPPluginJar : add dfsdm
2023-07-30 19:17:55,647 [INFO] IPUIPlugin:80 - create IPUIPlugin
2023-07-30 19:17:55,648 [INFO] PluginManager:220 - loadIPPluginJar : add openamp
2023-07-30 19:17:55,649 [INFO] IPUIPlugin:80 - create IPUIPlugin
2023-07-30 19:17:55,650 [INFO] PluginManager:220 - loadIPPluginJar : add i2s
2023-07-30 19:17:55,651 [INFO] IPUIPlugin:80 - create IPUIPlugin
2023-07-30 19:17:55,652 [INFO] PluginManager:220 - loadIPPluginJar : add hash
2023-07-30 19:17:55,655 [INFO] IPUIPlugin:80 - create IPUIPlugin
2023-07-30 19:17:55,655 [INFO] PluginManager:220 - loadIPPluginJar : add resmgrutility
2023-07-30 19:17:55,656 [INFO] IPUIPlugin:80 - create IPUIPlugin
2023-07-30 19:17:55,657 [INFO] PluginManager:220 - loadIPPluginJar : add ltdc
2023-07-30 19:17:55,662 [INFO] IPUIPlugin:80 - create IPUIPlugin
2023-07-30 19:17:55,662 [INFO] PluginManager:220 - loadIPPluginJar : add dma
2023-07-30 19:17:55,665 [INFO] IPUIPlugin:80 - create IPUIPlugin
2023-07-30 19:17:55,665 [INFO] PluginManager:220 - loadIPPluginJar : add sai
2023-07-30 19:17:55,667 [INFO] IPUIPlugin:80 - create IPUIPlugin
2023-07-30 19:17:55,667 [INFO] PluginManager:220 - loadIPPluginJar : add lorawan
2023-07-30 19:17:55,669 [INFO] IPUIPlugin:80 - create IPUIPlugin
2023-07-30 19:17:55,669 [INFO] PluginManager:220 - loadIPPluginJar : add genericplugin
2023-07-30 19:17:55,671 [INFO] IPUIPlugin:80 - create IPUIPlugin
2023-07-30 19:17:55,671 [INFO] PluginManager:220 - loadIPPluginJar : add can
2023-07-30 19:17:55,673 [INFO] IPUIPlugin:80 - create IPUIPlugin
2023-07-30 19:17:55,673 [INFO] PluginManager:220 - loadIPPluginJar : add ts
2023-07-30 19:17:55,676 [INFO] IPUIPlugin:80 - create IPUIPlugin
2023-07-30 19:17:55,677 [INFO] PluginManager:220 - loadIPPluginJar : add gpio
2023-07-30 19:17:55,679 [INFO] IPUIPlugin:80 - create IPUIPlugin
2023-07-30 19:17:55,679 [INFO] PluginManager:220 - loadIPPluginJar : add usbx
2023-07-30 19:17:55,681 [INFO] IPUIPlugin:80 - create IPUIPlugin
2023-07-30 19:17:55,681 [INFO] PluginManager:220 - loadIPPluginJar : add tsc
2023-07-30 19:17:55,682 [INFO] IPUIPlugin:80 - create IPUIPlugin
2023-07-30 19:17:55,682 [INFO] PluginManager:220 - loadIPPluginJar : add ucpd
2023-07-30 19:17:55,685 [INFO] IPUIPlugin:80 - create IPUIPlugin
2023-07-30 19:17:55,686 [INFO] PluginManager:220 - loadIPPluginJar : add ipddr
2023-07-30 19:17:55,690 [INFO] IPUIPlugin:80 - create IPUIPlugin
2023-07-30 19:17:55,690 [INFO] PluginManager:220 - loadIPPluginJar : add stm32_wpan
2023-07-30 19:17:55,692 [INFO] IPUIPlugin:80 - create IPUIPlugin
2023-07-30 19:17:55,692 [INFO] PluginManager:220 - loadIPPluginJar : add spi
2023-07-30 19:17:55,696 [INFO] IPUIPlugin:80 - create IPUIPlugin
2023-07-30 19:17:55,696 [INFO] PluginManager:220 - loadIPPluginJar : add fmc
2023-07-30 19:17:55,812 [INFO] CADModel:165 - CPN selected for project level
2023-07-30 19:17:55,812 [INFO] CADModel:114 - Register for checkConnection events
2023-07-30 19:17:55,812 [FATAL] Updater:308 - Updater called before beeing initialized
2023-07-30 19:17:55,813 [ERROR] CADModel:125 - Updater not yet initialized, retry later 
2023-07-30 19:17:55,977 [INFO] CADModel:165 - CPN selected for project level
2023-07-30 19:17:55,978 [INFO] CADModel:114 - Register for checkConnection events
2023-07-30 19:17:55,978 [FATAL] Updater:308 - Updater called before beeing initialized
2023-07-30 19:17:55,978 [ERROR] CADModel:125 - Updater not yet initialized, retry later 
2023-07-30 19:17:55,981 [FATAL] Updater:308 - Updater called before beeing initialized
2023-07-30 19:17:56,092 [FATAL] Updater:308 - Updater called before beeing initialized
2023-07-30 19:17:56,101 [INFO] DbMcusAds:53 - JSON generation date=Tue Mar 07 05:50:55 CLST 2023 (1678179055114)
2023-07-30 19:17:56,101 [FATAL] Updater:308 - Updater called before beeing initialized
2023-07-30 19:17:56,144 [WARN] DetailPanel:346 - Failed to get advertising image, set to default
2023-07-30 19:17:56,286 [FATAL] Updater:308 - Updater called before beeing initialized
2023-07-30 19:17:56,288 [FATAL] Updater:308 - Updater called before beeing initialized
2023-07-30 19:17:56,288 [FATAL] Updater:308 - Updater called before beeing initialized
2023-07-30 19:17:56,288 [WARN] DetailPanel:346 - Failed to get advertising image, set to default
2023-07-30 19:17:56,289 [FATAL] Updater:308 - Updater called before beeing initialized
2023-07-30 19:17:56,328 [ERROR] Updater:1120 - MainUpdater not yet initialized. External WinMGr cannot be set.
2023-07-30 19:17:56,331 [INFO] Updater:1056 - Updater Version found : 6.8.1
2023-07-30 19:17:56,369 [INFO] ApplicationProperties:184 - Using Application install path: /opt/st/stm32cubeide_1.12.1/plugins/com.st.stm32cube.common.mx_6.8.1.202304191431
2023-07-30 19:17:56,531 [INFO] MainUpdater:2854 - connection check result : 10
2023-07-30 19:17:56,531 [INFO] MainUpdater:3548 - Updater definition file requires update
2023-07-30 19:17:56,532 [INFO] MainUpdater:283 - Updater Check For Update Now.
2023-07-30 19:17:56,532 [INFO] MicroXplorer:498 - Change Database Version : DB.6.0.81
2023-07-30 19:17:58,122 [WARN] MainUpdater:1187 - Updater busy. Cannot search thirdparties
2023-07-30 19:17:58,123 [INFO] ThirdPartyUpdaterWithRetryManager:96 - Updater plugin is busy. [1/15]
2023-07-30 19:17:58,576 [INFO] ServerAccessManage:473 - Download File updaters.zip
2023-07-30 19:17:58,718 [INFO] FileExtend:240 - Unzip File : updaters.zip
2023-07-30 19:17:58,718 [INFO] FileExtend:255 - Standard Zip Deflate
2023-07-30 19:17:58,829 [INFO] ServerAccessManage:473 - Download File PacksControlFlags.xml
2023-07-30 19:17:58,874 [INFO] ServerAccessManage:473 - Download File cubemx.pidx
2023-07-30 19:17:58,957 [INFO] LoadServerUpdatesThread:373 - End of LoadServerUpdate Thread
2023-07-30 19:17:59,130 [INFO] CheckServerUpdateThread:120 - End of CheckServer Thread
2023-07-30 19:17:59,143 [INFO] MainUpdater:2854 - connection check result : 10
2023-07-30 19:17:59,146 [INFO] McuFinderGlobals:66 - Set McuFinderConnectedMode to true
2023-07-30 19:17:59,812 [INFO] ServerAccessManage:473 - Download File mcusAds.json._tmp_
2023-07-30 19:17:59,915 [INFO] LoadUrlFilesThread:156 - End of LoadUrlFiles Thread
2023-07-30 19:18:01,123 [WARN] MainUpdater:1187 - Updater busy. Cannot search thirdparties
2023-07-30 19:18:01,123 [INFO] ThirdPartyUpdaterWithRetryManager:96 - Updater plugin is busy. [2/15]
2023-07-30 19:18:04,135 [WARN] MainUpdater:1187 - Updater busy. Cannot search thirdparties
2023-07-30 19:18:04,135 [INFO] ThirdPartyUpdaterWithRetryManager:96 - Updater plugin is busy. [3/15]
2023-07-30 19:18:04,217 [INFO] ServerAccessManage:473 - Download File cube-finder-db.zip
2023-07-30 19:18:04,219 [ERROR] LogOutputStream:75 - [STDERR_REDIRECT] Exception in thread "AWT-EventQueue-0" java.lang.IndexOutOfBoundsException: Index 4 out of bounds for length 4
2023-07-30 19:18:04,220 [ERROR] ServerAccessManage:651 - User Cancel Download : cube-finder-db.zip.
2023-07-30 19:18:04,221 [ERROR] LogOutputStream:75 - [STDERR_REDIRECT] 	at java.base/jdk.internal.util.Preconditions.outOfBounds(Preconditions.java:64)
2023-07-30 19:18:04,222 [ERROR] LogOutputStream:75 - [STDERR_REDIRECT] 	at java.base/jdk.internal.util.Preconditions.outOfBoundsCheckIndex(Preconditions.java:70)
2023-07-30 19:18:04,222 [ERROR] LogOutputStream:75 - [STDERR_REDIRECT] 	at java.base/jdk.internal.util.Preconditions.checkIndex(Preconditions.java:248)
2023-07-30 19:18:04,223 [ERROR] LogOutputStream:75 - [STDERR_REDIRECT] 	at java.base/java.util.Objects.checkIndex(Objects.java:372)
2023-07-30 19:18:04,223 [ERROR] LogOutputStream:75 - [STDERR_REDIRECT] 	at java.base/java.util.ArrayList.get(ArrayList.java:459)
2023-07-30 19:18:04,224 [ERROR] LogOutputStream:75 - [STDERR_REDIRECT] 	at java.desktop/java.awt.Container.createHierarchyEvents(Container.java:1466)
2023-07-30 19:18:04,224 [ERROR] LogOutputStream:75 - [STDERR_REDIRECT] 	at java.desktop/java.awt.Container.createHierarchyEvents(Container.java:1466)
2023-07-30 19:18:04,225 [ERROR] LogOutputStream:75 - [STDERR_REDIRECT] 	at java.desktop/java.awt.Container.createHierarchyEvents(Container.java:1466)
2023-07-30 19:18:04,225 [ERROR] LogOutputStream:75 - [STDERR_REDIRECT] 	at java.desktop/java.awt.Container.createHierarchyEvents(Container.java:1466)
2023-07-30 19:18:04,226 [ERROR] LogOutputStream:75 - [STDERR_REDIRECT] 	at java.desktop/java.awt.Container.createHierarchyEvents(Container.java:1466)
2023-07-30 19:18:04,226 [ERROR] LogOutputStream:75 - [STDERR_REDIRECT] 	at java.desktop/java.awt.Container.createHierarchyEvents(Container.java:1466)
2023-07-30 19:18:04,227 [ERROR] LogOutputStream:75 - [STDERR_REDIRECT] 	at java.desktop/java.awt.Component.hide(Component.java:1754)
2023-07-30 19:18:04,229 [ERROR] LogOutputStream:75 - [STDERR_REDIRECT] 	at java.desktop/java.awt.Window.hide(Window.java:1132)
2023-07-30 19:18:04,232 [ERROR] LogOutputStream:75 - [STDERR_REDIRECT] 	at java.desktop/java.awt.Dialog.hide(Dialog.java:1152)
2023-07-30 19:18:04,234 [ERROR] LogOutputStream:75 - [STDERR_REDIRECT] 	at java.desktop/java.awt.Component.show(Component.java:1718)
2023-07-30 19:18:04,236 [ERROR] LogOutputStream:75 - [STDERR_REDIRECT] 	at java.desktop/java.awt.Component.setVisible(Component.java:1663)
2023-07-30 19:18:04,237 [ERROR] LogOutputStream:75 - [STDERR_REDIRECT] 	at java.desktop/java.awt.Window.setVisible(Window.java:1031)
2023-07-30 19:18:04,238 [ERROR] LogOutputStream:75 - [STDERR_REDIRECT] 	at java.desktop/java.awt.Dialog.setVisible(Dialog.java:1005)
2023-07-30 19:18:04,240 [ERROR] LogOutputStream:75 - [STDERR_REDIRECT] 	at com.st.microxplorer.plugins.updater.gui.ProgressBarDialog.setVisible(ProgressBarDialog.java:186)
2023-07-30 19:18:04,241 [ERROR] LogOutputStream:75 - [STDERR_REDIRECT] 	at com.st.microxplorer.plugins.updater.gui.ProgressBarDialog$1.windowClosing(ProgressBarDialog.java:398)
2023-07-30 19:18:04,242 [ERROR] LogOutputStream:75 - [STDERR_REDIRECT] 	at java.desktop/java.awt.AWTEventMulticaster.windowClosing(AWTEventMulticaster.java:357)
2023-07-30 19:18:04,242 [ERROR] LogOutputStream:75 - [STDERR_REDIRECT] 	at java.desktop/java.awt.AWTEventMulticaster.windowClosing(AWTEventMulticaster.java:357)
2023-07-30 19:18:04,243 [ERROR] LogOutputStream:75 - [STDERR_REDIRECT] 	at java.desktop/java.awt.Window.processWindowEvent(Window.java:2078)
2023-07-30 19:18:04,243 [ERROR] LogOutputStream:75 - [STDERR_REDIRECT] 	at java.desktop/javax.swing.JDialog.processWindowEvent(JDialog.java:686)
2023-07-30 19:18:04,244 [ERROR] LogOutputStream:75 - [STDERR_REDIRECT] 	at java.desktop/java.awt.Window.processEvent(Window.java:2037)
2023-07-30 19:18:04,244 [ERROR] LogOutputStream:75 - [STDERR_REDIRECT] 	at java.desktop/java.awt.Component.dispatchEventImpl(Component.java:5011)
2023-07-30 19:18:04,244 [ERROR] LogOutputStream:75 - [STDERR_REDIRECT] 	at java.desktop/java.awt.Container.dispatchEventImpl(Container.java:2321)
2023-07-30 19:18:04,245 [ERROR] LogOutputStream:75 - [STDERR_REDIRECT] 	at java.desktop/java.awt.Window.dispatchEventImpl(Window.java:2772)
2023-07-30 19:18:04,245 [ERROR] LogOutputStream:75 - [STDERR_REDIRECT] 	at java.desktop/java.awt.Component.dispatchEvent(Component.java:4843)
2023-07-30 19:18:04,245 [ERROR] LogOutputStream:75 - [STDERR_REDIRECT] 	at java.desktop/java.awt.EventQueue.dispatchEventImpl(EventQueue.java:772)
2023-07-30 19:18:04,246 [ERROR] LogOutputStream:75 - [STDERR_REDIRECT] 	at java.desktop/java.awt.EventQueue$4.run(EventQueue.java:721)
2023-07-30 19:18:04,246 [ERROR] LogOutputStream:75 - [STDERR_REDIRECT] 	at java.desktop/java.awt.EventQueue$4.run(EventQueue.java:715)
2023-07-30 19:18:04,247 [ERROR] LogOutputStream:75 - [STDERR_REDIRECT] 	at java.base/java.security.AccessController.doPrivileged(Native Method)
2023-07-30 19:18:04,247 [ERROR] LogOutputStream:75 - [STDERR_REDIRECT] 	at java.base/java.security.ProtectionDomain$JavaSecurityAccessImpl.doIntersectionPrivilege(ProtectionDomain.java:85)
2023-07-30 19:18:04,248 [ERROR] LogOutputStream:75 - [STDERR_REDIRECT] 	at java.base/java.security.ProtectionDomain$JavaSecurityAccessImpl.doIntersectionPrivilege(ProtectionDomain.java:95)
2023-07-30 19:18:04,248 [ERROR] LogOutputStream:75 - [STDERR_REDIRECT] 	at java.desktop/java.awt.EventQueue$5.run(EventQueue.java:745)
2023-07-30 19:18:04,248 [ERROR] LogOutputStream:75 - [STDERR_REDIRECT] 	at java.desktop/java.awt.EventQueue$5.run(EventQueue.java:743)
2023-07-30 19:18:04,249 [ERROR] LogOutputStream:75 - [STDERR_REDIRECT] 	at java.base/java.security.AccessController.doPrivileged(Native Method)
2023-07-30 19:18:04,249 [ERROR] LogOutputStream:75 - [STDERR_REDIRECT] 	at java.base/java.security.ProtectionDomain$JavaSecurityAccessImpl.doIntersectionPrivilege(ProtectionDomain.java:85)
2023-07-30 19:18:04,249 [ERROR] LogOutputStream:75 - [STDERR_REDIRECT] 	at java.desktop/java.awt.EventQueue.dispatchEvent(EventQueue.java:742)
2023-07-30 19:18:04,249 [ERROR] LogOutputStream:75 - [STDERR_REDIRECT] 	at java.desktop/java.awt.EventDispatchThread.pumpOneEventForFilters(EventDispatchThread.java:203)
2023-07-30 19:18:04,250 [ERROR] LogOutputStream:75 - [STDERR_REDIRECT] 	at java.desktop/java.awt.EventDispatchThread.pumpEventsForFilter(EventDispatchThread.java:124)
2023-07-30 19:18:04,250 [ERROR] LogOutputStream:75 - [STDERR_REDIRECT] 	at java.desktop/java.awt.EventDispatchThread.pumpEventsForFilter(EventDispatchThread.java:117)
2023-07-30 19:18:04,250 [ERROR] LogOutputStream:75 - [STDERR_REDIRECT] 	at java.desktop/java.awt.WaitDispatchSupport$2.run(WaitDispatchSupport.java:190)
2023-07-30 19:18:04,251 [ERROR] LogOutputStream:75 - [STDERR_REDIRECT] 	at java.desktop/java.awt.WaitDispatchSupport$4.run(WaitDispatchSupport.java:235)
2023-07-30 19:18:04,251 [ERROR] LogOutputStream:75 - [STDERR_REDIRECT] 	at java.desktop/java.awt.WaitDispatchSupport$4.run(WaitDispatchSupport.java:233)
2023-07-30 19:18:04,251 [ERROR] LogOutputStream:75 - [STDERR_REDIRECT] 	at java.base/java.security.AccessController.doPrivileged(Native Method)
2023-07-30 19:18:04,251 [ERROR] LogOutputStream:75 - [STDERR_REDIRECT] 	at java.desktop/java.awt.WaitDispatchSupport.enter(WaitDispatchSupport.java:233)
2023-07-30 19:18:04,251 [ERROR] LogOutputStream:75 - [STDERR_REDIRECT] 	at java.desktop/java.awt.Dialog.show(Dialog.java:1070)
2023-07-30 19:18:04,252 [ERROR] LogOutputStream:75 - [STDERR_REDIRECT] 	at com.st.microxplorer.plugins.updater.gui.ProgressBarDialog.startProgressBar(ProgressBarDialog.java:154)
2023-07-30 19:18:04,252 [ERROR] LogOutputStream:75 - [STDERR_REDIRECT] 	at com.st.microxplorer.plugins.updater.engine.MainUpdater.loadUrlFiles(MainUpdater.java:2502)
2023-07-30 19:18:04,252 [ERROR] LogOutputStream:75 - [STDERR_REDIRECT] 	at com.st.microxplorer.plugins.updater.Updater.getSpecificTask(Updater.java:366)
2023-07-30 19:18:04,252 [ERROR] LogOutputStream:75 - [STDERR_REDIRECT] 	at com.st.microxplorer.mcufinder.gui.WebUtils.downloadDbFile(WebUtils.java:614)
2023-07-30 19:18:04,253 [ERROR] LogOutputStream:75 - [STDERR_REDIRECT] 	at com.st.microxplorer.mcufinder.gui.WebUtils.downloadDbFiles(WebUtils.java:774)
2023-07-30 19:18:04,253 [ERROR] LogOutputStream:75 - [STDERR_REDIRECT] 	at com.st.stm32cube.common.mx.targetselector.TargetSelectorAdapter$5.run(TargetSelectorAdapter.java:257)
2023-07-30 19:18:04,253 [ERROR] LogOutputStream:75 - [STDERR_REDIRECT] 	at com.st.stm32cube.common.mx.oss.core.awtswtbridge.AwtEnvironment$2.run(AwtEnvironment.java:166)
2023-07-30 19:18:04,253 [ERROR] LogOutputStream:75 - [STDERR_REDIRECT] 	at java.desktop/java.awt.event.InvocationEvent.dispatch(InvocationEvent.java:313)
2023-07-30 19:18:04,254 [ERROR] LogOutputStream:75 - [STDERR_REDIRECT] 	at java.desktop/java.awt.EventQueue.dispatchEventImpl(EventQueue.java:770)
2023-07-30 19:18:04,254 [ERROR] LogOutputStream:75 - [STDERR_REDIRECT] 	at java.desktop/java.awt.EventQueue$4.run(EventQueue.java:721)
2023-07-30 19:18:04,254 [ERROR] LogOutputStream:75 - [STDERR_REDIRECT] 	at java.desktop/java.awt.EventQueue$4.run(EventQueue.java:715)
2023-07-30 19:18:04,254 [ERROR] LogOutputStream:75 - [STDERR_REDIRECT] 	at java.base/java.security.AccessController.doPrivileged(Native Method)
2023-07-30 19:18:04,254 [ERROR] LogOutputStream:75 - [STDERR_REDIRECT] 	at java.base/java.security.ProtectionDomain$JavaSecurityAccessImpl.doIntersectionPrivilege(ProtectionDomain.java:85)
2023-07-30 19:18:04,255 [ERROR] LogOutputStream:75 - [STDERR_REDIRECT] 	at java.desktop/java.awt.EventQueue.dispatchEvent(EventQueue.java:740)
2023-07-30 19:18:04,255 [ERROR] LogOutputStream:75 - [STDERR_REDIRECT] 	at java.desktop/java.awt.EventDispatchThread.pumpOneEventForFilters(EventDispatchThread.java:203)
2023-07-30 19:18:04,255 [ERROR] LogOutputStream:75 - [STDERR_REDIRECT] 	at java.desktop/java.awt.EventDispatchThread.pumpEventsForFilter(EventDispatchThread.java:124)
2023-07-30 19:18:04,255 [ERROR] LogOutputStream:75 - [STDERR_REDIRECT] 	at java.desktop/java.awt.EventDispatchThread.pumpEventsForHierarchy(EventDispatchThread.java:113)
2023-07-30 19:18:04,256 [ERROR] LogOutputStream:75 - [STDERR_REDIRECT] 	at java.desktop/java.awt.EventDispatchThread.pumpEvents(EventDispatchThread.java:109)
2023-07-30 19:18:04,256 [ERROR] LogOutputStream:75 - [STDERR_REDIRECT] 	at java.desktop/java.awt.EventDispatchThread.pumpEvents(EventDispatchThread.java:101)
2023-07-30 19:18:04,256 [ERROR] LogOutputStream:75 - [STDERR_REDIRECT] 	at java.desktop/java.awt.EventDispatchThread.run(EventDispatchThread.java:90)
2023-07-30 19:18:04,322 [INFO] LoadUrlFilesThread:156 - End of LoadUrlFiles Thread
2023-07-30 19:18:05,893 [INFO] DbMcusAds:53 - JSON generation date=Tue Mar 07 05:50:55 CLST 2023 (1678179055114)
2023-07-30 19:18:05,933 [ERROR] TargetSelectorAdapter:267 - Unable to refresh data
2023-07-30 19:18:06,159 [INFO] ApiDb:581 - Connected to CubeFinder SQLite database (/home/lgomez/.stmcufinder/plugins/mcufinder/mcu/cube-finder-db.db)
2023-07-30 19:18:06,223 [INFO] ApiDb:668 - CubeFinder database Data Model version=2.1
2023-07-30 19:18:06,223 [INFO] ApiDb:669 - CubeFinder database Configuration version=3.0.37
2023-07-30 19:18:06,224 [INFO] ApiDb:670 - CubeFinder database generation date=2023-06-26 (1687786131)
2023-07-30 19:18:06,224 [INFO] ApiDb:671 - CubeFinder database FW Pack versions=[FP-ATR-ASTRA1_V2.0.0, FP-SNS-FLIGHT1_V5.0.1, FP-SNS-MOTENV1_V4.3.1, STM32Cube_FW_C0_V1.1.0, STM32Cube_FW_F4_V1.27.1, STM32Cube_FW_F7_V1.17.0, STM32Cube_FW_G0_V1.6.1, STM32Cube_FW_G4_V1.5.1, STM32Cube_FW_H5_V0.5.1, STM32Cube_FW_H5_V1.1.0, STM32Cube_FW_H7_V1.11.0, STM32Cube_FW_L0_V1.12.2, STM32Cube_FW_L5_V1.5.0, STM32Cube_FW_U5_V1.3.0, STM32Cube_FW_U5_V1.3.0RC4, STM32Cube_FW_WBA_V1.0.0RC1, STM32Cube_FW_WBA_V1.1.0, STM32Cube_FW_WBA_V1.1.0RC1, STM32Cube_FW_WB_V1.15.0RC1, STM32Cube_FW_WB_V1.16.0, STM32Cube_FW_WB_V1.16.0RC2, STM32Cube_FW_WB_V1.17.0, STM32Cube_FW_WL_V1.3.0, X-CUBE-ALGOBUILD_V1.3.0, X-CUBE-ALS_V1.0.1, X-CUBE-AZRTOS-F4_V1.1.0, X-CUBE-AZRTOS-F7_V1.1.0, X-CUBE-AZRTOS-G0_V1.1.0, X-CUBE-AZRTOS-G4_V2.0.0, X-CUBE-AZRTOS-H7_V3.1.0, X-CUBE-AZRTOS-L4_V1.0.0, X-CUBE-AZRTOS-L4_V2.0.0, X-CUBE-AZRTOS-L5_V1.1.0, X-CUBE-AZRTOS-WB_V1.1.0, X-CUBE-AZRTOS-WL_V2.0.0, X-CUBE-BLE1_V6.2.4, X-CUBE-BLE2_V3.3.0, X-CUBE-BLEMGR_V2.0.0, X-CUBE-EEPRMA1_V4.1.0, X-CUBE-FREERTOS_V1.0.1, X-CUBE-GNSS1_V6.0.0, X-CUBE-MEMS1_V9.1.0, X-CUBE-MEMS1_V9.4.0, X-CUBE-MEMS1_V9.6.0, X-CUBE-NFC4_V3.0.0, X-CUBE-NFC7_V1.0.0, X-CUBE-SFXS2LP1_V4.0.0, X-CUBE-SUBG2_V5.0.0]
2023-07-30 19:18:06,343 [INFO] DbBoardsSqlite:226 - include board P-NUCLEO-WB55-NUCLEO as a kit item of type 'Nucleo-64'
2023-07-30 19:18:06,344 [INFO] DbBoardsSqlite:226 - include board P-NUCLEO-WB55-USBDONGLE as a kit item of type 'Nucleo USB Dongle'
2023-07-30 19:18:06,345 [INFO] DbBoardsSqlite:226 - include board STEVAL-IDP005V1 as a kit item of type 'Evaluation Board'
2023-07-30 19:18:06,346 [INFO] DbBoardsSqlite:226 - include board STEVAL-IDP005V2 as a kit item of type 'Evaluation Board'
2023-07-30 19:18:06,444 [INFO] ApiDb:240 - Found 297 in-development CPN: [B-G473E-ZEST1S, B-WB1M-WPAN1, B-WL5M-SUBG1, NUCLEO-C031C6, NUCLEO-H503RB, NUCLEO-H563ZI, NUCLEO-U545RE-Q, NUCLEO-U5A5ZJ-Q, NUCLEO-WBA52CG, STEVAL-PROTEUS1, STEVAL-STWINBX1, STM320518-EVAL, STM32C0116-DK, STM32C011D6Y3TR, STM32C011D6Y6TR, STM32C011F4P3, STM32C011F4P6, STM32C011F4U3, STM32C011F4U6TR, STM32C011F6P3, STM32C011F6P6, STM32C011F6U3, STM32C011F6U6TR, STM32C011J4M3, STM32C011J4M6, STM32C011J6M3, STM32C011J6M6, STM32C0316-DK, STM32C031C4T3, STM32C031C4T6, STM32C031C4U3, STM32C031C4U6, STM32C031C6T3, STM32C031C6T6, STM32C031C6U3, STM32C031C6U6, STM32C031F4P3, STM32C031F4P6, STM32C031F6P3, STM32C031F6P6, STM32C031G4U3, STM32C031G4U6, STM32C031G6U3, STM32C031G6U6, STM32C031K4T3, STM32C031K4T6, STM32C031K4U3, STM32C031K4U6, STM32C031K6T3, STM32C031K6T6, STM32C031K6U3, STM32C031K6U6, STM32G071K8TXN, STM32G071K8UXN, STM32G081GBU6N, STM32G081KBT6N, STM32G081KBUXN, STM32G0B1CCT6N, STM32G0B1KCT6, STM32G0B1NEY6TR, STM32G0B1RCT6N, STM32G0C1CCT6, STM32G0C1CCT6N, STM32G0C1CCU6N, STM32G0C1CET6N, STM32G0C1CEU6N, STM32G0C1KCT6, STM32G0C1NEY6TR, STM32G0C1RCI6N, STM32G0C1RCT6N, STM32G0C1REI6N, STM32G0C1RET6N, STM32G0C1VCI6, STM32G0C1VEI6, STM32G471CCT6, STM32G471CCU6, STM32G471CET3, STM32G471CET6, STM32G471CEU3, STM32G471CEU6, STM32G471MCT6, STM32G471MET3, STM32G471MET6, STM32G471MEY6TR, STM32G471QCT6, STM32G471QET3, STM32G471RCT6, STM32G471RET3, STM32G471RET6, STM32G471VCH6, STM32G471VCI6, STM32G471VCT6, STM32G471VEH3, STM32G471VEH6, STM32G471VEI3, STM32G471VEI6, STM32G471VET3, STM32G471VET6, STM32G474CCT6, STM32H503CBT6, STM32H503CBU6, STM32H503EBY6TR, STM32H503KBU6, STM32H503RBT6, STM32H562AGI6, STM32H562AII6, STM32H562IGK6, STM32H562IGT6, STM32H562IIK6, STM32H562IIT6, STM32H562RGT6, STM32H562RGV6, STM32H562RIT6, STM32H562RIV6, STM32H562VGT6, STM32H562VIT6, STM32H562ZGT6, STM32H562ZIT6, STM32H563AGI6, STM32H563AII3Q, STM32H563AII6, STM32H563IGK6, STM32H563IGT6, STM32H563IIK3Q, STM32H563IIK6, STM32H563IIT3Q, STM32H563IIT6, STM32H563MIY3QTR, STM32H563RGT6, STM32H563RGV6, STM32H563RIT6, STM32H563RIV6, STM32H563VGT6, STM32H563VIT3Q, STM32H563VIT6, STM32H563ZGT6, STM32H563ZIT3Q, STM32H563ZIT6, STM32H573AII3Q, STM32H573AII6, STM32H573I-DK, STM32H573IIK3Q, STM32H573IIK6, STM32H573IIT3Q, STM32H573IIT6, STM32H573MIY3QTR, STM32H573RIT6, STM32H573RIV6, STM32H573VIT3Q, STM32H573VIT6, STM32H573ZIT3Q, STM32H573ZIT6, STM32L4R5QGI6STR, STM32MP131AAE3, STM32MP131AAF3, STM32MP131AAG3, STM32MP131CAE3, STM32MP131CAF3, STM32MP131CAG3, STM32MP131DAE7, STM32MP131DAF7, STM32MP131DAG7, STM32MP131FAE7, STM32MP131FAF7, STM32MP131FAG7, STM32MP133AAE3, STM32MP133AAF3, STM32MP133AAG3, STM32MP133CAE3, STM32MP133CAF3, STM32MP133CAG3, STM32MP133DAE7, STM32MP133DAF7, STM32MP133DAG7, STM32MP133FAE7, STM32MP133FAF7, STM32MP133FAG7, STM32MP135AAE3, STM32MP135AAF3, STM32MP135AAG3, STM32MP135CAE3, STM32MP135CAF3, STM32MP135CAG3, STM32MP135DAE7, STM32MP135DAF7, STM32MP135DAG7, STM32MP135F-DK, STM32MP135FAE7, STM32MP135FAF7, STM32MP135FAF7T, STM32MP135FAF7U, STM32MP135FAG7, STM32U535CBT6, STM32U535CBT6Q, STM32U535CBU6, STM32U535CBU6Q, STM32U535CCT6, STM32U535CCT6Q, STM32U535CCU6, STM32U535CCU6Q, STM32U535CET6, STM32U535CET6Q, STM32U535CEU6, STM32U535CEU6Q, STM32U535JEY6QTR, STM32U535NCY6QTR, STM32U535NEY6QTR, STM32U535RBI6, STM32U535RBI6Q, STM32U535RBT6, STM32U535RBT6Q, STM32U535RCI6, STM32U535RCI6Q, STM32U535RCT6, STM32U535RCT6Q, STM32U535REI6, STM32U535REI6Q, STM32U535RET6, STM32U535RET6Q, STM32U535VCI6, STM32U535VCI6Q, STM32U535VCT6, STM32U535VCT6Q, STM32U535VEI6, STM32U535VEI6Q, STM32U535VET6, STM32U535VET6Q, STM32U545CET6, STM32U545CET6Q, STM32U545CEU6, STM32U545CEU6Q, STM32U545JEY6QTR, STM32U545NEY6QTR, STM32U545REI6, STM32U545REI6Q, STM32U545RET6, STM32U545RET6Q, STM32U545VEI6, STM32U545VEI6Q, STM32U545VET6, STM32U545VET6Q, STM32U595AIH6, STM32U595AIH6Q, STM32U595AJH6, STM32U595AJH6Q, STM32U595QII6, STM32U595QII6Q, STM32U595QJI6, STM32U595QJI6Q, STM32U595RIT6, STM32U595RIT6Q, STM32U595RJT6, STM32U595RJT6Q, STM32U595VIT6, STM32U595VIT6Q, STM32U595VJT6, STM32U595VJT6Q, STM32U595ZIT6, STM32U595ZIT6Q, STM32U595ZIY6QTR, STM32U595ZJT6, STM32U595ZJT6Q, STM32U595ZJY6QTR, STM32U599BJY6QTR, STM32U599NIH6Q, STM32U599NJH6Q, STM32U599VIT6Q, STM32U599VJT6, STM32U599VJT6Q, STM32U599ZIT6Q, STM32U599ZIY6QTR, STM32U599ZJT6Q, STM32U599ZJY6QTR, STM32U5A5AJH6, STM32U5A5AJH6Q, STM32U5A5QJI6, STM32U5A5QJI6Q, STM32U5A5RJT6, STM32U5A5RJT6Q, STM32U5A5VJT6, STM32U5A5VJT6Q, STM32U5A5ZJT6, STM32U5A5ZJT6Q, STM32U5A5ZJY6QTR, STM32U5A9BJY6QTR, STM32U5A9J-DK, STM32U5A9NJH6Q, STM32U5A9VJT6Q, STM32U5A9ZJT6Q, STM32U5A9ZJY6QTR, STM32WB1MMCH6, STM32WBA52CEU6, STM32WBA52CEU6T, STM32WBA52CGU6, STM32WBA52CGU6T, STM32WL5MOCH6, STM32WL5MOCH6TR]
2023-07-30 19:18:06,448 [INFO] ApiDb:668 - CubeFinder database Data Model version=2.1
2023-07-30 19:18:06,448 [INFO] ApiDb:669 - CubeFinder database Configuration version=3.0.37
2023-07-30 19:18:06,448 [INFO] ApiDb:670 - CubeFinder database generation date=2023-06-26 (1687786131)
2023-07-30 19:18:06,448 [INFO] ApiDb:671 - CubeFinder database FW Pack versions=[FP-ATR-ASTRA1_V2.0.0, FP-SNS-FLIGHT1_V5.0.1, FP-SNS-MOTENV1_V4.3.1, STM32Cube_FW_C0_V1.1.0, STM32Cube_FW_F4_V1.27.1, STM32Cube_FW_F7_V1.17.0, STM32Cube_FW_G0_V1.6.1, STM32Cube_FW_G4_V1.5.1, STM32Cube_FW_H5_V0.5.1, STM32Cube_FW_H5_V1.1.0, STM32Cube_FW_H7_V1.11.0, STM32Cube_FW_L0_V1.12.2, STM32Cube_FW_L5_V1.5.0, STM32Cube_FW_U5_V1.3.0, STM32Cube_FW_U5_V1.3.0RC4, STM32Cube_FW_WBA_V1.0.0RC1, STM32Cube_FW_WBA_V1.1.0, STM32Cube_FW_WBA_V1.1.0RC1, STM32Cube_FW_WB_V1.15.0RC1, STM32Cube_FW_WB_V1.16.0, STM32Cube_FW_WB_V1.16.0RC2, STM32Cube_FW_WB_V1.17.0, STM32Cube_FW_WL_V1.3.0, X-CUBE-ALGOBUILD_V1.3.0, X-CUBE-ALS_V1.0.1, X-CUBE-AZRTOS-F4_V1.1.0, X-CUBE-AZRTOS-F7_V1.1.0, X-CUBE-AZRTOS-G0_V1.1.0, X-CUBE-AZRTOS-G4_V2.0.0, X-CUBE-AZRTOS-H7_V3.1.0, X-CUBE-AZRTOS-L4_V1.0.0, X-CUBE-AZRTOS-L4_V2.0.0, X-CUBE-AZRTOS-L5_V1.1.0, X-CUBE-AZRTOS-WB_V1.1.0, X-CUBE-AZRTOS-WL_V2.0.0, X-CUBE-BLE1_V6.2.4, X-CUBE-BLE2_V3.3.0, X-CUBE-BLEMGR_V2.0.0, X-CUBE-EEPRMA1_V4.1.0, X-CUBE-FREERTOS_V1.0.1, X-CUBE-GNSS1_V6.0.0, X-CUBE-MEMS1_V9.1.0, X-CUBE-MEMS1_V9.4.0, X-CUBE-MEMS1_V9.6.0, X-CUBE-NFC4_V3.0.0, X-CUBE-NFC7_V1.0.0, X-CUBE-SFXS2LP1_V4.0.0, X-CUBE-SUBG2_V5.0.0]
2023-07-30 19:18:07,269 [WARN] PackLoader:240 - Cannot read IP mode file for STMicroelectronics.X-CUBE-SMBUS.2.1.0
2023-07-30 19:18:07,305 [WARN] PackLoader:240 - Cannot read IP mode file for STMicroelectronics.X-CUBE-AZRTOS-F7.1.1.0
2023-07-30 19:18:07,319 [WARN] PackLoader:240 - Cannot read IP mode file for STMicroelectronics.FP-SNS-MOTENV1.4.3.2
2023-07-30 19:18:07,326 [ERROR] RealEvaluatedCondition:428 - Found unsupported composite condition: CLASS='Data Exchange' GROUP='STM32_MetaDataManager'
2023-07-30 19:18:07,327 [ERROR] RealEvaluatedCondition:428 - Found unsupported composite condition: CLASS='Data Exchange' GROUP='STM32_MetaDataManager'
2023-07-30 19:18:07,329 [WARN] PackLoader:240 - Cannot read IP mode file for STMicroelectronics.FP-SNS-MOTENV1.4.3.1
2023-07-30 19:18:07,336 [WARN] PackLoader:240 - Cannot read IP mode file for STMicroelectronics.FP-SNS-FLIGHT1.5.0.1
2023-07-30 19:18:07,344 [WARN] PackLoader:240 - Cannot read IP mode file for STMicroelectronics.X-CUBE-BLE1.6.2.4
2023-07-30 19:18:07,349 [WARN] PackLoader:240 - Cannot read IP mode file for STMicroelectronics.FP-SNS-FLIGHT1.5.0.2
2023-07-30 19:18:07,372 [WARN] PackLoader:240 - Cannot read IP mode file for STMicroelectronics.X-CUBE-DISPLAY.3.0.0
2023-07-30 19:18:07,383 [WARN] PackLoader:240 - Cannot read IP mode file for STMicroelectronics.X-CUBE-TOUCHGFX.4.22.0
2023-07-30 19:18:07,395 [INFO] LogOutputStream:77 - [STDOUT_REDIRECT] 1 : Invalid condition id : UX_CORESTACK_Condition cause : null
2023-07-30 19:18:07,395 [INFO] LogOutputStream:77 - [STDOUT_REDIRECT] 1 : Invalid condition id : UX_CORESTACK_Condition cause : null
2023-07-30 19:18:07,395 [INFO] LogOutputStream:77 - [STDOUT_REDIRECT] 1 : Invalid condition id : UX_CORESTACK_Condition cause : null
2023-07-30 19:18:07,395 [INFO] LogOutputStream:77 - [STDOUT_REDIRECT] 1 : Invalid condition id : UX_CORESTACK_Condition cause : null
2023-07-30 19:18:07,395 [INFO] LogOutputStream:77 - [STDOUT_REDIRECT] 1 : Invalid condition id : UX_CORESTACK_Condition cause : null
2023-07-30 19:18:07,399 [WARN] PackLoader:240 - Cannot read IP mode file for STMicroelectronics.X-CUBE-AZRTOS-WL.2.0.0
2023-07-30 19:18:07,406 [WARN] PackLoader:240 - Cannot read IP mode file for WES.I-CUBE-Cesium.1.3.0
2023-07-30 19:18:07,411 [WARN] PackLoader:240 - Cannot read IP mode file for STMicroelectronics.X-CUBE-BLE2.3.3.0
2023-07-30 19:18:07,414 [WARN] PackLoader:240 - Cannot read IP mode file for STMicroelectronics.X-CUBE-TOUCHGFX.4.21.4
2023-07-30 19:18:07,417 [WARN] PackLoader:240 - Cannot read IP mode file for STMicroelectronics.X-CUBE-ALGOBUILD.1.3.0
2023-07-30 19:18:07,438 [WARN] PackLoader:240 - Cannot read IP mode file for STMicroelectronics.X-CUBE-AZRTOS-G0.1.1.0
2023-07-30 19:18:07,446 [WARN] PackLoader:240 - Cannot read IP mode file for STMicroelectronics.X-CUBE-NFC4.3.0.0
2023-07-30 19:18:07,451 [WARN] PackLoader:240 - Cannot read IP mode file for STMicroelectronics.FP-ATR-SIGFOX1.3.2.0
2023-07-30 19:18:07,498 [WARN] PackLoader:240 - Cannot read IP mode file for SEGGER.I-CUBE-embOS.1.3.1
2023-07-30 19:18:07,575 [WARN] PackLoader:240 - Cannot read IP mode file for STMicroelectronics.X-CUBE-GNSS1.6.0.0
2023-07-30 19:18:07,601 [WARN] PackLoader:240 - Cannot read IP mode file for STMicroelectronics.X-CUBE-AZRTOS-F4.1.1.0
2023-07-30 19:18:07,606 [WARN] PackLoader:240 - Cannot read IP mode file for wolfSSL.I-CUBE-wolfSSL.5.6.0
2023-07-30 19:18:07,641 [WARN] PackLoader:240 - Cannot read IP mode file for STMicroelectronics.X-CUBE-MEMS1.9.6.0
2023-07-30 19:18:07,818 [WARN] PackLoader:240 - Cannot read IP mode file for emotas.I-CUBE-CANOPEN.1.1.3
2023-07-30 19:18:07,828 [WARN] PackLoader:240 - Cannot read IP mode file for STMicroelectronics.X-CUBE-BLEMGR.2.0.0
2023-07-30 19:18:07,853 [WARN] ConditionMgr:438 - getConditionDescription Invalid condition id : UX DEVICE CLASS RTOS Condition cause : null
2023-07-30 19:18:07,853 [WARN] ConditionMgr:438 - getConditionDescription Invalid condition id : UX DEVICE CLASS RTOS Condition cause : null
2023-07-30 19:18:07,858 [WARN] PackLoader:240 - Cannot read IP mode file for STMicroelectronics.X-CUBE-AZRTOS-H7.3.1.0
2023-07-30 19:18:07,860 [WARN] ConditionMgr:1039 - genDependencies : Invalid condition id : UX DEVICE CLASS RTOS Condition cause : null
2023-07-30 19:18:07,860 [WARN] ConditionMgr:1039 - genDependencies : Invalid condition id : UX DEVICE CLASS RTOS Condition cause : null
2023-07-30 19:18:07,862 [WARN] ConditionMgr:1039 - genDependencies : Invalid condition id : UX DEVICE CLASS RTOS Condition cause : null
2023-07-30 19:18:07,863 [WARN] ConditionMgr:1039 - genDependencies : Invalid condition id : UX DEVICE CLASS RTOS Condition cause : null
2023-07-30 19:18:07,863 [WARN] ConditionMgr:1039 - genDependencies : Invalid condition id : UX DEVICE CLASS RTOS Condition cause : null
2023-07-30 19:18:07,870 [WARN] PackLoader:240 - Cannot read IP mode file for STMicroelectronics.X-CUBE-NFC7.1.0.1
2023-07-30 19:18:07,890 [WARN] PackLoader:240 - Cannot read IP mode file for STMicroelectronics.X-CUBE-EEPRMA1.4.1.0
2023-07-30 19:18:07,915 [WARN] ConditionMgr:438 - getConditionDescription Invalid condition id : LAN8742 Phy interface Condition cause : null
2023-07-30 19:18:07,916 [WARN] PackLoader:240 - Cannot read IP mode file for STMicroelectronics.X-CUBE-AZRTOS-L4.2.0.0
2023-07-30 19:18:07,918 [WARN] ConditionMgr:1039 - genDependencies : Invalid condition id : LAN8742 Phy interface Condition cause : null
2023-07-30 19:18:07,919 [WARN] ConditionMgr:1039 - genDependencies : Invalid condition id : LAN8742 Phy interface Condition cause : null
2023-07-30 19:18:07,920 [WARN] ConditionMgr:1039 - genDependencies : Invalid condition id : LAN8742 Phy interface Condition cause : null
2023-07-30 19:18:07,928 [WARN] PackLoader:240 - Cannot read IP mode file for STMicroelectronics.X-CUBE-SFXS2LP1.4.0.0
2023-07-30 19:18:07,933 [WARN] PackLoader:240 - Cannot read IP mode file for STMicroelectronics.X-CUBE-ISPU.1.1.0
2023-07-30 19:18:07,939 [WARN] PackLoader:240 - Cannot read IP mode file for STMicroelectronics.X-CUBE-FREERTOS.1.0.1
2023-07-30 19:18:07,957 [WARN] PackLoader:240 - Cannot read IP mode file for STMicroelectronics.X-CUBE-AZRTOS-L5.1.1.0
2023-07-30 19:18:07,964 [WARN] PackLoader:240 - Cannot read IP mode file for STMicroelectronics.X-CUBE-AI.8.0.1
2023-07-30 19:18:07,975 [WARN] PackLoader:240 - Cannot read IP mode file for STMicroelectronics.X-CUBE-SUBG2.5.0.0
2023-07-30 19:18:07,994 [WARN] PackLoader:240 - Cannot read IP mode file for STMicroelectronics.X-CUBE-TOF1.3.3.1
2023-07-30 19:18:08,025 [WARN] PackLoader:240 - Cannot read IP mode file for STMicroelectronics.X-CUBE-AZRTOS-G4.2.0.0
2023-07-30 19:18:08,066 [WARN] PackLoader:240 - Cannot read IP mode file for STMicroelectronics.X-CUBE-TOF1.3.3.0
2023-07-30 19:18:08,081 [WARN] PackLoader:240 - Cannot read IP mode file for portGmbH.I-Cube-SoM-uGOAL.1.1.0
2023-07-30 19:18:08,084 [WARN] PackLoader:240 - Cannot read IP mode file for STMicroelectronics.X-CUBE-ALS.1.0.1
2023-07-30 19:18:08,099 [WARN] PackLoader:240 - Cannot read IP mode file for STMicroelectronics.X-CUBE-AZRTOS-WB.1.1.0
2023-07-30 19:18:08,105 [WARN] PackLoader:240 - Cannot read IP mode file for STMicroelectronics.FP-ATR-ASTRA1.2.0.0
2023-07-30 19:18:08,106 [INFO] ThirdParty:978 - Integrity check success = true
2023-07-30 19:18:08,106 [INFO] IntegrityCheckThread:100 - exiting critical section [integrity check]
2023-07-30 19:18:08,106 [INFO] IntegrityCheckThread:103 - End integrity checks thread
2023-07-30 19:18:09,108 [INFO] ApiDb:240 - Found 297 in-development CPN: [B-G473E-ZEST1S, B-WB1M-WPAN1, B-WL5M-SUBG1, NUCLEO-C031C6, NUCLEO-H503RB, NUCLEO-H563ZI, NUCLEO-U545RE-Q, NUCLEO-U5A5ZJ-Q, NUCLEO-WBA52CG, STEVAL-PROTEUS1, STEVAL-STWINBX1, STM320518-EVAL, STM32C0116-DK, STM32C011D6Y3TR, STM32C011D6Y6TR, STM32C011F4P3, STM32C011F4P6, STM32C011F4U3, STM32C011F4U6TR, STM32C011F6P3, STM32C011F6P6, STM32C011F6U3, STM32C011F6U6TR, STM32C011J4M3, STM32C011J4M6, STM32C011J6M3, STM32C011J6M6, STM32C0316-DK, STM32C031C4T3, STM32C031C4T6, STM32C031C4U3, STM32C031C4U6, STM32C031C6T3, STM32C031C6T6, STM32C031C6U3, STM32C031C6U6, STM32C031F4P3, STM32C031F4P6, STM32C031F6P3, STM32C031F6P6, STM32C031G4U3, STM32C031G4U6, STM32C031G6U3, STM32C031G6U6, STM32C031K4T3, STM32C031K4T6, STM32C031K4U3, STM32C031K4U6, STM32C031K6T3, STM32C031K6T6, STM32C031K6U3, STM32C031K6U6, STM32G071K8TXN, STM32G071K8UXN, STM32G081GBU6N, STM32G081KBT6N, STM32G081KBUXN, STM32G0B1CCT6N, STM32G0B1KCT6, STM32G0B1NEY6TR, STM32G0B1RCT6N, STM32G0C1CCT6, STM32G0C1CCT6N, STM32G0C1CCU6N, STM32G0C1CET6N, STM32G0C1CEU6N, STM32G0C1KCT6, STM32G0C1NEY6TR, STM32G0C1RCI6N, STM32G0C1RCT6N, STM32G0C1REI6N, STM32G0C1RET6N, STM32G0C1VCI6, STM32G0C1VEI6, STM32G471CCT6, STM32G471CCU6, STM32G471CET3, STM32G471CET6, STM32G471CEU3, STM32G471CEU6, STM32G471MCT6, STM32G471MET3, STM32G471MET6, STM32G471MEY6TR, STM32G471QCT6, STM32G471QET3, STM32G471RCT6, STM32G471RET3, STM32G471RET6, STM32G471VCH6, STM32G471VCI6, STM32G471VCT6, STM32G471VEH3, STM32G471VEH6, STM32G471VEI3, STM32G471VEI6, STM32G471VET3, STM32G471VET6, STM32G474CCT6, STM32H503CBT6, STM32H503CBU6, STM32H503EBY6TR, STM32H503KBU6, STM32H503RBT6, STM32H562AGI6, STM32H562AII6, STM32H562IGK6, STM32H562IGT6, STM32H562IIK6, STM32H562IIT6, STM32H562RGT6, STM32H562RGV6, STM32H562RIT6, STM32H562RIV6, STM32H562VGT6, STM32H562VIT6, STM32H562ZGT6, STM32H562ZIT6, STM32H563AGI6, STM32H563AII3Q, STM32H563AII6, STM32H563IGK6, STM32H563IGT6, STM32H563IIK3Q, STM32H563IIK6, STM32H563IIT3Q, STM32H563IIT6, STM32H563MIY3QTR, STM32H563RGT6, STM32H563RGV6, STM32H563RIT6, STM32H563RIV6, STM32H563VGT6, STM32H563VIT3Q, STM32H563VIT6, STM32H563ZGT6, STM32H563ZIT3Q, STM32H563ZIT6, STM32H573AII3Q, STM32H573AII6, STM32H573I-DK, STM32H573IIK3Q, STM32H573IIK6, STM32H573IIT3Q, STM32H573IIT6, STM32H573MIY3QTR, STM32H573RIT6, STM32H573RIV6, STM32H573VIT3Q, STM32H573VIT6, STM32H573ZIT3Q, STM32H573ZIT6, STM32L4R5QGI6STR, STM32MP131AAE3, STM32MP131AAF3, STM32MP131AAG3, STM32MP131CAE3, STM32MP131CAF3, STM32MP131CAG3, STM32MP131DAE7, STM32MP131DAF7, STM32MP131DAG7, STM32MP131FAE7, STM32MP131FAF7, STM32MP131FAG7, STM32MP133AAE3, STM32MP133AAF3, STM32MP133AAG3, STM32MP133CAE3, STM32MP133CAF3, STM32MP133CAG3, STM32MP133DAE7, STM32MP133DAF7, STM32MP133DAG7, STM32MP133FAE7, STM32MP133FAF7, STM32MP133FAG7, STM32MP135AAE3, STM32MP135AAF3, STM32MP135AAG3, STM32MP135CAE3, STM32MP135CAF3, STM32MP135CAG3, STM32MP135DAE7, STM32MP135DAF7, STM32MP135DAG7, STM32MP135F-DK, STM32MP135FAE7, STM32MP135FAF7, STM32MP135FAF7T, STM32MP135FAF7U, STM32MP135FAG7, STM32U535CBT6, STM32U535CBT6Q, STM32U535CBU6, STM32U535CBU6Q, STM32U535CCT6, STM32U535CCT6Q, STM32U535CCU6, STM32U535CCU6Q, STM32U535CET6, STM32U535CET6Q, STM32U535CEU6, STM32U535CEU6Q, STM32U535JEY6QTR, STM32U535NCY6QTR, STM32U535NEY6QTR, STM32U535RBI6, STM32U535RBI6Q, STM32U535RBT6, STM32U535RBT6Q, STM32U535RCI6, STM32U535RCI6Q, STM32U535RCT6, STM32U535RCT6Q, STM32U535REI6, STM32U535REI6Q, STM32U535RET6, STM32U535RET6Q, STM32U535VCI6, STM32U535VCI6Q, STM32U535VCT6, STM32U535VCT6Q, STM32U535VEI6, STM32U535VEI6Q, STM32U535VET6, STM32U535VET6Q, STM32U545CET6, STM32U545CET6Q, STM32U545CEU6, STM32U545CEU6Q, STM32U545JEY6QTR, STM32U545NEY6QTR, STM32U545REI6, STM32U545REI6Q, STM32U545RET6, STM32U545RET6Q, STM32U545VEI6, STM32U545VEI6Q, STM32U545VET6, STM32U545VET6Q, STM32U595AIH6, STM32U595AIH6Q, STM32U595AJH6, STM32U595AJH6Q, STM32U595QII6, STM32U595QII6Q, STM32U595QJI6, STM32U595QJI6Q, STM32U595RIT6, STM32U595RIT6Q, STM32U595RJT6, STM32U595RJT6Q, STM32U595VIT6, STM32U595VIT6Q, STM32U595VJT6, STM32U595VJT6Q, STM32U595ZIT6, STM32U595ZIT6Q, STM32U595ZIY6QTR, STM32U595ZJT6, STM32U595ZJT6Q, STM32U595ZJY6QTR, STM32U599BJY6QTR, STM32U599NIH6Q, STM32U599NJH6Q, STM32U599VIT6Q, STM32U599VJT6, STM32U599VJT6Q, STM32U599ZIT6Q, STM32U599ZIY6QTR, STM32U599ZJT6Q, STM32U599ZJY6QTR, STM32U5A5AJH6, STM32U5A5AJH6Q, STM32U5A5QJI6, STM32U5A5QJI6Q, STM32U5A5RJT6, STM32U5A5RJT6Q, STM32U5A5VJT6, STM32U5A5VJT6Q, STM32U5A5ZJT6, STM32U5A5ZJT6Q, STM32U5A5ZJY6QTR, STM32U5A9BJY6QTR, STM32U5A9J-DK, STM32U5A9NJH6Q, STM32U5A9VJT6Q, STM32U5A9ZJT6Q, STM32U5A9ZJY6QTR, STM32WB1MMCH6, STM32WBA52CEU6, STM32WBA52CEU6T, STM32WBA52CGU6, STM32WBA52CGU6T, STM32WL5MOCH6, STM32WL5MOCH6TR]
2023-07-30 19:18:09,112 [INFO] DbMcus:216 - Found 3825 MCUs, 3825 are supported
2023-07-30 19:18:09,114 [INFO] ApiDb:423 - Load user favorites file /home/lgomez/.stm32cubeide/favorites.mcus.txt: 0 item(s)
2023-07-30 19:18:09,114 [INFO] ApiDb:427 - User favorites MCUs=[]
2023-07-30 19:18:09,114 [INFO] DbMcus:222 - Set 0 / 0 favorites MCUs
2023-07-30 19:18:09,472 [INFO] BoardInfo:880 - No configuration file found for board P-NUCLEO-WB55
2023-07-30 19:18:09,472 [INFO] DbBoards:157 - Kit is not supported: P-NUCLEO-WB55
2023-07-30 19:18:09,476 [INFO] BoardInfo:880 - No configuration file found for board STEVAL-BFA001V1B
2023-07-30 19:18:09,476 [INFO] DbBoards:157 - Kit is not supported: STEVAL-BFA001V1B
2023-07-30 19:18:09,477 [INFO] BoardInfo:880 - No configuration file found for board STEVAL-BFA001V2B
2023-07-30 19:18:09,477 [INFO] DbBoards:157 - Kit is not supported: STEVAL-BFA001V2B
2023-07-30 19:18:09,482 [INFO] BoardInfo:880 - No configuration file found for board STEVAL-SMARTAG2
2023-07-30 19:18:09,482 [INFO] DbBoards:157 - Board is not supported: STEVAL-SMARTAG2
2023-07-30 19:18:09,595 [INFO] DbBoards:161 - Found 188 boards, 184 are supported
2023-07-30 19:18:09,607 [INFO] ApiDb:423 - Load user favorites file /home/lgomez/.stm32cubeide/favorites.boards.txt: 2 item(s)
2023-07-30 19:18:09,607 [INFO] ApiDb:427 - User favorites Boards=[NUCLEO-F413ZH, NUCLEO-F429ZI]
2023-07-30 19:18:09,608 [INFO] DbBoards:190 - Set 2 / 2 favorites Boards
2023-07-30 19:18:09,608 [INFO] McuFinderGlobals:66 - Set McuFinderConnectedMode to true
2023-07-30 19:18:09,615 [INFO] MultiScanPanel:200 - Auto-refresh data requested => check proxy status ongoing
2023-07-30 19:18:09,617 [INFO] FinderPluginLoader:95 - Searching for filters in installed packs
2023-07-30 19:18:10,986 [INFO] LoadUrlFilesThread:185 - End of LoadServerUrlFiles without Thread
2023-07-30 19:18:11,003 [INFO] DetailPanel:341 - Set advertising image to /home/lgomez/STM32Cube/Repository//en.prom-stm32h5-mcu-finder.jpg
2023-07-30 19:18:16,025 [INFO] McuFinderGlobals:66 - Set McuFinderConnectedMode to true
2023-07-30 19:18:16,974 [INFO] ApiDb:448 - Save user favorites file /home/lgomez/.stm32cubeide/favorites.mcus.txt: 0 item(s)
2023-07-30 19:18:16,974 [INFO] ApiDb:452 - User favorites MCUs=[]
2023-07-30 19:18:17,180 [INFO] McuFinderGlobals:66 - Set McuFinderConnectedMode to true
2023-07-30 19:18:17,362 [INFO] ApiDb:448 - Save user favorites file /home/lgomez/.stm32cubeide/favorites.mcus.txt: 0 item(s)
2023-07-30 19:18:17,362 [INFO] ApiDb:452 - User favorites MCUs=[]
2023-07-30 19:23:44,905 [ERROR] LogOutputStream:75 - [STDERR_REDIRECT] Warning: NLS missing message: ExternalToolsPreferencePage_External_tool_project_builders_migration_2 in: org.eclipse.ui.externaltools.internal.ui.ExternalToolsUIMessages
2023-07-30 19:23:44,905 [ERROR] LogOutputStream:75 - [STDERR_REDIRECT] Warning: NLS missing message: ExternalToolsPreferencePage_Prompt_before_migrating_3 in: org.eclipse.ui.externaltools.internal.ui.ExternalToolsUIMessages
2023-07-30 19:23:44,906 [ERROR] LogOutputStream:75 - [STDERR_REDIRECT] Warning: NLS missing message: ExternalToolsPreferencePage_1 in: org.eclipse.ui.externaltools.internal.ui.ExternalToolsUIMessages
